[2023-03-27T17:58:42.262-0400] {taskinstance.py:1084} INFO - Dependencies all met for dep_context=non-requeueable deps ti=<TaskInstance: producer.run_producer manual__2023-03-27T21:58:39.451484+00:00 [queued]>
[2023-03-27T17:58:42.270-0400] {taskinstance.py:1084} INFO - Dependencies all met for dep_context=requeueable deps ti=<TaskInstance: producer.run_producer manual__2023-03-27T21:58:39.451484+00:00 [queued]>
[2023-03-27T17:58:42.271-0400] {taskinstance.py:1282} INFO - 
--------------------------------------------------------------------------------
[2023-03-27T17:58:42.271-0400] {taskinstance.py:1283} INFO - Starting attempt 1 of 2
[2023-03-27T17:58:42.271-0400] {taskinstance.py:1284} INFO - 
--------------------------------------------------------------------------------
[2023-03-27T17:58:42.280-0400] {taskinstance.py:1303} INFO - Executing <Task(BashOperator): run_producer> on 2023-03-27 21:58:39.451484+00:00
[2023-03-27T17:58:42.287-0400] {standard_task_runner.py:55} INFO - Started process 5924 to run task
[2023-03-27T17:58:42.292-0400] {standard_task_runner.py:82} INFO - Running: ['airflow', 'tasks', 'run', 'producer', 'run_producer', 'manual__2023-03-27T21:58:39.451484+00:00', '--job-id', '15', '--raw', '--subdir', 'DAGS_FOLDER/kafka-pipeline.py', '--cfg-path', '/var/folders/8z/pwbx6b3n3mnd1g1f397fv1100000gn/T/tmpv05q9mcb']
[2023-03-27T17:58:42.293-0400] {standard_task_runner.py:83} INFO - Job 15: Subtask run_producer
[2023-03-27T17:58:42.328-0400] {task_command.py:388} INFO - Running <TaskInstance: producer.run_producer manual__2023-03-27T21:58:39.451484+00:00 [running]> on host srivardhans-air.starry-inc.net
[2023-03-27T17:58:42.363-0400] {taskinstance.py:1511} INFO - Exporting the following env vars:
AIRFLOW_CTX_DAG_EMAIL=airflow@example.com
AIRFLOW_CTX_DAG_OWNER=airflow
AIRFLOW_CTX_DAG_ID=producer
AIRFLOW_CTX_TASK_ID=run_producer
AIRFLOW_CTX_EXECUTION_DATE=2023-03-27T21:58:39.451484+00:00
AIRFLOW_CTX_TRY_NUMBER=1
AIRFLOW_CTX_DAG_RUN_ID=manual__2023-03-27T21:58:39.451484+00:00
[2023-03-27T17:58:42.364-0400] {subprocess.py:63} INFO - Tmp dir root location: 
 /var/folders/8z/pwbx6b3n3mnd1g1f397fv1100000gn/T
[2023-03-27T17:58:42.365-0400] {subprocess.py:75} INFO - Running command: ['/bin/bash', '-c', 'python ~/airflow/dags/producer.py']
[2023-03-27T17:58:42.374-0400] {subprocess.py:86} INFO - Output:
[2023-03-27T17:58:42.433-0400] {subprocess.py:93} INFO - python3: can't open file '../../Desktop/Masters/Masters\ Project/Kafka\ Implementation/kafka-pipeline-examples/producer-consumer/producer.py': [Errno 2] No such file or directory
[2023-03-27T17:58:42.435-0400] {subprocess.py:93} INFO - Starting Airflow Services
[2023-03-27T17:58:42.439-0400] {subprocess.py:97} INFO - Command exited with return code 0
[2023-03-27T17:58:42.454-0400] {taskinstance.py:1326} INFO - Marking task as SUCCESS. dag_id=producer, task_id=run_producer, execution_date=20230327T215839, start_date=20230327T215842, end_date=20230327T215842
[2023-03-27T17:58:42.484-0400] {local_task_job.py:212} INFO - Task exited with return code 0
[2023-03-27T17:58:42.495-0400] {taskinstance.py:2585} INFO - 0 downstream tasks scheduled from follow-on schedule check
