[2023-03-30T15:55:43.277-0400] {taskinstance.py:1084} INFO - Dependencies all met for dep_context=non-requeueable deps ti=<TaskInstance: air_quality_pipeline.run_consumer manual__2023-03-30T19:49:25.369056+00:00 [queued]>
[2023-03-30T15:55:43.286-0400] {taskinstance.py:1084} INFO - Dependencies all met for dep_context=requeueable deps ti=<TaskInstance: air_quality_pipeline.run_consumer manual__2023-03-30T19:49:25.369056+00:00 [queued]>
[2023-03-30T15:55:43.286-0400] {taskinstance.py:1282} INFO - 
--------------------------------------------------------------------------------
[2023-03-30T15:55:43.286-0400] {taskinstance.py:1283} INFO - Starting attempt 1 of 2
[2023-03-30T15:55:43.286-0400] {taskinstance.py:1284} INFO - 
--------------------------------------------------------------------------------
[2023-03-30T15:55:43.295-0400] {taskinstance.py:1303} INFO - Executing <Task(BashOperator): run_consumer> on 2023-03-30 19:49:25.369056+00:00
[2023-03-30T15:55:43.301-0400] {standard_task_runner.py:55} INFO - Started process 87940 to run task
[2023-03-30T15:55:43.308-0400] {standard_task_runner.py:82} INFO - Running: ['airflow', 'tasks', 'run', 'air_quality_pipeline', 'run_consumer', 'manual__2023-03-30T19:49:25.369056+00:00', '--job-id', '74', '--raw', '--subdir', 'DAGS_FOLDER/__pycache__/pipeline.py', '--cfg-path', '/var/folders/8z/pwbx6b3n3mnd1g1f397fv1100000gn/T/tmp0wvvsrm3']
[2023-03-30T15:55:43.310-0400] {standard_task_runner.py:83} INFO - Job 74: Subtask run_consumer
[2023-03-30T15:55:43.353-0400] {task_command.py:388} INFO - Running <TaskInstance: air_quality_pipeline.run_consumer manual__2023-03-30T19:49:25.369056+00:00 [running]> on host srivardhans-air.starry-inc.net
[2023-03-30T15:55:43.395-0400] {taskinstance.py:1511} INFO - Exporting the following env vars:
AIRFLOW_CTX_DAG_OWNER=yourname
AIRFLOW_CTX_DAG_ID=air_quality_pipeline
AIRFLOW_CTX_TASK_ID=run_consumer
AIRFLOW_CTX_EXECUTION_DATE=2023-03-30T19:49:25.369056+00:00
AIRFLOW_CTX_TRY_NUMBER=1
AIRFLOW_CTX_DAG_RUN_ID=manual__2023-03-30T19:49:25.369056+00:00
[2023-03-30T15:55:43.396-0400] {subprocess.py:63} INFO - Tmp dir root location: 
 /var/folders/8z/pwbx6b3n3mnd1g1f397fv1100000gn/T
[2023-03-30T15:55:43.397-0400] {subprocess.py:75} INFO - Running command: ['/bin/bash', '-c', 'python3 "/Users/srivardhan/Desktop/Masters/Masters Project/Kafka Implementation/kafka-pipeline-examples/producer-consumer/consumer.py"']
[2023-03-30T15:55:43.410-0400] {subprocess.py:86} INFO - Output:
[2023-03-30T15:55:55.617-0400] {subprocess.py:93} INFO - 23/03/30 15:55:55 WARN NativeCodeLoader: Unable to load native-hadoop library for your platform... using builtin-java classes where applicable
[2023-03-30T15:55:55.698-0400] {subprocess.py:93} INFO - Using Spark's default log4j profile: org/apache/spark/log4j-defaults.properties
[2023-03-30T15:55:55.700-0400] {subprocess.py:93} INFO - Setting default log level to "WARN".
[2023-03-30T15:55:55.700-0400] {subprocess.py:93} INFO - To adjust logging level use sc.setLogLevel(newLevel). For SparkR, use setLogLevel(newLevel).
[2023-03-30T15:55:58.188-0400] {subprocess.py:93} INFO - [Stage 0:>                                                          (0 + 8) / 8]                                                                                23/03/30 15:55:58 WARN Utils: Truncated the string representation of a plan since it was too large. This behavior can be adjusted by setting 'spark.debug.maxToStringFields' in SparkEnv.conf.
[2023-03-30T15:55:58.741-0400] {subprocess.py:93} INFO - Connecting to consumer ...
[2023-03-30T15:55:58.743-0400] {subprocess.py:93} INFO - Start of kafka session
[2023-03-30T15:55:58.743-0400] {subprocess.py:93} INFO - No messages received, stopping consumer
[2023-03-30T15:55:58.743-0400] {subprocess.py:93} INFO - Start of spark session
[2023-03-30T15:55:58.744-0400] {subprocess.py:93} INFO - Start of spark session
[2023-03-30T15:55:58.744-0400] {subprocess.py:93} INFO - root
[2023-03-30T15:55:58.744-0400] {subprocess.py:93} INFO -  |-- _corrupt_record: string (nullable = true)
[2023-03-30T15:55:58.744-0400] {subprocess.py:93} INFO -  |-- api_version: string (nullable = true)
[2023-03-30T15:55:58.744-0400] {subprocess.py:93} INFO -  |-- data_time_stamp: long (nullable = true)
[2023-03-30T15:55:58.744-0400] {subprocess.py:93} INFO -  |-- sensor: struct (nullable = true)
[2023-03-30T15:55:58.745-0400] {subprocess.py:93} INFO -  |    |-- 0.3_um_count: long (nullable = true)
[2023-03-30T15:55:58.745-0400] {subprocess.py:93} INFO -  |    |-- 0.3_um_count_a: long (nullable = true)
[2023-03-30T15:55:58.745-0400] {subprocess.py:93} INFO -  |    |-- 0.3_um_count_b: long (nullable = true)
[2023-03-30T15:55:58.745-0400] {subprocess.py:93} INFO -  |    |-- 0.5_um_count: long (nullable = true)
[2023-03-30T15:55:58.745-0400] {subprocess.py:93} INFO -  |    |-- 0.5_um_count_a: long (nullable = true)
[2023-03-30T15:55:58.746-0400] {subprocess.py:93} INFO -  |    |-- 0.5_um_count_b: long (nullable = true)
[2023-03-30T15:55:58.746-0400] {subprocess.py:93} INFO -  |    |-- 1.0_um_count: long (nullable = true)
[2023-03-30T15:55:58.746-0400] {subprocess.py:93} INFO -  |    |-- 1.0_um_count_a: long (nullable = true)
[2023-03-30T15:55:58.746-0400] {subprocess.py:93} INFO -  |    |-- 1.0_um_count_b: long (nullable = true)
[2023-03-30T15:55:58.746-0400] {subprocess.py:93} INFO -  |    |-- 10.0_um_count: long (nullable = true)
[2023-03-30T15:55:58.746-0400] {subprocess.py:93} INFO -  |    |-- 10.0_um_count_a: long (nullable = true)
[2023-03-30T15:55:58.747-0400] {subprocess.py:93} INFO -  |    |-- 10.0_um_count_b: long (nullable = true)
[2023-03-30T15:55:58.747-0400] {subprocess.py:93} INFO -  |    |-- 2.5_um_count: long (nullable = true)
[2023-03-30T15:55:58.747-0400] {subprocess.py:93} INFO -  |    |-- 2.5_um_count_a: long (nullable = true)
[2023-03-30T15:55:58.747-0400] {subprocess.py:93} INFO -  |    |-- 2.5_um_count_b: long (nullable = true)
[2023-03-30T15:55:58.748-0400] {subprocess.py:93} INFO -  |    |-- 5.0_um_count: long (nullable = true)
[2023-03-30T15:55:58.748-0400] {subprocess.py:93} INFO -  |    |-- 5.0_um_count_a: long (nullable = true)
[2023-03-30T15:55:58.748-0400] {subprocess.py:93} INFO -  |    |-- 5.0_um_count_b: long (nullable = true)
[2023-03-30T15:55:58.748-0400] {subprocess.py:93} INFO -  |    |-- altitude: long (nullable = true)
[2023-03-30T15:55:58.748-0400] {subprocess.py:93} INFO -  |    |-- analog_input: double (nullable = true)
[2023-03-30T15:55:58.748-0400] {subprocess.py:93} INFO -  |    |-- channel_flags: long (nullable = true)
[2023-03-30T15:55:58.749-0400] {subprocess.py:93} INFO -  |    |-- channel_flags_auto: long (nullable = true)
[2023-03-30T15:55:58.749-0400] {subprocess.py:93} INFO -  |    |-- channel_flags_manual: long (nullable = true)
[2023-03-30T15:55:58.749-0400] {subprocess.py:93} INFO -  |    |-- channel_state: long (nullable = true)
[2023-03-30T15:55:58.749-0400] {subprocess.py:93} INFO -  |    |-- confidence: long (nullable = true)
[2023-03-30T15:55:58.749-0400] {subprocess.py:93} INFO -  |    |-- confidence_auto: long (nullable = true)
[2023-03-30T15:55:58.750-0400] {subprocess.py:93} INFO -  |    |-- confidence_manual: long (nullable = true)
[2023-03-30T15:55:58.750-0400] {subprocess.py:93} INFO -  |    |-- date_created: long (nullable = true)
[2023-03-30T15:55:58.750-0400] {subprocess.py:93} INFO -  |    |-- deciviews: double (nullable = true)
[2023-03-30T15:55:58.750-0400] {subprocess.py:93} INFO -  |    |-- deciviews_a: double (nullable = true)
[2023-03-30T15:55:58.750-0400] {subprocess.py:93} INFO -  |    |-- deciviews_b: double (nullable = true)
[2023-03-30T15:55:58.750-0400] {subprocess.py:93} INFO -  |    |-- firmware_version: string (nullable = true)
[2023-03-30T15:55:58.751-0400] {subprocess.py:93} INFO -  |    |-- hardware: string (nullable = true)
[2023-03-30T15:55:58.751-0400] {subprocess.py:93} INFO -  |    |-- humidity: long (nullable = true)
[2023-03-30T15:55:58.751-0400] {subprocess.py:93} INFO -  |    |-- humidity_a: long (nullable = true)
[2023-03-30T15:55:58.751-0400] {subprocess.py:93} INFO -  |    |-- icon: long (nullable = true)
[2023-03-30T15:55:58.752-0400] {subprocess.py:93} INFO -  |    |-- is_owner: long (nullable = true)
[2023-03-30T15:55:58.752-0400] {subprocess.py:93} INFO -  |    |-- last_modified: long (nullable = true)
[2023-03-30T15:55:58.752-0400] {subprocess.py:93} INFO -  |    |-- last_seen: long (nullable = true)
[2023-03-30T15:55:58.752-0400] {subprocess.py:93} INFO -  |    |-- latitude: double (nullable = true)
[2023-03-30T15:55:58.752-0400] {subprocess.py:93} INFO -  |    |-- led_brightness: long (nullable = true)
[2023-03-30T15:55:58.753-0400] {subprocess.py:93} INFO -  |    |-- location_type: long (nullable = true)
[2023-03-30T15:55:58.753-0400] {subprocess.py:93} INFO -  |    |-- longitude: double (nullable = true)
[2023-03-30T15:55:58.753-0400] {subprocess.py:93} INFO -  |    |-- memory: long (nullable = true)
[2023-03-30T15:55:58.754-0400] {subprocess.py:93} INFO -  |    |-- model: string (nullable = true)
[2023-03-30T15:55:58.754-0400] {subprocess.py:93} INFO -  |    |-- name: string (nullable = true)
[2023-03-30T15:55:58.754-0400] {subprocess.py:93} INFO -  |    |-- pa_latency: long (nullable = true)
[2023-03-30T15:55:58.754-0400] {subprocess.py:93} INFO -  |    |-- pm1.0: double (nullable = true)
[2023-03-30T15:55:58.755-0400] {subprocess.py:93} INFO -  |    |-- pm1.0_a: double (nullable = true)
[2023-03-30T15:55:58.755-0400] {subprocess.py:93} INFO -  |    |-- pm1.0_atm: double (nullable = true)
[2023-03-30T15:55:58.755-0400] {subprocess.py:93} INFO -  |    |-- pm1.0_atm_a: double (nullable = true)
[2023-03-30T15:55:58.755-0400] {subprocess.py:93} INFO -  |    |-- pm1.0_atm_b: double (nullable = true)
[2023-03-30T15:55:58.755-0400] {subprocess.py:93} INFO -  |    |-- pm1.0_b: double (nullable = true)
[2023-03-30T15:55:58.756-0400] {subprocess.py:93} INFO -  |    |-- pm1.0_cf_1: double (nullable = true)
[2023-03-30T15:55:58.756-0400] {subprocess.py:93} INFO -  |    |-- pm1.0_cf_1_a: double (nullable = true)
[2023-03-30T15:55:58.756-0400] {subprocess.py:93} INFO -  |    |-- pm1.0_cf_1_b: double (nullable = true)
[2023-03-30T15:55:58.756-0400] {subprocess.py:93} INFO -  |    |-- pm10.0: double (nullable = true)
[2023-03-30T15:55:58.756-0400] {subprocess.py:93} INFO -  |    |-- pm10.0_a: double (nullable = true)
[2023-03-30T15:55:58.756-0400] {subprocess.py:93} INFO -  |    |-- pm10.0_atm: double (nullable = true)
[2023-03-30T15:55:58.757-0400] {subprocess.py:93} INFO -  |    |-- pm10.0_atm_a: double (nullable = true)
[2023-03-30T15:55:58.757-0400] {subprocess.py:93} INFO -  |    |-- pm10.0_atm_b: double (nullable = true)
[2023-03-30T15:55:58.758-0400] {subprocess.py:93} INFO -  |    |-- pm10.0_b: double (nullable = true)
[2023-03-30T15:55:58.758-0400] {subprocess.py:93} INFO -  |    |-- pm10.0_cf_1: double (nullable = true)
[2023-03-30T15:55:58.758-0400] {subprocess.py:93} INFO -  |    |-- pm10.0_cf_1_a: double (nullable = true)
[2023-03-30T15:55:58.759-0400] {subprocess.py:93} INFO -  |    |-- pm10.0_cf_1_b: double (nullable = true)
[2023-03-30T15:55:58.759-0400] {subprocess.py:93} INFO -  |    |-- pm2.5: double (nullable = true)
[2023-03-30T15:55:58.759-0400] {subprocess.py:93} INFO -  |    |-- pm2.5_a: double (nullable = true)
[2023-03-30T15:55:58.759-0400] {subprocess.py:93} INFO -  |    |-- pm2.5_alt: double (nullable = true)
[2023-03-30T15:55:58.759-0400] {subprocess.py:93} INFO -  |    |-- pm2.5_alt_a: double (nullable = true)
[2023-03-30T15:55:58.760-0400] {subprocess.py:93} INFO -  |    |-- pm2.5_alt_b: double (nullable = true)
[2023-03-30T15:55:58.760-0400] {subprocess.py:93} INFO -  |    |-- pm2.5_atm: double (nullable = true)
[2023-03-30T15:55:58.760-0400] {subprocess.py:93} INFO -  |    |-- pm2.5_atm_a: double (nullable = true)
[2023-03-30T15:55:58.760-0400] {subprocess.py:93} INFO -  |    |-- pm2.5_atm_b: double (nullable = true)
[2023-03-30T15:55:58.761-0400] {subprocess.py:93} INFO -  |    |-- pm2.5_b: double (nullable = true)
[2023-03-30T15:55:58.761-0400] {subprocess.py:93} INFO -  |    |-- pm2.5_cf_1: double (nullable = true)
[2023-03-30T15:55:58.761-0400] {subprocess.py:93} INFO -  |    |-- pm2.5_cf_1_a: double (nullable = true)
[2023-03-30T15:55:58.762-0400] {subprocess.py:93} INFO -  |    |-- pm2.5_cf_1_b: double (nullable = true)
[2023-03-30T15:55:58.762-0400] {subprocess.py:93} INFO -  |    |-- position_rating: long (nullable = true)
[2023-03-30T15:55:58.762-0400] {subprocess.py:93} INFO -  |    |-- pressure: double (nullable = true)
[2023-03-30T15:55:58.762-0400] {subprocess.py:93} INFO -  |    |-- pressure_a: double (nullable = true)
[2023-03-30T15:55:58.762-0400] {subprocess.py:93} INFO -  |    |-- primary_id_a: long (nullable = true)
[2023-03-30T15:55:58.763-0400] {subprocess.py:93} INFO -  |    |-- primary_id_b: long (nullable = true)
[2023-03-30T15:55:58.763-0400] {subprocess.py:93} INFO -  |    |-- primary_key_a: string (nullable = true)
[2023-03-30T15:55:58.763-0400] {subprocess.py:93} INFO -  |    |-- primary_key_b: string (nullable = true)
[2023-03-30T15:55:58.764-0400] {subprocess.py:93} INFO -  |    |-- private: long (nullable = true)
[2023-03-30T15:55:58.764-0400] {subprocess.py:93} INFO -  |    |-- rssi: long (nullable = true)
[2023-03-30T15:55:58.764-0400] {subprocess.py:93} INFO -  |    |-- scattering_coefficient: double (nullable = true)
[2023-03-30T15:55:58.764-0400] {subprocess.py:93} INFO -  |    |-- scattering_coefficient_a: double (nullable = true)
[2023-03-30T15:55:58.764-0400] {subprocess.py:93} INFO -  |    |-- scattering_coefficient_b: double (nullable = true)
[2023-03-30T15:55:58.765-0400] {subprocess.py:93} INFO -  |    |-- secondary_id_a: long (nullable = true)
[2023-03-30T15:55:58.765-0400] {subprocess.py:93} INFO -  |    |-- secondary_id_b: long (nullable = true)
[2023-03-30T15:55:58.765-0400] {subprocess.py:93} INFO -  |    |-- secondary_key_a: string (nullable = true)
[2023-03-30T15:55:58.765-0400] {subprocess.py:93} INFO -  |    |-- secondary_key_b: string (nullable = true)
[2023-03-30T15:55:58.765-0400] {subprocess.py:93} INFO -  |    |-- sensor_index: long (nullable = true)
[2023-03-30T15:55:58.766-0400] {subprocess.py:93} INFO -  |    |-- stats: struct (nullable = true)
[2023-03-30T15:55:58.766-0400] {subprocess.py:93} INFO -  |    |    |-- pm2.5: double (nullable = true)
[2023-03-30T15:55:58.766-0400] {subprocess.py:93} INFO -  |    |    |-- pm2.5_10minute: double (nullable = true)
[2023-03-30T15:55:58.766-0400] {subprocess.py:93} INFO -  |    |    |-- pm2.5_1week: double (nullable = true)
[2023-03-30T15:55:58.767-0400] {subprocess.py:93} INFO -  |    |    |-- pm2.5_24hour: double (nullable = true)
[2023-03-30T15:55:58.767-0400] {subprocess.py:93} INFO -  |    |    |-- pm2.5_30minute: double (nullable = true)
[2023-03-30T15:55:58.767-0400] {subprocess.py:93} INFO -  |    |    |-- pm2.5_60minute: double (nullable = true)
[2023-03-30T15:55:58.767-0400] {subprocess.py:93} INFO -  |    |    |-- pm2.5_6hour: double (nullable = true)
[2023-03-30T15:55:58.767-0400] {subprocess.py:93} INFO -  |    |    |-- time_stamp: long (nullable = true)
[2023-03-30T15:55:58.768-0400] {subprocess.py:93} INFO -  |    |-- stats_a: struct (nullable = true)
[2023-03-30T15:55:58.768-0400] {subprocess.py:93} INFO -  |    |    |-- pm2.5: double (nullable = true)
[2023-03-30T15:55:58.768-0400] {subprocess.py:93} INFO -  |    |    |-- pm2.5_10minute: double (nullable = true)
[2023-03-30T15:55:58.768-0400] {subprocess.py:93} INFO -  |    |    |-- pm2.5_1week: double (nullable = true)
[2023-03-30T15:55:58.768-0400] {subprocess.py:93} INFO -  |    |    |-- pm2.5_24hour: double (nullable = true)
[2023-03-30T15:55:58.768-0400] {subprocess.py:93} INFO -  |    |    |-- pm2.5_30minute: double (nullable = true)
[2023-03-30T15:55:58.769-0400] {subprocess.py:93} INFO -  |    |    |-- pm2.5_60minute: double (nullable = true)
[2023-03-30T15:55:58.769-0400] {subprocess.py:93} INFO -  |    |    |-- pm2.5_6hour: double (nullable = true)
[2023-03-30T15:55:58.769-0400] {subprocess.py:93} INFO -  |    |    |-- time_stamp: long (nullable = true)
[2023-03-30T15:55:58.769-0400] {subprocess.py:93} INFO -  |    |-- stats_b: struct (nullable = true)
[2023-03-30T15:55:58.769-0400] {subprocess.py:93} INFO -  |    |    |-- pm2.5: double (nullable = true)
[2023-03-30T15:55:58.769-0400] {subprocess.py:93} INFO -  |    |    |-- pm2.5_10minute: double (nullable = true)
[2023-03-30T15:55:58.770-0400] {subprocess.py:93} INFO -  |    |    |-- pm2.5_1week: double (nullable = true)
[2023-03-30T15:55:58.770-0400] {subprocess.py:93} INFO -  |    |    |-- pm2.5_24hour: double (nullable = true)
[2023-03-30T15:55:58.770-0400] {subprocess.py:93} INFO -  |    |    |-- pm2.5_30minute: double (nullable = true)
[2023-03-30T15:55:58.770-0400] {subprocess.py:93} INFO -  |    |    |-- pm2.5_60minute: double (nullable = true)
[2023-03-30T15:55:58.770-0400] {subprocess.py:93} INFO -  |    |    |-- pm2.5_6hour: double (nullable = true)
[2023-03-30T15:55:58.771-0400] {subprocess.py:93} INFO -  |    |    |-- time_stamp: long (nullable = true)
[2023-03-30T15:55:58.771-0400] {subprocess.py:93} INFO -  |    |-- temperature: long (nullable = true)
[2023-03-30T15:55:58.771-0400] {subprocess.py:93} INFO -  |    |-- temperature_a: long (nullable = true)
[2023-03-30T15:55:58.771-0400] {subprocess.py:93} INFO -  |    |-- uptime: long (nullable = true)
[2023-03-30T15:55:58.771-0400] {subprocess.py:93} INFO -  |    |-- visual_range: double (nullable = true)
[2023-03-30T15:55:58.772-0400] {subprocess.py:93} INFO -  |    |-- visual_range_a: double (nullable = true)
[2023-03-30T15:55:58.772-0400] {subprocess.py:93} INFO -  |    |-- visual_range_b: double (nullable = true)
[2023-03-30T15:55:58.772-0400] {subprocess.py:93} INFO -  |-- time_stamp: long (nullable = true)
[2023-03-30T15:55:58.772-0400] {subprocess.py:93} INFO - 
[2023-03-30T15:55:58.772-0400] {subprocess.py:93} INFO - +---------------+--------------+---------------+--------------------+----------+
[2023-03-30T15:55:58.772-0400] {subprocess.py:93} INFO - |_corrupt_record|   api_version|data_time_stamp|              sensor|time_stamp|
[2023-03-30T15:55:58.773-0400] {subprocess.py:93} INFO - +---------------+--------------+---------------+--------------------+----------+
[2023-03-30T15:55:58.773-0400] {subprocess.py:93} INFO - |           null|V1.0.11-0.0.42|     1680205753|[2467, 2562, 2373...|1680205782|
[2023-03-30T15:55:58.773-0400] {subprocess.py:93} INFO - |           null|V1.0.11-0.0.42|     1680205756|[2467, 2562, 2373...|1680205769|
[2023-03-30T15:55:58.774-0400] {subprocess.py:93} INFO - |           null|V1.0.11-0.0.42|     1680205753|[1412, 1357, 1468...|1680205798|
[2023-03-30T15:55:58.774-0400] {subprocess.py:93} INFO - |           null|V1.0.11-0.0.42|     1680205749|[1412, 1357, 1468...|1680205798|
[2023-03-30T15:55:58.774-0400] {subprocess.py:93} INFO - |           null|V1.0.11-0.0.42|     1680205756|[1418, 1415, 1422...|1680205799|
[2023-03-30T15:55:58.774-0400] {subprocess.py:93} INFO - |           null|V1.0.11-0.0.42|     1680205749|[1422, 1403, 1442...|1680205799|
[2023-03-30T15:55:58.774-0400] {subprocess.py:93} INFO - |           null|V1.0.11-0.0.42|     1680205756|[1245, 1132, 1359...|1680205800|
[2023-03-30T15:55:58.774-0400] {subprocess.py:93} INFO - |           null|V1.0.11-0.0.42|     1680205749|[1245, 1132, 1359...|1680205801|
[2023-03-30T15:55:58.775-0400] {subprocess.py:93} INFO - |           null|V1.0.11-0.0.42|     1680205753|[1423, 1448, 1399...|1680205802|
[2023-03-30T15:55:58.775-0400] {subprocess.py:93} INFO - |           null|V1.0.11-0.0.42|     1680205753|[1423, 1448, 1399...|1680205802|
[2023-03-30T15:55:58.775-0400] {subprocess.py:93} INFO - |           null|V1.0.11-0.0.42|     1680205753|[954, 954, 26135,...|1680205803|
[2023-03-30T15:55:58.775-0400] {subprocess.py:93} INFO - |           null|V1.0.11-0.0.42|     1680205753|[1348, 1338, 1358...|1680205804|
[2023-03-30T15:55:58.775-0400] {subprocess.py:93} INFO - |           null|V1.0.11-0.0.42|     1680205756|[954, 954, 26135,...|1680205805|
[2023-03-30T15:55:58.776-0400] {subprocess.py:93} INFO - |           null|V1.0.11-0.0.42|     1680205753|[535, 565, 506, 4...|1680205806|
[2023-03-30T15:55:58.776-0400] {subprocess.py:93} INFO - |           null|V1.0.11-0.0.42|     1680205756|[1348, 1338, 1358...|1680205807|
[2023-03-30T15:55:58.776-0400] {subprocess.py:93} INFO - |           null|V1.0.11-0.0.42|     1680205753|[1462, 1386, 1539...|1680205807|
[2023-03-30T15:55:58.776-0400] {subprocess.py:93} INFO - |           null|V1.0.11-0.0.42|     1680205800|[498, 498, 2701, ...|1680205809|
[2023-03-30T15:55:58.776-0400] {subprocess.py:93} INFO - |           null|V1.0.11-0.0.42|     1680205756|[383, 360, 406, 3...|1680205810|
[2023-03-30T15:55:58.777-0400] {subprocess.py:93} INFO - |           null|V1.0.11-0.0.42|     1680205756|[1389, 1363, 1416...|1680205811|
[2023-03-30T15:55:58.777-0400] {subprocess.py:93} INFO - |           null|V1.0.11-0.0.42|     1680205753|[1462, 1386, 1539...|1680205812|
[2023-03-30T15:55:58.777-0400] {subprocess.py:93} INFO - +---------------+--------------+---------------+--------------------+----------+
[2023-03-30T15:55:58.777-0400] {subprocess.py:93} INFO - only showing top 20 rows
[2023-03-30T15:55:58.967-0400] {subprocess.py:93} INFO - 23/03/30 15:55:58 WARN TaskSetManager: Stage 7 contains a task of very large size (129 KB). The maximum recommended task size is 100 KB.
[2023-03-30T15:56:00.096-0400] {subprocess.py:93} INFO - 
[2023-03-30T15:56:00.098-0400] {subprocess.py:93} INFO - +------------+--------------------+---------+----------+--------+-----------+-----------+----------+-------------+-------------+-----------+-----------+------------------------+------------------------+
[2023-03-30T15:56:00.099-0400] {subprocess.py:93} INFO - |sensor_index|                name| latitude| longitude|pressure|pm2.5_atm_a|pm2.5_atm_b|humidity_a|temperature_a|location_type|pm1.0_atm_a|pm1.0_atm_b|scattering_coefficient_a|scattering_coefficient_b|
[2023-03-30T15:56:00.099-0400] {subprocess.py:93} INFO - +------------+--------------------+---------+----------+--------+-----------+-----------+----------+-------------+-------------+-----------+-----------+------------------------+------------------------+
[2023-03-30T15:56:00.100-0400] {subprocess.py:93} INFO - |      128679|            MORPC_23|40.070442| -83.01968|  642.66|       24.9|      25.62|        51|           72|            0|      15.33|      14.29|                    38.4|                    35.6|
[2023-03-30T15:56:00.101-0400] {subprocess.py:93} INFO - |      128679|            MORPC_23|40.070442| -83.01968|  642.66|       24.9|      25.62|        51|           72|            0|      15.33|      14.29|                    38.4|                    35.6|
[2023-03-30T15:56:00.101-0400] {subprocess.py:93} INFO - |       42145|Death by Particulate|40.045116|  -82.9947|  992.68|      11.34|       12.3|        25|           57|            0|        6.9|       7.48|                    20.4|                    22.0|
[2023-03-30T15:56:00.102-0400] {subprocess.py:93} INFO - |       42145|Death by Particulate|40.045116|  -82.9947|  992.68|      11.34|       12.3|        25|           57|            0|        6.9|       7.48|                    20.4|                    22.0|
[2023-03-30T15:56:00.103-0400] {subprocess.py:93} INFO - |      103092|             OSU_032| 40.10328| -83.04084|   995.2|      12.63|      10.63|        21|           63|            0|       8.81|       7.49|                    21.2|                    21.3|
[2023-03-30T15:56:00.103-0400] {subprocess.py:93} INFO - |      103092|             OSU_032| 40.10328| -83.04084|  995.22|      13.56|      12.92|        21|           63|            0|       8.77|       7.81|                    21.0|                    21.6|
[2023-03-30T15:56:00.104-0400] {subprocess.py:93} INFO - |       33861|            MORPC_14|40.021294|-82.990456|  994.22|      10.16|      10.02|        26|           61|            0|       6.02|       6.86|                    17.0|                    20.4|
[2023-03-30T15:56:00.104-0400] {subprocess.py:93} INFO - |       33861|            MORPC_14|40.021294|-82.990456|  994.22|      10.16|      10.02|        26|           61|            0|       6.02|       6.86|                    17.0|                    20.4|
[2023-03-30T15:56:00.105-0400] {subprocess.py:93} INFO - |       72009|       East Beaumont|40.057014| -83.00535|  994.14|       9.53|        9.7|        22|           62|            0|       7.27|       6.37|                    21.7|                    21.0|
[2023-03-30T15:56:00.105-0400] {subprocess.py:93} INFO - |       72009|       East Beaumont|40.057014| -83.00535|  994.14|       9.53|        9.7|        22|           62|            0|       7.27|       6.37|                    21.7|                    21.0|
[2023-03-30T15:56:00.106-0400] {subprocess.py:93} INFO - |      149716|            MORPC_22|39.974773| -82.88287|  987.55|       7.08|     179.72|        35|           56|            0|        4.2|      133.3|                    14.3|                   392.0|
[2023-03-30T15:56:00.106-0400] {subprocess.py:93} INFO - |      147691|            MORPC_38|39.962215| -83.07883|   996.1|      10.21|       9.78|        16|           77|            0|       6.84|       7.36|                    20.1|                    20.4|
[2023-03-30T15:56:00.107-0400] {subprocess.py:93} INFO - |      149716|            MORPC_22|39.974773| -82.88287|  987.55|       7.08|     179.72|        35|           56|            0|        4.2|      133.3|                    14.3|                   392.0|
[2023-03-30T15:56:00.107-0400] {subprocess.py:93} INFO - |      120351|Midwest Native Trees|40.170296| -82.77792|  982.55|       9.02|       7.21|        38|           53|            0|       4.67|       3.87|                    null|                    null|
[2023-03-30T15:56:00.108-0400] {subprocess.py:93} INFO - |      147691|            MORPC_38|39.962215| -83.07883|   996.1|      10.21|       9.78|        16|           77|            0|       6.84|       7.36|                    20.1|                    20.4|
[2023-03-30T15:56:00.108-0400] {subprocess.py:93} INFO - |      158823|            MORPC_39|39.878136| -83.08927|  995.62|      10.19|       11.9|        23|           64|            0|        6.4|       6.95|                    20.8|                    23.1|
[2023-03-30T15:56:00.109-0400] {subprocess.py:93} INFO - |      142906|            MORPC_36|39.839783| -83.07625|    null|       3.51|      23.19|      null|         null|            0|       1.71|       14.2|                     7.5|                    40.5|
[2023-03-30T15:56:00.109-0400] {subprocess.py:93} INFO - |      133099|            Welsford| 40.00742| -83.05926|  995.25|       4.67|       5.61|        21|           61|            0|       1.67|       2.77|                    null|                    null|
[2023-03-30T15:56:00.110-0400] {subprocess.py:93} INFO - |      103358|             OSU 018|40.030293| -83.02833|  997.46|      11.75|      10.75|        26|           55|            0|       7.27|       7.29|                    20.4|                    21.2|
[2023-03-30T15:56:00.110-0400] {subprocess.py:93} INFO - |      158823|            MORPC_39|39.878136| -83.08927|  995.62|      10.19|       11.9|        23|           64|            0|        6.4|       6.95|                    20.8|                    23.1|
[2023-03-30T15:56:00.111-0400] {subprocess.py:93} INFO - +------------+--------------------+---------+----------+--------+-----------+-----------+----------+-------------+-------------+-----------+-----------+------------------------+------------------------+
[2023-03-30T15:56:00.111-0400] {subprocess.py:93} INFO - only showing top 20 rows
[2023-03-30T15:56:00.112-0400] {subprocess.py:93} INFO - 
[2023-03-30T15:56:00.112-0400] {subprocess.py:93} INFO - +------------+--------------------+---------+----------+--------+-----------+-----------+----------+-------------+-------------+-----------+-----------+------------------------+------------------------+
[2023-03-30T15:56:00.113-0400] {subprocess.py:93} INFO - |sensor_index|                name| latitude| longitude|pressure|pm2_5_atm_a|pm2_5_atm_b|humidity_a|temperature_a|location_type|pm1_0_atm_a|pm1_0_atm_b|scattering_coefficient_a|scattering_coefficient_b|
[2023-03-30T15:56:00.113-0400] {subprocess.py:93} INFO - +------------+--------------------+---------+----------+--------+-----------+-----------+----------+-------------+-------------+-----------+-----------+------------------------+------------------------+
[2023-03-30T15:56:00.114-0400] {subprocess.py:93} INFO - |      128679|            MORPC_23|40.070442| -83.01968|  642.66|       24.9|      25.62|        51|           72|            0|      15.33|      14.29|                    38.4|                    35.6|
[2023-03-30T15:56:00.114-0400] {subprocess.py:93} INFO - |      128679|            MORPC_23|40.070442| -83.01968|  642.66|       24.9|      25.62|        51|           72|            0|      15.33|      14.29|                    38.4|                    35.6|
[2023-03-30T15:56:00.115-0400] {subprocess.py:93} INFO - |       42145|Death by Particulate|40.045116|  -82.9947|  992.68|      11.34|       12.3|        25|           57|            0|        6.9|       7.48|                    20.4|                    22.0|
[2023-03-30T15:56:00.115-0400] {subprocess.py:93} INFO - |       42145|Death by Particulate|40.045116|  -82.9947|  992.68|      11.34|       12.3|        25|           57|            0|        6.9|       7.48|                    20.4|                    22.0|
[2023-03-30T15:56:00.116-0400] {subprocess.py:93} INFO - |      103092|             OSU_032| 40.10328| -83.04084|   995.2|      12.63|      10.63|        21|           63|            0|       8.81|       7.49|                    21.2|                    21.3|
[2023-03-30T15:56:00.116-0400] {subprocess.py:93} INFO - |      103092|             OSU_032| 40.10328| -83.04084|  995.22|      13.56|      12.92|        21|           63|            0|       8.77|       7.81|                    21.0|                    21.6|
[2023-03-30T15:56:00.117-0400] {subprocess.py:93} INFO - |       33861|            MORPC_14|40.021294|-82.990456|  994.22|      10.16|      10.02|        26|           61|            0|       6.02|       6.86|                    17.0|                    20.4|
[2023-03-30T15:56:00.117-0400] {subprocess.py:93} INFO - |       33861|            MORPC_14|40.021294|-82.990456|  994.22|      10.16|      10.02|        26|           61|            0|       6.02|       6.86|                    17.0|                    20.4|
[2023-03-30T15:56:00.118-0400] {subprocess.py:93} INFO - |       72009|       East Beaumont|40.057014| -83.00535|  994.14|       9.53|        9.7|        22|           62|            0|       7.27|       6.37|                    21.7|                    21.0|
[2023-03-30T15:56:00.118-0400] {subprocess.py:93} INFO - |       72009|       East Beaumont|40.057014| -83.00535|  994.14|       9.53|        9.7|        22|           62|            0|       7.27|       6.37|                    21.7|                    21.0|
[2023-03-30T15:56:00.119-0400] {subprocess.py:93} INFO - |      149716|            MORPC_22|39.974773| -82.88287|  987.55|       7.08|     179.72|        35|           56|            0|        4.2|      133.3|                    14.3|                   392.0|
[2023-03-30T15:56:00.119-0400] {subprocess.py:93} INFO - |      147691|            MORPC_38|39.962215| -83.07883|   996.1|      10.21|       9.78|        16|           77|            0|       6.84|       7.36|                    20.1|                    20.4|
[2023-03-30T15:56:00.119-0400] {subprocess.py:93} INFO - |      149716|            MORPC_22|39.974773| -82.88287|  987.55|       7.08|     179.72|        35|           56|            0|        4.2|      133.3|                    14.3|                   392.0|
[2023-03-30T15:56:00.120-0400] {subprocess.py:93} INFO - |      120351|Midwest Native Trees|40.170296| -82.77792|  982.55|       9.02|       7.21|        38|           53|            0|       4.67|       3.87|                    null|                    null|
[2023-03-30T15:56:00.120-0400] {subprocess.py:93} INFO - |      147691|            MORPC_38|39.962215| -83.07883|   996.1|      10.21|       9.78|        16|           77|            0|       6.84|       7.36|                    20.1|                    20.4|
[2023-03-30T15:56:00.121-0400] {subprocess.py:93} INFO - |      158823|            MORPC_39|39.878136| -83.08927|  995.62|      10.19|       11.9|        23|           64|            0|        6.4|       6.95|                    20.8|                    23.1|
[2023-03-30T15:56:00.121-0400] {subprocess.py:93} INFO - |      142906|            MORPC_36|39.839783| -83.07625|    null|       3.51|      23.19|      null|         null|            0|       1.71|       14.2|                     7.5|                    40.5|
[2023-03-30T15:56:00.122-0400] {subprocess.py:93} INFO - |      133099|            Welsford| 40.00742| -83.05926|  995.25|       4.67|       5.61|        21|           61|            0|       1.67|       2.77|                    null|                    null|
[2023-03-30T15:56:00.122-0400] {subprocess.py:93} INFO - |      103358|             OSU 018|40.030293| -83.02833|  997.46|      11.75|      10.75|        26|           55|            0|       7.27|       7.29|                    20.4|                    21.2|
[2023-03-30T15:56:00.122-0400] {subprocess.py:93} INFO - |      158823|            MORPC_39|39.878136| -83.08927|  995.62|      10.19|       11.9|        23|           64|            0|        6.4|       6.95|                    20.8|                    23.1|
[2023-03-30T15:56:00.123-0400] {subprocess.py:93} INFO - +------------+--------------------+---------+----------+--------+-----------+-----------+----------+-------------+-------------+-----------+-----------+------------------------+------------------------+
[2023-03-30T15:56:00.123-0400] {subprocess.py:93} INFO - only showing top 20 rows
[2023-03-30T15:56:00.124-0400] {subprocess.py:93} INFO - 
[2023-03-30T15:56:00.124-0400] {subprocess.py:93} INFO - Writing to CSV file named sensors.csv
[2023-03-30T15:56:00.124-0400] {subprocess.py:93} INFO - End of spark session
[2023-03-30T15:56:00.620-0400] {subprocess.py:97} INFO - Command exited with return code 0
[2023-03-30T15:56:00.651-0400] {taskinstance.py:1326} INFO - Marking task as SUCCESS. dag_id=air_quality_pipeline, task_id=run_consumer, execution_date=20230330T194925, start_date=20230330T195543, end_date=20230330T195600
[2023-03-30T15:56:00.687-0400] {local_task_job.py:212} INFO - Task exited with return code 0
[2023-03-30T15:56:00.703-0400] {taskinstance.py:2585} INFO - 0 downstream tasks scheduled from follow-on schedule check
