[2023-03-28T14:53:24.958-0400] {taskinstance.py:1084} INFO - Dependencies all met for dep_context=non-requeueable deps ti=<TaskInstance: air_quality_pipeline.run_consumer manual__2023-03-28T18:47:14.789778+00:00 [queued]>
[2023-03-28T14:53:24.966-0400] {taskinstance.py:1084} INFO - Dependencies all met for dep_context=requeueable deps ti=<TaskInstance: air_quality_pipeline.run_consumer manual__2023-03-28T18:47:14.789778+00:00 [queued]>
[2023-03-28T14:53:24.966-0400] {taskinstance.py:1282} INFO - 
--------------------------------------------------------------------------------
[2023-03-28T14:53:24.966-0400] {taskinstance.py:1283} INFO - Starting attempt 1 of 2
[2023-03-28T14:53:24.966-0400] {taskinstance.py:1284} INFO - 
--------------------------------------------------------------------------------
[2023-03-28T14:53:24.973-0400] {taskinstance.py:1303} INFO - Executing <Task(BashOperator): run_consumer> on 2023-03-28 18:47:14.789778+00:00
[2023-03-28T14:53:24.980-0400] {standard_task_runner.py:55} INFO - Started process 49252 to run task
[2023-03-28T14:53:24.984-0400] {standard_task_runner.py:82} INFO - Running: ['airflow', 'tasks', 'run', 'air_quality_pipeline', 'run_consumer', 'manual__2023-03-28T18:47:14.789778+00:00', '--job-id', '61', '--raw', '--subdir', 'DAGS_FOLDER/__pycache__/pipeline.py', '--cfg-path', '/var/folders/8z/pwbx6b3n3mnd1g1f397fv1100000gn/T/tmpppnhah3u']
[2023-03-28T14:53:24.985-0400] {standard_task_runner.py:83} INFO - Job 61: Subtask run_consumer
[2023-03-28T14:53:25.018-0400] {task_command.py:388} INFO - Running <TaskInstance: air_quality_pipeline.run_consumer manual__2023-03-28T18:47:14.789778+00:00 [running]> on host srivardhans-air.starry-inc.net
[2023-03-28T14:53:25.053-0400] {taskinstance.py:1511} INFO - Exporting the following env vars:
AIRFLOW_CTX_DAG_OWNER=yourname
AIRFLOW_CTX_DAG_ID=air_quality_pipeline
AIRFLOW_CTX_TASK_ID=run_consumer
AIRFLOW_CTX_EXECUTION_DATE=2023-03-28T18:47:14.789778+00:00
AIRFLOW_CTX_TRY_NUMBER=1
AIRFLOW_CTX_DAG_RUN_ID=manual__2023-03-28T18:47:14.789778+00:00
[2023-03-28T14:53:25.054-0400] {subprocess.py:63} INFO - Tmp dir root location: 
 /var/folders/8z/pwbx6b3n3mnd1g1f397fv1100000gn/T
[2023-03-28T14:53:25.054-0400] {subprocess.py:75} INFO - Running command: ['/bin/bash', '-c', 'python3 "/Users/srivardhan/Desktop/Masters/Masters Project/Kafka Implementation/kafka-pipeline-examples/producer-consumer/consumer.py"']
[2023-03-28T14:53:25.064-0400] {subprocess.py:86} INFO - Output:
[2023-03-28T14:53:37.284-0400] {subprocess.py:93} INFO - 23/03/28 14:53:37 WARN NativeCodeLoader: Unable to load native-hadoop library for your platform... using builtin-java classes where applicable
[2023-03-28T14:53:37.384-0400] {subprocess.py:93} INFO - Using Spark's default log4j profile: org/apache/spark/log4j-defaults.properties
[2023-03-28T14:53:37.384-0400] {subprocess.py:93} INFO - Setting default log level to "WARN".
[2023-03-28T14:53:37.385-0400] {subprocess.py:93} INFO - To adjust logging level use sc.setLogLevel(newLevel). For SparkR, use setLogLevel(newLevel).
[2023-03-28T14:53:40.153-0400] {subprocess.py:93} INFO - [Stage 0:>                                                          (0 + 8) / 8]                                                                                23/03/28 14:53:40 WARN Utils: Truncated the string representation of a plan since it was too large. This behavior can be adjusted by setting 'spark.debug.maxToStringFields' in SparkEnv.conf.
[2023-03-28T14:53:41.080-0400] {subprocess.py:93} INFO - Connecting to consumer ...
[2023-03-28T14:53:41.081-0400] {subprocess.py:93} INFO - Start of kafka session
[2023-03-28T14:53:41.081-0400] {subprocess.py:93} INFO - No messages received, stopping consumer
[2023-03-28T14:53:41.081-0400] {subprocess.py:93} INFO - Start of spark session
[2023-03-28T14:53:41.081-0400] {subprocess.py:93} INFO - Start of spark session
[2023-03-28T14:53:41.081-0400] {subprocess.py:93} INFO - root
[2023-03-28T14:53:41.082-0400] {subprocess.py:93} INFO -  |-- _corrupt_record: string (nullable = true)
[2023-03-28T14:53:41.082-0400] {subprocess.py:93} INFO -  |-- api_version: string (nullable = true)
[2023-03-28T14:53:41.082-0400] {subprocess.py:93} INFO -  |-- data_time_stamp: long (nullable = true)
[2023-03-28T14:53:41.082-0400] {subprocess.py:93} INFO -  |-- sensor: struct (nullable = true)
[2023-03-28T14:53:41.082-0400] {subprocess.py:93} INFO -  |    |-- 0.3_um_count: long (nullable = true)
[2023-03-28T14:53:41.083-0400] {subprocess.py:93} INFO -  |    |-- 0.3_um_count_a: long (nullable = true)
[2023-03-28T14:53:41.083-0400] {subprocess.py:93} INFO -  |    |-- 0.3_um_count_b: long (nullable = true)
[2023-03-28T14:53:41.083-0400] {subprocess.py:93} INFO -  |    |-- 0.5_um_count: long (nullable = true)
[2023-03-28T14:53:41.083-0400] {subprocess.py:93} INFO -  |    |-- 0.5_um_count_a: long (nullable = true)
[2023-03-28T14:53:41.083-0400] {subprocess.py:93} INFO -  |    |-- 0.5_um_count_b: long (nullable = true)
[2023-03-28T14:53:41.084-0400] {subprocess.py:93} INFO -  |    |-- 1.0_um_count: long (nullable = true)
[2023-03-28T14:53:41.084-0400] {subprocess.py:93} INFO -  |    |-- 1.0_um_count_a: long (nullable = true)
[2023-03-28T14:53:41.084-0400] {subprocess.py:93} INFO -  |    |-- 1.0_um_count_b: long (nullable = true)
[2023-03-28T14:53:41.084-0400] {subprocess.py:93} INFO -  |    |-- 10.0_um_count: long (nullable = true)
[2023-03-28T14:53:41.084-0400] {subprocess.py:93} INFO -  |    |-- 10.0_um_count_a: long (nullable = true)
[2023-03-28T14:53:41.084-0400] {subprocess.py:93} INFO -  |    |-- 10.0_um_count_b: long (nullable = true)
[2023-03-28T14:53:41.085-0400] {subprocess.py:93} INFO -  |    |-- 2.5_um_count: long (nullable = true)
[2023-03-28T14:53:41.085-0400] {subprocess.py:93} INFO -  |    |-- 2.5_um_count_a: long (nullable = true)
[2023-03-28T14:53:41.085-0400] {subprocess.py:93} INFO -  |    |-- 2.5_um_count_b: long (nullable = true)
[2023-03-28T14:53:41.085-0400] {subprocess.py:93} INFO -  |    |-- 5.0_um_count: long (nullable = true)
[2023-03-28T14:53:41.085-0400] {subprocess.py:93} INFO -  |    |-- 5.0_um_count_a: long (nullable = true)
[2023-03-28T14:53:41.085-0400] {subprocess.py:93} INFO -  |    |-- 5.0_um_count_b: long (nullable = true)
[2023-03-28T14:53:41.086-0400] {subprocess.py:93} INFO -  |    |-- altitude: long (nullable = true)
[2023-03-28T14:53:41.086-0400] {subprocess.py:93} INFO -  |    |-- analog_input: double (nullable = true)
[2023-03-28T14:53:41.086-0400] {subprocess.py:93} INFO -  |    |-- channel_flags: long (nullable = true)
[2023-03-28T14:53:41.086-0400] {subprocess.py:93} INFO -  |    |-- channel_flags_auto: long (nullable = true)
[2023-03-28T14:53:41.086-0400] {subprocess.py:93} INFO -  |    |-- channel_flags_manual: long (nullable = true)
[2023-03-28T14:53:41.087-0400] {subprocess.py:93} INFO -  |    |-- channel_state: long (nullable = true)
[2023-03-28T14:53:41.087-0400] {subprocess.py:93} INFO -  |    |-- confidence: long (nullable = true)
[2023-03-28T14:53:41.087-0400] {subprocess.py:93} INFO -  |    |-- confidence_auto: long (nullable = true)
[2023-03-28T14:53:41.087-0400] {subprocess.py:93} INFO -  |    |-- confidence_manual: long (nullable = true)
[2023-03-28T14:53:41.087-0400] {subprocess.py:93} INFO -  |    |-- date_created: long (nullable = true)
[2023-03-28T14:53:41.087-0400] {subprocess.py:93} INFO -  |    |-- deciviews: double (nullable = true)
[2023-03-28T14:53:41.088-0400] {subprocess.py:93} INFO -  |    |-- deciviews_a: double (nullable = true)
[2023-03-28T14:53:41.088-0400] {subprocess.py:93} INFO -  |    |-- deciviews_b: double (nullable = true)
[2023-03-28T14:53:41.088-0400] {subprocess.py:93} INFO -  |    |-- firmware_version: string (nullable = true)
[2023-03-28T14:53:41.088-0400] {subprocess.py:93} INFO -  |    |-- hardware: string (nullable = true)
[2023-03-28T14:53:41.088-0400] {subprocess.py:93} INFO -  |    |-- humidity: long (nullable = true)
[2023-03-28T14:53:41.089-0400] {subprocess.py:93} INFO -  |    |-- humidity_a: long (nullable = true)
[2023-03-28T14:53:41.089-0400] {subprocess.py:93} INFO -  |    |-- icon: long (nullable = true)
[2023-03-28T14:53:41.089-0400] {subprocess.py:93} INFO -  |    |-- is_owner: long (nullable = true)
[2023-03-28T14:53:41.089-0400] {subprocess.py:93} INFO -  |    |-- last_modified: long (nullable = true)
[2023-03-28T14:53:41.089-0400] {subprocess.py:93} INFO -  |    |-- last_seen: long (nullable = true)
[2023-03-28T14:53:41.089-0400] {subprocess.py:93} INFO -  |    |-- latitude: double (nullable = true)
[2023-03-28T14:53:41.090-0400] {subprocess.py:93} INFO -  |    |-- led_brightness: long (nullable = true)
[2023-03-28T14:53:41.090-0400] {subprocess.py:93} INFO -  |    |-- location_type: long (nullable = true)
[2023-03-28T14:53:41.090-0400] {subprocess.py:93} INFO -  |    |-- longitude: double (nullable = true)
[2023-03-28T14:53:41.090-0400] {subprocess.py:93} INFO -  |    |-- memory: long (nullable = true)
[2023-03-28T14:53:41.090-0400] {subprocess.py:93} INFO -  |    |-- model: string (nullable = true)
[2023-03-28T14:53:41.090-0400] {subprocess.py:93} INFO -  |    |-- name: string (nullable = true)
[2023-03-28T14:53:41.091-0400] {subprocess.py:93} INFO -  |    |-- pa_latency: long (nullable = true)
[2023-03-28T14:53:41.091-0400] {subprocess.py:93} INFO -  |    |-- pm1.0: double (nullable = true)
[2023-03-28T14:53:41.091-0400] {subprocess.py:93} INFO -  |    |-- pm1.0_a: double (nullable = true)
[2023-03-28T14:53:41.091-0400] {subprocess.py:93} INFO -  |    |-- pm1.0_atm: double (nullable = true)
[2023-03-28T14:53:41.091-0400] {subprocess.py:93} INFO -  |    |-- pm1.0_atm_a: double (nullable = true)
[2023-03-28T14:53:41.092-0400] {subprocess.py:93} INFO -  |    |-- pm1.0_atm_b: double (nullable = true)
[2023-03-28T14:53:41.092-0400] {subprocess.py:93} INFO -  |    |-- pm1.0_b: double (nullable = true)
[2023-03-28T14:53:41.092-0400] {subprocess.py:93} INFO -  |    |-- pm1.0_cf_1: double (nullable = true)
[2023-03-28T14:53:41.092-0400] {subprocess.py:93} INFO -  |    |-- pm1.0_cf_1_a: double (nullable = true)
[2023-03-28T14:53:41.092-0400] {subprocess.py:93} INFO -  |    |-- pm1.0_cf_1_b: double (nullable = true)
[2023-03-28T14:53:41.092-0400] {subprocess.py:93} INFO -  |    |-- pm10.0: double (nullable = true)
[2023-03-28T14:53:41.093-0400] {subprocess.py:93} INFO -  |    |-- pm10.0_a: double (nullable = true)
[2023-03-28T14:53:41.093-0400] {subprocess.py:93} INFO -  |    |-- pm10.0_atm: double (nullable = true)
[2023-03-28T14:53:41.093-0400] {subprocess.py:93} INFO -  |    |-- pm10.0_atm_a: double (nullable = true)
[2023-03-28T14:53:41.093-0400] {subprocess.py:93} INFO -  |    |-- pm10.0_atm_b: double (nullable = true)
[2023-03-28T14:53:41.093-0400] {subprocess.py:93} INFO -  |    |-- pm10.0_b: double (nullable = true)
[2023-03-28T14:53:41.094-0400] {subprocess.py:93} INFO -  |    |-- pm10.0_cf_1: double (nullable = true)
[2023-03-28T14:53:41.094-0400] {subprocess.py:93} INFO -  |    |-- pm10.0_cf_1_a: double (nullable = true)
[2023-03-28T14:53:41.094-0400] {subprocess.py:93} INFO -  |    |-- pm10.0_cf_1_b: double (nullable = true)
[2023-03-28T14:53:41.094-0400] {subprocess.py:93} INFO -  |    |-- pm2.5: double (nullable = true)
[2023-03-28T14:53:41.094-0400] {subprocess.py:93} INFO -  |    |-- pm2.5_a: double (nullable = true)
[2023-03-28T14:53:41.094-0400] {subprocess.py:93} INFO -  |    |-- pm2.5_alt: double (nullable = true)
[2023-03-28T14:53:41.095-0400] {subprocess.py:93} INFO -  |    |-- pm2.5_alt_a: double (nullable = true)
[2023-03-28T14:53:41.095-0400] {subprocess.py:93} INFO -  |    |-- pm2.5_alt_b: double (nullable = true)
[2023-03-28T14:53:41.095-0400] {subprocess.py:93} INFO -  |    |-- pm2.5_atm: double (nullable = true)
[2023-03-28T14:53:41.095-0400] {subprocess.py:93} INFO -  |    |-- pm2.5_atm_a: double (nullable = true)
[2023-03-28T14:53:41.095-0400] {subprocess.py:93} INFO -  |    |-- pm2.5_atm_b: double (nullable = true)
[2023-03-28T14:53:41.095-0400] {subprocess.py:93} INFO -  |    |-- pm2.5_b: double (nullable = true)
[2023-03-28T14:53:41.096-0400] {subprocess.py:93} INFO -  |    |-- pm2.5_cf_1: double (nullable = true)
[2023-03-28T14:53:41.096-0400] {subprocess.py:93} INFO -  |    |-- pm2.5_cf_1_a: double (nullable = true)
[2023-03-28T14:53:41.097-0400] {subprocess.py:93} INFO -  |    |-- pm2.5_cf_1_b: double (nullable = true)
[2023-03-28T14:53:41.098-0400] {subprocess.py:93} INFO -  |    |-- position_rating: long (nullable = true)
[2023-03-28T14:53:41.099-0400] {subprocess.py:93} INFO -  |    |-- pressure: double (nullable = true)
[2023-03-28T14:53:41.100-0400] {subprocess.py:93} INFO -  |    |-- pressure_a: double (nullable = true)
[2023-03-28T14:53:41.102-0400] {subprocess.py:93} INFO -  |    |-- primary_id_a: long (nullable = true)
[2023-03-28T14:53:41.103-0400] {subprocess.py:93} INFO -  |    |-- primary_id_b: long (nullable = true)
[2023-03-28T14:53:41.103-0400] {subprocess.py:93} INFO -  |    |-- primary_key_a: string (nullable = true)
[2023-03-28T14:53:41.103-0400] {subprocess.py:93} INFO -  |    |-- primary_key_b: string (nullable = true)
[2023-03-28T14:53:41.103-0400] {subprocess.py:93} INFO -  |    |-- private: long (nullable = true)
[2023-03-28T14:53:41.104-0400] {subprocess.py:93} INFO -  |    |-- rssi: long (nullable = true)
[2023-03-28T14:53:41.104-0400] {subprocess.py:93} INFO -  |    |-- scattering_coefficient: double (nullable = true)
[2023-03-28T14:53:41.104-0400] {subprocess.py:93} INFO -  |    |-- scattering_coefficient_a: double (nullable = true)
[2023-03-28T14:53:41.105-0400] {subprocess.py:93} INFO -  |    |-- scattering_coefficient_b: double (nullable = true)
[2023-03-28T14:53:41.105-0400] {subprocess.py:93} INFO -  |    |-- secondary_id_a: long (nullable = true)
[2023-03-28T14:53:41.105-0400] {subprocess.py:93} INFO -  |    |-- secondary_id_b: long (nullable = true)
[2023-03-28T14:53:41.107-0400] {subprocess.py:93} INFO -  |    |-- secondary_key_a: string (nullable = true)
[2023-03-28T14:53:41.109-0400] {subprocess.py:93} INFO -  |    |-- secondary_key_b: string (nullable = true)
[2023-03-28T14:53:41.109-0400] {subprocess.py:93} INFO -  |    |-- sensor_index: long (nullable = true)
[2023-03-28T14:53:41.109-0400] {subprocess.py:93} INFO -  |    |-- stats: struct (nullable = true)
[2023-03-28T14:53:41.110-0400] {subprocess.py:93} INFO -  |    |    |-- pm2.5: double (nullable = true)
[2023-03-28T14:53:41.110-0400] {subprocess.py:93} INFO -  |    |    |-- pm2.5_10minute: double (nullable = true)
[2023-03-28T14:53:41.110-0400] {subprocess.py:93} INFO -  |    |    |-- pm2.5_1week: double (nullable = true)
[2023-03-28T14:53:41.110-0400] {subprocess.py:93} INFO -  |    |    |-- pm2.5_24hour: double (nullable = true)
[2023-03-28T14:53:41.110-0400] {subprocess.py:93} INFO -  |    |    |-- pm2.5_30minute: double (nullable = true)
[2023-03-28T14:53:41.110-0400] {subprocess.py:93} INFO -  |    |    |-- pm2.5_60minute: double (nullable = true)
[2023-03-28T14:53:41.111-0400] {subprocess.py:93} INFO -  |    |    |-- pm2.5_6hour: double (nullable = true)
[2023-03-28T14:53:41.111-0400] {subprocess.py:93} INFO -  |    |    |-- time_stamp: long (nullable = true)
[2023-03-28T14:53:41.111-0400] {subprocess.py:93} INFO -  |    |-- stats_a: struct (nullable = true)
[2023-03-28T14:53:41.111-0400] {subprocess.py:93} INFO -  |    |    |-- pm2.5: double (nullable = true)
[2023-03-28T14:53:41.111-0400] {subprocess.py:93} INFO -  |    |    |-- pm2.5_10minute: double (nullable = true)
[2023-03-28T14:53:41.112-0400] {subprocess.py:93} INFO -  |    |    |-- pm2.5_1week: double (nullable = true)
[2023-03-28T14:53:41.112-0400] {subprocess.py:93} INFO -  |    |    |-- pm2.5_24hour: double (nullable = true)
[2023-03-28T14:53:41.112-0400] {subprocess.py:93} INFO -  |    |    |-- pm2.5_30minute: double (nullable = true)
[2023-03-28T14:53:41.112-0400] {subprocess.py:93} INFO -  |    |    |-- pm2.5_60minute: double (nullable = true)
[2023-03-28T14:53:41.112-0400] {subprocess.py:93} INFO -  |    |    |-- pm2.5_6hour: double (nullable = true)
[2023-03-28T14:53:41.112-0400] {subprocess.py:93} INFO -  |    |    |-- time_stamp: long (nullable = true)
[2023-03-28T14:53:41.113-0400] {subprocess.py:93} INFO -  |    |-- stats_b: struct (nullable = true)
[2023-03-28T14:53:41.113-0400] {subprocess.py:93} INFO -  |    |    |-- pm2.5: double (nullable = true)
[2023-03-28T14:53:41.113-0400] {subprocess.py:93} INFO -  |    |    |-- pm2.5_10minute: double (nullable = true)
[2023-03-28T14:53:41.113-0400] {subprocess.py:93} INFO -  |    |    |-- pm2.5_1week: double (nullable = true)
[2023-03-28T14:53:41.113-0400] {subprocess.py:93} INFO -  |    |    |-- pm2.5_24hour: double (nullable = true)
[2023-03-28T14:53:41.114-0400] {subprocess.py:93} INFO -  |    |    |-- pm2.5_30minute: double (nullable = true)
[2023-03-28T14:53:41.114-0400] {subprocess.py:93} INFO -  |    |    |-- pm2.5_60minute: double (nullable = true)
[2023-03-28T14:53:41.114-0400] {subprocess.py:93} INFO -  |    |    |-- pm2.5_6hour: double (nullable = true)
[2023-03-28T14:53:41.114-0400] {subprocess.py:93} INFO -  |    |    |-- time_stamp: long (nullable = true)
[2023-03-28T14:53:41.114-0400] {subprocess.py:93} INFO -  |    |-- temperature: long (nullable = true)
[2023-03-28T14:53:41.114-0400] {subprocess.py:93} INFO -  |    |-- temperature_a: long (nullable = true)
[2023-03-28T14:53:41.115-0400] {subprocess.py:93} INFO -  |    |-- uptime: long (nullable = true)
[2023-03-28T14:53:41.115-0400] {subprocess.py:93} INFO -  |    |-- visual_range: double (nullable = true)
[2023-03-28T14:53:41.115-0400] {subprocess.py:93} INFO -  |    |-- visual_range_a: double (nullable = true)
[2023-03-28T14:53:41.115-0400] {subprocess.py:93} INFO -  |    |-- visual_range_b: double (nullable = true)
[2023-03-28T14:53:41.115-0400] {subprocess.py:93} INFO -  |-- time_stamp: long (nullable = true)
[2023-03-28T14:53:41.115-0400] {subprocess.py:93} INFO - 
[2023-03-28T14:53:41.116-0400] {subprocess.py:93} INFO - +--------------------+--------------+---------------+--------------------+----------+
[2023-03-28T14:53:41.116-0400] {subprocess.py:93} INFO - |     _corrupt_record|   api_version|data_time_stamp|              sensor|time_stamp|
[2023-03-28T14:53:41.116-0400] {subprocess.py:93} INFO - +--------------------+--------------+---------------+--------------------+----------+
[2023-03-28T14:53:41.116-0400] {subprocess.py:93} INFO - |                null|V1.0.11-0.0.42|     1680029531|[2467, 2562, 2373...|1680029582|
[2023-03-28T14:53:41.116-0400] {subprocess.py:93} INFO - |                null|V1.0.11-0.0.42|     1680029528|[833, 832, 835, 2...|1680029583|
[2023-03-28T14:53:41.117-0400] {subprocess.py:93} INFO - |                null|V1.0.11-0.0.42|     1680029528|[602, 585, 620, 1...|1680029585|
[2023-03-28T14:53:41.117-0400] {subprocess.py:93} INFO - |                null|V1.0.11-0.0.42|     1680029528|[693, 604, 783, 1...|1680029586|
[2023-03-28T14:53:41.117-0400] {subprocess.py:93} INFO - |                null|V1.0.11-0.0.42|     1680029531|[944, 876, 1012, ...|1680029587|
[2023-03-28T14:53:41.117-0400] {subprocess.py:93} INFO - |                null|V1.0.11-0.0.42|     1680029580|[954, 954, 26135,...|1680029588|
[2023-03-28T14:53:41.117-0400] {subprocess.py:93} INFO - |                null|V1.0.11-0.0.42|     1680029531|[1013, 1020, 1007...|1680029590|
[2023-03-28T14:53:41.117-0400] {subprocess.py:93} INFO - |                null|V1.0.11-0.0.42|     1680029580|[266, 278, 255, 2...|1680029591|
[2023-03-28T14:53:41.118-0400] {subprocess.py:93} INFO - |                null|V1.0.11-0.0.42|     1680029580|[984, 887, 1081, ...|1680029592|
[2023-03-28T14:53:41.118-0400] {subprocess.py:93} INFO - |                null|V1.0.11-0.0.42|     1680029580|[498, 498, 2701, ...|1680029594|
[2023-03-28T14:53:41.118-0400] {subprocess.py:93} INFO - |                null|V1.0.11-0.0.42|     1680029588|[185, 173, 198, 1...|1680029595|
[2023-03-28T14:53:41.118-0400] {subprocess.py:93} INFO - |                null|V1.0.11-0.0.42|     1680029559|[696, 700, 693, 2...|1680029596|
[2023-03-28T14:53:41.118-0400] {subprocess.py:93} INFO - |                null|V1.0.11-0.0.42|     1680029592|[984, 887, 1081, ...|1680029598|
[2023-03-28T14:53:41.118-0400] {subprocess.py:93} INFO - |{'api_version': '...|          null|           null|                null|      null|
[2023-03-28T14:53:41.119-0400] {subprocess.py:93} INFO - |                null|V1.0.11-0.0.42|     1680029580|[731, 633, 829, 2...|1680029600|
[2023-03-28T14:53:41.119-0400] {subprocess.py:93} INFO - |                null|V1.0.11-0.0.42|     1680029580|[906, 961, 851, 2...|1680029601|
[2023-03-28T14:53:41.119-0400] {subprocess.py:93} INFO - +--------------------+--------------+---------------+--------------------+----------+
[2023-03-28T14:53:41.119-0400] {subprocess.py:93} INFO - 
[2023-03-28T14:53:41.119-0400] {subprocess.py:93} INFO - +------------+---------+----------+--------+-----------+-----------+----------+-------------+
[2023-03-28T14:53:41.120-0400] {subprocess.py:93} INFO - |sensor_index| latitude| longitude|pressure|pm2.5_atm_a|pm2.5_atm_b|humidity_a|temperature_a|
[2023-03-28T14:53:41.120-0400] {subprocess.py:93} INFO - +------------+---------+----------+--------+-----------+-----------+----------+-------------+
[2023-03-28T14:53:41.120-0400] {subprocess.py:93} INFO - |      128679|40.070442| -83.01968|  642.66|       24.9|      25.62|        51|           72|
[2023-03-28T14:53:41.120-0400] {subprocess.py:93} INFO - |       42145|40.045116|  -82.9947|  991.69|       6.63|       6.05|        29|           58|
[2023-03-28T14:53:41.120-0400] {subprocess.py:93} INFO - |      103092| 40.10328| -83.04084|  993.04|       3.62|       4.03|        25|           62|
[2023-03-28T14:53:41.120-0400] {subprocess.py:93} INFO - |       33861|40.021294|-82.990456|  991.61|       4.61|       4.78|        31|           59|
[2023-03-28T14:53:41.121-0400] {subprocess.py:93} INFO - |       72009|40.057014| -83.00535|  991.72|       5.78|       6.23|        29|           56|
[2023-03-28T14:53:41.121-0400] {subprocess.py:93} INFO - |      149716|39.974773| -82.88287|  987.55|       7.08|     179.72|        35|           56|
[2023-03-28T14:53:41.121-0400] {subprocess.py:93} INFO - |      147691|39.962215| -83.07883|  993.74|       7.88|       6.86|        30|           54|
[2023-03-28T14:53:41.121-0400] {subprocess.py:93} INFO - |      120351|40.170296| -82.77792|  986.33|       1.39|       1.04|        31|           42|
[2023-03-28T14:53:41.121-0400] {subprocess.py:93} INFO - |      158823|39.878136| -83.08927|   993.3|       6.42|       7.58|        28|           61|
[2023-03-28T14:53:41.122-0400] {subprocess.py:93} INFO - |      142906|39.839783| -83.07625|    null|       3.51|      23.19|      null|         null|
[2023-03-28T14:53:41.122-0400] {subprocess.py:93} INFO - |      133099| 40.00742| -83.05926|  992.75|       0.18|       0.92|        26|           63|
[2023-03-28T14:53:41.122-0400] {subprocess.py:93} INFO - |      103358|40.030293| -83.02833|  995.01|       4.22|       4.54|        31|           53|
[2023-03-28T14:53:41.122-0400] {subprocess.py:93} INFO - |      158823|39.878136| -83.08927|   993.3|       6.42|       7.58|        28|           61|
[2023-03-28T14:53:41.122-0400] {subprocess.py:93} INFO - |        null|     null|      null|    null|       null|       null|      null|         null|
[2023-03-28T14:53:41.122-0400] {subprocess.py:93} INFO - |      128591|39.933132| -82.96611|  996.08|       4.79|        5.7|        28|           59|
[2023-03-28T14:53:41.123-0400] {subprocess.py:93} INFO - |      131379| 39.96028|-83.006294|  997.56|       6.83|       6.57|        26|           58|
[2023-03-28T14:53:41.123-0400] {subprocess.py:93} INFO - +------------+---------+----------+--------+-----------+-----------+----------+-------------+
[2023-03-28T14:53:41.123-0400] {subprocess.py:93} INFO - 
[2023-03-28T14:53:41.123-0400] {subprocess.py:93} INFO - +------------+---------+----------+--------+-----------+-----------+----------+-------------+
[2023-03-28T14:53:41.123-0400] {subprocess.py:93} INFO - |sensor_index| latitude| longitude|pressure|pm2_5_atm_a|pm2_5_atm_b|humidity_a|temperature_a|
[2023-03-28T14:53:41.124-0400] {subprocess.py:93} INFO - +------------+---------+----------+--------+-----------+-----------+----------+-------------+
[2023-03-28T14:53:41.124-0400] {subprocess.py:93} INFO - |      128679|40.070442| -83.01968|  642.66|       24.9|      25.62|        51|           72|
[2023-03-28T14:53:41.124-0400] {subprocess.py:93} INFO - |       42145|40.045116|  -82.9947|  991.69|       6.63|       6.05|        29|           58|
[2023-03-28T14:53:41.124-0400] {subprocess.py:93} INFO - |      103092| 40.10328| -83.04084|  993.04|       3.62|       4.03|        25|           62|
[2023-03-28T14:53:41.124-0400] {subprocess.py:93} INFO - |       33861|40.021294|-82.990456|  991.61|       4.61|       4.78|        31|           59|
[2023-03-28T14:53:41.124-0400] {subprocess.py:93} INFO - |       72009|40.057014| -83.00535|  991.72|       5.78|       6.23|        29|           56|
[2023-03-28T14:53:41.125-0400] {subprocess.py:93} INFO - |      149716|39.974773| -82.88287|  987.55|       7.08|     179.72|        35|           56|
[2023-03-28T14:53:41.125-0400] {subprocess.py:93} INFO - |      147691|39.962215| -83.07883|  993.74|       7.88|       6.86|        30|           54|
[2023-03-28T14:53:41.125-0400] {subprocess.py:93} INFO - |      120351|40.170296| -82.77792|  986.33|       1.39|       1.04|        31|           42|
[2023-03-28T14:53:41.125-0400] {subprocess.py:93} INFO - |      158823|39.878136| -83.08927|   993.3|       6.42|       7.58|        28|           61|
[2023-03-28T14:53:41.125-0400] {subprocess.py:93} INFO - |      142906|39.839783| -83.07625|    null|       3.51|      23.19|      null|         null|
[2023-03-28T14:53:41.125-0400] {subprocess.py:93} INFO - |      133099| 40.00742| -83.05926|  992.75|       0.18|       0.92|        26|           63|
[2023-03-28T14:53:41.126-0400] {subprocess.py:93} INFO - |      103358|40.030293| -83.02833|  995.01|       4.22|       4.54|        31|           53|
[2023-03-28T14:53:41.126-0400] {subprocess.py:93} INFO - |      158823|39.878136| -83.08927|   993.3|       6.42|       7.58|        28|           61|
[2023-03-28T14:53:41.126-0400] {subprocess.py:93} INFO - |        null|     null|      null|    null|       null|       null|      null|         null|
[2023-03-28T14:53:41.126-0400] {subprocess.py:93} INFO - |      128591|39.933132| -82.96611|  996.08|       4.79|        5.7|        28|           59|
[2023-03-28T14:53:41.126-0400] {subprocess.py:93} INFO - |      131379| 39.96028|-83.006294|  997.56|       6.83|       6.57|        26|           58|
[2023-03-28T14:53:41.127-0400] {subprocess.py:93} INFO - +------------+---------+----------+--------+-----------+-----------+----------+-------------+
[2023-03-28T14:53:41.127-0400] {subprocess.py:93} INFO - 
[2023-03-28T14:53:41.127-0400] {subprocess.py:93} INFO - Writing to CSV file named sensors.csv
[2023-03-28T14:53:41.127-0400] {subprocess.py:93} INFO - End of spark session
[2023-03-28T14:53:41.621-0400] {subprocess.py:97} INFO - Command exited with return code 0
[2023-03-28T14:53:41.658-0400] {taskinstance.py:1326} INFO - Marking task as SUCCESS. dag_id=air_quality_pipeline, task_id=run_consumer, execution_date=20230328T184714, start_date=20230328T185324, end_date=20230328T185341
[2023-03-28T14:53:41.688-0400] {local_task_job.py:212} INFO - Task exited with return code 0
[2023-03-28T14:53:41.707-0400] {taskinstance.py:2585} INFO - 1 downstream tasks scheduled from follow-on schedule check
