[2023-03-28T14:50:31.951-0400] {taskinstance.py:1084} INFO - Dependencies all met for dep_context=non-requeueable deps ti=<TaskInstance: air_quality_pipeline.monitor_data manual__2023-03-28T18:49:35.196312+00:00 [queued]>
[2023-03-28T14:50:31.961-0400] {taskinstance.py:1084} INFO - Dependencies all met for dep_context=requeueable deps ti=<TaskInstance: air_quality_pipeline.monitor_data manual__2023-03-28T18:49:35.196312+00:00 [queued]>
[2023-03-28T14:50:31.961-0400] {taskinstance.py:1282} INFO - 
--------------------------------------------------------------------------------
[2023-03-28T14:50:31.961-0400] {taskinstance.py:1283} INFO - Starting attempt 1 of 2
[2023-03-28T14:50:31.961-0400] {taskinstance.py:1284} INFO - 
--------------------------------------------------------------------------------
[2023-03-28T14:50:31.970-0400] {taskinstance.py:1303} INFO - Executing <Task(PythonOperator): monitor_data> on 2023-03-28 18:49:35.196312+00:00
[2023-03-28T14:50:31.977-0400] {standard_task_runner.py:55} INFO - Started process 48797 to run task
[2023-03-28T14:50:31.983-0400] {standard_task_runner.py:82} INFO - Running: ['airflow', 'tasks', 'run', 'air_quality_pipeline', 'monitor_data', 'manual__2023-03-28T18:49:35.196312+00:00', '--job-id', '59', '--raw', '--subdir', 'DAGS_FOLDER/__pycache__/pipeline.py', '--cfg-path', '/var/folders/8z/pwbx6b3n3mnd1g1f397fv1100000gn/T/tmpvaftw1nd']
[2023-03-28T14:50:31.985-0400] {standard_task_runner.py:83} INFO - Job 59: Subtask monitor_data
[2023-03-28T14:50:32.033-0400] {task_command.py:388} INFO - Running <TaskInstance: air_quality_pipeline.monitor_data manual__2023-03-28T18:49:35.196312+00:00 [running]> on host srivardhans-air.starry-inc.net
[2023-03-28T14:50:32.075-0400] {taskinstance.py:1511} INFO - Exporting the following env vars:
AIRFLOW_CTX_DAG_OWNER=yourname
AIRFLOW_CTX_DAG_ID=air_quality_pipeline
AIRFLOW_CTX_TASK_ID=monitor_data
AIRFLOW_CTX_EXECUTION_DATE=2023-03-28T18:49:35.196312+00:00
AIRFLOW_CTX_TRY_NUMBER=1
AIRFLOW_CTX_DAG_RUN_ID=manual__2023-03-28T18:49:35.196312+00:00
[2023-03-28T14:50:32.076-0400] {logging_mixin.py:137} INFO - Data being monitored here
[2023-03-28T14:50:32.077-0400] {python.py:177} INFO - Done. Returned value was: None
[2023-03-28T14:50:32.081-0400] {taskinstance.py:1326} INFO - Marking task as SUCCESS. dag_id=air_quality_pipeline, task_id=monitor_data, execution_date=20230328T184935, start_date=20230328T185031, end_date=20230328T185032
[2023-03-28T14:50:32.122-0400] {local_task_job.py:212} INFO - Task exited with return code 0
[2023-03-28T14:50:32.134-0400] {taskinstance.py:2585} INFO - 0 downstream tasks scheduled from follow-on schedule check
