[2023-03-27T18:36:27.983-0400] {taskinstance.py:1084} INFO - Dependencies all met for dep_context=non-requeueable deps ti=<TaskInstance: air_quality_pipeline.monitor_data manual__2023-03-27T22:35:41.894624+00:00 [queued]>
[2023-03-27T18:36:27.991-0400] {taskinstance.py:1084} INFO - Dependencies all met for dep_context=requeueable deps ti=<TaskInstance: air_quality_pipeline.monitor_data manual__2023-03-27T22:35:41.894624+00:00 [queued]>
[2023-03-27T18:36:27.991-0400] {taskinstance.py:1282} INFO - 
--------------------------------------------------------------------------------
[2023-03-27T18:36:27.992-0400] {taskinstance.py:1283} INFO - Starting attempt 1 of 2
[2023-03-27T18:36:27.992-0400] {taskinstance.py:1284} INFO - 
--------------------------------------------------------------------------------
[2023-03-27T18:36:28.001-0400] {taskinstance.py:1303} INFO - Executing <Task(PythonOperator): monitor_data> on 2023-03-27 22:35:41.894624+00:00
[2023-03-27T18:36:28.007-0400] {standard_task_runner.py:55} INFO - Started process 11240 to run task
[2023-03-27T18:36:28.012-0400] {standard_task_runner.py:82} INFO - Running: ['airflow', 'tasks', 'run', 'air_quality_pipeline', 'monitor_data', 'manual__2023-03-27T22:35:41.894624+00:00', '--job-id', '40', '--raw', '--subdir', 'DAGS_FOLDER/__pycache__/pipeline.py', '--cfg-path', '/var/folders/8z/pwbx6b3n3mnd1g1f397fv1100000gn/T/tmpvhv9oa12']
[2023-03-27T18:36:28.013-0400] {standard_task_runner.py:83} INFO - Job 40: Subtask monitor_data
[2023-03-27T18:36:28.048-0400] {task_command.py:388} INFO - Running <TaskInstance: air_quality_pipeline.monitor_data manual__2023-03-27T22:35:41.894624+00:00 [running]> on host srivardhans-air.starry-inc.net
[2023-03-27T18:36:28.085-0400] {taskinstance.py:1511} INFO - Exporting the following env vars:
AIRFLOW_CTX_DAG_OWNER=yourname
AIRFLOW_CTX_DAG_ID=air_quality_pipeline
AIRFLOW_CTX_TASK_ID=monitor_data
AIRFLOW_CTX_EXECUTION_DATE=2023-03-27T22:35:41.894624+00:00
AIRFLOW_CTX_TRY_NUMBER=1
AIRFLOW_CTX_DAG_RUN_ID=manual__2023-03-27T22:35:41.894624+00:00
[2023-03-27T18:36:28.086-0400] {logging_mixin.py:137} INFO - Data being monitored here
[2023-03-27T18:36:28.087-0400] {python.py:177} INFO - Done. Returned value was: None
[2023-03-27T18:36:28.091-0400] {taskinstance.py:1326} INFO - Marking task as SUCCESS. dag_id=air_quality_pipeline, task_id=monitor_data, execution_date=20230327T223541, start_date=20230327T223627, end_date=20230327T223628
[2023-03-27T18:36:28.118-0400] {local_task_job.py:212} INFO - Task exited with return code 0
[2023-03-27T18:36:28.129-0400] {taskinstance.py:2585} INFO - 0 downstream tasks scheduled from follow-on schedule check
