[2023-04-11T21:11:42.765-0400] {processor.py:153} INFO - Started process (PID=41118) to work on /Users/srivardhan/opt/anaconda3/envs/kafka-pipeline/lib/python3.7/site-packages/airflow/example_dags/plugins/event_listener.py
[2023-04-11T21:11:42.767-0400] {processor.py:743} INFO - Processing file /Users/srivardhan/opt/anaconda3/envs/kafka-pipeline/lib/python3.7/site-packages/airflow/example_dags/plugins/event_listener.py for tasks to queue
[2023-04-11T21:11:42.768-0400] {logging_mixin.py:137} INFO - [2023-04-11T21:11:42.768-0400] {dagbag.py:532} INFO - Filling up the DagBag from /Users/srivardhan/opt/anaconda3/envs/kafka-pipeline/lib/python3.7/site-packages/airflow/example_dags/plugins/event_listener.py
[2023-04-11T21:11:42.771-0400] {processor.py:755} WARNING - No viable dags retrieved from /Users/srivardhan/opt/anaconda3/envs/kafka-pipeline/lib/python3.7/site-packages/airflow/example_dags/plugins/event_listener.py
[2023-04-11T21:11:42.782-0400] {processor.py:175} INFO - Processing /Users/srivardhan/opt/anaconda3/envs/kafka-pipeline/lib/python3.7/site-packages/airflow/example_dags/plugins/event_listener.py took 0.021 seconds
[2023-04-11T22:00:23.030-0400] {processor.py:153} INFO - Started process (PID=41226) to work on /Users/srivardhan/opt/anaconda3/envs/kafka-pipeline/lib/python3.7/site-packages/airflow/example_dags/plugins/event_listener.py
[2023-04-11T22:00:23.031-0400] {processor.py:743} INFO - Processing file /Users/srivardhan/opt/anaconda3/envs/kafka-pipeline/lib/python3.7/site-packages/airflow/example_dags/plugins/event_listener.py for tasks to queue
[2023-04-11T22:00:23.032-0400] {logging_mixin.py:137} INFO - [2023-04-11T22:00:23.032-0400] {dagbag.py:532} INFO - Filling up the DagBag from /Users/srivardhan/opt/anaconda3/envs/kafka-pipeline/lib/python3.7/site-packages/airflow/example_dags/plugins/event_listener.py
[2023-04-11T22:00:23.033-0400] {processor.py:755} WARNING - No viable dags retrieved from /Users/srivardhan/opt/anaconda3/envs/kafka-pipeline/lib/python3.7/site-packages/airflow/example_dags/plugins/event_listener.py
[2023-04-11T22:00:23.041-0400] {processor.py:175} INFO - Processing /Users/srivardhan/opt/anaconda3/envs/kafka-pipeline/lib/python3.7/site-packages/airflow/example_dags/plugins/event_listener.py took 0.013 seconds
[2023-04-11T22:21:46.659-0400] {processor.py:153} INFO - Started process (PID=41304) to work on /Users/srivardhan/opt/anaconda3/envs/kafka-pipeline/lib/python3.7/site-packages/airflow/example_dags/plugins/event_listener.py
[2023-04-11T22:21:46.661-0400] {processor.py:743} INFO - Processing file /Users/srivardhan/opt/anaconda3/envs/kafka-pipeline/lib/python3.7/site-packages/airflow/example_dags/plugins/event_listener.py for tasks to queue
[2023-04-11T22:21:46.663-0400] {logging_mixin.py:137} INFO - [2023-04-11T22:21:46.662-0400] {dagbag.py:532} INFO - Filling up the DagBag from /Users/srivardhan/opt/anaconda3/envs/kafka-pipeline/lib/python3.7/site-packages/airflow/example_dags/plugins/event_listener.py
[2023-04-11T22:21:46.665-0400] {processor.py:755} WARNING - No viable dags retrieved from /Users/srivardhan/opt/anaconda3/envs/kafka-pipeline/lib/python3.7/site-packages/airflow/example_dags/plugins/event_listener.py
[2023-04-11T22:21:46.676-0400] {processor.py:175} INFO - Processing /Users/srivardhan/opt/anaconda3/envs/kafka-pipeline/lib/python3.7/site-packages/airflow/example_dags/plugins/event_listener.py took 0.022 seconds
[2023-04-11T22:27:32.469-0400] {processor.py:153} INFO - Started process (PID=41411) to work on /Users/srivardhan/opt/anaconda3/envs/kafka-pipeline/lib/python3.7/site-packages/airflow/example_dags/plugins/event_listener.py
[2023-04-11T22:27:32.471-0400] {processor.py:743} INFO - Processing file /Users/srivardhan/opt/anaconda3/envs/kafka-pipeline/lib/python3.7/site-packages/airflow/example_dags/plugins/event_listener.py for tasks to queue
[2023-04-11T22:27:32.473-0400] {logging_mixin.py:137} INFO - [2023-04-11T22:27:32.472-0400] {dagbag.py:532} INFO - Filling up the DagBag from /Users/srivardhan/opt/anaconda3/envs/kafka-pipeline/lib/python3.7/site-packages/airflow/example_dags/plugins/event_listener.py
[2023-04-11T22:27:32.475-0400] {processor.py:755} WARNING - No viable dags retrieved from /Users/srivardhan/opt/anaconda3/envs/kafka-pipeline/lib/python3.7/site-packages/airflow/example_dags/plugins/event_listener.py
[2023-04-11T22:27:32.489-0400] {processor.py:175} INFO - Processing /Users/srivardhan/opt/anaconda3/envs/kafka-pipeline/lib/python3.7/site-packages/airflow/example_dags/plugins/event_listener.py took 0.025 seconds
[2023-04-11T22:35:10.860-0400] {processor.py:153} INFO - Started process (PID=41525) to work on /Users/srivardhan/opt/anaconda3/envs/kafka-pipeline/lib/python3.7/site-packages/airflow/example_dags/plugins/event_listener.py
[2023-04-11T22:35:10.861-0400] {processor.py:743} INFO - Processing file /Users/srivardhan/opt/anaconda3/envs/kafka-pipeline/lib/python3.7/site-packages/airflow/example_dags/plugins/event_listener.py for tasks to queue
[2023-04-11T22:35:10.863-0400] {logging_mixin.py:137} INFO - [2023-04-11T22:35:10.862-0400] {dagbag.py:532} INFO - Filling up the DagBag from /Users/srivardhan/opt/anaconda3/envs/kafka-pipeline/lib/python3.7/site-packages/airflow/example_dags/plugins/event_listener.py
[2023-04-11T22:35:10.865-0400] {processor.py:755} WARNING - No viable dags retrieved from /Users/srivardhan/opt/anaconda3/envs/kafka-pipeline/lib/python3.7/site-packages/airflow/example_dags/plugins/event_listener.py
[2023-04-11T22:35:10.877-0400] {processor.py:175} INFO - Processing /Users/srivardhan/opt/anaconda3/envs/kafka-pipeline/lib/python3.7/site-packages/airflow/example_dags/plugins/event_listener.py took 0.021 seconds
[2023-04-11T23:09:45.826-0400] {processor.py:153} INFO - Started process (PID=41623) to work on /Users/srivardhan/opt/anaconda3/envs/kafka-pipeline/lib/python3.7/site-packages/airflow/example_dags/plugins/event_listener.py
[2023-04-11T23:09:45.828-0400] {processor.py:743} INFO - Processing file /Users/srivardhan/opt/anaconda3/envs/kafka-pipeline/lib/python3.7/site-packages/airflow/example_dags/plugins/event_listener.py for tasks to queue
[2023-04-11T23:09:45.829-0400] {logging_mixin.py:137} INFO - [2023-04-11T23:09:45.829-0400] {dagbag.py:532} INFO - Filling up the DagBag from /Users/srivardhan/opt/anaconda3/envs/kafka-pipeline/lib/python3.7/site-packages/airflow/example_dags/plugins/event_listener.py
[2023-04-11T23:09:45.830-0400] {processor.py:755} WARNING - No viable dags retrieved from /Users/srivardhan/opt/anaconda3/envs/kafka-pipeline/lib/python3.7/site-packages/airflow/example_dags/plugins/event_listener.py
[2023-04-11T23:09:45.837-0400] {processor.py:175} INFO - Processing /Users/srivardhan/opt/anaconda3/envs/kafka-pipeline/lib/python3.7/site-packages/airflow/example_dags/plugins/event_listener.py took 0.013 seconds
[2023-04-11T23:10:26.939-0400] {processor.py:153} INFO - Started process (PID=41721) to work on /Users/srivardhan/opt/anaconda3/envs/kafka-pipeline/lib/python3.7/site-packages/airflow/example_dags/plugins/event_listener.py
[2023-04-11T23:10:26.941-0400] {processor.py:743} INFO - Processing file /Users/srivardhan/opt/anaconda3/envs/kafka-pipeline/lib/python3.7/site-packages/airflow/example_dags/plugins/event_listener.py for tasks to queue
[2023-04-11T23:10:26.943-0400] {logging_mixin.py:137} INFO - [2023-04-11T23:10:26.942-0400] {dagbag.py:532} INFO - Filling up the DagBag from /Users/srivardhan/opt/anaconda3/envs/kafka-pipeline/lib/python3.7/site-packages/airflow/example_dags/plugins/event_listener.py
[2023-04-11T23:10:26.945-0400] {processor.py:755} WARNING - No viable dags retrieved from /Users/srivardhan/opt/anaconda3/envs/kafka-pipeline/lib/python3.7/site-packages/airflow/example_dags/plugins/event_listener.py
[2023-04-11T23:10:26.957-0400] {processor.py:175} INFO - Processing /Users/srivardhan/opt/anaconda3/envs/kafka-pipeline/lib/python3.7/site-packages/airflow/example_dags/plugins/event_listener.py took 0.021 seconds
[2023-04-11T23:11:09.818-0400] {processor.py:153} INFO - Started process (PID=41849) to work on /Users/srivardhan/opt/anaconda3/envs/kafka-pipeline/lib/python3.7/site-packages/airflow/example_dags/plugins/event_listener.py
[2023-04-11T23:11:09.819-0400] {processor.py:743} INFO - Processing file /Users/srivardhan/opt/anaconda3/envs/kafka-pipeline/lib/python3.7/site-packages/airflow/example_dags/plugins/event_listener.py for tasks to queue
[2023-04-11T23:11:09.821-0400] {logging_mixin.py:137} INFO - [2023-04-11T23:11:09.820-0400] {dagbag.py:532} INFO - Filling up the DagBag from /Users/srivardhan/opt/anaconda3/envs/kafka-pipeline/lib/python3.7/site-packages/airflow/example_dags/plugins/event_listener.py
[2023-04-11T23:11:09.824-0400] {processor.py:755} WARNING - No viable dags retrieved from /Users/srivardhan/opt/anaconda3/envs/kafka-pipeline/lib/python3.7/site-packages/airflow/example_dags/plugins/event_listener.py
[2023-04-11T23:11:09.834-0400] {processor.py:175} INFO - Processing /Users/srivardhan/opt/anaconda3/envs/kafka-pipeline/lib/python3.7/site-packages/airflow/example_dags/plugins/event_listener.py took 0.021 seconds
[2023-04-11T23:11:49.332-0400] {processor.py:153} INFO - Started process (PID=41941) to work on /Users/srivardhan/opt/anaconda3/envs/kafka-pipeline/lib/python3.7/site-packages/airflow/example_dags/plugins/event_listener.py
[2023-04-11T23:11:49.334-0400] {processor.py:743} INFO - Processing file /Users/srivardhan/opt/anaconda3/envs/kafka-pipeline/lib/python3.7/site-packages/airflow/example_dags/plugins/event_listener.py for tasks to queue
[2023-04-11T23:11:49.335-0400] {logging_mixin.py:137} INFO - [2023-04-11T23:11:49.335-0400] {dagbag.py:532} INFO - Filling up the DagBag from /Users/srivardhan/opt/anaconda3/envs/kafka-pipeline/lib/python3.7/site-packages/airflow/example_dags/plugins/event_listener.py
[2023-04-11T23:11:49.338-0400] {processor.py:755} WARNING - No viable dags retrieved from /Users/srivardhan/opt/anaconda3/envs/kafka-pipeline/lib/python3.7/site-packages/airflow/example_dags/plugins/event_listener.py
[2023-04-11T23:11:49.350-0400] {processor.py:175} INFO - Processing /Users/srivardhan/opt/anaconda3/envs/kafka-pipeline/lib/python3.7/site-packages/airflow/example_dags/plugins/event_listener.py took 0.024 seconds
[2023-04-11T23:12:27.959-0400] {processor.py:153} INFO - Started process (PID=42027) to work on /Users/srivardhan/opt/anaconda3/envs/kafka-pipeline/lib/python3.7/site-packages/airflow/example_dags/plugins/event_listener.py
[2023-04-11T23:12:27.960-0400] {processor.py:743} INFO - Processing file /Users/srivardhan/opt/anaconda3/envs/kafka-pipeline/lib/python3.7/site-packages/airflow/example_dags/plugins/event_listener.py for tasks to queue
[2023-04-11T23:12:27.961-0400] {logging_mixin.py:137} INFO - [2023-04-11T23:12:27.961-0400] {dagbag.py:532} INFO - Filling up the DagBag from /Users/srivardhan/opt/anaconda3/envs/kafka-pipeline/lib/python3.7/site-packages/airflow/example_dags/plugins/event_listener.py
[2023-04-11T23:12:27.963-0400] {processor.py:755} WARNING - No viable dags retrieved from /Users/srivardhan/opt/anaconda3/envs/kafka-pipeline/lib/python3.7/site-packages/airflow/example_dags/plugins/event_listener.py
[2023-04-11T23:12:27.972-0400] {processor.py:175} INFO - Processing /Users/srivardhan/opt/anaconda3/envs/kafka-pipeline/lib/python3.7/site-packages/airflow/example_dags/plugins/event_listener.py took 0.015 seconds
[2023-04-11T23:13:05.228-0400] {processor.py:153} INFO - Started process (PID=42223) to work on /Users/srivardhan/opt/anaconda3/envs/kafka-pipeline/lib/python3.7/site-packages/airflow/example_dags/plugins/event_listener.py
[2023-04-11T23:13:05.230-0400] {processor.py:743} INFO - Processing file /Users/srivardhan/opt/anaconda3/envs/kafka-pipeline/lib/python3.7/site-packages/airflow/example_dags/plugins/event_listener.py for tasks to queue
[2023-04-11T23:13:05.232-0400] {logging_mixin.py:137} INFO - [2023-04-11T23:13:05.231-0400] {dagbag.py:532} INFO - Filling up the DagBag from /Users/srivardhan/opt/anaconda3/envs/kafka-pipeline/lib/python3.7/site-packages/airflow/example_dags/plugins/event_listener.py
[2023-04-11T23:13:05.234-0400] {processor.py:755} WARNING - No viable dags retrieved from /Users/srivardhan/opt/anaconda3/envs/kafka-pipeline/lib/python3.7/site-packages/airflow/example_dags/plugins/event_listener.py
[2023-04-11T23:13:05.245-0400] {processor.py:175} INFO - Processing /Users/srivardhan/opt/anaconda3/envs/kafka-pipeline/lib/python3.7/site-packages/airflow/example_dags/plugins/event_listener.py took 0.022 seconds
[2023-04-11T23:13:43.898-0400] {processor.py:153} INFO - Started process (PID=42372) to work on /Users/srivardhan/opt/anaconda3/envs/kafka-pipeline/lib/python3.7/site-packages/airflow/example_dags/plugins/event_listener.py
[2023-04-11T23:13:43.900-0400] {processor.py:743} INFO - Processing file /Users/srivardhan/opt/anaconda3/envs/kafka-pipeline/lib/python3.7/site-packages/airflow/example_dags/plugins/event_listener.py for tasks to queue
[2023-04-11T23:13:43.901-0400] {logging_mixin.py:137} INFO - [2023-04-11T23:13:43.901-0400] {dagbag.py:532} INFO - Filling up the DagBag from /Users/srivardhan/opt/anaconda3/envs/kafka-pipeline/lib/python3.7/site-packages/airflow/example_dags/plugins/event_listener.py
[2023-04-11T23:13:43.904-0400] {processor.py:755} WARNING - No viable dags retrieved from /Users/srivardhan/opt/anaconda3/envs/kafka-pipeline/lib/python3.7/site-packages/airflow/example_dags/plugins/event_listener.py
[2023-04-11T23:13:43.915-0400] {processor.py:175} INFO - Processing /Users/srivardhan/opt/anaconda3/envs/kafka-pipeline/lib/python3.7/site-packages/airflow/example_dags/plugins/event_listener.py took 0.020 seconds
