[2023-04-11T21:11:41.584-0400] {processor.py:153} INFO - Started process (PID=41116) to work on /Users/srivardhan/opt/anaconda3/envs/kafka-pipeline/lib/python3.7/site-packages/airflow/example_dags/plugins/listener_plugin.py
[2023-04-11T21:11:41.585-0400] {processor.py:743} INFO - Processing file /Users/srivardhan/opt/anaconda3/envs/kafka-pipeline/lib/python3.7/site-packages/airflow/example_dags/plugins/listener_plugin.py for tasks to queue
[2023-04-11T21:11:41.587-0400] {logging_mixin.py:137} INFO - [2023-04-11T21:11:41.586-0400] {dagbag.py:532} INFO - Filling up the DagBag from /Users/srivardhan/opt/anaconda3/envs/kafka-pipeline/lib/python3.7/site-packages/airflow/example_dags/plugins/listener_plugin.py
[2023-04-11T21:11:41.590-0400] {processor.py:755} WARNING - No viable dags retrieved from /Users/srivardhan/opt/anaconda3/envs/kafka-pipeline/lib/python3.7/site-packages/airflow/example_dags/plugins/listener_plugin.py
[2023-04-11T21:11:41.601-0400] {processor.py:175} INFO - Processing /Users/srivardhan/opt/anaconda3/envs/kafka-pipeline/lib/python3.7/site-packages/airflow/example_dags/plugins/listener_plugin.py took 0.021 seconds
[2023-04-11T21:52:45.763-0400] {processor.py:153} INFO - Started process (PID=41224) to work on /Users/srivardhan/opt/anaconda3/envs/kafka-pipeline/lib/python3.7/site-packages/airflow/example_dags/plugins/listener_plugin.py
[2023-04-11T21:52:45.766-0400] {processor.py:743} INFO - Processing file /Users/srivardhan/opt/anaconda3/envs/kafka-pipeline/lib/python3.7/site-packages/airflow/example_dags/plugins/listener_plugin.py for tasks to queue
[2023-04-11T21:52:45.767-0400] {logging_mixin.py:137} INFO - [2023-04-11T21:52:45.767-0400] {dagbag.py:532} INFO - Filling up the DagBag from /Users/srivardhan/opt/anaconda3/envs/kafka-pipeline/lib/python3.7/site-packages/airflow/example_dags/plugins/listener_plugin.py
[2023-04-11T21:52:45.771-0400] {processor.py:755} WARNING - No viable dags retrieved from /Users/srivardhan/opt/anaconda3/envs/kafka-pipeline/lib/python3.7/site-packages/airflow/example_dags/plugins/listener_plugin.py
[2023-04-11T21:52:45.782-0400] {processor.py:175} INFO - Processing /Users/srivardhan/opt/anaconda3/envs/kafka-pipeline/lib/python3.7/site-packages/airflow/example_dags/plugins/listener_plugin.py took 0.023 seconds
[2023-04-11T22:21:45.474-0400] {processor.py:153} INFO - Started process (PID=41301) to work on /Users/srivardhan/opt/anaconda3/envs/kafka-pipeline/lib/python3.7/site-packages/airflow/example_dags/plugins/listener_plugin.py
[2023-04-11T22:21:45.476-0400] {processor.py:743} INFO - Processing file /Users/srivardhan/opt/anaconda3/envs/kafka-pipeline/lib/python3.7/site-packages/airflow/example_dags/plugins/listener_plugin.py for tasks to queue
[2023-04-11T22:21:45.477-0400] {logging_mixin.py:137} INFO - [2023-04-11T22:21:45.477-0400] {dagbag.py:532} INFO - Filling up the DagBag from /Users/srivardhan/opt/anaconda3/envs/kafka-pipeline/lib/python3.7/site-packages/airflow/example_dags/plugins/listener_plugin.py
[2023-04-11T22:21:45.481-0400] {processor.py:755} WARNING - No viable dags retrieved from /Users/srivardhan/opt/anaconda3/envs/kafka-pipeline/lib/python3.7/site-packages/airflow/example_dags/plugins/listener_plugin.py
[2023-04-11T22:21:45.491-0400] {processor.py:175} INFO - Processing /Users/srivardhan/opt/anaconda3/envs/kafka-pipeline/lib/python3.7/site-packages/airflow/example_dags/plugins/listener_plugin.py took 0.022 seconds
[2023-04-11T22:27:31.290-0400] {processor.py:153} INFO - Started process (PID=41406) to work on /Users/srivardhan/opt/anaconda3/envs/kafka-pipeline/lib/python3.7/site-packages/airflow/example_dags/plugins/listener_plugin.py
[2023-04-11T22:27:31.291-0400] {processor.py:743} INFO - Processing file /Users/srivardhan/opt/anaconda3/envs/kafka-pipeline/lib/python3.7/site-packages/airflow/example_dags/plugins/listener_plugin.py for tasks to queue
[2023-04-11T22:27:31.293-0400] {logging_mixin.py:137} INFO - [2023-04-11T22:27:31.292-0400] {dagbag.py:532} INFO - Filling up the DagBag from /Users/srivardhan/opt/anaconda3/envs/kafka-pipeline/lib/python3.7/site-packages/airflow/example_dags/plugins/listener_plugin.py
[2023-04-11T22:27:31.296-0400] {processor.py:755} WARNING - No viable dags retrieved from /Users/srivardhan/opt/anaconda3/envs/kafka-pipeline/lib/python3.7/site-packages/airflow/example_dags/plugins/listener_plugin.py
[2023-04-11T22:27:31.308-0400] {processor.py:175} INFO - Processing /Users/srivardhan/opt/anaconda3/envs/kafka-pipeline/lib/python3.7/site-packages/airflow/example_dags/plugins/listener_plugin.py took 0.022 seconds
[2023-04-11T22:35:09.679-0400] {processor.py:153} INFO - Started process (PID=41523) to work on /Users/srivardhan/opt/anaconda3/envs/kafka-pipeline/lib/python3.7/site-packages/airflow/example_dags/plugins/listener_plugin.py
[2023-04-11T22:35:09.681-0400] {processor.py:743} INFO - Processing file /Users/srivardhan/opt/anaconda3/envs/kafka-pipeline/lib/python3.7/site-packages/airflow/example_dags/plugins/listener_plugin.py for tasks to queue
[2023-04-11T22:35:09.683-0400] {logging_mixin.py:137} INFO - [2023-04-11T22:35:09.682-0400] {dagbag.py:532} INFO - Filling up the DagBag from /Users/srivardhan/opt/anaconda3/envs/kafka-pipeline/lib/python3.7/site-packages/airflow/example_dags/plugins/listener_plugin.py
[2023-04-11T22:35:09.687-0400] {processor.py:755} WARNING - No viable dags retrieved from /Users/srivardhan/opt/anaconda3/envs/kafka-pipeline/lib/python3.7/site-packages/airflow/example_dags/plugins/listener_plugin.py
[2023-04-11T22:35:09.699-0400] {processor.py:175} INFO - Processing /Users/srivardhan/opt/anaconda3/envs/kafka-pipeline/lib/python3.7/site-packages/airflow/example_dags/plugins/listener_plugin.py took 0.024 seconds
[2023-04-11T23:09:44.979-0400] {processor.py:153} INFO - Started process (PID=41615) to work on /Users/srivardhan/opt/anaconda3/envs/kafka-pipeline/lib/python3.7/site-packages/airflow/example_dags/plugins/listener_plugin.py
[2023-04-11T23:09:44.980-0400] {processor.py:743} INFO - Processing file /Users/srivardhan/opt/anaconda3/envs/kafka-pipeline/lib/python3.7/site-packages/airflow/example_dags/plugins/listener_plugin.py for tasks to queue
[2023-04-11T23:09:44.981-0400] {logging_mixin.py:137} INFO - [2023-04-11T23:09:44.981-0400] {dagbag.py:532} INFO - Filling up the DagBag from /Users/srivardhan/opt/anaconda3/envs/kafka-pipeline/lib/python3.7/site-packages/airflow/example_dags/plugins/listener_plugin.py
[2023-04-11T23:09:44.984-0400] {processor.py:755} WARNING - No viable dags retrieved from /Users/srivardhan/opt/anaconda3/envs/kafka-pipeline/lib/python3.7/site-packages/airflow/example_dags/plugins/listener_plugin.py
[2023-04-11T23:09:44.995-0400] {processor.py:175} INFO - Processing /Users/srivardhan/opt/anaconda3/envs/kafka-pipeline/lib/python3.7/site-packages/airflow/example_dags/plugins/listener_plugin.py took 0.018 seconds
[2023-04-11T23:10:25.762-0400] {processor.py:153} INFO - Started process (PID=41719) to work on /Users/srivardhan/opt/anaconda3/envs/kafka-pipeline/lib/python3.7/site-packages/airflow/example_dags/plugins/listener_plugin.py
[2023-04-11T23:10:25.763-0400] {processor.py:743} INFO - Processing file /Users/srivardhan/opt/anaconda3/envs/kafka-pipeline/lib/python3.7/site-packages/airflow/example_dags/plugins/listener_plugin.py for tasks to queue
[2023-04-11T23:10:25.764-0400] {logging_mixin.py:137} INFO - [2023-04-11T23:10:25.764-0400] {dagbag.py:532} INFO - Filling up the DagBag from /Users/srivardhan/opt/anaconda3/envs/kafka-pipeline/lib/python3.7/site-packages/airflow/example_dags/plugins/listener_plugin.py
[2023-04-11T23:10:25.767-0400] {processor.py:755} WARNING - No viable dags retrieved from /Users/srivardhan/opt/anaconda3/envs/kafka-pipeline/lib/python3.7/site-packages/airflow/example_dags/plugins/listener_plugin.py
[2023-04-11T23:10:25.776-0400] {processor.py:175} INFO - Processing /Users/srivardhan/opt/anaconda3/envs/kafka-pipeline/lib/python3.7/site-packages/airflow/example_dags/plugins/listener_plugin.py took 0.017 seconds
[2023-04-11T23:11:08.634-0400] {processor.py:153} INFO - Started process (PID=41847) to work on /Users/srivardhan/opt/anaconda3/envs/kafka-pipeline/lib/python3.7/site-packages/airflow/example_dags/plugins/listener_plugin.py
[2023-04-11T23:11:08.636-0400] {processor.py:743} INFO - Processing file /Users/srivardhan/opt/anaconda3/envs/kafka-pipeline/lib/python3.7/site-packages/airflow/example_dags/plugins/listener_plugin.py for tasks to queue
[2023-04-11T23:11:08.637-0400] {logging_mixin.py:137} INFO - [2023-04-11T23:11:08.637-0400] {dagbag.py:532} INFO - Filling up the DagBag from /Users/srivardhan/opt/anaconda3/envs/kafka-pipeline/lib/python3.7/site-packages/airflow/example_dags/plugins/listener_plugin.py
[2023-04-11T23:11:08.642-0400] {processor.py:755} WARNING - No viable dags retrieved from /Users/srivardhan/opt/anaconda3/envs/kafka-pipeline/lib/python3.7/site-packages/airflow/example_dags/plugins/listener_plugin.py
[2023-04-11T23:11:08.652-0400] {processor.py:175} INFO - Processing /Users/srivardhan/opt/anaconda3/envs/kafka-pipeline/lib/python3.7/site-packages/airflow/example_dags/plugins/listener_plugin.py took 0.022 seconds
[2023-04-11T23:11:48.864-0400] {processor.py:153} INFO - Started process (PID=41936) to work on /Users/srivardhan/opt/anaconda3/envs/kafka-pipeline/lib/python3.7/site-packages/airflow/example_dags/plugins/listener_plugin.py
[2023-04-11T23:11:48.865-0400] {processor.py:743} INFO - Processing file /Users/srivardhan/opt/anaconda3/envs/kafka-pipeline/lib/python3.7/site-packages/airflow/example_dags/plugins/listener_plugin.py for tasks to queue
[2023-04-11T23:11:48.866-0400] {logging_mixin.py:137} INFO - [2023-04-11T23:11:48.866-0400] {dagbag.py:532} INFO - Filling up the DagBag from /Users/srivardhan/opt/anaconda3/envs/kafka-pipeline/lib/python3.7/site-packages/airflow/example_dags/plugins/listener_plugin.py
[2023-04-11T23:11:48.868-0400] {processor.py:755} WARNING - No viable dags retrieved from /Users/srivardhan/opt/anaconda3/envs/kafka-pipeline/lib/python3.7/site-packages/airflow/example_dags/plugins/listener_plugin.py
[2023-04-11T23:11:48.876-0400] {processor.py:175} INFO - Processing /Users/srivardhan/opt/anaconda3/envs/kafka-pipeline/lib/python3.7/site-packages/airflow/example_dags/plugins/listener_plugin.py took 0.016 seconds
[2023-04-11T23:12:26.851-0400] {processor.py:153} INFO - Started process (PID=42021) to work on /Users/srivardhan/opt/anaconda3/envs/kafka-pipeline/lib/python3.7/site-packages/airflow/example_dags/plugins/listener_plugin.py
[2023-04-11T23:12:26.853-0400] {processor.py:743} INFO - Processing file /Users/srivardhan/opt/anaconda3/envs/kafka-pipeline/lib/python3.7/site-packages/airflow/example_dags/plugins/listener_plugin.py for tasks to queue
[2023-04-11T23:12:26.854-0400] {logging_mixin.py:137} INFO - [2023-04-11T23:12:26.854-0400] {dagbag.py:532} INFO - Filling up the DagBag from /Users/srivardhan/opt/anaconda3/envs/kafka-pipeline/lib/python3.7/site-packages/airflow/example_dags/plugins/listener_plugin.py
[2023-04-11T23:12:26.858-0400] {processor.py:755} WARNING - No viable dags retrieved from /Users/srivardhan/opt/anaconda3/envs/kafka-pipeline/lib/python3.7/site-packages/airflow/example_dags/plugins/listener_plugin.py
[2023-04-11T23:12:26.868-0400] {processor.py:175} INFO - Processing /Users/srivardhan/opt/anaconda3/envs/kafka-pipeline/lib/python3.7/site-packages/airflow/example_dags/plugins/listener_plugin.py took 0.022 seconds
[2023-04-11T23:13:04.042-0400] {processor.py:153} INFO - Started process (PID=42221) to work on /Users/srivardhan/opt/anaconda3/envs/kafka-pipeline/lib/python3.7/site-packages/airflow/example_dags/plugins/listener_plugin.py
[2023-04-11T23:13:04.044-0400] {processor.py:743} INFO - Processing file /Users/srivardhan/opt/anaconda3/envs/kafka-pipeline/lib/python3.7/site-packages/airflow/example_dags/plugins/listener_plugin.py for tasks to queue
[2023-04-11T23:13:04.046-0400] {logging_mixin.py:137} INFO - [2023-04-11T23:13:04.045-0400] {dagbag.py:532} INFO - Filling up the DagBag from /Users/srivardhan/opt/anaconda3/envs/kafka-pipeline/lib/python3.7/site-packages/airflow/example_dags/plugins/listener_plugin.py
[2023-04-11T23:13:04.050-0400] {processor.py:755} WARNING - No viable dags retrieved from /Users/srivardhan/opt/anaconda3/envs/kafka-pipeline/lib/python3.7/site-packages/airflow/example_dags/plugins/listener_plugin.py
[2023-04-11T23:13:04.060-0400] {processor.py:175} INFO - Processing /Users/srivardhan/opt/anaconda3/envs/kafka-pipeline/lib/python3.7/site-packages/airflow/example_dags/plugins/listener_plugin.py took 0.023 seconds
[2023-04-11T23:13:42.729-0400] {processor.py:153} INFO - Started process (PID=42312) to work on /Users/srivardhan/opt/anaconda3/envs/kafka-pipeline/lib/python3.7/site-packages/airflow/example_dags/plugins/listener_plugin.py
[2023-04-11T23:13:42.731-0400] {processor.py:743} INFO - Processing file /Users/srivardhan/opt/anaconda3/envs/kafka-pipeline/lib/python3.7/site-packages/airflow/example_dags/plugins/listener_plugin.py for tasks to queue
[2023-04-11T23:13:42.732-0400] {logging_mixin.py:137} INFO - [2023-04-11T23:13:42.732-0400] {dagbag.py:532} INFO - Filling up the DagBag from /Users/srivardhan/opt/anaconda3/envs/kafka-pipeline/lib/python3.7/site-packages/airflow/example_dags/plugins/listener_plugin.py
[2023-04-11T23:13:42.736-0400] {processor.py:755} WARNING - No viable dags retrieved from /Users/srivardhan/opt/anaconda3/envs/kafka-pipeline/lib/python3.7/site-packages/airflow/example_dags/plugins/listener_plugin.py
[2023-04-11T23:13:42.745-0400] {processor.py:175} INFO - Processing /Users/srivardhan/opt/anaconda3/envs/kafka-pipeline/lib/python3.7/site-packages/airflow/example_dags/plugins/listener_plugin.py took 0.019 seconds
