[2023-04-11T21:11:40.400-0400] {processor.py:153} INFO - Started process (PID=41114) to work on /Users/srivardhan/opt/anaconda3/envs/kafka-pipeline/lib/python3.7/site-packages/airflow/example_dags/plugins/workday.py
[2023-04-11T21:11:40.402-0400] {processor.py:743} INFO - Processing file /Users/srivardhan/opt/anaconda3/envs/kafka-pipeline/lib/python3.7/site-packages/airflow/example_dags/plugins/workday.py for tasks to queue
[2023-04-11T21:11:40.403-0400] {logging_mixin.py:137} INFO - [2023-04-11T21:11:40.403-0400] {dagbag.py:532} INFO - Filling up the DagBag from /Users/srivardhan/opt/anaconda3/envs/kafka-pipeline/lib/python3.7/site-packages/airflow/example_dags/plugins/workday.py
[2023-04-11T21:11:40.406-0400] {processor.py:755} WARNING - No viable dags retrieved from /Users/srivardhan/opt/anaconda3/envs/kafka-pipeline/lib/python3.7/site-packages/airflow/example_dags/plugins/workday.py
[2023-04-11T21:11:40.417-0400] {processor.py:175} INFO - Processing /Users/srivardhan/opt/anaconda3/envs/kafka-pipeline/lib/python3.7/site-packages/airflow/example_dags/plugins/workday.py took 0.022 seconds
[2023-04-11T21:52:44.577-0400] {processor.py:153} INFO - Started process (PID=41222) to work on /Users/srivardhan/opt/anaconda3/envs/kafka-pipeline/lib/python3.7/site-packages/airflow/example_dags/plugins/workday.py
[2023-04-11T21:52:44.579-0400] {processor.py:743} INFO - Processing file /Users/srivardhan/opt/anaconda3/envs/kafka-pipeline/lib/python3.7/site-packages/airflow/example_dags/plugins/workday.py for tasks to queue
[2023-04-11T21:52:44.580-0400] {logging_mixin.py:137} INFO - [2023-04-11T21:52:44.580-0400] {dagbag.py:532} INFO - Filling up the DagBag from /Users/srivardhan/opt/anaconda3/envs/kafka-pipeline/lib/python3.7/site-packages/airflow/example_dags/plugins/workday.py
[2023-04-11T21:52:44.583-0400] {processor.py:755} WARNING - No viable dags retrieved from /Users/srivardhan/opt/anaconda3/envs/kafka-pipeline/lib/python3.7/site-packages/airflow/example_dags/plugins/workday.py
[2023-04-11T21:52:44.594-0400] {processor.py:175} INFO - Processing /Users/srivardhan/opt/anaconda3/envs/kafka-pipeline/lib/python3.7/site-packages/airflow/example_dags/plugins/workday.py took 0.021 seconds
[2023-04-11T22:21:44.289-0400] {processor.py:153} INFO - Started process (PID=41299) to work on /Users/srivardhan/opt/anaconda3/envs/kafka-pipeline/lib/python3.7/site-packages/airflow/example_dags/plugins/workday.py
[2023-04-11T22:21:44.290-0400] {processor.py:743} INFO - Processing file /Users/srivardhan/opt/anaconda3/envs/kafka-pipeline/lib/python3.7/site-packages/airflow/example_dags/plugins/workday.py for tasks to queue
[2023-04-11T22:21:44.291-0400] {logging_mixin.py:137} INFO - [2023-04-11T22:21:44.291-0400] {dagbag.py:532} INFO - Filling up the DagBag from /Users/srivardhan/opt/anaconda3/envs/kafka-pipeline/lib/python3.7/site-packages/airflow/example_dags/plugins/workday.py
[2023-04-11T22:21:44.293-0400] {processor.py:755} WARNING - No viable dags retrieved from /Users/srivardhan/opt/anaconda3/envs/kafka-pipeline/lib/python3.7/site-packages/airflow/example_dags/plugins/workday.py
[2023-04-11T22:21:44.300-0400] {processor.py:175} INFO - Processing /Users/srivardhan/opt/anaconda3/envs/kafka-pipeline/lib/python3.7/site-packages/airflow/example_dags/plugins/workday.py took 0.013 seconds
[2023-04-11T22:27:30.110-0400] {processor.py:153} INFO - Started process (PID=41399) to work on /Users/srivardhan/opt/anaconda3/envs/kafka-pipeline/lib/python3.7/site-packages/airflow/example_dags/plugins/workday.py
[2023-04-11T22:27:30.112-0400] {processor.py:743} INFO - Processing file /Users/srivardhan/opt/anaconda3/envs/kafka-pipeline/lib/python3.7/site-packages/airflow/example_dags/plugins/workday.py for tasks to queue
[2023-04-11T22:27:30.113-0400] {logging_mixin.py:137} INFO - [2023-04-11T22:27:30.113-0400] {dagbag.py:532} INFO - Filling up the DagBag from /Users/srivardhan/opt/anaconda3/envs/kafka-pipeline/lib/python3.7/site-packages/airflow/example_dags/plugins/workday.py
[2023-04-11T22:27:30.116-0400] {processor.py:755} WARNING - No viable dags retrieved from /Users/srivardhan/opt/anaconda3/envs/kafka-pipeline/lib/python3.7/site-packages/airflow/example_dags/plugins/workday.py
[2023-04-11T22:27:30.129-0400] {processor.py:175} INFO - Processing /Users/srivardhan/opt/anaconda3/envs/kafka-pipeline/lib/python3.7/site-packages/airflow/example_dags/plugins/workday.py took 0.025 seconds
[2023-04-11T22:35:08.492-0400] {processor.py:153} INFO - Started process (PID=41520) to work on /Users/srivardhan/opt/anaconda3/envs/kafka-pipeline/lib/python3.7/site-packages/airflow/example_dags/plugins/workday.py
[2023-04-11T22:35:08.495-0400] {processor.py:743} INFO - Processing file /Users/srivardhan/opt/anaconda3/envs/kafka-pipeline/lib/python3.7/site-packages/airflow/example_dags/plugins/workday.py for tasks to queue
[2023-04-11T22:35:08.496-0400] {logging_mixin.py:137} INFO - [2023-04-11T22:35:08.495-0400] {dagbag.py:532} INFO - Filling up the DagBag from /Users/srivardhan/opt/anaconda3/envs/kafka-pipeline/lib/python3.7/site-packages/airflow/example_dags/plugins/workday.py
[2023-04-11T22:35:08.498-0400] {processor.py:755} WARNING - No viable dags retrieved from /Users/srivardhan/opt/anaconda3/envs/kafka-pipeline/lib/python3.7/site-packages/airflow/example_dags/plugins/workday.py
[2023-04-11T22:35:08.508-0400] {processor.py:175} INFO - Processing /Users/srivardhan/opt/anaconda3/envs/kafka-pipeline/lib/python3.7/site-packages/airflow/example_dags/plugins/workday.py took 0.019 seconds
[2023-04-11T23:09:43.820-0400] {processor.py:153} INFO - Started process (PID=41611) to work on /Users/srivardhan/opt/anaconda3/envs/kafka-pipeline/lib/python3.7/site-packages/airflow/example_dags/plugins/workday.py
[2023-04-11T23:09:43.821-0400] {processor.py:743} INFO - Processing file /Users/srivardhan/opt/anaconda3/envs/kafka-pipeline/lib/python3.7/site-packages/airflow/example_dags/plugins/workday.py for tasks to queue
[2023-04-11T23:09:43.822-0400] {logging_mixin.py:137} INFO - [2023-04-11T23:09:43.822-0400] {dagbag.py:532} INFO - Filling up the DagBag from /Users/srivardhan/opt/anaconda3/envs/kafka-pipeline/lib/python3.7/site-packages/airflow/example_dags/plugins/workday.py
[2023-04-11T23:09:43.823-0400] {processor.py:755} WARNING - No viable dags retrieved from /Users/srivardhan/opt/anaconda3/envs/kafka-pipeline/lib/python3.7/site-packages/airflow/example_dags/plugins/workday.py
[2023-04-11T23:09:43.832-0400] {processor.py:175} INFO - Processing /Users/srivardhan/opt/anaconda3/envs/kafka-pipeline/lib/python3.7/site-packages/airflow/example_dags/plugins/workday.py took 0.015 seconds
[2023-04-11T23:10:25.041-0400] {processor.py:153} INFO - Started process (PID=41714) to work on /Users/srivardhan/opt/anaconda3/envs/kafka-pipeline/lib/python3.7/site-packages/airflow/example_dags/plugins/workday.py
[2023-04-11T23:10:25.042-0400] {processor.py:743} INFO - Processing file /Users/srivardhan/opt/anaconda3/envs/kafka-pipeline/lib/python3.7/site-packages/airflow/example_dags/plugins/workday.py for tasks to queue
[2023-04-11T23:10:25.043-0400] {logging_mixin.py:137} INFO - [2023-04-11T23:10:25.043-0400] {dagbag.py:532} INFO - Filling up the DagBag from /Users/srivardhan/opt/anaconda3/envs/kafka-pipeline/lib/python3.7/site-packages/airflow/example_dags/plugins/workday.py
[2023-04-11T23:10:25.046-0400] {processor.py:755} WARNING - No viable dags retrieved from /Users/srivardhan/opt/anaconda3/envs/kafka-pipeline/lib/python3.7/site-packages/airflow/example_dags/plugins/workday.py
[2023-04-11T23:10:25.056-0400] {processor.py:175} INFO - Processing /Users/srivardhan/opt/anaconda3/envs/kafka-pipeline/lib/python3.7/site-packages/airflow/example_dags/plugins/workday.py took 0.018 seconds
[2023-04-11T23:11:07.504-0400] {processor.py:153} INFO - Started process (PID=41845) to work on /Users/srivardhan/opt/anaconda3/envs/kafka-pipeline/lib/python3.7/site-packages/airflow/example_dags/plugins/workday.py
[2023-04-11T23:11:07.506-0400] {processor.py:743} INFO - Processing file /Users/srivardhan/opt/anaconda3/envs/kafka-pipeline/lib/python3.7/site-packages/airflow/example_dags/plugins/workday.py for tasks to queue
[2023-04-11T23:11:07.507-0400] {logging_mixin.py:137} INFO - [2023-04-11T23:11:07.507-0400] {dagbag.py:532} INFO - Filling up the DagBag from /Users/srivardhan/opt/anaconda3/envs/kafka-pipeline/lib/python3.7/site-packages/airflow/example_dags/plugins/workday.py
[2023-04-11T23:11:07.510-0400] {processor.py:755} WARNING - No viable dags retrieved from /Users/srivardhan/opt/anaconda3/envs/kafka-pipeline/lib/python3.7/site-packages/airflow/example_dags/plugins/workday.py
[2023-04-11T23:11:07.521-0400] {processor.py:175} INFO - Processing /Users/srivardhan/opt/anaconda3/envs/kafka-pipeline/lib/python3.7/site-packages/airflow/example_dags/plugins/workday.py took 0.022 seconds
[2023-04-11T23:11:47.693-0400] {processor.py:153} INFO - Started process (PID=41930) to work on /Users/srivardhan/opt/anaconda3/envs/kafka-pipeline/lib/python3.7/site-packages/airflow/example_dags/plugins/workday.py
[2023-04-11T23:11:47.694-0400] {processor.py:743} INFO - Processing file /Users/srivardhan/opt/anaconda3/envs/kafka-pipeline/lib/python3.7/site-packages/airflow/example_dags/plugins/workday.py for tasks to queue
[2023-04-11T23:11:47.695-0400] {logging_mixin.py:137} INFO - [2023-04-11T23:11:47.694-0400] {dagbag.py:532} INFO - Filling up the DagBag from /Users/srivardhan/opt/anaconda3/envs/kafka-pipeline/lib/python3.7/site-packages/airflow/example_dags/plugins/workday.py
[2023-04-11T23:11:47.697-0400] {processor.py:755} WARNING - No viable dags retrieved from /Users/srivardhan/opt/anaconda3/envs/kafka-pipeline/lib/python3.7/site-packages/airflow/example_dags/plugins/workday.py
[2023-04-11T23:11:47.705-0400] {processor.py:175} INFO - Processing /Users/srivardhan/opt/anaconda3/envs/kafka-pipeline/lib/python3.7/site-packages/airflow/example_dags/plugins/workday.py took 0.015 seconds
[2023-04-11T23:12:26.337-0400] {processor.py:153} INFO - Started process (PID=42019) to work on /Users/srivardhan/opt/anaconda3/envs/kafka-pipeline/lib/python3.7/site-packages/airflow/example_dags/plugins/workday.py
[2023-04-11T23:12:26.338-0400] {processor.py:743} INFO - Processing file /Users/srivardhan/opt/anaconda3/envs/kafka-pipeline/lib/python3.7/site-packages/airflow/example_dags/plugins/workday.py for tasks to queue
[2023-04-11T23:12:26.340-0400] {logging_mixin.py:137} INFO - [2023-04-11T23:12:26.339-0400] {dagbag.py:532} INFO - Filling up the DagBag from /Users/srivardhan/opt/anaconda3/envs/kafka-pipeline/lib/python3.7/site-packages/airflow/example_dags/plugins/workday.py
[2023-04-11T23:12:26.342-0400] {processor.py:755} WARNING - No viable dags retrieved from /Users/srivardhan/opt/anaconda3/envs/kafka-pipeline/lib/python3.7/site-packages/airflow/example_dags/plugins/workday.py
[2023-04-11T23:12:26.353-0400] {processor.py:175} INFO - Processing /Users/srivardhan/opt/anaconda3/envs/kafka-pipeline/lib/python3.7/site-packages/airflow/example_dags/plugins/workday.py took 0.021 seconds
[2023-04-11T23:13:02.862-0400] {processor.py:153} INFO - Started process (PID=42219) to work on /Users/srivardhan/opt/anaconda3/envs/kafka-pipeline/lib/python3.7/site-packages/airflow/example_dags/plugins/workday.py
[2023-04-11T23:13:02.864-0400] {processor.py:743} INFO - Processing file /Users/srivardhan/opt/anaconda3/envs/kafka-pipeline/lib/python3.7/site-packages/airflow/example_dags/plugins/workday.py for tasks to queue
[2023-04-11T23:13:02.866-0400] {logging_mixin.py:137} INFO - [2023-04-11T23:13:02.865-0400] {dagbag.py:532} INFO - Filling up the DagBag from /Users/srivardhan/opt/anaconda3/envs/kafka-pipeline/lib/python3.7/site-packages/airflow/example_dags/plugins/workday.py
[2023-04-11T23:13:02.869-0400] {processor.py:755} WARNING - No viable dags retrieved from /Users/srivardhan/opt/anaconda3/envs/kafka-pipeline/lib/python3.7/site-packages/airflow/example_dags/plugins/workday.py
[2023-04-11T23:13:02.879-0400] {processor.py:175} INFO - Processing /Users/srivardhan/opt/anaconda3/envs/kafka-pipeline/lib/python3.7/site-packages/airflow/example_dags/plugins/workday.py took 0.023 seconds
[2023-04-11T23:13:42.231-0400] {processor.py:153} INFO - Started process (PID=42310) to work on /Users/srivardhan/opt/anaconda3/envs/kafka-pipeline/lib/python3.7/site-packages/airflow/example_dags/plugins/workday.py
[2023-04-11T23:13:42.232-0400] {processor.py:743} INFO - Processing file /Users/srivardhan/opt/anaconda3/envs/kafka-pipeline/lib/python3.7/site-packages/airflow/example_dags/plugins/workday.py for tasks to queue
[2023-04-11T23:13:42.233-0400] {logging_mixin.py:137} INFO - [2023-04-11T23:13:42.233-0400] {dagbag.py:532} INFO - Filling up the DagBag from /Users/srivardhan/opt/anaconda3/envs/kafka-pipeline/lib/python3.7/site-packages/airflow/example_dags/plugins/workday.py
[2023-04-11T23:13:42.235-0400] {processor.py:755} WARNING - No viable dags retrieved from /Users/srivardhan/opt/anaconda3/envs/kafka-pipeline/lib/python3.7/site-packages/airflow/example_dags/plugins/workday.py
[2023-04-11T23:13:42.243-0400] {processor.py:175} INFO - Processing /Users/srivardhan/opt/anaconda3/envs/kafka-pipeline/lib/python3.7/site-packages/airflow/example_dags/plugins/workday.py took 0.015 seconds
