[2023-03-30T21:39:51.108-0400] {taskinstance.py:1084} INFO - Dependencies all met for dep_context=non-requeueable deps ti=<TaskInstance: air_quality_pipeline.run_consumer manual__2023-03-31T01:39:22.390049+00:00 [queued]>
[2023-03-30T21:39:51.118-0400] {taskinstance.py:1084} INFO - Dependencies all met for dep_context=requeueable deps ti=<TaskInstance: air_quality_pipeline.run_consumer manual__2023-03-31T01:39:22.390049+00:00 [queued]>
[2023-03-30T21:39:51.119-0400] {taskinstance.py:1282} INFO - 
--------------------------------------------------------------------------------
[2023-03-30T21:39:51.119-0400] {taskinstance.py:1283} INFO - Starting attempt 1 of 2
[2023-03-30T21:39:51.119-0400] {taskinstance.py:1284} INFO - 
--------------------------------------------------------------------------------
[2023-03-30T21:39:51.129-0400] {taskinstance.py:1303} INFO - Executing <Task(BashOperator): run_consumer> on 2023-03-31 01:39:22.390049+00:00
[2023-03-30T21:39:51.136-0400] {standard_task_runner.py:55} INFO - Started process 55325 to run task
[2023-03-30T21:39:51.146-0400] {standard_task_runner.py:82} INFO - Running: ['airflow', 'tasks', 'run', 'air_quality_pipeline', 'run_consumer', 'manual__2023-03-31T01:39:22.390049+00:00', '--job-id', '81', '--raw', '--subdir', 'DAGS_FOLDER/__pycache__/pipeline.py', '--cfg-path', '/var/folders/8z/pwbx6b3n3mnd1g1f397fv1100000gn/T/tmpv4by_a5_']
[2023-03-30T21:39:51.148-0400] {standard_task_runner.py:83} INFO - Job 81: Subtask run_consumer
[2023-03-30T21:39:51.200-0400] {task_command.py:388} INFO - Running <TaskInstance: air_quality_pipeline.run_consumer manual__2023-03-31T01:39:22.390049+00:00 [running]> on host srivardhans-air.starry-inc.net
[2023-03-30T21:39:51.246-0400] {taskinstance.py:1511} INFO - Exporting the following env vars:
AIRFLOW_CTX_DAG_OWNER=yourname
AIRFLOW_CTX_DAG_ID=air_quality_pipeline
AIRFLOW_CTX_TASK_ID=run_consumer
AIRFLOW_CTX_EXECUTION_DATE=2023-03-31T01:39:22.390049+00:00
AIRFLOW_CTX_TRY_NUMBER=1
AIRFLOW_CTX_DAG_RUN_ID=manual__2023-03-31T01:39:22.390049+00:00
[2023-03-30T21:39:51.248-0400] {subprocess.py:63} INFO - Tmp dir root location: 
 /var/folders/8z/pwbx6b3n3mnd1g1f397fv1100000gn/T
[2023-03-30T21:39:51.249-0400] {subprocess.py:75} INFO - Running command: ['/bin/bash', '-c', 'python3 "/Users/srivardhan/Desktop/Masters/Masters Project/Kafka Implementation/kafka-pipeline-examples/producer-consumer/consumer.py"']
[2023-03-30T21:39:51.275-0400] {subprocess.py:86} INFO - Output:
[2023-03-30T21:40:03.554-0400] {subprocess.py:93} INFO - 23/03/30 21:40:03 WARN NativeCodeLoader: Unable to load native-hadoop library for your platform... using builtin-java classes where applicable
[2023-03-30T21:40:03.702-0400] {subprocess.py:93} INFO - Using Spark's default log4j profile: org/apache/spark/log4j-defaults.properties
[2023-03-30T21:40:03.704-0400] {subprocess.py:93} INFO - Setting default log level to "WARN".
[2023-03-30T21:40:03.704-0400] {subprocess.py:93} INFO - To adjust logging level use sc.setLogLevel(newLevel). For SparkR, use setLogLevel(newLevel).
[2023-03-30T21:40:07.359-0400] {subprocess.py:93} INFO - [Stage 0:>                                                          (0 + 8) / 8]                                                                                23/03/30 21:40:07 WARN Utils: Truncated the string representation of a plan since it was too large. This behavior can be adjusted by setting 'spark.debug.maxToStringFields' in SparkEnv.conf.
[2023-03-30T21:40:10.435-0400] {subprocess.py:93} INFO - Connecting to consumer ...
[2023-03-30T21:40:10.439-0400] {subprocess.py:93} INFO - Start of kafka session
[2023-03-30T21:40:10.440-0400] {subprocess.py:93} INFO - No messages received, stopping consumer
[2023-03-30T21:40:10.441-0400] {subprocess.py:93} INFO - Start of spark session
[2023-03-30T21:40:10.442-0400] {subprocess.py:93} INFO - Start of spark session
[2023-03-30T21:40:10.443-0400] {subprocess.py:93} INFO - root
[2023-03-30T21:40:10.444-0400] {subprocess.py:93} INFO -  |-- _corrupt_record: string (nullable = true)
[2023-03-30T21:40:10.444-0400] {subprocess.py:93} INFO -  |-- api_version: string (nullable = true)
[2023-03-30T21:40:10.445-0400] {subprocess.py:93} INFO -  |-- data_time_stamp: long (nullable = true)
[2023-03-30T21:40:10.446-0400] {subprocess.py:93} INFO -  |-- sensor: struct (nullable = true)
[2023-03-30T21:40:10.446-0400] {subprocess.py:93} INFO -  |    |-- 0.3_um_count: long (nullable = true)
[2023-03-30T21:40:10.447-0400] {subprocess.py:93} INFO -  |    |-- 0.3_um_count_a: long (nullable = true)
[2023-03-30T21:40:10.447-0400] {subprocess.py:93} INFO -  |    |-- 0.3_um_count_b: long (nullable = true)
[2023-03-30T21:40:10.448-0400] {subprocess.py:93} INFO -  |    |-- 0.5_um_count: long (nullable = true)
[2023-03-30T21:40:10.448-0400] {subprocess.py:93} INFO -  |    |-- 0.5_um_count_a: long (nullable = true)
[2023-03-30T21:40:10.449-0400] {subprocess.py:93} INFO -  |    |-- 0.5_um_count_b: long (nullable = true)
[2023-03-30T21:40:10.449-0400] {subprocess.py:93} INFO -  |    |-- 1.0_um_count: long (nullable = true)
[2023-03-30T21:40:10.450-0400] {subprocess.py:93} INFO -  |    |-- 1.0_um_count_a: long (nullable = true)
[2023-03-30T21:40:10.450-0400] {subprocess.py:93} INFO -  |    |-- 1.0_um_count_b: long (nullable = true)
[2023-03-30T21:40:10.451-0400] {subprocess.py:93} INFO -  |    |-- 10.0_um_count: long (nullable = true)
[2023-03-30T21:40:10.466-0400] {subprocess.py:93} INFO -  |    |-- 10.0_um_count_a: long (nullable = true)
[2023-03-30T21:40:10.469-0400] {subprocess.py:93} INFO -  |    |-- 10.0_um_count_b: long (nullable = true)
[2023-03-30T21:40:10.471-0400] {subprocess.py:93} INFO -  |    |-- 2.5_um_count: long (nullable = true)
[2023-03-30T21:40:10.471-0400] {subprocess.py:93} INFO -  |    |-- 2.5_um_count_a: long (nullable = true)
[2023-03-30T21:40:10.472-0400] {subprocess.py:93} INFO -  |    |-- 2.5_um_count_b: long (nullable = true)
[2023-03-30T21:40:10.472-0400] {subprocess.py:93} INFO -  |    |-- 5.0_um_count: long (nullable = true)
[2023-03-30T21:40:10.472-0400] {subprocess.py:93} INFO -  |    |-- 5.0_um_count_a: long (nullable = true)
[2023-03-30T21:40:10.472-0400] {subprocess.py:93} INFO -  |    |-- 5.0_um_count_b: long (nullable = true)
[2023-03-30T21:40:10.472-0400] {subprocess.py:93} INFO -  |    |-- altitude: long (nullable = true)
[2023-03-30T21:40:10.473-0400] {subprocess.py:93} INFO -  |    |-- analog_input: double (nullable = true)
[2023-03-30T21:40:10.473-0400] {subprocess.py:93} INFO -  |    |-- channel_flags: long (nullable = true)
[2023-03-30T21:40:10.473-0400] {subprocess.py:93} INFO -  |    |-- channel_flags_auto: long (nullable = true)
[2023-03-30T21:40:10.473-0400] {subprocess.py:93} INFO -  |    |-- channel_flags_manual: long (nullable = true)
[2023-03-30T21:40:10.474-0400] {subprocess.py:93} INFO -  |    |-- channel_state: long (nullable = true)
[2023-03-30T21:40:10.474-0400] {subprocess.py:93} INFO -  |    |-- confidence: long (nullable = true)
[2023-03-30T21:40:10.474-0400] {subprocess.py:93} INFO -  |    |-- confidence_auto: long (nullable = true)
[2023-03-30T21:40:10.474-0400] {subprocess.py:93} INFO -  |    |-- confidence_manual: long (nullable = true)
[2023-03-30T21:40:10.474-0400] {subprocess.py:93} INFO -  |    |-- date_created: long (nullable = true)
[2023-03-30T21:40:10.475-0400] {subprocess.py:93} INFO -  |    |-- deciviews: double (nullable = true)
[2023-03-30T21:40:10.475-0400] {subprocess.py:93} INFO -  |    |-- deciviews_a: double (nullable = true)
[2023-03-30T21:40:10.475-0400] {subprocess.py:93} INFO -  |    |-- deciviews_b: double (nullable = true)
[2023-03-30T21:40:10.475-0400] {subprocess.py:93} INFO -  |    |-- firmware_version: string (nullable = true)
[2023-03-30T21:40:10.475-0400] {subprocess.py:93} INFO -  |    |-- hardware: string (nullable = true)
[2023-03-30T21:40:10.476-0400] {subprocess.py:93} INFO -  |    |-- humidity: long (nullable = true)
[2023-03-30T21:40:10.476-0400] {subprocess.py:93} INFO -  |    |-- humidity_a: long (nullable = true)
[2023-03-30T21:40:10.476-0400] {subprocess.py:93} INFO -  |    |-- icon: long (nullable = true)
[2023-03-30T21:40:10.476-0400] {subprocess.py:93} INFO -  |    |-- is_owner: long (nullable = true)
[2023-03-30T21:40:10.477-0400] {subprocess.py:93} INFO -  |    |-- last_modified: long (nullable = true)
[2023-03-30T21:40:10.477-0400] {subprocess.py:93} INFO -  |    |-- last_seen: long (nullable = true)
[2023-03-30T21:40:10.477-0400] {subprocess.py:93} INFO -  |    |-- latitude: double (nullable = true)
[2023-03-30T21:40:10.477-0400] {subprocess.py:93} INFO -  |    |-- led_brightness: long (nullable = true)
[2023-03-30T21:40:10.478-0400] {subprocess.py:93} INFO -  |    |-- location_type: long (nullable = true)
[2023-03-30T21:40:10.478-0400] {subprocess.py:93} INFO -  |    |-- longitude: double (nullable = true)
[2023-03-30T21:40:10.478-0400] {subprocess.py:93} INFO -  |    |-- memory: long (nullable = true)
[2023-03-30T21:40:10.478-0400] {subprocess.py:93} INFO -  |    |-- model: string (nullable = true)
[2023-03-30T21:40:10.479-0400] {subprocess.py:93} INFO -  |    |-- name: string (nullable = true)
[2023-03-30T21:40:10.479-0400] {subprocess.py:93} INFO -  |    |-- pa_latency: long (nullable = true)
[2023-03-30T21:40:10.479-0400] {subprocess.py:93} INFO -  |    |-- pm1.0: double (nullable = true)
[2023-03-30T21:40:10.479-0400] {subprocess.py:93} INFO -  |    |-- pm1.0_a: double (nullable = true)
[2023-03-30T21:40:10.480-0400] {subprocess.py:93} INFO -  |    |-- pm1.0_atm: double (nullable = true)
[2023-03-30T21:40:10.480-0400] {subprocess.py:93} INFO -  |    |-- pm1.0_atm_a: double (nullable = true)
[2023-03-30T21:40:10.480-0400] {subprocess.py:93} INFO -  |    |-- pm1.0_atm_b: double (nullable = true)
[2023-03-30T21:40:10.480-0400] {subprocess.py:93} INFO -  |    |-- pm1.0_b: double (nullable = true)
[2023-03-30T21:40:10.480-0400] {subprocess.py:93} INFO -  |    |-- pm1.0_cf_1: double (nullable = true)
[2023-03-30T21:40:10.481-0400] {subprocess.py:93} INFO -  |    |-- pm1.0_cf_1_a: double (nullable = true)
[2023-03-30T21:40:10.481-0400] {subprocess.py:93} INFO -  |    |-- pm1.0_cf_1_b: double (nullable = true)
[2023-03-30T21:40:10.481-0400] {subprocess.py:93} INFO -  |    |-- pm10.0: double (nullable = true)
[2023-03-30T21:40:10.481-0400] {subprocess.py:93} INFO -  |    |-- pm10.0_a: double (nullable = true)
[2023-03-30T21:40:10.481-0400] {subprocess.py:93} INFO -  |    |-- pm10.0_atm: double (nullable = true)
[2023-03-30T21:40:10.482-0400] {subprocess.py:93} INFO -  |    |-- pm10.0_atm_a: double (nullable = true)
[2023-03-30T21:40:10.482-0400] {subprocess.py:93} INFO -  |    |-- pm10.0_atm_b: double (nullable = true)
[2023-03-30T21:40:10.482-0400] {subprocess.py:93} INFO -  |    |-- pm10.0_b: double (nullable = true)
[2023-03-30T21:40:10.482-0400] {subprocess.py:93} INFO -  |    |-- pm10.0_cf_1: double (nullable = true)
[2023-03-30T21:40:10.482-0400] {subprocess.py:93} INFO -  |    |-- pm10.0_cf_1_a: double (nullable = true)
[2023-03-30T21:40:10.483-0400] {subprocess.py:93} INFO -  |    |-- pm10.0_cf_1_b: double (nullable = true)
[2023-03-30T21:40:10.483-0400] {subprocess.py:93} INFO -  |    |-- pm2.5: double (nullable = true)
[2023-03-30T21:40:10.483-0400] {subprocess.py:93} INFO -  |    |-- pm2.5_a: double (nullable = true)
[2023-03-30T21:40:10.483-0400] {subprocess.py:93} INFO -  |    |-- pm2.5_alt: double (nullable = true)
[2023-03-30T21:40:10.483-0400] {subprocess.py:93} INFO -  |    |-- pm2.5_alt_a: double (nullable = true)
[2023-03-30T21:40:10.484-0400] {subprocess.py:93} INFO -  |    |-- pm2.5_alt_b: double (nullable = true)
[2023-03-30T21:40:10.484-0400] {subprocess.py:93} INFO -  |    |-- pm2.5_atm: double (nullable = true)
[2023-03-30T21:40:10.484-0400] {subprocess.py:93} INFO -  |    |-- pm2.5_atm_a: double (nullable = true)
[2023-03-30T21:40:10.484-0400] {subprocess.py:93} INFO -  |    |-- pm2.5_atm_b: double (nullable = true)
[2023-03-30T21:40:10.484-0400] {subprocess.py:93} INFO -  |    |-- pm2.5_b: double (nullable = true)
[2023-03-30T21:40:10.485-0400] {subprocess.py:93} INFO -  |    |-- pm2.5_cf_1: double (nullable = true)
[2023-03-30T21:40:10.485-0400] {subprocess.py:93} INFO -  |    |-- pm2.5_cf_1_a: double (nullable = true)
[2023-03-30T21:40:10.485-0400] {subprocess.py:93} INFO -  |    |-- pm2.5_cf_1_b: double (nullable = true)
[2023-03-30T21:40:10.485-0400] {subprocess.py:93} INFO -  |    |-- position_rating: long (nullable = true)
[2023-03-30T21:40:10.486-0400] {subprocess.py:93} INFO -  |    |-- pressure: double (nullable = true)
[2023-03-30T21:40:10.486-0400] {subprocess.py:93} INFO -  |    |-- pressure_a: double (nullable = true)
[2023-03-30T21:40:10.486-0400] {subprocess.py:93} INFO -  |    |-- primary_id_a: long (nullable = true)
[2023-03-30T21:40:10.486-0400] {subprocess.py:93} INFO -  |    |-- primary_id_b: long (nullable = true)
[2023-03-30T21:40:10.487-0400] {subprocess.py:93} INFO -  |    |-- primary_key_a: string (nullable = true)
[2023-03-30T21:40:10.487-0400] {subprocess.py:93} INFO -  |    |-- primary_key_b: string (nullable = true)
[2023-03-30T21:40:10.487-0400] {subprocess.py:93} INFO -  |    |-- private: long (nullable = true)
[2023-03-30T21:40:10.488-0400] {subprocess.py:93} INFO -  |    |-- rssi: long (nullable = true)
[2023-03-30T21:40:10.488-0400] {subprocess.py:93} INFO -  |    |-- scattering_coefficient: double (nullable = true)
[2023-03-30T21:40:10.488-0400] {subprocess.py:93} INFO -  |    |-- scattering_coefficient_a: double (nullable = true)
[2023-03-30T21:40:10.488-0400] {subprocess.py:93} INFO -  |    |-- scattering_coefficient_b: double (nullable = true)
[2023-03-30T21:40:10.488-0400] {subprocess.py:93} INFO -  |    |-- secondary_id_a: long (nullable = true)
[2023-03-30T21:40:10.489-0400] {subprocess.py:93} INFO -  |    |-- secondary_id_b: long (nullable = true)
[2023-03-30T21:40:10.489-0400] {subprocess.py:93} INFO -  |    |-- secondary_key_a: string (nullable = true)
[2023-03-30T21:40:10.489-0400] {subprocess.py:93} INFO -  |    |-- secondary_key_b: string (nullable = true)
[2023-03-30T21:40:10.489-0400] {subprocess.py:93} INFO -  |    |-- sensor_index: long (nullable = true)
[2023-03-30T21:40:10.489-0400] {subprocess.py:93} INFO -  |    |-- stats: struct (nullable = true)
[2023-03-30T21:40:10.490-0400] {subprocess.py:93} INFO -  |    |    |-- pm2.5: double (nullable = true)
[2023-03-30T21:40:10.490-0400] {subprocess.py:93} INFO -  |    |    |-- pm2.5_10minute: double (nullable = true)
[2023-03-30T21:40:10.490-0400] {subprocess.py:93} INFO -  |    |    |-- pm2.5_1week: double (nullable = true)
[2023-03-30T21:40:10.490-0400] {subprocess.py:93} INFO -  |    |    |-- pm2.5_24hour: double (nullable = true)
[2023-03-30T21:40:10.490-0400] {subprocess.py:93} INFO -  |    |    |-- pm2.5_30minute: double (nullable = true)
[2023-03-30T21:40:10.491-0400] {subprocess.py:93} INFO -  |    |    |-- pm2.5_60minute: double (nullable = true)
[2023-03-30T21:40:10.491-0400] {subprocess.py:93} INFO -  |    |    |-- pm2.5_6hour: double (nullable = true)
[2023-03-30T21:40:10.491-0400] {subprocess.py:93} INFO -  |    |    |-- time_stamp: long (nullable = true)
[2023-03-30T21:40:10.491-0400] {subprocess.py:93} INFO -  |    |-- stats_a: struct (nullable = true)
[2023-03-30T21:40:10.491-0400] {subprocess.py:93} INFO -  |    |    |-- pm2.5: double (nullable = true)
[2023-03-30T21:40:10.492-0400] {subprocess.py:93} INFO -  |    |    |-- pm2.5_10minute: double (nullable = true)
[2023-03-30T21:40:10.492-0400] {subprocess.py:93} INFO -  |    |    |-- pm2.5_1week: double (nullable = true)
[2023-03-30T21:40:10.492-0400] {subprocess.py:93} INFO -  |    |    |-- pm2.5_24hour: double (nullable = true)
[2023-03-30T21:40:10.492-0400] {subprocess.py:93} INFO -  |    |    |-- pm2.5_30minute: double (nullable = true)
[2023-03-30T21:40:10.492-0400] {subprocess.py:93} INFO -  |    |    |-- pm2.5_60minute: double (nullable = true)
[2023-03-30T21:40:10.493-0400] {subprocess.py:93} INFO -  |    |    |-- pm2.5_6hour: double (nullable = true)
[2023-03-30T21:40:10.493-0400] {subprocess.py:93} INFO -  |    |    |-- time_stamp: long (nullable = true)
[2023-03-30T21:40:10.493-0400] {subprocess.py:93} INFO -  |    |-- stats_b: struct (nullable = true)
[2023-03-30T21:40:10.493-0400] {subprocess.py:93} INFO -  |    |    |-- pm2.5: double (nullable = true)
[2023-03-30T21:40:10.493-0400] {subprocess.py:93} INFO -  |    |    |-- pm2.5_10minute: double (nullable = true)
[2023-03-30T21:40:10.494-0400] {subprocess.py:93} INFO -  |    |    |-- pm2.5_1week: double (nullable = true)
[2023-03-30T21:40:10.494-0400] {subprocess.py:93} INFO -  |    |    |-- pm2.5_24hour: double (nullable = true)
[2023-03-30T21:40:10.495-0400] {subprocess.py:93} INFO -  |    |    |-- pm2.5_30minute: double (nullable = true)
[2023-03-30T21:40:10.495-0400] {subprocess.py:93} INFO -  |    |    |-- pm2.5_60minute: double (nullable = true)
[2023-03-30T21:40:10.496-0400] {subprocess.py:93} INFO -  |    |    |-- pm2.5_6hour: double (nullable = true)
[2023-03-30T21:40:10.496-0400] {subprocess.py:93} INFO -  |    |    |-- time_stamp: long (nullable = true)
[2023-03-30T21:40:10.496-0400] {subprocess.py:93} INFO -  |    |-- temperature: long (nullable = true)
[2023-03-30T21:40:10.496-0400] {subprocess.py:93} INFO -  |    |-- temperature_a: long (nullable = true)
[2023-03-30T21:40:10.496-0400] {subprocess.py:93} INFO -  |    |-- uptime: long (nullable = true)
[2023-03-30T21:40:10.497-0400] {subprocess.py:93} INFO -  |    |-- visual_range: double (nullable = true)
[2023-03-30T21:40:10.497-0400] {subprocess.py:93} INFO -  |    |-- visual_range_a: double (nullable = true)
[2023-03-30T21:40:10.497-0400] {subprocess.py:93} INFO -  |    |-- visual_range_b: double (nullable = true)
[2023-03-30T21:40:10.497-0400] {subprocess.py:93} INFO -  |-- time_stamp: long (nullable = true)
[2023-03-30T21:40:10.497-0400] {subprocess.py:93} INFO - 
[2023-03-30T21:40:10.498-0400] {subprocess.py:93} INFO - +--------------------+--------------+---------------+--------------------+----------+
[2023-03-30T21:40:10.498-0400] {subprocess.py:93} INFO - |     _corrupt_record|   api_version|data_time_stamp|              sensor|time_stamp|
[2023-03-30T21:40:10.498-0400] {subprocess.py:93} INFO - +--------------------+--------------+---------------+--------------------+----------+
[2023-03-30T21:40:10.498-0400] {subprocess.py:93} INFO - |                null|V1.0.11-0.0.42|     1680226742|[2467, 2562, 2373...|1680226767|
[2023-03-30T21:40:10.498-0400] {subprocess.py:93} INFO - |                null|V1.0.11-0.0.42|     1680226742|[3640, 4798, 2483...|1680226768|
[2023-03-30T21:40:10.499-0400] {subprocess.py:93} INFO - |                null|V1.0.11-0.0.42|     1680226742|[2043, 1986, 2101...|1680226769|
[2023-03-30T21:40:10.499-0400] {subprocess.py:93} INFO - |                null|V1.0.11-0.0.42|     1680226753|[3271, 3090, 3452...|1680226771|
[2023-03-30T21:40:10.499-0400] {subprocess.py:93} INFO - |                null|V1.0.11-0.0.42|     1680226742|[5065, 5305, 4825...|1680226772|
[2023-03-30T21:40:10.499-0400] {subprocess.py:93} INFO - |                null|V1.0.11-0.0.42|     1680226742|[954, 954, 26135,...|1680226773|
[2023-03-30T21:40:10.499-0400] {subprocess.py:93} INFO - |                null|V1.0.11-0.0.42|     1680226753|[4901, 4798, 5005...|1680226775|
[2023-03-30T21:40:10.500-0400] {subprocess.py:93} INFO - |                null|V1.0.11-0.0.42|     1680226753|[535, 565, 506, 4...|1680226776|
[2023-03-30T21:40:10.500-0400] {subprocess.py:93} INFO - |                null|V1.0.11-0.0.42|     1680226742|[2156, 2020, 2292...|1680226777|
[2023-03-30T21:40:10.500-0400] {subprocess.py:93} INFO - |                null|V1.0.11-0.0.42|     1680226742|[498, 498, 2701, ...|1680226779|
[2023-03-30T21:40:10.500-0400] {subprocess.py:93} INFO - |                null|V1.0.11-0.0.42|     1680226742|[614, 575, 653, 5...|1680226780|
[2023-03-30T21:40:10.500-0400] {subprocess.py:93} INFO - |                null|V1.0.11-0.0.42|     1680226778|[3001, 2920, 3083...|1680226781|
[2023-03-30T21:40:10.501-0400] {subprocess.py:93} INFO - |                null|V1.0.11-0.0.42|     1680226753|[2203, 2015, 2391...|1680226782|
[2023-03-30T21:40:10.501-0400] {subprocess.py:93} INFO - |{'api_version': '...|          null|           null|                null|      null|
[2023-03-30T21:40:10.501-0400] {subprocess.py:93} INFO - |                null|V1.0.11-0.0.42|     1680226742|[2259, 2001, 2518...|1680226785|
[2023-03-30T21:40:10.501-0400] {subprocess.py:93} INFO - |                null|V1.0.11-0.0.42|     1680226742|[2235, 2338, 2132...|1680226787|
[2023-03-30T21:40:10.502-0400] {subprocess.py:93} INFO - +--------------------+--------------+---------------+--------------------+----------+
[2023-03-30T21:40:10.502-0400] {subprocess.py:93} INFO - 
[2023-03-30T21:40:10.502-0400] {subprocess.py:93} INFO - +------------+--------------------+---------+----------+--------+-----------+-----------+----------+-------------+-------------+-----------+-----------+------------------------+------------------------+
[2023-03-30T21:40:10.502-0400] {subprocess.py:93} INFO - |sensor_index|                name| latitude| longitude|pressure|pm2.5_atm_a|pm2.5_atm_b|humidity_a|temperature_a|location_type|pm1.0_atm_a|pm1.0_atm_b|scattering_coefficient_a|scattering_coefficient_b|
[2023-03-30T21:40:10.503-0400] {subprocess.py:93} INFO - +------------+--------------------+---------+----------+--------+-----------+-----------+----------+-------------+-------------+-----------+-----------+------------------------+------------------------+
[2023-03-30T21:40:10.503-0400] {subprocess.py:93} INFO - |      128679|            MORPC_23|40.070442| -83.01968|  642.66|       24.9|      25.62|        51|           72|            0|      15.33|      14.29|                    38.4|                    35.6|
[2023-03-30T21:40:10.503-0400] {subprocess.py:93} INFO - |       42145|Death by Particulate|40.045116|  -82.9947|  991.66|      33.94|      22.07|        34|           56|            0|      21.51|      13.66|                    72.0|                    37.2|
[2023-03-30T21:40:10.504-0400] {subprocess.py:93} INFO - |      103092|             OSU_032| 40.10328| -83.04084|  992.68|      22.47|      17.74|        35|           54|            0|      13.93|      12.63|                    29.8|                    31.5|
[2023-03-30T21:40:10.504-0400] {subprocess.py:93} INFO - |       33861|            MORPC_14|40.021294|-82.990456|  991.65|      33.05|      29.51|        36|           57|            0|      18.93|      19.56|                    46.4|                    51.8|
[2023-03-30T21:40:10.504-0400] {subprocess.py:93} INFO - |       72009|       East Beaumont|40.057014| -83.00535|  991.69|      34.58|      32.45|        33|           55|            0|      24.42|       23.5|                    79.6|                    72.4|
[2023-03-30T21:40:10.504-0400] {subprocess.py:93} INFO - |      149716|            MORPC_22|39.974773| -82.88287|  987.55|       7.08|     179.72|        35|           56|            0|        4.2|      133.3|                    14.3|                   392.0|
[2023-03-30T21:40:10.505-0400] {subprocess.py:93} INFO - |      147691|            MORPC_38|39.962215| -83.07883|  993.82|      35.43|      36.63|        41|           50|            0|      24.09|      25.83|                    72.0|                    75.1|
[2023-03-30T21:40:10.505-0400] {subprocess.py:93} INFO - |      120351|Midwest Native Trees|40.170296| -82.77792|  982.55|       9.02|       7.21|        38|           53|            0|       4.67|       3.87|                    null|                    null|
[2023-03-30T21:40:10.505-0400] {subprocess.py:93} INFO - |      158823|            MORPC_39|39.878136| -83.08927|  992.97|      16.79|      17.65|        34|           58|            0|      10.62|      11.55|                    30.3|                    34.4|
[2023-03-30T21:40:10.505-0400] {subprocess.py:93} INFO - |      142906|            MORPC_36|39.839783| -83.07625|    null|       3.51|      23.19|      null|         null|            0|       1.71|       14.2|                     7.5|                    40.5|
[2023-03-30T21:40:10.506-0400] {subprocess.py:93} INFO - |      133099|            Welsford| 40.00742| -83.05926|  992.65|      13.08|       16.4|        30|           58|            0|       6.04|       6.78|                    null|                    null|
[2023-03-30T21:40:10.506-0400] {subprocess.py:93} INFO - |      103358|             OSU 018|40.030293| -83.02833|  994.94|       23.9|       26.8|        33|           56|            0|      16.29|      16.68|                    43.8|                    46.2|
[2023-03-30T21:40:10.506-0400] {subprocess.py:93} INFO - |      158823|            MORPC_39|39.878136| -83.08927|  993.03|      16.29|      17.75|        34|           58|            0|       10.3|      12.14|                    30.2|                    35.9|
[2023-03-30T21:40:10.506-0400] {subprocess.py:93} INFO - |        null|                null|     null|      null|    null|       null|       null|      null|         null|         null|       null|       null|                    null|                    null|
[2023-03-30T21:40:10.507-0400] {subprocess.py:93} INFO - |      128591|            MORPC_17|39.933132| -82.96611|  996.04|      17.19|      20.14|        36|           57|            0|      11.28|      12.83|                    30.0|                    37.8|
[2023-03-30T21:40:10.507-0400] {subprocess.py:93} INFO - |      131379|            MORPC_30| 39.96028|-83.006294|  997.27|      17.39|      17.49|        28|           59|            0|      12.58|      11.44|                    35.1|                    32.0|
[2023-03-30T21:40:10.507-0400] {subprocess.py:93} INFO - +------------+--------------------+---------+----------+--------+-----------+-----------+----------+-------------+-------------+-----------+-----------+------------------------+------------------------+
[2023-03-30T21:40:10.507-0400] {subprocess.py:93} INFO - 
[2023-03-30T21:40:10.507-0400] {subprocess.py:93} INFO - +------------+--------------------+---------+----------+--------+-----------+-----------+----------+-------------+-------------+-----------+-----------+------------------------+------------------------+
[2023-03-30T21:40:10.508-0400] {subprocess.py:93} INFO - |sensor_index|                name| latitude| longitude|pressure|pm2_5_atm_a|pm2_5_atm_b|humidity_a|temperature_a|location_type|pm1_0_atm_a|pm1_0_atm_b|scattering_coefficient_a|scattering_coefficient_b|
[2023-03-30T21:40:10.508-0400] {subprocess.py:93} INFO - +------------+--------------------+---------+----------+--------+-----------+-----------+----------+-------------+-------------+-----------+-----------+------------------------+------------------------+
[2023-03-30T21:40:10.508-0400] {subprocess.py:93} INFO - |      128679|            MORPC_23|40.070442| -83.01968|  642.66|       24.9|      25.62|        51|           72|            0|      15.33|      14.29|                    38.4|                    35.6|
[2023-03-30T21:40:10.508-0400] {subprocess.py:93} INFO - |       42145|Death by Particulate|40.045116|  -82.9947|  991.66|      33.94|      22.07|        34|           56|            0|      21.51|      13.66|                    72.0|                    37.2|
[2023-03-30T21:40:10.509-0400] {subprocess.py:93} INFO - |      103092|             OSU_032| 40.10328| -83.04084|  992.68|      22.47|      17.74|        35|           54|            0|      13.93|      12.63|                    29.8|                    31.5|
[2023-03-30T21:40:10.509-0400] {subprocess.py:93} INFO - |       33861|            MORPC_14|40.021294|-82.990456|  991.65|      33.05|      29.51|        36|           57|            0|      18.93|      19.56|                    46.4|                    51.8|
[2023-03-30T21:40:10.509-0400] {subprocess.py:93} INFO - |       72009|       East Beaumont|40.057014| -83.00535|  991.69|      34.58|      32.45|        33|           55|            0|      24.42|       23.5|                    79.6|                    72.4|
[2023-03-30T21:40:10.510-0400] {subprocess.py:93} INFO - |      149716|            MORPC_22|39.974773| -82.88287|  987.55|       7.08|     179.72|        35|           56|            0|        4.2|      133.3|                    14.3|                   392.0|
[2023-03-30T21:40:10.510-0400] {subprocess.py:93} INFO - |      147691|            MORPC_38|39.962215| -83.07883|  993.82|      35.43|      36.63|        41|           50|            0|      24.09|      25.83|                    72.0|                    75.1|
[2023-03-30T21:40:10.510-0400] {subprocess.py:93} INFO - |      120351|Midwest Native Trees|40.170296| -82.77792|  982.55|       9.02|       7.21|        38|           53|            0|       4.67|       3.87|                    null|                    null|
[2023-03-30T21:40:10.511-0400] {subprocess.py:93} INFO - |      158823|            MORPC_39|39.878136| -83.08927|  992.97|      16.79|      17.65|        34|           58|            0|      10.62|      11.55|                    30.3|                    34.4|
[2023-03-30T21:40:10.512-0400] {subprocess.py:93} INFO - |      142906|            MORPC_36|39.839783| -83.07625|    null|       3.51|      23.19|      null|         null|            0|       1.71|       14.2|                     7.5|                    40.5|
[2023-03-30T21:40:10.512-0400] {subprocess.py:93} INFO - |      133099|            Welsford| 40.00742| -83.05926|  992.65|      13.08|       16.4|        30|           58|            0|       6.04|       6.78|                    null|                    null|
[2023-03-30T21:40:10.513-0400] {subprocess.py:93} INFO - |      103358|             OSU 018|40.030293| -83.02833|  994.94|       23.9|       26.8|        33|           56|            0|      16.29|      16.68|                    43.8|                    46.2|
[2023-03-30T21:40:10.513-0400] {subprocess.py:93} INFO - |      158823|            MORPC_39|39.878136| -83.08927|  993.03|      16.29|      17.75|        34|           58|            0|       10.3|      12.14|                    30.2|                    35.9|
[2023-03-30T21:40:10.513-0400] {subprocess.py:93} INFO - |        null|                null|     null|      null|    null|       null|       null|      null|         null|         null|       null|       null|                    null|                    null|
[2023-03-30T21:40:10.513-0400] {subprocess.py:93} INFO - |      128591|            MORPC_17|39.933132| -82.96611|  996.04|      17.19|      20.14|        36|           57|            0|      11.28|      12.83|                    30.0|                    37.8|
[2023-03-30T21:40:10.513-0400] {subprocess.py:93} INFO - |      131379|            MORPC_30| 39.96028|-83.006294|  997.27|      17.39|      17.49|        28|           59|            0|      12.58|      11.44|                    35.1|                    32.0|
[2023-03-30T21:40:10.514-0400] {subprocess.py:93} INFO - +------------+--------------------+---------+----------+--------+-----------+-----------+----------+-------------+-------------+-----------+-----------+------------------------+------------------------+
[2023-03-30T21:40:10.514-0400] {subprocess.py:93} INFO - 
[2023-03-30T21:40:10.514-0400] {subprocess.py:93} INFO - Writing to CSV file named sensors.csv
[2023-03-30T21:40:10.514-0400] {subprocess.py:93} INFO - End of spark session
[2023-03-30T21:40:10.955-0400] {subprocess.py:97} INFO - Command exited with return code 0
[2023-03-30T21:40:10.975-0400] {taskinstance.py:1326} INFO - Marking task as SUCCESS. dag_id=air_quality_pipeline, task_id=run_consumer, execution_date=20230331T013922, start_date=20230331T013951, end_date=20230331T014010
[2023-03-30T21:40:10.988-0400] {local_task_job.py:212} INFO - Task exited with return code 0
[2023-03-30T21:40:11.007-0400] {taskinstance.py:2585} INFO - 0 downstream tasks scheduled from follow-on schedule check
