[2023-03-27T17:49:24.368-0400] {taskinstance.py:1084} INFO - Dependencies all met for dep_context=non-requeueable deps ti=<TaskInstance: producer.run_producer manual__2023-03-27T21:49:21.285403+00:00 [queued]>
[2023-03-27T17:49:24.375-0400] {taskinstance.py:1084} INFO - Dependencies all met for dep_context=requeueable deps ti=<TaskInstance: producer.run_producer manual__2023-03-27T21:49:21.285403+00:00 [queued]>
[2023-03-27T17:49:24.375-0400] {taskinstance.py:1282} INFO - 
--------------------------------------------------------------------------------
[2023-03-27T17:49:24.375-0400] {taskinstance.py:1283} INFO - Starting attempt 1 of 2
[2023-03-27T17:49:24.375-0400] {taskinstance.py:1284} INFO - 
--------------------------------------------------------------------------------
[2023-03-27T17:49:24.381-0400] {taskinstance.py:1303} INFO - Executing <Task(BashOperator): run_producer> on 2023-03-27 21:49:21.285403+00:00
[2023-03-27T17:49:24.386-0400] {standard_task_runner.py:55} INFO - Started process 5169 to run task
[2023-03-27T17:49:24.391-0400] {standard_task_runner.py:82} INFO - Running: ['airflow', 'tasks', 'run', 'producer', 'run_producer', 'manual__2023-03-27T21:49:21.285403+00:00', '--job-id', '14', '--raw', '--subdir', 'DAGS_FOLDER/kafka-pipeline.py', '--cfg-path', '/var/folders/8z/pwbx6b3n3mnd1g1f397fv1100000gn/T/tmprdmgr49f']
[2023-03-27T17:49:24.393-0400] {standard_task_runner.py:83} INFO - Job 14: Subtask run_producer
[2023-03-27T17:49:24.425-0400] {task_command.py:388} INFO - Running <TaskInstance: producer.run_producer manual__2023-03-27T21:49:21.285403+00:00 [running]> on host srivardhans-air.starry-inc.net
[2023-03-27T17:49:24.456-0400] {taskinstance.py:1511} INFO - Exporting the following env vars:
AIRFLOW_CTX_DAG_EMAIL=airflow@example.com
AIRFLOW_CTX_DAG_OWNER=airflow
AIRFLOW_CTX_DAG_ID=producer
AIRFLOW_CTX_TASK_ID=run_producer
AIRFLOW_CTX_EXECUTION_DATE=2023-03-27T21:49:21.285403+00:00
AIRFLOW_CTX_TRY_NUMBER=1
AIRFLOW_CTX_DAG_RUN_ID=manual__2023-03-27T21:49:21.285403+00:00
[2023-03-27T17:49:24.458-0400] {subprocess.py:63} INFO - Tmp dir root location: 
 /var/folders/8z/pwbx6b3n3mnd1g1f397fv1100000gn/T
[2023-03-27T17:49:24.458-0400] {subprocess.py:75} INFO - Running command: ['/bin/bash', '-c', 'python ~/airflow/dags/producer.py']
[2023-03-27T17:49:24.467-0400] {subprocess.py:86} INFO - Output:
[2023-03-27T17:49:24.525-0400] {subprocess.py:93} INFO - python3: can't open file '~/Desktop/Masters/Masters Project/Kafka Implementation/kafka-pipeline-examples/producer-consumer/producer.py': [Errno 2] No such file or directory
[2023-03-27T17:49:24.531-0400] {subprocess.py:97} INFO - Command exited with return code 0
[2023-03-27T17:49:24.543-0400] {taskinstance.py:1326} INFO - Marking task as SUCCESS. dag_id=producer, task_id=run_producer, execution_date=20230327T214921, start_date=20230327T214924, end_date=20230327T214924
[2023-03-27T17:49:24.582-0400] {local_task_job.py:212} INFO - Task exited with return code 0
[2023-03-27T17:49:24.592-0400] {taskinstance.py:2585} INFO - 0 downstream tasks scheduled from follow-on schedule check
