[2023-03-27T22:16:11.748-0400] {taskinstance.py:1084} INFO - Dependencies all met for dep_context=non-requeueable deps ti=<TaskInstance: air_quality_pipeline.run_consumer manual__2023-03-28T02:15:43.135208+00:00 [queued]>
[2023-03-27T22:16:11.756-0400] {taskinstance.py:1084} INFO - Dependencies all met for dep_context=requeueable deps ti=<TaskInstance: air_quality_pipeline.run_consumer manual__2023-03-28T02:15:43.135208+00:00 [queued]>
[2023-03-27T22:16:11.756-0400] {taskinstance.py:1282} INFO - 
--------------------------------------------------------------------------------
[2023-03-27T22:16:11.756-0400] {taskinstance.py:1283} INFO - Starting attempt 1 of 2
[2023-03-27T22:16:11.756-0400] {taskinstance.py:1284} INFO - 
--------------------------------------------------------------------------------
[2023-03-27T22:16:11.764-0400] {taskinstance.py:1303} INFO - Executing <Task(BashOperator): run_consumer> on 2023-03-28 02:15:43.135208+00:00
[2023-03-27T22:16:11.769-0400] {standard_task_runner.py:55} INFO - Started process 24402 to run task
[2023-03-27T22:16:11.774-0400] {standard_task_runner.py:82} INFO - Running: ['airflow', 'tasks', 'run', 'air_quality_pipeline', 'run_consumer', 'manual__2023-03-28T02:15:43.135208+00:00', '--job-id', '54', '--raw', '--subdir', 'DAGS_FOLDER/__pycache__/pipeline.py', '--cfg-path', '/var/folders/8z/pwbx6b3n3mnd1g1f397fv1100000gn/T/tmpa_3sga_c']
[2023-03-27T22:16:11.775-0400] {standard_task_runner.py:83} INFO - Job 54: Subtask run_consumer
[2023-03-27T22:16:11.813-0400] {task_command.py:388} INFO - Running <TaskInstance: air_quality_pipeline.run_consumer manual__2023-03-28T02:15:43.135208+00:00 [running]> on host srivardhans-air.starry-inc.net
[2023-03-27T22:16:11.847-0400] {taskinstance.py:1511} INFO - Exporting the following env vars:
AIRFLOW_CTX_DAG_OWNER=yourname
AIRFLOW_CTX_DAG_ID=air_quality_pipeline
AIRFLOW_CTX_TASK_ID=run_consumer
AIRFLOW_CTX_EXECUTION_DATE=2023-03-28T02:15:43.135208+00:00
AIRFLOW_CTX_TRY_NUMBER=1
AIRFLOW_CTX_DAG_RUN_ID=manual__2023-03-28T02:15:43.135208+00:00
[2023-03-27T22:16:11.848-0400] {subprocess.py:63} INFO - Tmp dir root location: 
 /var/folders/8z/pwbx6b3n3mnd1g1f397fv1100000gn/T
[2023-03-27T22:16:11.849-0400] {subprocess.py:75} INFO - Running command: ['/bin/bash', '-c', 'python3 "/Users/srivardhan/Desktop/Masters/Masters Project/Kafka Implementation/kafka-pipeline-examples/producer-consumer/consumer.py"']
[2023-03-27T22:16:11.860-0400] {subprocess.py:86} INFO - Output:
[2023-03-27T22:16:23.910-0400] {subprocess.py:93} INFO - 23/03/27 22:16:23 WARN NativeCodeLoader: Unable to load native-hadoop library for your platform... using builtin-java classes where applicable
[2023-03-27T22:16:23.998-0400] {subprocess.py:93} INFO - Using Spark's default log4j profile: org/apache/spark/log4j-defaults.properties
[2023-03-27T22:16:23.999-0400] {subprocess.py:93} INFO - Setting default log level to "WARN".
[2023-03-27T22:16:24.000-0400] {subprocess.py:93} INFO - To adjust logging level use sc.setLogLevel(newLevel). For SparkR, use setLogLevel(newLevel).
[2023-03-27T22:16:26.702-0400] {subprocess.py:93} INFO - [Stage 0:>                                                          (0 + 8) / 8]                                                                                23/03/27 22:16:26 WARN Utils: Truncated the string representation of a plan since it was too large. This behavior can be adjusted by setting 'spark.debug.maxToStringFields' in SparkEnv.conf.
[2023-03-27T22:16:27.727-0400] {subprocess.py:93} INFO - Connecting to consumer ...
[2023-03-27T22:16:27.728-0400] {subprocess.py:93} INFO - Start of kafka session
[2023-03-27T22:16:27.728-0400] {subprocess.py:93} INFO - No messages received, stopping consumer
[2023-03-27T22:16:27.728-0400] {subprocess.py:93} INFO - Start of spark session
[2023-03-27T22:16:27.729-0400] {subprocess.py:93} INFO - Start of spark session
[2023-03-27T22:16:27.729-0400] {subprocess.py:93} INFO - root
[2023-03-27T22:16:27.729-0400] {subprocess.py:93} INFO -  |-- _corrupt_record: string (nullable = true)
[2023-03-27T22:16:27.729-0400] {subprocess.py:93} INFO -  |-- api_version: string (nullable = true)
[2023-03-27T22:16:27.729-0400] {subprocess.py:93} INFO -  |-- data_time_stamp: long (nullable = true)
[2023-03-27T22:16:27.730-0400] {subprocess.py:93} INFO -  |-- sensor: struct (nullable = true)
[2023-03-27T22:16:27.730-0400] {subprocess.py:93} INFO -  |    |-- 0.3_um_count: long (nullable = true)
[2023-03-27T22:16:27.730-0400] {subprocess.py:93} INFO -  |    |-- 0.3_um_count_a: long (nullable = true)
[2023-03-27T22:16:27.730-0400] {subprocess.py:93} INFO -  |    |-- 0.3_um_count_b: long (nullable = true)
[2023-03-27T22:16:27.730-0400] {subprocess.py:93} INFO -  |    |-- 0.5_um_count: long (nullable = true)
[2023-03-27T22:16:27.731-0400] {subprocess.py:93} INFO -  |    |-- 0.5_um_count_a: long (nullable = true)
[2023-03-27T22:16:27.731-0400] {subprocess.py:93} INFO -  |    |-- 0.5_um_count_b: long (nullable = true)
[2023-03-27T22:16:27.731-0400] {subprocess.py:93} INFO -  |    |-- 1.0_um_count: long (nullable = true)
[2023-03-27T22:16:27.731-0400] {subprocess.py:93} INFO -  |    |-- 1.0_um_count_a: long (nullable = true)
[2023-03-27T22:16:27.731-0400] {subprocess.py:93} INFO -  |    |-- 1.0_um_count_b: long (nullable = true)
[2023-03-27T22:16:27.732-0400] {subprocess.py:93} INFO -  |    |-- 10.0_um_count: long (nullable = true)
[2023-03-27T22:16:27.732-0400] {subprocess.py:93} INFO -  |    |-- 10.0_um_count_a: long (nullable = true)
[2023-03-27T22:16:27.732-0400] {subprocess.py:93} INFO -  |    |-- 10.0_um_count_b: long (nullable = true)
[2023-03-27T22:16:27.732-0400] {subprocess.py:93} INFO -  |    |-- 2.5_um_count: long (nullable = true)
[2023-03-27T22:16:27.732-0400] {subprocess.py:93} INFO -  |    |-- 2.5_um_count_a: long (nullable = true)
[2023-03-27T22:16:27.733-0400] {subprocess.py:93} INFO -  |    |-- 2.5_um_count_b: long (nullable = true)
[2023-03-27T22:16:27.733-0400] {subprocess.py:93} INFO -  |    |-- 5.0_um_count: long (nullable = true)
[2023-03-27T22:16:27.733-0400] {subprocess.py:93} INFO -  |    |-- 5.0_um_count_a: long (nullable = true)
[2023-03-27T22:16:27.733-0400] {subprocess.py:93} INFO -  |    |-- 5.0_um_count_b: long (nullable = true)
[2023-03-27T22:16:27.733-0400] {subprocess.py:93} INFO -  |    |-- altitude: long (nullable = true)
[2023-03-27T22:16:27.734-0400] {subprocess.py:93} INFO -  |    |-- analog_input: double (nullable = true)
[2023-03-27T22:16:27.734-0400] {subprocess.py:93} INFO -  |    |-- channel_flags: long (nullable = true)
[2023-03-27T22:16:27.734-0400] {subprocess.py:93} INFO -  |    |-- channel_flags_auto: long (nullable = true)
[2023-03-27T22:16:27.734-0400] {subprocess.py:93} INFO -  |    |-- channel_flags_manual: long (nullable = true)
[2023-03-27T22:16:27.734-0400] {subprocess.py:93} INFO -  |    |-- channel_state: long (nullable = true)
[2023-03-27T22:16:27.735-0400] {subprocess.py:93} INFO -  |    |-- confidence: long (nullable = true)
[2023-03-27T22:16:27.735-0400] {subprocess.py:93} INFO -  |    |-- confidence_auto: long (nullable = true)
[2023-03-27T22:16:27.735-0400] {subprocess.py:93} INFO -  |    |-- confidence_manual: long (nullable = true)
[2023-03-27T22:16:27.735-0400] {subprocess.py:93} INFO -  |    |-- date_created: long (nullable = true)
[2023-03-27T22:16:27.735-0400] {subprocess.py:93} INFO -  |    |-- deciviews: double (nullable = true)
[2023-03-27T22:16:27.735-0400] {subprocess.py:93} INFO -  |    |-- deciviews_a: double (nullable = true)
[2023-03-27T22:16:27.736-0400] {subprocess.py:93} INFO -  |    |-- deciviews_b: double (nullable = true)
[2023-03-27T22:16:27.736-0400] {subprocess.py:93} INFO -  |    |-- firmware_version: string (nullable = true)
[2023-03-27T22:16:27.736-0400] {subprocess.py:93} INFO -  |    |-- hardware: string (nullable = true)
[2023-03-27T22:16:27.736-0400] {subprocess.py:93} INFO -  |    |-- humidity: long (nullable = true)
[2023-03-27T22:16:27.736-0400] {subprocess.py:93} INFO -  |    |-- humidity_a: long (nullable = true)
[2023-03-27T22:16:27.737-0400] {subprocess.py:93} INFO -  |    |-- icon: long (nullable = true)
[2023-03-27T22:16:27.737-0400] {subprocess.py:93} INFO -  |    |-- is_owner: long (nullable = true)
[2023-03-27T22:16:27.737-0400] {subprocess.py:93} INFO -  |    |-- last_modified: long (nullable = true)
[2023-03-27T22:16:27.737-0400] {subprocess.py:93} INFO -  |    |-- last_seen: long (nullable = true)
[2023-03-27T22:16:27.737-0400] {subprocess.py:93} INFO -  |    |-- latitude: double (nullable = true)
[2023-03-27T22:16:27.738-0400] {subprocess.py:93} INFO -  |    |-- led_brightness: long (nullable = true)
[2023-03-27T22:16:27.738-0400] {subprocess.py:93} INFO -  |    |-- location_type: long (nullable = true)
[2023-03-27T22:16:27.738-0400] {subprocess.py:93} INFO -  |    |-- longitude: double (nullable = true)
[2023-03-27T22:16:27.738-0400] {subprocess.py:93} INFO -  |    |-- memory: long (nullable = true)
[2023-03-27T22:16:27.738-0400] {subprocess.py:93} INFO -  |    |-- model: string (nullable = true)
[2023-03-27T22:16:27.739-0400] {subprocess.py:93} INFO -  |    |-- name: string (nullable = true)
[2023-03-27T22:16:27.739-0400] {subprocess.py:93} INFO -  |    |-- pa_latency: long (nullable = true)
[2023-03-27T22:16:27.739-0400] {subprocess.py:93} INFO -  |    |-- pm1.0: double (nullable = true)
[2023-03-27T22:16:27.739-0400] {subprocess.py:93} INFO -  |    |-- pm1.0_a: double (nullable = true)
[2023-03-27T22:16:27.739-0400] {subprocess.py:93} INFO -  |    |-- pm1.0_atm: double (nullable = true)
[2023-03-27T22:16:27.739-0400] {subprocess.py:93} INFO -  |    |-- pm1.0_atm_a: double (nullable = true)
[2023-03-27T22:16:27.740-0400] {subprocess.py:93} INFO -  |    |-- pm1.0_atm_b: double (nullable = true)
[2023-03-27T22:16:27.740-0400] {subprocess.py:93} INFO -  |    |-- pm1.0_b: double (nullable = true)
[2023-03-27T22:16:27.740-0400] {subprocess.py:93} INFO -  |    |-- pm1.0_cf_1: double (nullable = true)
[2023-03-27T22:16:27.740-0400] {subprocess.py:93} INFO -  |    |-- pm1.0_cf_1_a: double (nullable = true)
[2023-03-27T22:16:27.740-0400] {subprocess.py:93} INFO -  |    |-- pm1.0_cf_1_b: double (nullable = true)
[2023-03-27T22:16:27.741-0400] {subprocess.py:93} INFO -  |    |-- pm10.0: double (nullable = true)
[2023-03-27T22:16:27.741-0400] {subprocess.py:93} INFO -  |    |-- pm10.0_a: double (nullable = true)
[2023-03-27T22:16:27.741-0400] {subprocess.py:93} INFO -  |    |-- pm10.0_atm: double (nullable = true)
[2023-03-27T22:16:27.741-0400] {subprocess.py:93} INFO -  |    |-- pm10.0_atm_a: double (nullable = true)
[2023-03-27T22:16:27.741-0400] {subprocess.py:93} INFO -  |    |-- pm10.0_atm_b: double (nullable = true)
[2023-03-27T22:16:27.742-0400] {subprocess.py:93} INFO -  |    |-- pm10.0_b: double (nullable = true)
[2023-03-27T22:16:27.742-0400] {subprocess.py:93} INFO -  |    |-- pm10.0_cf_1: double (nullable = true)
[2023-03-27T22:16:27.742-0400] {subprocess.py:93} INFO -  |    |-- pm10.0_cf_1_a: double (nullable = true)
[2023-03-27T22:16:27.742-0400] {subprocess.py:93} INFO -  |    |-- pm10.0_cf_1_b: double (nullable = true)
[2023-03-27T22:16:27.742-0400] {subprocess.py:93} INFO -  |    |-- pm2.5: double (nullable = true)
[2023-03-27T22:16:27.743-0400] {subprocess.py:93} INFO -  |    |-- pm2.5_a: double (nullable = true)
[2023-03-27T22:16:27.743-0400] {subprocess.py:93} INFO -  |    |-- pm2.5_alt: double (nullable = true)
[2023-03-27T22:16:27.743-0400] {subprocess.py:93} INFO -  |    |-- pm2.5_alt_a: double (nullable = true)
[2023-03-27T22:16:27.743-0400] {subprocess.py:93} INFO -  |    |-- pm2.5_alt_b: double (nullable = true)
[2023-03-27T22:16:27.743-0400] {subprocess.py:93} INFO -  |    |-- pm2.5_atm: double (nullable = true)
[2023-03-27T22:16:27.744-0400] {subprocess.py:93} INFO -  |    |-- pm2.5_atm_a: double (nullable = true)
[2023-03-27T22:16:27.744-0400] {subprocess.py:93} INFO -  |    |-- pm2.5_atm_b: double (nullable = true)
[2023-03-27T22:16:27.744-0400] {subprocess.py:93} INFO -  |    |-- pm2.5_b: double (nullable = true)
[2023-03-27T22:16:27.744-0400] {subprocess.py:93} INFO -  |    |-- pm2.5_cf_1: double (nullable = true)
[2023-03-27T22:16:27.744-0400] {subprocess.py:93} INFO -  |    |-- pm2.5_cf_1_a: double (nullable = true)
[2023-03-27T22:16:27.744-0400] {subprocess.py:93} INFO -  |    |-- pm2.5_cf_1_b: double (nullable = true)
[2023-03-27T22:16:27.745-0400] {subprocess.py:93} INFO -  |    |-- position_rating: long (nullable = true)
[2023-03-27T22:16:27.745-0400] {subprocess.py:93} INFO -  |    |-- pressure: double (nullable = true)
[2023-03-27T22:16:27.745-0400] {subprocess.py:93} INFO -  |    |-- pressure_a: double (nullable = true)
[2023-03-27T22:16:27.745-0400] {subprocess.py:93} INFO -  |    |-- primary_id_a: long (nullable = true)
[2023-03-27T22:16:27.745-0400] {subprocess.py:93} INFO -  |    |-- primary_id_b: long (nullable = true)
[2023-03-27T22:16:27.746-0400] {subprocess.py:93} INFO -  |    |-- primary_key_a: string (nullable = true)
[2023-03-27T22:16:27.746-0400] {subprocess.py:93} INFO -  |    |-- primary_key_b: string (nullable = true)
[2023-03-27T22:16:27.746-0400] {subprocess.py:93} INFO -  |    |-- private: long (nullable = true)
[2023-03-27T22:16:27.746-0400] {subprocess.py:93} INFO -  |    |-- rssi: long (nullable = true)
[2023-03-27T22:16:27.746-0400] {subprocess.py:93} INFO -  |    |-- scattering_coefficient: double (nullable = true)
[2023-03-27T22:16:27.747-0400] {subprocess.py:93} INFO -  |    |-- scattering_coefficient_a: double (nullable = true)
[2023-03-27T22:16:27.747-0400] {subprocess.py:93} INFO -  |    |-- scattering_coefficient_b: double (nullable = true)
[2023-03-27T22:16:27.747-0400] {subprocess.py:93} INFO -  |    |-- secondary_id_a: long (nullable = true)
[2023-03-27T22:16:27.747-0400] {subprocess.py:93} INFO -  |    |-- secondary_id_b: long (nullable = true)
[2023-03-27T22:16:27.747-0400] {subprocess.py:93} INFO -  |    |-- secondary_key_a: string (nullable = true)
[2023-03-27T22:16:27.748-0400] {subprocess.py:93} INFO -  |    |-- secondary_key_b: string (nullable = true)
[2023-03-27T22:16:27.748-0400] {subprocess.py:93} INFO -  |    |-- sensor_index: long (nullable = true)
[2023-03-27T22:16:27.748-0400] {subprocess.py:93} INFO -  |    |-- stats: struct (nullable = true)
[2023-03-27T22:16:27.748-0400] {subprocess.py:93} INFO -  |    |    |-- pm2.5: double (nullable = true)
[2023-03-27T22:16:27.748-0400] {subprocess.py:93} INFO -  |    |    |-- pm2.5_10minute: double (nullable = true)
[2023-03-27T22:16:27.749-0400] {subprocess.py:93} INFO -  |    |    |-- pm2.5_1week: double (nullable = true)
[2023-03-27T22:16:27.749-0400] {subprocess.py:93} INFO -  |    |    |-- pm2.5_24hour: double (nullable = true)
[2023-03-27T22:16:27.749-0400] {subprocess.py:93} INFO -  |    |    |-- pm2.5_30minute: double (nullable = true)
[2023-03-27T22:16:27.749-0400] {subprocess.py:93} INFO -  |    |    |-- pm2.5_60minute: double (nullable = true)
[2023-03-27T22:16:27.749-0400] {subprocess.py:93} INFO -  |    |    |-- pm2.5_6hour: double (nullable = true)
[2023-03-27T22:16:27.750-0400] {subprocess.py:93} INFO -  |    |    |-- time_stamp: long (nullable = true)
[2023-03-27T22:16:27.750-0400] {subprocess.py:93} INFO -  |    |-- stats_a: struct (nullable = true)
[2023-03-27T22:16:27.750-0400] {subprocess.py:93} INFO -  |    |    |-- pm2.5: double (nullable = true)
[2023-03-27T22:16:27.750-0400] {subprocess.py:93} INFO -  |    |    |-- pm2.5_10minute: double (nullable = true)
[2023-03-27T22:16:27.750-0400] {subprocess.py:93} INFO -  |    |    |-- pm2.5_1week: double (nullable = true)
[2023-03-27T22:16:27.750-0400] {subprocess.py:93} INFO -  |    |    |-- pm2.5_24hour: double (nullable = true)
[2023-03-27T22:16:27.751-0400] {subprocess.py:93} INFO -  |    |    |-- pm2.5_30minute: double (nullable = true)
[2023-03-27T22:16:27.751-0400] {subprocess.py:93} INFO -  |    |    |-- pm2.5_60minute: double (nullable = true)
[2023-03-27T22:16:27.751-0400] {subprocess.py:93} INFO -  |    |    |-- pm2.5_6hour: double (nullable = true)
[2023-03-27T22:16:27.751-0400] {subprocess.py:93} INFO -  |    |    |-- time_stamp: long (nullable = true)
[2023-03-27T22:16:27.751-0400] {subprocess.py:93} INFO -  |    |-- stats_b: struct (nullable = true)
[2023-03-27T22:16:27.752-0400] {subprocess.py:93} INFO -  |    |    |-- pm2.5: double (nullable = true)
[2023-03-27T22:16:27.752-0400] {subprocess.py:93} INFO -  |    |    |-- pm2.5_10minute: double (nullable = true)
[2023-03-27T22:16:27.752-0400] {subprocess.py:93} INFO -  |    |    |-- pm2.5_1week: double (nullable = true)
[2023-03-27T22:16:27.752-0400] {subprocess.py:93} INFO -  |    |    |-- pm2.5_24hour: double (nullable = true)
[2023-03-27T22:16:27.752-0400] {subprocess.py:93} INFO -  |    |    |-- pm2.5_30minute: double (nullable = true)
[2023-03-27T22:16:27.753-0400] {subprocess.py:93} INFO -  |    |    |-- pm2.5_60minute: double (nullable = true)
[2023-03-27T22:16:27.753-0400] {subprocess.py:93} INFO -  |    |    |-- pm2.5_6hour: double (nullable = true)
[2023-03-27T22:16:27.753-0400] {subprocess.py:93} INFO -  |    |    |-- time_stamp: long (nullable = true)
[2023-03-27T22:16:27.753-0400] {subprocess.py:93} INFO -  |    |-- temperature: long (nullable = true)
[2023-03-27T22:16:27.753-0400] {subprocess.py:93} INFO -  |    |-- temperature_a: long (nullable = true)
[2023-03-27T22:16:27.754-0400] {subprocess.py:93} INFO -  |    |-- uptime: long (nullable = true)
[2023-03-27T22:16:27.754-0400] {subprocess.py:93} INFO -  |    |-- visual_range: double (nullable = true)
[2023-03-27T22:16:27.754-0400] {subprocess.py:93} INFO -  |    |-- visual_range_a: double (nullable = true)
[2023-03-27T22:16:27.754-0400] {subprocess.py:93} INFO -  |    |-- visual_range_b: double (nullable = true)
[2023-03-27T22:16:27.754-0400] {subprocess.py:93} INFO -  |-- time_stamp: long (nullable = true)
[2023-03-27T22:16:27.755-0400] {subprocess.py:93} INFO - 
[2023-03-27T22:16:27.755-0400] {subprocess.py:93} INFO - +--------------------+--------------+---------------+--------------------+----------+
[2023-03-27T22:16:27.755-0400] {subprocess.py:93} INFO - |     _corrupt_record|   api_version|data_time_stamp|              sensor|time_stamp|
[2023-03-27T22:16:27.755-0400] {subprocess.py:93} INFO - +--------------------+--------------+---------------+--------------------+----------+
[2023-03-27T22:16:27.755-0400] {subprocess.py:93} INFO - |                null|V1.0.11-0.0.42|     1679969702|[2467, 2562, 2373...|1679969747|
[2023-03-27T22:16:27.756-0400] {subprocess.py:93} INFO - |                null|V1.0.11-0.0.42|     1679969707|[3224, 3304, 3145...|1679969748|
[2023-03-27T22:16:27.756-0400] {subprocess.py:93} INFO - |                null|V1.0.11-0.0.42|     1679969734|[2690, 2308, 3073...|1679969750|
[2023-03-27T22:16:27.756-0400] {subprocess.py:93} INFO - |                null|V1.0.11-0.0.42|     1679969702|[2923, 2756, 3091...|1679969751|
[2023-03-27T22:16:27.756-0400] {subprocess.py:93} INFO - |                null|V1.0.11-0.0.42|     1679969734|[3370, 3423, 3317...|1679969752|
[2023-03-27T22:16:27.757-0400] {subprocess.py:93} INFO - |                null|V1.0.11-0.0.42|     1679969734|[954, 954, 26135,...|1679969754|
[2023-03-27T22:16:27.757-0400] {subprocess.py:93} INFO - |                null|V1.0.11-0.0.42|     1679969734|[4088, 4125, 4052...|1679969755|
[2023-03-27T22:16:27.757-0400] {subprocess.py:93} INFO - |                null|V1.0.11-0.0.42|     1679969734|[266, 278, 255, 2...|1679969757|
[2023-03-27T22:16:27.757-0400] {subprocess.py:93} INFO - |                null|V1.0.11-0.0.42|     1679969728|[4289, 3940, 4638...|1679969758|
[2023-03-27T22:16:27.757-0400] {subprocess.py:93} INFO - |                null|V1.0.11-0.0.42|     1679969707|[498, 498, 2701, ...|1679969759|
[2023-03-27T22:16:27.758-0400] {subprocess.py:93} INFO - |                null|V1.0.11-0.0.42|     1679969733|[1122, 1065, 1179...|1679969761|
[2023-03-27T22:16:27.758-0400] {subprocess.py:93} INFO - |                null|V1.0.11-0.0.42|     1679969702|[3444, 3412, 3476...|1679969762|
[2023-03-27T22:16:27.758-0400] {subprocess.py:93} INFO - |                null|V1.0.11-0.0.42|     1679969733|[4289, 3940, 4638...|1679969764|
[2023-03-27T22:16:27.758-0400] {subprocess.py:93} INFO - |{'api_version': '...|          null|           null|                null|      null|
[2023-03-27T22:16:27.758-0400] {subprocess.py:93} INFO - |                null|V1.0.11-0.0.42|     1679969734|[3738, 3549, 3927...|1679969767|
[2023-03-27T22:16:27.759-0400] {subprocess.py:93} INFO - |                null|V1.0.11-0.0.42|     1679969733|[4240, 4408, 4073...|1679969768|
[2023-03-27T22:16:27.759-0400] {subprocess.py:93} INFO - +--------------------+--------------+---------------+--------------------+----------+
[2023-03-27T22:16:27.759-0400] {subprocess.py:93} INFO - 
[2023-03-27T22:16:27.759-0400] {subprocess.py:93} INFO - +------------+---------+----------+--------+-----------+-----------+----------+-------------+
[2023-03-27T22:16:27.759-0400] {subprocess.py:93} INFO - |sensor_index| latitude| longitude|pressure|pm2.5_atm_a|pm2.5_atm_b|humidity_a|temperature_a|
[2023-03-27T22:16:27.760-0400] {subprocess.py:93} INFO - +------------+---------+----------+--------+-----------+-----------+----------+-------------+
[2023-03-27T22:16:27.760-0400] {subprocess.py:93} INFO - |      128679|40.070442| -83.01968|  642.66|       24.9|      25.62|        51|           72|
[2023-03-27T22:16:27.760-0400] {subprocess.py:93} INFO - |       42145|40.045116|  -82.9947|  990.74|      36.59|      32.59|        59|           50|
[2023-03-27T22:16:27.760-0400] {subprocess.py:93} INFO - |      103092| 40.10328| -83.04084|  992.11|      34.24|      29.93|        60|           49|
[2023-03-27T22:16:27.760-0400] {subprocess.py:93} INFO - |       33861|40.021294|-82.990456|  990.69|      37.11|      32.69|        64|           49|
[2023-03-27T22:16:27.761-0400] {subprocess.py:93} INFO - |       72009|40.057014| -83.00535|  990.95|      31.02|      28.95|        61|           48|
[2023-03-27T22:16:27.761-0400] {subprocess.py:93} INFO - |      149716|39.974773| -82.88287|  987.55|       7.08|     179.72|        35|           56|
[2023-03-27T22:16:27.761-0400] {subprocess.py:93} INFO - |      147691|39.962215| -83.07883|  992.66|      39.69|      35.58|       100|           44|
[2023-03-27T22:16:27.761-0400] {subprocess.py:93} INFO - |      120351|40.170296| -82.77792|  986.33|       1.39|       1.04|        31|           42|
[2023-03-27T22:16:27.761-0400] {subprocess.py:93} INFO - |      158823|39.878136| -83.08927|  991.89|      37.09|       42.0|        61|           52|
[2023-03-27T22:16:27.761-0400] {subprocess.py:93} INFO - |      142906|39.839783| -83.07625|    null|       3.51|      23.19|      null|         null|
[2023-03-27T22:16:27.762-0400] {subprocess.py:93} INFO - |      133099| 40.00742| -83.05926|  991.83|      30.28|      31.16|        59|           51|
[2023-03-27T22:16:27.762-0400] {subprocess.py:93} INFO - |      103358|40.030293| -83.02833|  994.12|      33.11|      34.26|        64|           48|
[2023-03-27T22:16:27.763-0400] {subprocess.py:93} INFO - |      158823|39.878136| -83.08927|  991.89|      37.09|       42.0|        61|           52|
[2023-03-27T22:16:27.763-0400] {subprocess.py:93} INFO - |        null|     null|      null|    null|       null|       null|      null|         null|
[2023-03-27T22:16:27.763-0400] {subprocess.py:93} INFO - |      128591|39.933132| -82.96611|  995.06|      38.53|      40.09|        65|           50|
[2023-03-27T22:16:27.763-0400] {subprocess.py:93} INFO - |      131379| 39.96028|-83.006294|  996.41|      39.85|      38.84|        56|           52|
[2023-03-27T22:16:27.763-0400] {subprocess.py:93} INFO - +------------+---------+----------+--------+-----------+-----------+----------+-------------+
[2023-03-27T22:16:27.764-0400] {subprocess.py:93} INFO - 
[2023-03-27T22:16:27.764-0400] {subprocess.py:93} INFO - +------------+---------+----------+--------+-----------+-----------+----------+-------------+
[2023-03-27T22:16:27.764-0400] {subprocess.py:93} INFO - |sensor_index| latitude| longitude|pressure|pm2_5_atm_a|pm2_5_atm_b|humidity_a|temperature_a|
[2023-03-27T22:16:27.764-0400] {subprocess.py:93} INFO - +------------+---------+----------+--------+-----------+-----------+----------+-------------+
[2023-03-27T22:16:27.764-0400] {subprocess.py:93} INFO - |      128679|40.070442| -83.01968|  642.66|       24.9|      25.62|        51|           72|
[2023-03-27T22:16:27.765-0400] {subprocess.py:93} INFO - |       42145|40.045116|  -82.9947|  990.74|      36.59|      32.59|        59|           50|
[2023-03-27T22:16:27.765-0400] {subprocess.py:93} INFO - |      103092| 40.10328| -83.04084|  992.11|      34.24|      29.93|        60|           49|
[2023-03-27T22:16:27.765-0400] {subprocess.py:93} INFO - |       33861|40.021294|-82.990456|  990.69|      37.11|      32.69|        64|           49|
[2023-03-27T22:16:27.765-0400] {subprocess.py:93} INFO - |       72009|40.057014| -83.00535|  990.95|      31.02|      28.95|        61|           48|
[2023-03-27T22:16:27.765-0400] {subprocess.py:93} INFO - |      149716|39.974773| -82.88287|  987.55|       7.08|     179.72|        35|           56|
[2023-03-27T22:16:27.766-0400] {subprocess.py:93} INFO - |      147691|39.962215| -83.07883|  992.66|      39.69|      35.58|       100|           44|
[2023-03-27T22:16:27.766-0400] {subprocess.py:93} INFO - |      120351|40.170296| -82.77792|  986.33|       1.39|       1.04|        31|           42|
[2023-03-27T22:16:27.766-0400] {subprocess.py:93} INFO - |      158823|39.878136| -83.08927|  991.89|      37.09|       42.0|        61|           52|
[2023-03-27T22:16:27.766-0400] {subprocess.py:93} INFO - |      142906|39.839783| -83.07625|    null|       3.51|      23.19|      null|         null|
[2023-03-27T22:16:27.766-0400] {subprocess.py:93} INFO - |      133099| 40.00742| -83.05926|  991.83|      30.28|      31.16|        59|           51|
[2023-03-27T22:16:27.767-0400] {subprocess.py:93} INFO - |      103358|40.030293| -83.02833|  994.12|      33.11|      34.26|        64|           48|
[2023-03-27T22:16:27.767-0400] {subprocess.py:93} INFO - |      158823|39.878136| -83.08927|  991.89|      37.09|       42.0|        61|           52|
[2023-03-27T22:16:27.767-0400] {subprocess.py:93} INFO - |        null|     null|      null|    null|       null|       null|      null|         null|
[2023-03-27T22:16:27.767-0400] {subprocess.py:93} INFO - |      128591|39.933132| -82.96611|  995.06|      38.53|      40.09|        65|           50|
[2023-03-27T22:16:27.767-0400] {subprocess.py:93} INFO - |      131379| 39.96028|-83.006294|  996.41|      39.85|      38.84|        56|           52|
[2023-03-27T22:16:27.768-0400] {subprocess.py:93} INFO - +------------+---------+----------+--------+-----------+-----------+----------+-------------+
[2023-03-27T22:16:27.768-0400] {subprocess.py:93} INFO - 
[2023-03-27T22:16:27.768-0400] {subprocess.py:93} INFO - Writing to CSV file named sensors.csv
[2023-03-27T22:16:27.768-0400] {subprocess.py:93} INFO - End of spark session
[2023-03-27T22:16:28.264-0400] {subprocess.py:97} INFO - Command exited with return code 0
[2023-03-27T22:16:28.284-0400] {taskinstance.py:1326} INFO - Marking task as SUCCESS. dag_id=air_quality_pipeline, task_id=run_consumer, execution_date=20230328T021543, start_date=20230328T021611, end_date=20230328T021628
[2023-03-27T22:16:28.310-0400] {local_task_job.py:212} INFO - Task exited with return code 0
[2023-03-27T22:16:28.326-0400] {taskinstance.py:2585} INFO - 1 downstream tasks scheduled from follow-on schedule check
