[2023-04-11T21:52:39.425-0400] {processor.py:153} INFO - Started process (PID=41212) to work on /Users/srivardhan/opt/anaconda3/envs/kafka-pipeline/lib/python3.7/site-packages/airflow/example_dags/example_branch_day_of_week_operator.py
[2023-04-11T21:52:39.426-0400] {processor.py:743} INFO - Processing file /Users/srivardhan/opt/anaconda3/envs/kafka-pipeline/lib/python3.7/site-packages/airflow/example_dags/example_branch_day_of_week_operator.py for tasks to queue
[2023-04-11T21:52:39.428-0400] {logging_mixin.py:137} INFO - [2023-04-11T21:52:39.427-0400] {dagbag.py:532} INFO - Filling up the DagBag from /Users/srivardhan/opt/anaconda3/envs/kafka-pipeline/lib/python3.7/site-packages/airflow/example_dags/example_branch_day_of_week_operator.py
[2023-04-11T21:52:39.441-0400] {processor.py:753} INFO - DAG(s) dict_keys(['example_weekday_branch_operator']) retrieved from /Users/srivardhan/opt/anaconda3/envs/kafka-pipeline/lib/python3.7/site-packages/airflow/example_dags/example_branch_day_of_week_operator.py
[2023-04-11T21:52:39.459-0400] {logging_mixin.py:137} INFO - [2023-04-11T21:52:39.459-0400] {dag.py:2693} INFO - Sync 1 DAGs
[2023-04-11T21:52:39.474-0400] {logging_mixin.py:137} INFO - [2023-04-11T21:52:39.473-0400] {dag.py:3444} INFO - Setting next_dagrun for example_weekday_branch_operator to 2023-04-11T00:00:00+00:00, run_after=2023-04-12T00:00:00+00:00
[2023-04-11T21:52:39.484-0400] {processor.py:175} INFO - Processing /Users/srivardhan/opt/anaconda3/envs/kafka-pipeline/lib/python3.7/site-packages/airflow/example_dags/example_branch_day_of_week_operator.py took 0.064 seconds
[2023-04-11T22:27:25.045-0400] {processor.py:153} INFO - Started process (PID=41372) to work on /Users/srivardhan/opt/anaconda3/envs/kafka-pipeline/lib/python3.7/site-packages/airflow/example_dags/example_branch_day_of_week_operator.py
[2023-04-11T22:27:25.047-0400] {processor.py:743} INFO - Processing file /Users/srivardhan/opt/anaconda3/envs/kafka-pipeline/lib/python3.7/site-packages/airflow/example_dags/example_branch_day_of_week_operator.py for tasks to queue
[2023-04-11T22:27:25.048-0400] {logging_mixin.py:137} INFO - [2023-04-11T22:27:25.048-0400] {dagbag.py:532} INFO - Filling up the DagBag from /Users/srivardhan/opt/anaconda3/envs/kafka-pipeline/lib/python3.7/site-packages/airflow/example_dags/example_branch_day_of_week_operator.py
[2023-04-11T22:27:25.060-0400] {processor.py:753} INFO - DAG(s) dict_keys(['example_weekday_branch_operator']) retrieved from /Users/srivardhan/opt/anaconda3/envs/kafka-pipeline/lib/python3.7/site-packages/airflow/example_dags/example_branch_day_of_week_operator.py
[2023-04-11T22:27:25.077-0400] {logging_mixin.py:137} INFO - [2023-04-11T22:27:25.077-0400] {dag.py:2693} INFO - Sync 1 DAGs
[2023-04-11T22:27:25.090-0400] {logging_mixin.py:137} INFO - [2023-04-11T22:27:25.090-0400] {dag.py:3444} INFO - Setting next_dagrun for example_weekday_branch_operator to 2023-04-11T00:00:00+00:00, run_after=2023-04-12T00:00:00+00:00
[2023-04-11T22:27:25.101-0400] {processor.py:175} INFO - Processing /Users/srivardhan/opt/anaconda3/envs/kafka-pipeline/lib/python3.7/site-packages/airflow/example_dags/example_branch_day_of_week_operator.py took 0.061 seconds
[2023-04-11T23:01:31.698-0400] {processor.py:153} INFO - Started process (PID=41590) to work on /Users/srivardhan/opt/anaconda3/envs/kafka-pipeline/lib/python3.7/site-packages/airflow/example_dags/example_branch_day_of_week_operator.py
[2023-04-11T23:01:31.699-0400] {processor.py:743} INFO - Processing file /Users/srivardhan/opt/anaconda3/envs/kafka-pipeline/lib/python3.7/site-packages/airflow/example_dags/example_branch_day_of_week_operator.py for tasks to queue
[2023-04-11T23:01:31.700-0400] {logging_mixin.py:137} INFO - [2023-04-11T23:01:31.700-0400] {dagbag.py:532} INFO - Filling up the DagBag from /Users/srivardhan/opt/anaconda3/envs/kafka-pipeline/lib/python3.7/site-packages/airflow/example_dags/example_branch_day_of_week_operator.py
[2023-04-11T23:01:31.707-0400] {processor.py:753} INFO - DAG(s) dict_keys(['example_weekday_branch_operator']) retrieved from /Users/srivardhan/opt/anaconda3/envs/kafka-pipeline/lib/python3.7/site-packages/airflow/example_dags/example_branch_day_of_week_operator.py
[2023-04-11T23:01:31.720-0400] {logging_mixin.py:137} INFO - [2023-04-11T23:01:31.719-0400] {dag.py:2693} INFO - Sync 1 DAGs
[2023-04-11T23:01:31.733-0400] {logging_mixin.py:137} INFO - [2023-04-11T23:01:31.732-0400] {dag.py:3444} INFO - Setting next_dagrun for example_weekday_branch_operator to 2023-04-11T00:00:00+00:00, run_after=2023-04-12T00:00:00+00:00
[2023-04-11T23:01:31.744-0400] {processor.py:175} INFO - Processing /Users/srivardhan/opt/anaconda3/envs/kafka-pipeline/lib/python3.7/site-packages/airflow/example_dags/example_branch_day_of_week_operator.py took 0.048 seconds
[2023-04-11T23:10:21.054-0400] {processor.py:153} INFO - Started process (PID=41706) to work on /Users/srivardhan/opt/anaconda3/envs/kafka-pipeline/lib/python3.7/site-packages/airflow/example_dags/example_branch_day_of_week_operator.py
[2023-04-11T23:10:21.056-0400] {processor.py:743} INFO - Processing file /Users/srivardhan/opt/anaconda3/envs/kafka-pipeline/lib/python3.7/site-packages/airflow/example_dags/example_branch_day_of_week_operator.py for tasks to queue
[2023-04-11T23:10:21.057-0400] {logging_mixin.py:137} INFO - [2023-04-11T23:10:21.057-0400] {dagbag.py:532} INFO - Filling up the DagBag from /Users/srivardhan/opt/anaconda3/envs/kafka-pipeline/lib/python3.7/site-packages/airflow/example_dags/example_branch_day_of_week_operator.py
[2023-04-11T23:10:21.068-0400] {processor.py:753} INFO - DAG(s) dict_keys(['example_weekday_branch_operator']) retrieved from /Users/srivardhan/opt/anaconda3/envs/kafka-pipeline/lib/python3.7/site-packages/airflow/example_dags/example_branch_day_of_week_operator.py
[2023-04-11T23:10:21.083-0400] {logging_mixin.py:137} INFO - [2023-04-11T23:10:21.083-0400] {dag.py:2693} INFO - Sync 1 DAGs
[2023-04-11T23:10:21.096-0400] {logging_mixin.py:137} INFO - [2023-04-11T23:10:21.096-0400] {dag.py:3444} INFO - Setting next_dagrun for example_weekday_branch_operator to 2023-04-11T00:00:00+00:00, run_after=2023-04-12T00:00:00+00:00
[2023-04-11T23:10:21.107-0400] {processor.py:175} INFO - Processing /Users/srivardhan/opt/anaconda3/envs/kafka-pipeline/lib/python3.7/site-packages/airflow/example_dags/example_branch_day_of_week_operator.py took 0.056 seconds
[2023-04-11T23:11:04.627-0400] {processor.py:153} INFO - Started process (PID=41838) to work on /Users/srivardhan/opt/anaconda3/envs/kafka-pipeline/lib/python3.7/site-packages/airflow/example_dags/example_branch_day_of_week_operator.py
[2023-04-11T23:11:04.628-0400] {processor.py:743} INFO - Processing file /Users/srivardhan/opt/anaconda3/envs/kafka-pipeline/lib/python3.7/site-packages/airflow/example_dags/example_branch_day_of_week_operator.py for tasks to queue
[2023-04-11T23:11:04.630-0400] {logging_mixin.py:137} INFO - [2023-04-11T23:11:04.629-0400] {dagbag.py:532} INFO - Filling up the DagBag from /Users/srivardhan/opt/anaconda3/envs/kafka-pipeline/lib/python3.7/site-packages/airflow/example_dags/example_branch_day_of_week_operator.py
[2023-04-11T23:11:04.641-0400] {processor.py:753} INFO - DAG(s) dict_keys(['example_weekday_branch_operator']) retrieved from /Users/srivardhan/opt/anaconda3/envs/kafka-pipeline/lib/python3.7/site-packages/airflow/example_dags/example_branch_day_of_week_operator.py
[2023-04-11T23:11:04.659-0400] {logging_mixin.py:137} INFO - [2023-04-11T23:11:04.658-0400] {dag.py:2693} INFO - Sync 1 DAGs
[2023-04-11T23:11:04.672-0400] {logging_mixin.py:137} INFO - [2023-04-11T23:11:04.672-0400] {dag.py:3444} INFO - Setting next_dagrun for example_weekday_branch_operator to 2023-04-11T00:00:00+00:00, run_after=2023-04-12T00:00:00+00:00
[2023-04-11T23:11:04.683-0400] {processor.py:175} INFO - Processing /Users/srivardhan/opt/anaconda3/envs/kafka-pipeline/lib/python3.7/site-packages/airflow/example_dags/example_branch_day_of_week_operator.py took 0.061 seconds
[2023-04-11T23:11:58.020-0400] {processor.py:153} INFO - Started process (PID=41959) to work on /Users/srivardhan/opt/anaconda3/envs/kafka-pipeline/lib/python3.7/site-packages/airflow/example_dags/example_branch_day_of_week_operator.py
[2023-04-11T23:11:58.022-0400] {processor.py:743} INFO - Processing file /Users/srivardhan/opt/anaconda3/envs/kafka-pipeline/lib/python3.7/site-packages/airflow/example_dags/example_branch_day_of_week_operator.py for tasks to queue
[2023-04-11T23:11:58.024-0400] {logging_mixin.py:137} INFO - [2023-04-11T23:11:58.023-0400] {dagbag.py:532} INFO - Filling up the DagBag from /Users/srivardhan/opt/anaconda3/envs/kafka-pipeline/lib/python3.7/site-packages/airflow/example_dags/example_branch_day_of_week_operator.py
[2023-04-11T23:11:58.036-0400] {processor.py:753} INFO - DAG(s) dict_keys(['example_weekday_branch_operator']) retrieved from /Users/srivardhan/opt/anaconda3/envs/kafka-pipeline/lib/python3.7/site-packages/airflow/example_dags/example_branch_day_of_week_operator.py
[2023-04-11T23:11:58.056-0400] {logging_mixin.py:137} INFO - [2023-04-11T23:11:58.056-0400] {dag.py:2693} INFO - Sync 1 DAGs
[2023-04-11T23:11:58.071-0400] {logging_mixin.py:137} INFO - [2023-04-11T23:11:58.071-0400] {dag.py:3444} INFO - Setting next_dagrun for example_weekday_branch_operator to 2023-04-11T00:00:00+00:00, run_after=2023-04-12T00:00:00+00:00
[2023-04-11T23:11:58.084-0400] {processor.py:175} INFO - Processing /Users/srivardhan/opt/anaconda3/envs/kafka-pipeline/lib/python3.7/site-packages/airflow/example_dags/example_branch_day_of_week_operator.py took 0.069 seconds
[2023-04-11T23:12:46.205-0400] {processor.py:153} INFO - Started process (PID=42183) to work on /Users/srivardhan/opt/anaconda3/envs/kafka-pipeline/lib/python3.7/site-packages/airflow/example_dags/example_branch_day_of_week_operator.py
[2023-04-11T23:12:46.208-0400] {processor.py:743} INFO - Processing file /Users/srivardhan/opt/anaconda3/envs/kafka-pipeline/lib/python3.7/site-packages/airflow/example_dags/example_branch_day_of_week_operator.py for tasks to queue
[2023-04-11T23:12:46.209-0400] {logging_mixin.py:137} INFO - [2023-04-11T23:12:46.209-0400] {dagbag.py:532} INFO - Filling up the DagBag from /Users/srivardhan/opt/anaconda3/envs/kafka-pipeline/lib/python3.7/site-packages/airflow/example_dags/example_branch_day_of_week_operator.py
[2023-04-11T23:12:46.221-0400] {processor.py:753} INFO - DAG(s) dict_keys(['example_weekday_branch_operator']) retrieved from /Users/srivardhan/opt/anaconda3/envs/kafka-pipeline/lib/python3.7/site-packages/airflow/example_dags/example_branch_day_of_week_operator.py
[2023-04-11T23:12:46.240-0400] {logging_mixin.py:137} INFO - [2023-04-11T23:12:46.239-0400] {dag.py:2693} INFO - Sync 1 DAGs
[2023-04-11T23:12:46.253-0400] {logging_mixin.py:137} INFO - [2023-04-11T23:12:46.253-0400] {dag.py:3444} INFO - Setting next_dagrun for example_weekday_branch_operator to 2023-04-11T00:00:00+00:00, run_after=2023-04-12T00:00:00+00:00
[2023-04-11T23:12:46.264-0400] {processor.py:175} INFO - Processing /Users/srivardhan/opt/anaconda3/envs/kafka-pipeline/lib/python3.7/site-packages/airflow/example_dags/example_branch_day_of_week_operator.py took 0.064 seconds
[2023-04-11T23:13:39.848-0400] {processor.py:153} INFO - Started process (PID=42299) to work on /Users/srivardhan/opt/anaconda3/envs/kafka-pipeline/lib/python3.7/site-packages/airflow/example_dags/example_branch_day_of_week_operator.py
[2023-04-11T23:13:39.850-0400] {processor.py:743} INFO - Processing file /Users/srivardhan/opt/anaconda3/envs/kafka-pipeline/lib/python3.7/site-packages/airflow/example_dags/example_branch_day_of_week_operator.py for tasks to queue
[2023-04-11T23:13:39.852-0400] {logging_mixin.py:137} INFO - [2023-04-11T23:13:39.851-0400] {dagbag.py:532} INFO - Filling up the DagBag from /Users/srivardhan/opt/anaconda3/envs/kafka-pipeline/lib/python3.7/site-packages/airflow/example_dags/example_branch_day_of_week_operator.py
[2023-04-11T23:13:39.864-0400] {processor.py:753} INFO - DAG(s) dict_keys(['example_weekday_branch_operator']) retrieved from /Users/srivardhan/opt/anaconda3/envs/kafka-pipeline/lib/python3.7/site-packages/airflow/example_dags/example_branch_day_of_week_operator.py
[2023-04-11T23:13:39.883-0400] {logging_mixin.py:137} INFO - [2023-04-11T23:13:39.883-0400] {dag.py:2693} INFO - Sync 1 DAGs
[2023-04-11T23:13:39.909-0400] {logging_mixin.py:137} INFO - [2023-04-11T23:13:39.909-0400] {dag.py:3444} INFO - Setting next_dagrun for example_weekday_branch_operator to 2023-04-11T00:00:00+00:00, run_after=2023-04-12T00:00:00+00:00
[2023-04-11T23:13:39.923-0400] {processor.py:175} INFO - Processing /Users/srivardhan/opt/anaconda3/envs/kafka-pipeline/lib/python3.7/site-packages/airflow/example_dags/example_branch_day_of_week_operator.py took 0.079 seconds
