[2023-04-11T21:52:40.592-0400] {processor.py:153} INFO - Started process (PID=41214) to work on /Users/srivardhan/opt/anaconda3/envs/kafka-pipeline/lib/python3.7/site-packages/airflow/example_dags/example_branch_datetime_operator.py
[2023-04-11T21:52:40.593-0400] {processor.py:743} INFO - Processing file /Users/srivardhan/opt/anaconda3/envs/kafka-pipeline/lib/python3.7/site-packages/airflow/example_dags/example_branch_datetime_operator.py for tasks to queue
[2023-04-11T21:52:40.595-0400] {logging_mixin.py:137} INFO - [2023-04-11T21:52:40.594-0400] {dagbag.py:532} INFO - Filling up the DagBag from /Users/srivardhan/opt/anaconda3/envs/kafka-pipeline/lib/python3.7/site-packages/airflow/example_dags/example_branch_datetime_operator.py
[2023-04-11T21:52:40.607-0400] {processor.py:753} INFO - DAG(s) dict_keys(['example_branch_datetime_operator', 'example_branch_datetime_operator_3', 'example_branch_datetime_operator_2']) retrieved from /Users/srivardhan/opt/anaconda3/envs/kafka-pipeline/lib/python3.7/site-packages/airflow/example_dags/example_branch_datetime_operator.py
[2023-04-11T21:52:40.628-0400] {logging_mixin.py:137} INFO - [2023-04-11T21:52:40.628-0400] {dag.py:2693} INFO - Sync 3 DAGs
[2023-04-11T21:52:40.642-0400] {logging_mixin.py:137} INFO - [2023-04-11T21:52:40.641-0400] {dag.py:3444} INFO - Setting next_dagrun for example_branch_datetime_operator to 2023-04-11T00:00:00+00:00, run_after=2023-04-12T00:00:00+00:00
[2023-04-11T21:52:40.644-0400] {logging_mixin.py:137} INFO - [2023-04-11T21:52:40.644-0400] {dag.py:3444} INFO - Setting next_dagrun for example_branch_datetime_operator_2 to 2023-04-11T00:00:00+00:00, run_after=2023-04-12T00:00:00+00:00
[2023-04-11T21:52:40.646-0400] {logging_mixin.py:137} INFO - [2023-04-11T21:52:40.645-0400] {dag.py:3444} INFO - Setting next_dagrun for example_branch_datetime_operator_3 to 2023-04-11T00:00:00+00:00, run_after=2023-04-12T00:00:00+00:00
[2023-04-11T21:52:40.656-0400] {processor.py:175} INFO - Processing /Users/srivardhan/opt/anaconda3/envs/kafka-pipeline/lib/python3.7/site-packages/airflow/example_dags/example_branch_datetime_operator.py took 0.068 seconds
[2023-04-11T22:27:26.215-0400] {processor.py:153} INFO - Started process (PID=41374) to work on /Users/srivardhan/opt/anaconda3/envs/kafka-pipeline/lib/python3.7/site-packages/airflow/example_dags/example_branch_datetime_operator.py
[2023-04-11T22:27:26.218-0400] {processor.py:743} INFO - Processing file /Users/srivardhan/opt/anaconda3/envs/kafka-pipeline/lib/python3.7/site-packages/airflow/example_dags/example_branch_datetime_operator.py for tasks to queue
[2023-04-11T22:27:26.220-0400] {logging_mixin.py:137} INFO - [2023-04-11T22:27:26.219-0400] {dagbag.py:532} INFO - Filling up the DagBag from /Users/srivardhan/opt/anaconda3/envs/kafka-pipeline/lib/python3.7/site-packages/airflow/example_dags/example_branch_datetime_operator.py
[2023-04-11T22:27:26.233-0400] {processor.py:753} INFO - DAG(s) dict_keys(['example_branch_datetime_operator_3', 'example_branch_datetime_operator', 'example_branch_datetime_operator_2']) retrieved from /Users/srivardhan/opt/anaconda3/envs/kafka-pipeline/lib/python3.7/site-packages/airflow/example_dags/example_branch_datetime_operator.py
[2023-04-11T22:27:26.254-0400] {logging_mixin.py:137} INFO - [2023-04-11T22:27:26.253-0400] {dag.py:2693} INFO - Sync 3 DAGs
[2023-04-11T22:27:26.266-0400] {logging_mixin.py:137} INFO - [2023-04-11T22:27:26.266-0400] {dag.py:3444} INFO - Setting next_dagrun for example_branch_datetime_operator to 2023-04-11T00:00:00+00:00, run_after=2023-04-12T00:00:00+00:00
[2023-04-11T22:27:26.269-0400] {logging_mixin.py:137} INFO - [2023-04-11T22:27:26.269-0400] {dag.py:3444} INFO - Setting next_dagrun for example_branch_datetime_operator_2 to 2023-04-11T00:00:00+00:00, run_after=2023-04-12T00:00:00+00:00
[2023-04-11T22:27:26.270-0400] {logging_mixin.py:137} INFO - [2023-04-11T22:27:26.270-0400] {dag.py:3444} INFO - Setting next_dagrun for example_branch_datetime_operator_3 to 2023-04-11T00:00:00+00:00, run_after=2023-04-12T00:00:00+00:00
[2023-04-11T22:27:26.280-0400] {processor.py:175} INFO - Processing /Users/srivardhan/opt/anaconda3/envs/kafka-pipeline/lib/python3.7/site-packages/airflow/example_dags/example_branch_datetime_operator.py took 0.070 seconds
[2023-04-11T23:01:32.864-0400] {processor.py:153} INFO - Started process (PID=41592) to work on /Users/srivardhan/opt/anaconda3/envs/kafka-pipeline/lib/python3.7/site-packages/airflow/example_dags/example_branch_datetime_operator.py
[2023-04-11T23:01:32.866-0400] {processor.py:743} INFO - Processing file /Users/srivardhan/opt/anaconda3/envs/kafka-pipeline/lib/python3.7/site-packages/airflow/example_dags/example_branch_datetime_operator.py for tasks to queue
[2023-04-11T23:01:32.866-0400] {logging_mixin.py:137} INFO - [2023-04-11T23:01:32.866-0400] {dagbag.py:532} INFO - Filling up the DagBag from /Users/srivardhan/opt/anaconda3/envs/kafka-pipeline/lib/python3.7/site-packages/airflow/example_dags/example_branch_datetime_operator.py
[2023-04-11T23:01:32.874-0400] {processor.py:753} INFO - DAG(s) dict_keys(['example_branch_datetime_operator_2', 'example_branch_datetime_operator_3', 'example_branch_datetime_operator']) retrieved from /Users/srivardhan/opt/anaconda3/envs/kafka-pipeline/lib/python3.7/site-packages/airflow/example_dags/example_branch_datetime_operator.py
[2023-04-11T23:01:32.890-0400] {logging_mixin.py:137} INFO - [2023-04-11T23:01:32.890-0400] {dag.py:2693} INFO - Sync 3 DAGs
[2023-04-11T23:01:32.903-0400] {logging_mixin.py:137} INFO - [2023-04-11T23:01:32.903-0400] {dag.py:3444} INFO - Setting next_dagrun for example_branch_datetime_operator to 2023-04-11T00:00:00+00:00, run_after=2023-04-12T00:00:00+00:00
[2023-04-11T23:01:32.906-0400] {logging_mixin.py:137} INFO - [2023-04-11T23:01:32.906-0400] {dag.py:3444} INFO - Setting next_dagrun for example_branch_datetime_operator_2 to 2023-04-11T00:00:00+00:00, run_after=2023-04-12T00:00:00+00:00
[2023-04-11T23:01:32.908-0400] {logging_mixin.py:137} INFO - [2023-04-11T23:01:32.907-0400] {dag.py:3444} INFO - Setting next_dagrun for example_branch_datetime_operator_3 to 2023-04-11T00:00:00+00:00, run_after=2023-04-12T00:00:00+00:00
[2023-04-11T23:01:32.918-0400] {processor.py:175} INFO - Processing /Users/srivardhan/opt/anaconda3/envs/kafka-pipeline/lib/python3.7/site-packages/airflow/example_dags/example_branch_datetime_operator.py took 0.057 seconds
[2023-04-11T23:10:22.218-0400] {processor.py:153} INFO - Started process (PID=41708) to work on /Users/srivardhan/opt/anaconda3/envs/kafka-pipeline/lib/python3.7/site-packages/airflow/example_dags/example_branch_datetime_operator.py
[2023-04-11T23:10:22.221-0400] {processor.py:743} INFO - Processing file /Users/srivardhan/opt/anaconda3/envs/kafka-pipeline/lib/python3.7/site-packages/airflow/example_dags/example_branch_datetime_operator.py for tasks to queue
[2023-04-11T23:10:22.222-0400] {logging_mixin.py:137} INFO - [2023-04-11T23:10:22.222-0400] {dagbag.py:532} INFO - Filling up the DagBag from /Users/srivardhan/opt/anaconda3/envs/kafka-pipeline/lib/python3.7/site-packages/airflow/example_dags/example_branch_datetime_operator.py
[2023-04-11T23:10:22.235-0400] {processor.py:753} INFO - DAG(s) dict_keys(['example_branch_datetime_operator_3', 'example_branch_datetime_operator_2', 'example_branch_datetime_operator']) retrieved from /Users/srivardhan/opt/anaconda3/envs/kafka-pipeline/lib/python3.7/site-packages/airflow/example_dags/example_branch_datetime_operator.py
[2023-04-11T23:10:22.257-0400] {logging_mixin.py:137} INFO - [2023-04-11T23:10:22.256-0400] {dag.py:2693} INFO - Sync 3 DAGs
[2023-04-11T23:10:22.271-0400] {logging_mixin.py:137} INFO - [2023-04-11T23:10:22.270-0400] {dag.py:3444} INFO - Setting next_dagrun for example_branch_datetime_operator to 2023-04-11T00:00:00+00:00, run_after=2023-04-12T00:00:00+00:00
[2023-04-11T23:10:22.273-0400] {logging_mixin.py:137} INFO - [2023-04-11T23:10:22.273-0400] {dag.py:3444} INFO - Setting next_dagrun for example_branch_datetime_operator_2 to 2023-04-11T00:00:00+00:00, run_after=2023-04-12T00:00:00+00:00
[2023-04-11T23:10:22.275-0400] {logging_mixin.py:137} INFO - [2023-04-11T23:10:22.275-0400] {dag.py:3444} INFO - Setting next_dagrun for example_branch_datetime_operator_3 to 2023-04-11T00:00:00+00:00, run_after=2023-04-12T00:00:00+00:00
[2023-04-11T23:10:22.286-0400] {processor.py:175} INFO - Processing /Users/srivardhan/opt/anaconda3/envs/kafka-pipeline/lib/python3.7/site-packages/airflow/example_dags/example_branch_datetime_operator.py took 0.072 seconds
[2023-04-11T23:11:17.843-0400] {processor.py:153} INFO - Started process (PID=41865) to work on /Users/srivardhan/opt/anaconda3/envs/kafka-pipeline/lib/python3.7/site-packages/airflow/example_dags/example_branch_datetime_operator.py
[2023-04-11T23:11:17.844-0400] {processor.py:743} INFO - Processing file /Users/srivardhan/opt/anaconda3/envs/kafka-pipeline/lib/python3.7/site-packages/airflow/example_dags/example_branch_datetime_operator.py for tasks to queue
[2023-04-11T23:11:17.846-0400] {logging_mixin.py:137} INFO - [2023-04-11T23:11:17.845-0400] {dagbag.py:532} INFO - Filling up the DagBag from /Users/srivardhan/opt/anaconda3/envs/kafka-pipeline/lib/python3.7/site-packages/airflow/example_dags/example_branch_datetime_operator.py
[2023-04-11T23:11:17.860-0400] {processor.py:753} INFO - DAG(s) dict_keys(['example_branch_datetime_operator', 'example_branch_datetime_operator_3', 'example_branch_datetime_operator_2']) retrieved from /Users/srivardhan/opt/anaconda3/envs/kafka-pipeline/lib/python3.7/site-packages/airflow/example_dags/example_branch_datetime_operator.py
[2023-04-11T23:11:17.881-0400] {logging_mixin.py:137} INFO - [2023-04-11T23:11:17.881-0400] {dag.py:2693} INFO - Sync 3 DAGs
[2023-04-11T23:11:17.894-0400] {logging_mixin.py:137} INFO - [2023-04-11T23:11:17.894-0400] {dag.py:3444} INFO - Setting next_dagrun for example_branch_datetime_operator to 2023-04-11T00:00:00+00:00, run_after=2023-04-12T00:00:00+00:00
[2023-04-11T23:11:17.896-0400] {logging_mixin.py:137} INFO - [2023-04-11T23:11:17.896-0400] {dag.py:3444} INFO - Setting next_dagrun for example_branch_datetime_operator_2 to 2023-04-11T00:00:00+00:00, run_after=2023-04-12T00:00:00+00:00
[2023-04-11T23:11:17.898-0400] {logging_mixin.py:137} INFO - [2023-04-11T23:11:17.898-0400] {dag.py:3444} INFO - Setting next_dagrun for example_branch_datetime_operator_3 to 2023-04-11T00:00:00+00:00, run_after=2023-04-12T00:00:00+00:00
[2023-04-11T23:11:17.908-0400] {processor.py:175} INFO - Processing /Users/srivardhan/opt/anaconda3/envs/kafka-pipeline/lib/python3.7/site-packages/airflow/example_dags/example_branch_datetime_operator.py took 0.070 seconds
[2023-04-11T23:12:10.813-0400] {processor.py:153} INFO - Started process (PID=41987) to work on /Users/srivardhan/opt/anaconda3/envs/kafka-pipeline/lib/python3.7/site-packages/airflow/example_dags/example_branch_datetime_operator.py
[2023-04-11T23:12:10.815-0400] {processor.py:743} INFO - Processing file /Users/srivardhan/opt/anaconda3/envs/kafka-pipeline/lib/python3.7/site-packages/airflow/example_dags/example_branch_datetime_operator.py for tasks to queue
[2023-04-11T23:12:10.816-0400] {logging_mixin.py:137} INFO - [2023-04-11T23:12:10.816-0400] {dagbag.py:532} INFO - Filling up the DagBag from /Users/srivardhan/opt/anaconda3/envs/kafka-pipeline/lib/python3.7/site-packages/airflow/example_dags/example_branch_datetime_operator.py
[2023-04-11T23:12:10.830-0400] {processor.py:753} INFO - DAG(s) dict_keys(['example_branch_datetime_operator_3', 'example_branch_datetime_operator_2', 'example_branch_datetime_operator']) retrieved from /Users/srivardhan/opt/anaconda3/envs/kafka-pipeline/lib/python3.7/site-packages/airflow/example_dags/example_branch_datetime_operator.py
[2023-04-11T23:12:10.854-0400] {logging_mixin.py:137} INFO - [2023-04-11T23:12:10.853-0400] {dag.py:2693} INFO - Sync 3 DAGs
[2023-04-11T23:12:10.868-0400] {logging_mixin.py:137} INFO - [2023-04-11T23:12:10.868-0400] {dag.py:3444} INFO - Setting next_dagrun for example_branch_datetime_operator to 2023-04-11T00:00:00+00:00, run_after=2023-04-12T00:00:00+00:00
[2023-04-11T23:12:10.870-0400] {logging_mixin.py:137} INFO - [2023-04-11T23:12:10.870-0400] {dag.py:3444} INFO - Setting next_dagrun for example_branch_datetime_operator_2 to 2023-04-11T00:00:00+00:00, run_after=2023-04-12T00:00:00+00:00
[2023-04-11T23:12:10.872-0400] {logging_mixin.py:137} INFO - [2023-04-11T23:12:10.872-0400] {dag.py:3444} INFO - Setting next_dagrun for example_branch_datetime_operator_3 to 2023-04-11T00:00:00+00:00, run_after=2023-04-12T00:00:00+00:00
[2023-04-11T23:12:10.884-0400] {processor.py:175} INFO - Processing /Users/srivardhan/opt/anaconda3/envs/kafka-pipeline/lib/python3.7/site-packages/airflow/example_dags/example_branch_datetime_operator.py took 0.077 seconds
[2023-04-11T23:13:00.071-0400] {processor.py:153} INFO - Started process (PID=42214) to work on /Users/srivardhan/opt/anaconda3/envs/kafka-pipeline/lib/python3.7/site-packages/airflow/example_dags/example_branch_datetime_operator.py
[2023-04-11T23:13:00.074-0400] {processor.py:743} INFO - Processing file /Users/srivardhan/opt/anaconda3/envs/kafka-pipeline/lib/python3.7/site-packages/airflow/example_dags/example_branch_datetime_operator.py for tasks to queue
[2023-04-11T23:13:00.075-0400] {logging_mixin.py:137} INFO - [2023-04-11T23:13:00.075-0400] {dagbag.py:532} INFO - Filling up the DagBag from /Users/srivardhan/opt/anaconda3/envs/kafka-pipeline/lib/python3.7/site-packages/airflow/example_dags/example_branch_datetime_operator.py
[2023-04-11T23:13:00.089-0400] {processor.py:753} INFO - DAG(s) dict_keys(['example_branch_datetime_operator_3', 'example_branch_datetime_operator', 'example_branch_datetime_operator_2']) retrieved from /Users/srivardhan/opt/anaconda3/envs/kafka-pipeline/lib/python3.7/site-packages/airflow/example_dags/example_branch_datetime_operator.py
[2023-04-11T23:13:00.110-0400] {logging_mixin.py:137} INFO - [2023-04-11T23:13:00.110-0400] {dag.py:2693} INFO - Sync 3 DAGs
[2023-04-11T23:13:00.124-0400] {logging_mixin.py:137} INFO - [2023-04-11T23:13:00.123-0400] {dag.py:3444} INFO - Setting next_dagrun for example_branch_datetime_operator to 2023-04-11T00:00:00+00:00, run_after=2023-04-12T00:00:00+00:00
[2023-04-11T23:13:00.126-0400] {logging_mixin.py:137} INFO - [2023-04-11T23:13:00.126-0400] {dag.py:3444} INFO - Setting next_dagrun for example_branch_datetime_operator_2 to 2023-04-11T00:00:00+00:00, run_after=2023-04-12T00:00:00+00:00
[2023-04-11T23:13:00.128-0400] {logging_mixin.py:137} INFO - [2023-04-11T23:13:00.127-0400] {dag.py:3444} INFO - Setting next_dagrun for example_branch_datetime_operator_3 to 2023-04-11T00:00:00+00:00, run_after=2023-04-12T00:00:00+00:00
[2023-04-11T23:13:00.137-0400] {processor.py:175} INFO - Processing /Users/srivardhan/opt/anaconda3/envs/kafka-pipeline/lib/python3.7/site-packages/airflow/example_dags/example_branch_datetime_operator.py took 0.072 seconds
