[2023-04-11T21:13:02.864-0400] {processor.py:153} INFO - Started process (PID=41130) to work on /Users/srivardhan/opt/anaconda3/envs/kafka-pipeline/lib/python3.7/site-packages/airflow/example_dags/example_xcomargs.py
[2023-04-11T21:13:02.866-0400] {processor.py:743} INFO - Processing file /Users/srivardhan/opt/anaconda3/envs/kafka-pipeline/lib/python3.7/site-packages/airflow/example_dags/example_xcomargs.py for tasks to queue
[2023-04-11T21:13:02.868-0400] {logging_mixin.py:137} INFO - [2023-04-11T21:13:02.867-0400] {dagbag.py:532} INFO - Filling up the DagBag from /Users/srivardhan/opt/anaconda3/envs/kafka-pipeline/lib/python3.7/site-packages/airflow/example_dags/example_xcomargs.py
[2023-04-11T21:13:02.888-0400] {processor.py:753} INFO - DAG(s) dict_keys(['example_xcom_args_with_operators', 'example_xcom_args']) retrieved from /Users/srivardhan/opt/anaconda3/envs/kafka-pipeline/lib/python3.7/site-packages/airflow/example_dags/example_xcomargs.py
[2023-04-11T21:13:02.905-0400] {logging_mixin.py:137} INFO - [2023-04-11T21:13:02.905-0400] {dag.py:2693} INFO - Sync 2 DAGs
[2023-04-11T21:13:02.916-0400] {logging_mixin.py:137} INFO - [2023-04-11T21:13:02.916-0400] {dag.py:3444} INFO - Setting next_dagrun for example_xcom_args to None, run_after=None
[2023-04-11T21:13:02.918-0400] {logging_mixin.py:137} INFO - [2023-04-11T21:13:02.918-0400] {dag.py:3444} INFO - Setting next_dagrun for example_xcom_args_with_operators to None, run_after=None
[2023-04-11T21:13:02.929-0400] {processor.py:175} INFO - Processing /Users/srivardhan/opt/anaconda3/envs/kafka-pipeline/lib/python3.7/site-packages/airflow/example_dags/example_xcomargs.py took 0.069 seconds
[2023-04-11T22:00:27.972-0400] {processor.py:153} INFO - Started process (PID=41241) to work on /Users/srivardhan/opt/anaconda3/envs/kafka-pipeline/lib/python3.7/site-packages/airflow/example_dags/example_xcomargs.py
[2023-04-11T22:00:27.974-0400] {processor.py:743} INFO - Processing file /Users/srivardhan/opt/anaconda3/envs/kafka-pipeline/lib/python3.7/site-packages/airflow/example_dags/example_xcomargs.py for tasks to queue
[2023-04-11T22:00:27.975-0400] {logging_mixin.py:137} INFO - [2023-04-11T22:00:27.975-0400] {dagbag.py:532} INFO - Filling up the DagBag from /Users/srivardhan/opt/anaconda3/envs/kafka-pipeline/lib/python3.7/site-packages/airflow/example_dags/example_xcomargs.py
[2023-04-11T22:00:27.996-0400] {processor.py:753} INFO - DAG(s) dict_keys(['example_xcom_args_with_operators', 'example_xcom_args']) retrieved from /Users/srivardhan/opt/anaconda3/envs/kafka-pipeline/lib/python3.7/site-packages/airflow/example_dags/example_xcomargs.py
[2023-04-11T22:00:28.013-0400] {logging_mixin.py:137} INFO - [2023-04-11T22:00:28.013-0400] {dag.py:2693} INFO - Sync 2 DAGs
[2023-04-11T22:00:28.025-0400] {logging_mixin.py:137} INFO - [2023-04-11T22:00:28.025-0400] {dag.py:3444} INFO - Setting next_dagrun for example_xcom_args to None, run_after=None
[2023-04-11T22:00:28.026-0400] {logging_mixin.py:137} INFO - [2023-04-11T22:00:28.026-0400] {dag.py:3444} INFO - Setting next_dagrun for example_xcom_args_with_operators to None, run_after=None
[2023-04-11T22:00:28.036-0400] {processor.py:175} INFO - Processing /Users/srivardhan/opt/anaconda3/envs/kafka-pipeline/lib/python3.7/site-packages/airflow/example_dags/example_xcomargs.py took 0.068 seconds
[2023-04-11T22:21:58.717-0400] {processor.py:153} INFO - Started process (PID=41314) to work on /Users/srivardhan/opt/anaconda3/envs/kafka-pipeline/lib/python3.7/site-packages/airflow/example_dags/example_xcomargs.py
[2023-04-11T22:21:58.720-0400] {processor.py:743} INFO - Processing file /Users/srivardhan/opt/anaconda3/envs/kafka-pipeline/lib/python3.7/site-packages/airflow/example_dags/example_xcomargs.py for tasks to queue
[2023-04-11T22:21:58.722-0400] {logging_mixin.py:137} INFO - [2023-04-11T22:21:58.721-0400] {dagbag.py:532} INFO - Filling up the DagBag from /Users/srivardhan/opt/anaconda3/envs/kafka-pipeline/lib/python3.7/site-packages/airflow/example_dags/example_xcomargs.py
[2023-04-11T22:21:58.745-0400] {processor.py:753} INFO - DAG(s) dict_keys(['example_xcom_args_with_operators', 'example_xcom_args']) retrieved from /Users/srivardhan/opt/anaconda3/envs/kafka-pipeline/lib/python3.7/site-packages/airflow/example_dags/example_xcomargs.py
[2023-04-11T22:21:58.764-0400] {logging_mixin.py:137} INFO - [2023-04-11T22:21:58.763-0400] {dag.py:2693} INFO - Sync 2 DAGs
[2023-04-11T22:21:58.776-0400] {logging_mixin.py:137} INFO - [2023-04-11T22:21:58.775-0400] {dag.py:3444} INFO - Setting next_dagrun for example_xcom_args to None, run_after=None
[2023-04-11T22:21:58.777-0400] {logging_mixin.py:137} INFO - [2023-04-11T22:21:58.777-0400] {dag.py:3444} INFO - Setting next_dagrun for example_xcom_args_with_operators to None, run_after=None
[2023-04-11T22:21:58.787-0400] {processor.py:175} INFO - Processing /Users/srivardhan/opt/anaconda3/envs/kafka-pipeline/lib/python3.7/site-packages/airflow/example_dags/example_xcomargs.py took 0.076 seconds
[2023-04-11T22:27:37.330-0400] {processor.py:153} INFO - Started process (PID=41424) to work on /Users/srivardhan/opt/anaconda3/envs/kafka-pipeline/lib/python3.7/site-packages/airflow/example_dags/example_xcomargs.py
[2023-04-11T22:27:37.333-0400] {processor.py:743} INFO - Processing file /Users/srivardhan/opt/anaconda3/envs/kafka-pipeline/lib/python3.7/site-packages/airflow/example_dags/example_xcomargs.py for tasks to queue
[2023-04-11T22:27:37.334-0400] {logging_mixin.py:137} INFO - [2023-04-11T22:27:37.334-0400] {dagbag.py:532} INFO - Filling up the DagBag from /Users/srivardhan/opt/anaconda3/envs/kafka-pipeline/lib/python3.7/site-packages/airflow/example_dags/example_xcomargs.py
[2023-04-11T22:27:37.355-0400] {processor.py:753} INFO - DAG(s) dict_keys(['example_xcom_args_with_operators', 'example_xcom_args']) retrieved from /Users/srivardhan/opt/anaconda3/envs/kafka-pipeline/lib/python3.7/site-packages/airflow/example_dags/example_xcomargs.py
[2023-04-11T22:27:37.372-0400] {logging_mixin.py:137} INFO - [2023-04-11T22:27:37.372-0400] {dag.py:2693} INFO - Sync 2 DAGs
[2023-04-11T22:27:37.384-0400] {logging_mixin.py:137} INFO - [2023-04-11T22:27:37.383-0400] {dag.py:3444} INFO - Setting next_dagrun for example_xcom_args to None, run_after=None
[2023-04-11T22:27:37.386-0400] {logging_mixin.py:137} INFO - [2023-04-11T22:27:37.385-0400] {dag.py:3444} INFO - Setting next_dagrun for example_xcom_args_with_operators to None, run_after=None
[2023-04-11T22:27:37.395-0400] {processor.py:175} INFO - Processing /Users/srivardhan/opt/anaconda3/envs/kafka-pipeline/lib/python3.7/site-packages/airflow/example_dags/example_xcomargs.py took 0.070 seconds
[2023-04-11T22:35:15.786-0400] {processor.py:153} INFO - Started process (PID=41539) to work on /Users/srivardhan/opt/anaconda3/envs/kafka-pipeline/lib/python3.7/site-packages/airflow/example_dags/example_xcomargs.py
[2023-04-11T22:35:15.788-0400] {processor.py:743} INFO - Processing file /Users/srivardhan/opt/anaconda3/envs/kafka-pipeline/lib/python3.7/site-packages/airflow/example_dags/example_xcomargs.py for tasks to queue
[2023-04-11T22:35:15.790-0400] {logging_mixin.py:137} INFO - [2023-04-11T22:35:15.789-0400] {dagbag.py:532} INFO - Filling up the DagBag from /Users/srivardhan/opt/anaconda3/envs/kafka-pipeline/lib/python3.7/site-packages/airflow/example_dags/example_xcomargs.py
[2023-04-11T22:35:15.811-0400] {processor.py:753} INFO - DAG(s) dict_keys(['example_xcom_args_with_operators', 'example_xcom_args']) retrieved from /Users/srivardhan/opt/anaconda3/envs/kafka-pipeline/lib/python3.7/site-packages/airflow/example_dags/example_xcomargs.py
[2023-04-11T22:35:15.828-0400] {logging_mixin.py:137} INFO - [2023-04-11T22:35:15.828-0400] {dag.py:2693} INFO - Sync 2 DAGs
[2023-04-11T22:35:15.841-0400] {logging_mixin.py:137} INFO - [2023-04-11T22:35:15.840-0400] {dag.py:3444} INFO - Setting next_dagrun for example_xcom_args to None, run_after=None
[2023-04-11T22:35:15.842-0400] {logging_mixin.py:137} INFO - [2023-04-11T22:35:15.842-0400] {dag.py:3444} INFO - Setting next_dagrun for example_xcom_args_with_operators to None, run_after=None
[2023-04-11T22:35:15.852-0400] {processor.py:175} INFO - Processing /Users/srivardhan/opt/anaconda3/envs/kafka-pipeline/lib/python3.7/site-packages/airflow/example_dags/example_xcomargs.py took 0.071 seconds
[2023-04-11T23:09:50.116-0400] {processor.py:153} INFO - Started process (PID=41634) to work on /Users/srivardhan/opt/anaconda3/envs/kafka-pipeline/lib/python3.7/site-packages/airflow/example_dags/example_xcomargs.py
[2023-04-11T23:09:50.117-0400] {processor.py:743} INFO - Processing file /Users/srivardhan/opt/anaconda3/envs/kafka-pipeline/lib/python3.7/site-packages/airflow/example_dags/example_xcomargs.py for tasks to queue
[2023-04-11T23:09:50.118-0400] {logging_mixin.py:137} INFO - [2023-04-11T23:09:50.118-0400] {dagbag.py:532} INFO - Filling up the DagBag from /Users/srivardhan/opt/anaconda3/envs/kafka-pipeline/lib/python3.7/site-packages/airflow/example_dags/example_xcomargs.py
[2023-04-11T23:09:50.133-0400] {processor.py:753} INFO - DAG(s) dict_keys(['example_xcom_args_with_operators', 'example_xcom_args']) retrieved from /Users/srivardhan/opt/anaconda3/envs/kafka-pipeline/lib/python3.7/site-packages/airflow/example_dags/example_xcomargs.py
[2023-04-11T23:09:50.149-0400] {logging_mixin.py:137} INFO - [2023-04-11T23:09:50.149-0400] {dag.py:2693} INFO - Sync 2 DAGs
[2023-04-11T23:09:50.161-0400] {logging_mixin.py:137} INFO - [2023-04-11T23:09:50.161-0400] {dag.py:3444} INFO - Setting next_dagrun for example_xcom_args to None, run_after=None
[2023-04-11T23:09:50.163-0400] {logging_mixin.py:137} INFO - [2023-04-11T23:09:50.163-0400] {dag.py:3444} INFO - Setting next_dagrun for example_xcom_args_with_operators to None, run_after=None
[2023-04-11T23:09:50.174-0400] {processor.py:175} INFO - Processing /Users/srivardhan/opt/anaconda3/envs/kafka-pipeline/lib/python3.7/site-packages/airflow/example_dags/example_xcomargs.py took 0.060 seconds
[2023-04-11T23:10:32.507-0400] {processor.py:153} INFO - Started process (PID=41741) to work on /Users/srivardhan/opt/anaconda3/envs/kafka-pipeline/lib/python3.7/site-packages/airflow/example_dags/example_xcomargs.py
[2023-04-11T23:10:32.508-0400] {processor.py:743} INFO - Processing file /Users/srivardhan/opt/anaconda3/envs/kafka-pipeline/lib/python3.7/site-packages/airflow/example_dags/example_xcomargs.py for tasks to queue
[2023-04-11T23:10:32.509-0400] {logging_mixin.py:137} INFO - [2023-04-11T23:10:32.509-0400] {dagbag.py:532} INFO - Filling up the DagBag from /Users/srivardhan/opt/anaconda3/envs/kafka-pipeline/lib/python3.7/site-packages/airflow/example_dags/example_xcomargs.py
[2023-04-11T23:10:32.525-0400] {processor.py:753} INFO - DAG(s) dict_keys(['example_xcom_args_with_operators', 'example_xcom_args']) retrieved from /Users/srivardhan/opt/anaconda3/envs/kafka-pipeline/lib/python3.7/site-packages/airflow/example_dags/example_xcomargs.py
[2023-04-11T23:10:32.543-0400] {logging_mixin.py:137} INFO - [2023-04-11T23:10:32.543-0400] {dag.py:2693} INFO - Sync 2 DAGs
[2023-04-11T23:10:32.558-0400] {logging_mixin.py:137} INFO - [2023-04-11T23:10:32.558-0400] {dag.py:3444} INFO - Setting next_dagrun for example_xcom_args to None, run_after=None
[2023-04-11T23:10:32.561-0400] {logging_mixin.py:137} INFO - [2023-04-11T23:10:32.560-0400] {dag.py:3444} INFO - Setting next_dagrun for example_xcom_args_with_operators to None, run_after=None
[2023-04-11T23:10:32.572-0400] {processor.py:175} INFO - Processing /Users/srivardhan/opt/anaconda3/envs/kafka-pipeline/lib/python3.7/site-packages/airflow/example_dags/example_xcomargs.py took 0.069 seconds
[2023-04-11T23:11:14.632-0400] {processor.py:153} INFO - Started process (PID=41858) to work on /Users/srivardhan/opt/anaconda3/envs/kafka-pipeline/lib/python3.7/site-packages/airflow/example_dags/example_xcomargs.py
[2023-04-11T23:11:14.633-0400] {processor.py:743} INFO - Processing file /Users/srivardhan/opt/anaconda3/envs/kafka-pipeline/lib/python3.7/site-packages/airflow/example_dags/example_xcomargs.py for tasks to queue
[2023-04-11T23:11:14.635-0400] {logging_mixin.py:137} INFO - [2023-04-11T23:11:14.634-0400] {dagbag.py:532} INFO - Filling up the DagBag from /Users/srivardhan/opt/anaconda3/envs/kafka-pipeline/lib/python3.7/site-packages/airflow/example_dags/example_xcomargs.py
[2023-04-11T23:11:14.656-0400] {processor.py:753} INFO - DAG(s) dict_keys(['example_xcom_args', 'example_xcom_args_with_operators']) retrieved from /Users/srivardhan/opt/anaconda3/envs/kafka-pipeline/lib/python3.7/site-packages/airflow/example_dags/example_xcomargs.py
[2023-04-11T23:11:14.673-0400] {logging_mixin.py:137} INFO - [2023-04-11T23:11:14.673-0400] {dag.py:2693} INFO - Sync 2 DAGs
[2023-04-11T23:11:14.685-0400] {logging_mixin.py:137} INFO - [2023-04-11T23:11:14.685-0400] {dag.py:3444} INFO - Setting next_dagrun for example_xcom_args to None, run_after=None
[2023-04-11T23:11:14.687-0400] {logging_mixin.py:137} INFO - [2023-04-11T23:11:14.687-0400] {dag.py:3444} INFO - Setting next_dagrun for example_xcom_args_with_operators to None, run_after=None
[2023-04-11T23:11:14.697-0400] {processor.py:175} INFO - Processing /Users/srivardhan/opt/anaconda3/envs/kafka-pipeline/lib/python3.7/site-packages/airflow/example_dags/example_xcomargs.py took 0.069 seconds
[2023-04-11T23:11:55.171-0400] {processor.py:153} INFO - Started process (PID=41951) to work on /Users/srivardhan/opt/anaconda3/envs/kafka-pipeline/lib/python3.7/site-packages/airflow/example_dags/example_xcomargs.py
[2023-04-11T23:11:55.173-0400] {processor.py:743} INFO - Processing file /Users/srivardhan/opt/anaconda3/envs/kafka-pipeline/lib/python3.7/site-packages/airflow/example_dags/example_xcomargs.py for tasks to queue
[2023-04-11T23:11:55.174-0400] {logging_mixin.py:137} INFO - [2023-04-11T23:11:55.174-0400] {dagbag.py:532} INFO - Filling up the DagBag from /Users/srivardhan/opt/anaconda3/envs/kafka-pipeline/lib/python3.7/site-packages/airflow/example_dags/example_xcomargs.py
[2023-04-11T23:11:55.196-0400] {processor.py:753} INFO - DAG(s) dict_keys(['example_xcom_args', 'example_xcom_args_with_operators']) retrieved from /Users/srivardhan/opt/anaconda3/envs/kafka-pipeline/lib/python3.7/site-packages/airflow/example_dags/example_xcomargs.py
[2023-04-11T23:11:55.214-0400] {logging_mixin.py:137} INFO - [2023-04-11T23:11:55.214-0400] {dag.py:2693} INFO - Sync 2 DAGs
[2023-04-11T23:11:55.226-0400] {logging_mixin.py:137} INFO - [2023-04-11T23:11:55.226-0400] {dag.py:3444} INFO - Setting next_dagrun for example_xcom_args to None, run_after=None
[2023-04-11T23:11:55.228-0400] {logging_mixin.py:137} INFO - [2023-04-11T23:11:55.227-0400] {dag.py:3444} INFO - Setting next_dagrun for example_xcom_args_with_operators to None, run_after=None
[2023-04-11T23:11:55.239-0400] {processor.py:175} INFO - Processing /Users/srivardhan/opt/anaconda3/envs/kafka-pipeline/lib/python3.7/site-packages/airflow/example_dags/example_xcomargs.py took 0.072 seconds
[2023-04-11T23:12:36.640-0400] {processor.py:153} INFO - Started process (PID=42152) to work on /Users/srivardhan/opt/anaconda3/envs/kafka-pipeline/lib/python3.7/site-packages/airflow/example_dags/example_xcomargs.py
[2023-04-11T23:12:36.642-0400] {processor.py:743} INFO - Processing file /Users/srivardhan/opt/anaconda3/envs/kafka-pipeline/lib/python3.7/site-packages/airflow/example_dags/example_xcomargs.py for tasks to queue
[2023-04-11T23:12:36.643-0400] {logging_mixin.py:137} INFO - [2023-04-11T23:12:36.642-0400] {dagbag.py:532} INFO - Filling up the DagBag from /Users/srivardhan/opt/anaconda3/envs/kafka-pipeline/lib/python3.7/site-packages/airflow/example_dags/example_xcomargs.py
[2023-04-11T23:12:36.659-0400] {processor.py:753} INFO - DAG(s) dict_keys(['example_xcom_args', 'example_xcom_args_with_operators']) retrieved from /Users/srivardhan/opt/anaconda3/envs/kafka-pipeline/lib/python3.7/site-packages/airflow/example_dags/example_xcomargs.py
[2023-04-11T23:12:36.676-0400] {logging_mixin.py:137} INFO - [2023-04-11T23:12:36.676-0400] {dag.py:2693} INFO - Sync 2 DAGs
[2023-04-11T23:12:36.691-0400] {logging_mixin.py:137} INFO - [2023-04-11T23:12:36.690-0400] {dag.py:3444} INFO - Setting next_dagrun for example_xcom_args to None, run_after=None
[2023-04-11T23:12:36.693-0400] {logging_mixin.py:137} INFO - [2023-04-11T23:12:36.693-0400] {dag.py:3444} INFO - Setting next_dagrun for example_xcom_args_with_operators to None, run_after=None
[2023-04-11T23:12:36.705-0400] {processor.py:175} INFO - Processing /Users/srivardhan/opt/anaconda3/envs/kafka-pipeline/lib/python3.7/site-packages/airflow/example_dags/example_xcomargs.py took 0.068 seconds
[2023-04-11T23:13:15.577-0400] {processor.py:153} INFO - Started process (PID=42246) to work on /Users/srivardhan/opt/anaconda3/envs/kafka-pipeline/lib/python3.7/site-packages/airflow/example_dags/example_xcomargs.py
[2023-04-11T23:13:15.579-0400] {processor.py:743} INFO - Processing file /Users/srivardhan/opt/anaconda3/envs/kafka-pipeline/lib/python3.7/site-packages/airflow/example_dags/example_xcomargs.py for tasks to queue
[2023-04-11T23:13:15.580-0400] {logging_mixin.py:137} INFO - [2023-04-11T23:13:15.580-0400] {dagbag.py:532} INFO - Filling up the DagBag from /Users/srivardhan/opt/anaconda3/envs/kafka-pipeline/lib/python3.7/site-packages/airflow/example_dags/example_xcomargs.py
[2023-04-11T23:13:15.601-0400] {processor.py:753} INFO - DAG(s) dict_keys(['example_xcom_args', 'example_xcom_args_with_operators']) retrieved from /Users/srivardhan/opt/anaconda3/envs/kafka-pipeline/lib/python3.7/site-packages/airflow/example_dags/example_xcomargs.py
[2023-04-11T23:13:15.618-0400] {logging_mixin.py:137} INFO - [2023-04-11T23:13:15.618-0400] {dag.py:2693} INFO - Sync 2 DAGs
[2023-04-11T23:13:15.629-0400] {logging_mixin.py:137} INFO - [2023-04-11T23:13:15.629-0400] {dag.py:3444} INFO - Setting next_dagrun for example_xcom_args to None, run_after=None
[2023-04-11T23:13:15.631-0400] {logging_mixin.py:137} INFO - [2023-04-11T23:13:15.631-0400] {dag.py:3444} INFO - Setting next_dagrun for example_xcom_args_with_operators to None, run_after=None
[2023-04-11T23:13:15.641-0400] {processor.py:175} INFO - Processing /Users/srivardhan/opt/anaconda3/envs/kafka-pipeline/lib/python3.7/site-packages/airflow/example_dags/example_xcomargs.py took 0.069 seconds
