[2023-04-11T20:45:06.607-0400] {processor.py:153} INFO - Started process (PID=41083) to work on /Users/srivardhan/opt/anaconda3/envs/kafka-pipeline/lib/python3.7/site-packages/airflow/example_dags/example_params_ui_tutorial.py
[2023-04-11T20:45:06.608-0400] {processor.py:743} INFO - Processing file /Users/srivardhan/opt/anaconda3/envs/kafka-pipeline/lib/python3.7/site-packages/airflow/example_dags/example_params_ui_tutorial.py for tasks to queue
[2023-04-11T20:45:06.608-0400] {logging_mixin.py:137} INFO - [2023-04-11T20:45:06.608-0400] {dagbag.py:532} INFO - Filling up the DagBag from /Users/srivardhan/opt/anaconda3/envs/kafka-pipeline/lib/python3.7/site-packages/airflow/example_dags/example_params_ui_tutorial.py
[2023-04-11T20:45:06.640-0400] {processor.py:753} INFO - DAG(s) dict_keys(['example_params_ui_tutorial']) retrieved from /Users/srivardhan/opt/anaconda3/envs/kafka-pipeline/lib/python3.7/site-packages/airflow/example_dags/example_params_ui_tutorial.py
[2023-04-11T20:45:06.675-0400] {logging_mixin.py:137} INFO - [2023-04-11T20:45:06.675-0400] {dag.py:2693} INFO - Sync 1 DAGs
[2023-04-11T20:45:06.687-0400] {logging_mixin.py:137} INFO - [2023-04-11T20:45:06.687-0400] {dag.py:3444} INFO - Setting next_dagrun for example_params_ui_tutorial to None, run_after=None
[2023-04-11T20:45:06.697-0400] {processor.py:175} INFO - Processing /Users/srivardhan/opt/anaconda3/envs/kafka-pipeline/lib/python3.7/site-packages/airflow/example_dags/example_params_ui_tutorial.py took 0.093 seconds
[2023-04-11T21:47:11.627-0400] {processor.py:153} INFO - Started process (PID=41173) to work on /Users/srivardhan/opt/anaconda3/envs/kafka-pipeline/lib/python3.7/site-packages/airflow/example_dags/example_params_ui_tutorial.py
[2023-04-11T21:47:11.628-0400] {processor.py:743} INFO - Processing file /Users/srivardhan/opt/anaconda3/envs/kafka-pipeline/lib/python3.7/site-packages/airflow/example_dags/example_params_ui_tutorial.py for tasks to queue
[2023-04-11T21:47:11.630-0400] {logging_mixin.py:137} INFO - [2023-04-11T21:47:11.629-0400] {dagbag.py:532} INFO - Filling up the DagBag from /Users/srivardhan/opt/anaconda3/envs/kafka-pipeline/lib/python3.7/site-packages/airflow/example_dags/example_params_ui_tutorial.py
[2023-04-11T21:47:11.675-0400] {processor.py:753} INFO - DAG(s) dict_keys(['example_params_ui_tutorial']) retrieved from /Users/srivardhan/opt/anaconda3/envs/kafka-pipeline/lib/python3.7/site-packages/airflow/example_dags/example_params_ui_tutorial.py
[2023-04-11T21:47:11.711-0400] {logging_mixin.py:137} INFO - [2023-04-11T21:47:11.710-0400] {dag.py:2693} INFO - Sync 1 DAGs
[2023-04-11T21:47:11.722-0400] {logging_mixin.py:137} INFO - [2023-04-11T21:47:11.722-0400] {dag.py:3444} INFO - Setting next_dagrun for example_params_ui_tutorial to None, run_after=None
[2023-04-11T21:47:11.733-0400] {processor.py:175} INFO - Processing /Users/srivardhan/opt/anaconda3/envs/kafka-pipeline/lib/python3.7/site-packages/airflow/example_dags/example_params_ui_tutorial.py took 0.110 seconds
[2023-04-11T22:09:37.076-0400] {processor.py:153} INFO - Started process (PID=41278) to work on /Users/srivardhan/opt/anaconda3/envs/kafka-pipeline/lib/python3.7/site-packages/airflow/example_dags/example_params_ui_tutorial.py
[2023-04-11T22:09:37.077-0400] {processor.py:743} INFO - Processing file /Users/srivardhan/opt/anaconda3/envs/kafka-pipeline/lib/python3.7/site-packages/airflow/example_dags/example_params_ui_tutorial.py for tasks to queue
[2023-04-11T22:09:37.078-0400] {logging_mixin.py:137} INFO - [2023-04-11T22:09:37.078-0400] {dagbag.py:532} INFO - Filling up the DagBag from /Users/srivardhan/opt/anaconda3/envs/kafka-pipeline/lib/python3.7/site-packages/airflow/example_dags/example_params_ui_tutorial.py
[2023-04-11T22:09:37.113-0400] {processor.py:753} INFO - DAG(s) dict_keys(['example_params_ui_tutorial']) retrieved from /Users/srivardhan/opt/anaconda3/envs/kafka-pipeline/lib/python3.7/site-packages/airflow/example_dags/example_params_ui_tutorial.py
[2023-04-11T22:09:37.147-0400] {logging_mixin.py:137} INFO - [2023-04-11T22:09:37.147-0400] {dag.py:2693} INFO - Sync 1 DAGs
[2023-04-11T22:09:37.159-0400] {logging_mixin.py:137} INFO - [2023-04-11T22:09:37.158-0400] {dag.py:3444} INFO - Setting next_dagrun for example_params_ui_tutorial to None, run_after=None
[2023-04-11T22:09:37.169-0400] {processor.py:175} INFO - Processing /Users/srivardhan/opt/anaconda3/envs/kafka-pipeline/lib/python3.7/site-packages/airflow/example_dags/example_params_ui_tutorial.py took 0.095 seconds
[2023-04-11T22:34:54.987-0400] {processor.py:153} INFO - Started process (PID=41483) to work on /Users/srivardhan/opt/anaconda3/envs/kafka-pipeline/lib/python3.7/site-packages/airflow/example_dags/example_params_ui_tutorial.py
[2023-04-11T22:34:54.989-0400] {processor.py:743} INFO - Processing file /Users/srivardhan/opt/anaconda3/envs/kafka-pipeline/lib/python3.7/site-packages/airflow/example_dags/example_params_ui_tutorial.py for tasks to queue
[2023-04-11T22:34:54.989-0400] {logging_mixin.py:137} INFO - [2023-04-11T22:34:54.989-0400] {dagbag.py:532} INFO - Filling up the DagBag from /Users/srivardhan/opt/anaconda3/envs/kafka-pipeline/lib/python3.7/site-packages/airflow/example_dags/example_params_ui_tutorial.py
[2023-04-11T22:34:55.039-0400] {processor.py:753} INFO - DAG(s) dict_keys(['example_params_ui_tutorial']) retrieved from /Users/srivardhan/opt/anaconda3/envs/kafka-pipeline/lib/python3.7/site-packages/airflow/example_dags/example_params_ui_tutorial.py
[2023-04-11T22:34:55.075-0400] {logging_mixin.py:137} INFO - [2023-04-11T22:34:55.075-0400] {dag.py:2693} INFO - Sync 1 DAGs
[2023-04-11T22:34:55.086-0400] {logging_mixin.py:137} INFO - [2023-04-11T22:34:55.086-0400] {dag.py:3444} INFO - Setting next_dagrun for example_params_ui_tutorial to None, run_after=None
[2023-04-11T22:34:55.098-0400] {processor.py:175} INFO - Processing /Users/srivardhan/opt/anaconda3/envs/kafka-pipeline/lib/python3.7/site-packages/airflow/example_dags/example_params_ui_tutorial.py took 0.113 seconds
[2023-04-11T23:10:05.597-0400] {processor.py:153} INFO - Started process (PID=41675) to work on /Users/srivardhan/opt/anaconda3/envs/kafka-pipeline/lib/python3.7/site-packages/airflow/example_dags/example_params_ui_tutorial.py
[2023-04-11T23:10:05.599-0400] {processor.py:743} INFO - Processing file /Users/srivardhan/opt/anaconda3/envs/kafka-pipeline/lib/python3.7/site-packages/airflow/example_dags/example_params_ui_tutorial.py for tasks to queue
[2023-04-11T23:10:05.599-0400] {logging_mixin.py:137} INFO - [2023-04-11T23:10:05.599-0400] {dagbag.py:532} INFO - Filling up the DagBag from /Users/srivardhan/opt/anaconda3/envs/kafka-pipeline/lib/python3.7/site-packages/airflow/example_dags/example_params_ui_tutorial.py
[2023-04-11T23:10:05.635-0400] {processor.py:753} INFO - DAG(s) dict_keys(['example_params_ui_tutorial']) retrieved from /Users/srivardhan/opt/anaconda3/envs/kafka-pipeline/lib/python3.7/site-packages/airflow/example_dags/example_params_ui_tutorial.py
[2023-04-11T23:10:05.671-0400] {logging_mixin.py:137} INFO - [2023-04-11T23:10:05.671-0400] {dag.py:2693} INFO - Sync 1 DAGs
[2023-04-11T23:10:05.686-0400] {logging_mixin.py:137} INFO - [2023-04-11T23:10:05.685-0400] {dag.py:3444} INFO - Setting next_dagrun for example_params_ui_tutorial to None, run_after=None
[2023-04-11T23:10:05.703-0400] {processor.py:175} INFO - Processing /Users/srivardhan/opt/anaconda3/envs/kafka-pipeline/lib/python3.7/site-packages/airflow/example_dags/example_params_ui_tutorial.py took 0.108 seconds
[2023-04-11T23:10:49.496-0400] {processor.py:153} INFO - Started process (PID=41806) to work on /Users/srivardhan/opt/anaconda3/envs/kafka-pipeline/lib/python3.7/site-packages/airflow/example_dags/example_params_ui_tutorial.py
[2023-04-11T23:10:49.500-0400] {processor.py:743} INFO - Processing file /Users/srivardhan/opt/anaconda3/envs/kafka-pipeline/lib/python3.7/site-packages/airflow/example_dags/example_params_ui_tutorial.py for tasks to queue
[2023-04-11T23:10:49.502-0400] {logging_mixin.py:137} INFO - [2023-04-11T23:10:49.501-0400] {dagbag.py:532} INFO - Filling up the DagBag from /Users/srivardhan/opt/anaconda3/envs/kafka-pipeline/lib/python3.7/site-packages/airflow/example_dags/example_params_ui_tutorial.py
[2023-04-11T23:10:49.545-0400] {processor.py:753} INFO - DAG(s) dict_keys(['example_params_ui_tutorial']) retrieved from /Users/srivardhan/opt/anaconda3/envs/kafka-pipeline/lib/python3.7/site-packages/airflow/example_dags/example_params_ui_tutorial.py
[2023-04-11T23:10:49.580-0400] {logging_mixin.py:137} INFO - [2023-04-11T23:10:49.579-0400] {dag.py:2693} INFO - Sync 1 DAGs
[2023-04-11T23:10:49.590-0400] {logging_mixin.py:137} INFO - [2023-04-11T23:10:49.590-0400] {dag.py:3444} INFO - Setting next_dagrun for example_params_ui_tutorial to None, run_after=None
[2023-04-11T23:10:49.602-0400] {processor.py:175} INFO - Processing /Users/srivardhan/opt/anaconda3/envs/kafka-pipeline/lib/python3.7/site-packages/airflow/example_dags/example_params_ui_tutorial.py took 0.111 seconds
[2023-04-11T23:11:32.197-0400] {processor.py:153} INFO - Started process (PID=41897) to work on /Users/srivardhan/opt/anaconda3/envs/kafka-pipeline/lib/python3.7/site-packages/airflow/example_dags/example_params_ui_tutorial.py
[2023-04-11T23:11:32.198-0400] {processor.py:743} INFO - Processing file /Users/srivardhan/opt/anaconda3/envs/kafka-pipeline/lib/python3.7/site-packages/airflow/example_dags/example_params_ui_tutorial.py for tasks to queue
[2023-04-11T23:11:32.200-0400] {logging_mixin.py:137} INFO - [2023-04-11T23:11:32.199-0400] {dagbag.py:532} INFO - Filling up the DagBag from /Users/srivardhan/opt/anaconda3/envs/kafka-pipeline/lib/python3.7/site-packages/airflow/example_dags/example_params_ui_tutorial.py
[2023-04-11T23:11:32.237-0400] {processor.py:753} INFO - DAG(s) dict_keys(['example_params_ui_tutorial']) retrieved from /Users/srivardhan/opt/anaconda3/envs/kafka-pipeline/lib/python3.7/site-packages/airflow/example_dags/example_params_ui_tutorial.py
[2023-04-11T23:11:32.278-0400] {logging_mixin.py:137} INFO - [2023-04-11T23:11:32.277-0400] {dag.py:2693} INFO - Sync 1 DAGs
[2023-04-11T23:11:32.292-0400] {logging_mixin.py:137} INFO - [2023-04-11T23:11:32.292-0400] {dag.py:3444} INFO - Setting next_dagrun for example_params_ui_tutorial to None, run_after=None
[2023-04-11T23:11:32.304-0400] {processor.py:175} INFO - Processing /Users/srivardhan/opt/anaconda3/envs/kafka-pipeline/lib/python3.7/site-packages/airflow/example_dags/example_params_ui_tutorial.py took 0.110 seconds
[2023-04-11T23:12:12.347-0400] {processor.py:153} INFO - Started process (PID=41991) to work on /Users/srivardhan/opt/anaconda3/envs/kafka-pipeline/lib/python3.7/site-packages/airflow/example_dags/example_params_ui_tutorial.py
[2023-04-11T23:12:12.349-0400] {processor.py:743} INFO - Processing file /Users/srivardhan/opt/anaconda3/envs/kafka-pipeline/lib/python3.7/site-packages/airflow/example_dags/example_params_ui_tutorial.py for tasks to queue
[2023-04-11T23:12:12.350-0400] {logging_mixin.py:137} INFO - [2023-04-11T23:12:12.350-0400] {dagbag.py:532} INFO - Filling up the DagBag from /Users/srivardhan/opt/anaconda3/envs/kafka-pipeline/lib/python3.7/site-packages/airflow/example_dags/example_params_ui_tutorial.py
[2023-04-11T23:12:12.396-0400] {processor.py:753} INFO - DAG(s) dict_keys(['example_params_ui_tutorial']) retrieved from /Users/srivardhan/opt/anaconda3/envs/kafka-pipeline/lib/python3.7/site-packages/airflow/example_dags/example_params_ui_tutorial.py
[2023-04-11T23:12:12.431-0400] {logging_mixin.py:137} INFO - [2023-04-11T23:12:12.431-0400] {dag.py:2693} INFO - Sync 1 DAGs
[2023-04-11T23:12:12.442-0400] {logging_mixin.py:137} INFO - [2023-04-11T23:12:12.442-0400] {dag.py:3444} INFO - Setting next_dagrun for example_params_ui_tutorial to None, run_after=None
[2023-04-11T23:12:12.453-0400] {processor.py:175} INFO - Processing /Users/srivardhan/opt/anaconda3/envs/kafka-pipeline/lib/python3.7/site-packages/airflow/example_dags/example_params_ui_tutorial.py took 0.111 seconds
[2023-04-11T23:12:54.907-0400] {processor.py:153} INFO - Started process (PID=42203) to work on /Users/srivardhan/opt/anaconda3/envs/kafka-pipeline/lib/python3.7/site-packages/airflow/example_dags/example_params_ui_tutorial.py
[2023-04-11T23:12:54.910-0400] {processor.py:743} INFO - Processing file /Users/srivardhan/opt/anaconda3/envs/kafka-pipeline/lib/python3.7/site-packages/airflow/example_dags/example_params_ui_tutorial.py for tasks to queue
[2023-04-11T23:12:54.911-0400] {logging_mixin.py:137} INFO - [2023-04-11T23:12:54.911-0400] {dagbag.py:532} INFO - Filling up the DagBag from /Users/srivardhan/opt/anaconda3/envs/kafka-pipeline/lib/python3.7/site-packages/airflow/example_dags/example_params_ui_tutorial.py
[2023-04-11T23:12:54.956-0400] {processor.py:753} INFO - DAG(s) dict_keys(['example_params_ui_tutorial']) retrieved from /Users/srivardhan/opt/anaconda3/envs/kafka-pipeline/lib/python3.7/site-packages/airflow/example_dags/example_params_ui_tutorial.py
[2023-04-11T23:12:54.992-0400] {logging_mixin.py:137} INFO - [2023-04-11T23:12:54.991-0400] {dag.py:2693} INFO - Sync 1 DAGs
[2023-04-11T23:12:55.003-0400] {logging_mixin.py:137} INFO - [2023-04-11T23:12:55.002-0400] {dag.py:3444} INFO - Setting next_dagrun for example_params_ui_tutorial to None, run_after=None
[2023-04-11T23:12:55.014-0400] {processor.py:175} INFO - Processing /Users/srivardhan/opt/anaconda3/envs/kafka-pipeline/lib/python3.7/site-packages/airflow/example_dags/example_params_ui_tutorial.py took 0.111 seconds
[2023-04-11T23:13:35.090-0400] {processor.py:153} INFO - Started process (PID=42286) to work on /Users/srivardhan/opt/anaconda3/envs/kafka-pipeline/lib/python3.7/site-packages/airflow/example_dags/example_params_ui_tutorial.py
[2023-04-11T23:13:35.092-0400] {processor.py:743} INFO - Processing file /Users/srivardhan/opt/anaconda3/envs/kafka-pipeline/lib/python3.7/site-packages/airflow/example_dags/example_params_ui_tutorial.py for tasks to queue
[2023-04-11T23:13:35.093-0400] {logging_mixin.py:137} INFO - [2023-04-11T23:13:35.093-0400] {dagbag.py:532} INFO - Filling up the DagBag from /Users/srivardhan/opt/anaconda3/envs/kafka-pipeline/lib/python3.7/site-packages/airflow/example_dags/example_params_ui_tutorial.py
[2023-04-11T23:13:35.137-0400] {processor.py:753} INFO - DAG(s) dict_keys(['example_params_ui_tutorial']) retrieved from /Users/srivardhan/opt/anaconda3/envs/kafka-pipeline/lib/python3.7/site-packages/airflow/example_dags/example_params_ui_tutorial.py
[2023-04-11T23:13:35.172-0400] {logging_mixin.py:137} INFO - [2023-04-11T23:13:35.172-0400] {dag.py:2693} INFO - Sync 1 DAGs
[2023-04-11T23:13:35.184-0400] {logging_mixin.py:137} INFO - [2023-04-11T23:13:35.184-0400] {dag.py:3444} INFO - Setting next_dagrun for example_params_ui_tutorial to None, run_after=None
[2023-04-11T23:13:35.195-0400] {processor.py:175} INFO - Processing /Users/srivardhan/opt/anaconda3/envs/kafka-pipeline/lib/python3.7/site-packages/airflow/example_dags/example_params_ui_tutorial.py took 0.109 seconds
