[2023-04-11T21:02:40.863-0400] {processor.py:153} INFO - Started process (PID=41092) to work on /Users/srivardhan/opt/anaconda3/envs/kafka-pipeline/lib/python3.7/site-packages/airflow/example_dags/example_kubernetes_executor.py
[2023-04-11T21:02:40.864-0400] {processor.py:743} INFO - Processing file /Users/srivardhan/opt/anaconda3/envs/kafka-pipeline/lib/python3.7/site-packages/airflow/example_dags/example_kubernetes_executor.py for tasks to queue
[2023-04-11T21:02:40.865-0400] {logging_mixin.py:137} INFO - [2023-04-11T21:02:40.865-0400] {dagbag.py:532} INFO - Filling up the DagBag from /Users/srivardhan/opt/anaconda3/envs/kafka-pipeline/lib/python3.7/site-packages/airflow/example_dags/example_kubernetes_executor.py
[2023-04-11T21:02:40.880-0400] {logging_mixin.py:137} INFO - [2023-04-11T21:02:40.879-0400] {example_kubernetes_executor.py:42} WARNING - The example_kubernetes_executor example DAG requires the kubernetes provider. Please install it with: pip install apache-airflow[cncf.kubernetes]
[2023-04-11T21:02:40.880-0400] {processor.py:755} WARNING - No viable dags retrieved from /Users/srivardhan/opt/anaconda3/envs/kafka-pipeline/lib/python3.7/site-packages/airflow/example_dags/example_kubernetes_executor.py
[2023-04-11T21:02:40.888-0400] {processor.py:175} INFO - Processing /Users/srivardhan/opt/anaconda3/envs/kafka-pipeline/lib/python3.7/site-packages/airflow/example_dags/example_kubernetes_executor.py took 0.029 seconds
[2023-04-11T21:52:30.437-0400] {processor.py:153} INFO - Started process (PID=41186) to work on /Users/srivardhan/opt/anaconda3/envs/kafka-pipeline/lib/python3.7/site-packages/airflow/example_dags/example_kubernetes_executor.py
[2023-04-11T21:52:30.438-0400] {processor.py:743} INFO - Processing file /Users/srivardhan/opt/anaconda3/envs/kafka-pipeline/lib/python3.7/site-packages/airflow/example_dags/example_kubernetes_executor.py for tasks to queue
[2023-04-11T21:52:30.438-0400] {logging_mixin.py:137} INFO - [2023-04-11T21:52:30.438-0400] {dagbag.py:532} INFO - Filling up the DagBag from /Users/srivardhan/opt/anaconda3/envs/kafka-pipeline/lib/python3.7/site-packages/airflow/example_dags/example_kubernetes_executor.py
[2023-04-11T21:52:30.449-0400] {logging_mixin.py:137} INFO - [2023-04-11T21:52:30.448-0400] {example_kubernetes_executor.py:42} WARNING - The example_kubernetes_executor example DAG requires the kubernetes provider. Please install it with: pip install apache-airflow[cncf.kubernetes]
[2023-04-11T21:52:30.449-0400] {processor.py:755} WARNING - No viable dags retrieved from /Users/srivardhan/opt/anaconda3/envs/kafka-pipeline/lib/python3.7/site-packages/airflow/example_dags/example_kubernetes_executor.py
[2023-04-11T21:52:30.455-0400] {processor.py:175} INFO - Processing /Users/srivardhan/opt/anaconda3/envs/kafka-pipeline/lib/python3.7/site-packages/airflow/example_dags/example_kubernetes_executor.py took 0.021 seconds
[2023-04-11T22:26:08.772-0400] {processor.py:153} INFO - Started process (PID=41345) to work on /Users/srivardhan/opt/anaconda3/envs/kafka-pipeline/lib/python3.7/site-packages/airflow/example_dags/example_kubernetes_executor.py
[2023-04-11T22:26:08.775-0400] {processor.py:743} INFO - Processing file /Users/srivardhan/opt/anaconda3/envs/kafka-pipeline/lib/python3.7/site-packages/airflow/example_dags/example_kubernetes_executor.py for tasks to queue
[2023-04-11T22:26:08.776-0400] {logging_mixin.py:137} INFO - [2023-04-11T22:26:08.776-0400] {dagbag.py:532} INFO - Filling up the DagBag from /Users/srivardhan/opt/anaconda3/envs/kafka-pipeline/lib/python3.7/site-packages/airflow/example_dags/example_kubernetes_executor.py
[2023-04-11T22:26:08.792-0400] {logging_mixin.py:137} INFO - [2023-04-11T22:26:08.792-0400] {example_kubernetes_executor.py:42} WARNING - The example_kubernetes_executor example DAG requires the kubernetes provider. Please install it with: pip install apache-airflow[cncf.kubernetes]
[2023-04-11T22:26:08.793-0400] {processor.py:755} WARNING - No viable dags retrieved from /Users/srivardhan/opt/anaconda3/envs/kafka-pipeline/lib/python3.7/site-packages/airflow/example_dags/example_kubernetes_executor.py
[2023-04-11T22:26:08.801-0400] {processor.py:175} INFO - Processing /Users/srivardhan/opt/anaconda3/envs/kafka-pipeline/lib/python3.7/site-packages/airflow/example_dags/example_kubernetes_executor.py took 0.034 seconds
[2023-04-11T22:34:59.512-0400] {processor.py:153} INFO - Started process (PID=41499) to work on /Users/srivardhan/opt/anaconda3/envs/kafka-pipeline/lib/python3.7/site-packages/airflow/example_dags/example_kubernetes_executor.py
[2023-04-11T22:34:59.514-0400] {processor.py:743} INFO - Processing file /Users/srivardhan/opt/anaconda3/envs/kafka-pipeline/lib/python3.7/site-packages/airflow/example_dags/example_kubernetes_executor.py for tasks to queue
[2023-04-11T22:34:59.515-0400] {logging_mixin.py:137} INFO - [2023-04-11T22:34:59.515-0400] {dagbag.py:532} INFO - Filling up the DagBag from /Users/srivardhan/opt/anaconda3/envs/kafka-pipeline/lib/python3.7/site-packages/airflow/example_dags/example_kubernetes_executor.py
[2023-04-11T22:34:59.531-0400] {logging_mixin.py:137} INFO - [2023-04-11T22:34:59.531-0400] {example_kubernetes_executor.py:42} WARNING - The example_kubernetes_executor example DAG requires the kubernetes provider. Please install it with: pip install apache-airflow[cncf.kubernetes]
[2023-04-11T22:34:59.531-0400] {processor.py:755} WARNING - No viable dags retrieved from /Users/srivardhan/opt/anaconda3/envs/kafka-pipeline/lib/python3.7/site-packages/airflow/example_dags/example_kubernetes_executor.py
[2023-04-11T22:34:59.539-0400] {processor.py:175} INFO - Processing /Users/srivardhan/opt/anaconda3/envs/kafka-pipeline/lib/python3.7/site-packages/airflow/example_dags/example_kubernetes_executor.py took 0.033 seconds
[2023-04-11T23:10:10.612-0400] {processor.py:153} INFO - Started process (PID=41685) to work on /Users/srivardhan/opt/anaconda3/envs/kafka-pipeline/lib/python3.7/site-packages/airflow/example_dags/example_kubernetes_executor.py
[2023-04-11T23:10:10.614-0400] {processor.py:743} INFO - Processing file /Users/srivardhan/opt/anaconda3/envs/kafka-pipeline/lib/python3.7/site-packages/airflow/example_dags/example_kubernetes_executor.py for tasks to queue
[2023-04-11T23:10:10.614-0400] {logging_mixin.py:137} INFO - [2023-04-11T23:10:10.614-0400] {dagbag.py:532} INFO - Filling up the DagBag from /Users/srivardhan/opt/anaconda3/envs/kafka-pipeline/lib/python3.7/site-packages/airflow/example_dags/example_kubernetes_executor.py
[2023-04-11T23:10:10.625-0400] {logging_mixin.py:137} INFO - [2023-04-11T23:10:10.625-0400] {example_kubernetes_executor.py:42} WARNING - The example_kubernetes_executor example DAG requires the kubernetes provider. Please install it with: pip install apache-airflow[cncf.kubernetes]
[2023-04-11T23:10:10.626-0400] {processor.py:755} WARNING - No viable dags retrieved from /Users/srivardhan/opt/anaconda3/envs/kafka-pipeline/lib/python3.7/site-packages/airflow/example_dags/example_kubernetes_executor.py
[2023-04-11T23:10:10.632-0400] {processor.py:175} INFO - Processing /Users/srivardhan/opt/anaconda3/envs/kafka-pipeline/lib/python3.7/site-packages/airflow/example_dags/example_kubernetes_executor.py took 0.022 seconds
[2023-04-11T23:10:54.776-0400] {processor.py:153} INFO - Started process (PID=41818) to work on /Users/srivardhan/opt/anaconda3/envs/kafka-pipeline/lib/python3.7/site-packages/airflow/example_dags/example_kubernetes_executor.py
[2023-04-11T23:10:54.779-0400] {processor.py:743} INFO - Processing file /Users/srivardhan/opt/anaconda3/envs/kafka-pipeline/lib/python3.7/site-packages/airflow/example_dags/example_kubernetes_executor.py for tasks to queue
[2023-04-11T23:10:54.780-0400] {logging_mixin.py:137} INFO - [2023-04-11T23:10:54.780-0400] {dagbag.py:532} INFO - Filling up the DagBag from /Users/srivardhan/opt/anaconda3/envs/kafka-pipeline/lib/python3.7/site-packages/airflow/example_dags/example_kubernetes_executor.py
[2023-04-11T23:10:54.798-0400] {logging_mixin.py:137} INFO - [2023-04-11T23:10:54.797-0400] {example_kubernetes_executor.py:42} WARNING - The example_kubernetes_executor example DAG requires the kubernetes provider. Please install it with: pip install apache-airflow[cncf.kubernetes]
[2023-04-11T23:10:54.798-0400] {processor.py:755} WARNING - No viable dags retrieved from /Users/srivardhan/opt/anaconda3/envs/kafka-pipeline/lib/python3.7/site-packages/airflow/example_dags/example_kubernetes_executor.py
[2023-04-11T23:10:54.807-0400] {processor.py:175} INFO - Processing /Users/srivardhan/opt/anaconda3/envs/kafka-pipeline/lib/python3.7/site-packages/airflow/example_dags/example_kubernetes_executor.py took 0.035 seconds
[2023-04-11T23:11:37.349-0400] {processor.py:153} INFO - Started process (PID=41908) to work on /Users/srivardhan/opt/anaconda3/envs/kafka-pipeline/lib/python3.7/site-packages/airflow/example_dags/example_kubernetes_executor.py
[2023-04-11T23:11:37.350-0400] {processor.py:743} INFO - Processing file /Users/srivardhan/opt/anaconda3/envs/kafka-pipeline/lib/python3.7/site-packages/airflow/example_dags/example_kubernetes_executor.py for tasks to queue
[2023-04-11T23:11:37.352-0400] {logging_mixin.py:137} INFO - [2023-04-11T23:11:37.351-0400] {dagbag.py:532} INFO - Filling up the DagBag from /Users/srivardhan/opt/anaconda3/envs/kafka-pipeline/lib/python3.7/site-packages/airflow/example_dags/example_kubernetes_executor.py
[2023-04-11T23:11:37.368-0400] {logging_mixin.py:137} INFO - [2023-04-11T23:11:37.368-0400] {example_kubernetes_executor.py:42} WARNING - The example_kubernetes_executor example DAG requires the kubernetes provider. Please install it with: pip install apache-airflow[cncf.kubernetes]
[2023-04-11T23:11:37.369-0400] {processor.py:755} WARNING - No viable dags retrieved from /Users/srivardhan/opt/anaconda3/envs/kafka-pipeline/lib/python3.7/site-packages/airflow/example_dags/example_kubernetes_executor.py
[2023-04-11T23:11:37.377-0400] {processor.py:175} INFO - Processing /Users/srivardhan/opt/anaconda3/envs/kafka-pipeline/lib/python3.7/site-packages/airflow/example_dags/example_kubernetes_executor.py took 0.033 seconds
[2023-04-11T23:12:17.622-0400] {processor.py:153} INFO - Started process (PID=42002) to work on /Users/srivardhan/opt/anaconda3/envs/kafka-pipeline/lib/python3.7/site-packages/airflow/example_dags/example_kubernetes_executor.py
[2023-04-11T23:12:17.623-0400] {processor.py:743} INFO - Processing file /Users/srivardhan/opt/anaconda3/envs/kafka-pipeline/lib/python3.7/site-packages/airflow/example_dags/example_kubernetes_executor.py for tasks to queue
[2023-04-11T23:12:17.625-0400] {logging_mixin.py:137} INFO - [2023-04-11T23:12:17.624-0400] {dagbag.py:532} INFO - Filling up the DagBag from /Users/srivardhan/opt/anaconda3/envs/kafka-pipeline/lib/python3.7/site-packages/airflow/example_dags/example_kubernetes_executor.py
[2023-04-11T23:12:17.641-0400] {logging_mixin.py:137} INFO - [2023-04-11T23:12:17.640-0400] {example_kubernetes_executor.py:42} WARNING - The example_kubernetes_executor example DAG requires the kubernetes provider. Please install it with: pip install apache-airflow[cncf.kubernetes]
[2023-04-11T23:12:17.641-0400] {processor.py:755} WARNING - No viable dags retrieved from /Users/srivardhan/opt/anaconda3/envs/kafka-pipeline/lib/python3.7/site-packages/airflow/example_dags/example_kubernetes_executor.py
[2023-04-11T23:12:17.649-0400] {processor.py:175} INFO - Processing /Users/srivardhan/opt/anaconda3/envs/kafka-pipeline/lib/python3.7/site-packages/airflow/example_dags/example_kubernetes_executor.py took 0.032 seconds
[2023-04-11T23:13:08.733-0400] {processor.py:153} INFO - Started process (PID=42231) to work on /Users/srivardhan/opt/anaconda3/envs/kafka-pipeline/lib/python3.7/site-packages/airflow/example_dags/example_kubernetes_executor.py
[2023-04-11T23:13:08.736-0400] {processor.py:743} INFO - Processing file /Users/srivardhan/opt/anaconda3/envs/kafka-pipeline/lib/python3.7/site-packages/airflow/example_dags/example_kubernetes_executor.py for tasks to queue
[2023-04-11T23:13:08.737-0400] {logging_mixin.py:137} INFO - [2023-04-11T23:13:08.737-0400] {dagbag.py:532} INFO - Filling up the DagBag from /Users/srivardhan/opt/anaconda3/envs/kafka-pipeline/lib/python3.7/site-packages/airflow/example_dags/example_kubernetes_executor.py
[2023-04-11T23:13:08.754-0400] {logging_mixin.py:137} INFO - [2023-04-11T23:13:08.754-0400] {example_kubernetes_executor.py:42} WARNING - The example_kubernetes_executor example DAG requires the kubernetes provider. Please install it with: pip install apache-airflow[cncf.kubernetes]
[2023-04-11T23:13:08.755-0400] {processor.py:755} WARNING - No viable dags retrieved from /Users/srivardhan/opt/anaconda3/envs/kafka-pipeline/lib/python3.7/site-packages/airflow/example_dags/example_kubernetes_executor.py
[2023-04-11T23:13:08.763-0400] {processor.py:175} INFO - Processing /Users/srivardhan/opt/anaconda3/envs/kafka-pipeline/lib/python3.7/site-packages/airflow/example_dags/example_kubernetes_executor.py took 0.034 seconds
[2023-04-11T23:13:49.827-0400] {processor.py:153} INFO - Started process (PID=42428) to work on /Users/srivardhan/opt/anaconda3/envs/kafka-pipeline/lib/python3.7/site-packages/airflow/example_dags/example_kubernetes_executor.py
[2023-04-11T23:13:49.828-0400] {processor.py:743} INFO - Processing file /Users/srivardhan/opt/anaconda3/envs/kafka-pipeline/lib/python3.7/site-packages/airflow/example_dags/example_kubernetes_executor.py for tasks to queue
[2023-04-11T23:13:49.829-0400] {logging_mixin.py:137} INFO - [2023-04-11T23:13:49.829-0400] {dagbag.py:532} INFO - Filling up the DagBag from /Users/srivardhan/opt/anaconda3/envs/kafka-pipeline/lib/python3.7/site-packages/airflow/example_dags/example_kubernetes_executor.py
[2023-04-11T23:13:49.844-0400] {logging_mixin.py:137} INFO - [2023-04-11T23:13:49.844-0400] {example_kubernetes_executor.py:42} WARNING - The example_kubernetes_executor example DAG requires the kubernetes provider. Please install it with: pip install apache-airflow[cncf.kubernetes]
[2023-04-11T23:13:49.845-0400] {processor.py:755} WARNING - No viable dags retrieved from /Users/srivardhan/opt/anaconda3/envs/kafka-pipeline/lib/python3.7/site-packages/airflow/example_dags/example_kubernetes_executor.py
[2023-04-11T23:13:49.852-0400] {processor.py:175} INFO - Processing /Users/srivardhan/opt/anaconda3/envs/kafka-pipeline/lib/python3.7/site-packages/airflow/example_dags/example_kubernetes_executor.py took 0.028 seconds
