[2023-04-11T20:45:09.830-0400] {processor.py:153} INFO - Started process (PID=41090) to work on /Users/srivardhan/opt/anaconda3/envs/kafka-pipeline/lib/python3.7/site-packages/airflow/example_dags/example_latest_only.py
[2023-04-11T20:45:09.832-0400] {processor.py:743} INFO - Processing file /Users/srivardhan/opt/anaconda3/envs/kafka-pipeline/lib/python3.7/site-packages/airflow/example_dags/example_latest_only.py for tasks to queue
[2023-04-11T20:45:09.833-0400] {logging_mixin.py:137} INFO - [2023-04-11T20:45:09.832-0400] {dagbag.py:532} INFO - Filling up the DagBag from /Users/srivardhan/opt/anaconda3/envs/kafka-pipeline/lib/python3.7/site-packages/airflow/example_dags/example_latest_only.py
[2023-04-11T20:45:09.843-0400] {processor.py:753} INFO - DAG(s) dict_keys(['latest_only']) retrieved from /Users/srivardhan/opt/anaconda3/envs/kafka-pipeline/lib/python3.7/site-packages/airflow/example_dags/example_latest_only.py
[2023-04-11T20:45:09.860-0400] {logging_mixin.py:137} INFO - [2023-04-11T20:45:09.860-0400] {dag.py:2693} INFO - Sync 1 DAGs
[2023-04-11T20:45:09.873-0400] {logging_mixin.py:137} INFO - [2023-04-11T20:45:09.872-0400] {dag.py:3444} INFO - Setting next_dagrun for latest_only to 2023-04-11T20:45:09.872641+00:00, run_after=2023-04-12T00:45:09.872641+00:00
[2023-04-11T20:45:09.884-0400] {processor.py:175} INFO - Processing /Users/srivardhan/opt/anaconda3/envs/kafka-pipeline/lib/python3.7/site-packages/airflow/example_dags/example_latest_only.py took 0.059 seconds
[2023-04-11T21:47:15.451-0400] {processor.py:153} INFO - Started process (PID=41182) to work on /Users/srivardhan/opt/anaconda3/envs/kafka-pipeline/lib/python3.7/site-packages/airflow/example_dags/example_latest_only.py
[2023-04-11T21:47:15.452-0400] {processor.py:743} INFO - Processing file /Users/srivardhan/opt/anaconda3/envs/kafka-pipeline/lib/python3.7/site-packages/airflow/example_dags/example_latest_only.py for tasks to queue
[2023-04-11T21:47:15.453-0400] {logging_mixin.py:137} INFO - [2023-04-11T21:47:15.453-0400] {dagbag.py:532} INFO - Filling up the DagBag from /Users/srivardhan/opt/anaconda3/envs/kafka-pipeline/lib/python3.7/site-packages/airflow/example_dags/example_latest_only.py
[2023-04-11T21:47:15.463-0400] {processor.py:753} INFO - DAG(s) dict_keys(['latest_only']) retrieved from /Users/srivardhan/opt/anaconda3/envs/kafka-pipeline/lib/python3.7/site-packages/airflow/example_dags/example_latest_only.py
[2023-04-11T21:47:15.481-0400] {logging_mixin.py:137} INFO - [2023-04-11T21:47:15.480-0400] {dag.py:2693} INFO - Sync 1 DAGs
[2023-04-11T21:47:15.494-0400] {logging_mixin.py:137} INFO - [2023-04-11T21:47:15.493-0400] {dag.py:3444} INFO - Setting next_dagrun for latest_only to 2023-04-11T21:47:15.493616+00:00, run_after=2023-04-12T01:47:15.493616+00:00
[2023-04-11T21:47:15.505-0400] {processor.py:175} INFO - Processing /Users/srivardhan/opt/anaconda3/envs/kafka-pipeline/lib/python3.7/site-packages/airflow/example_dags/example_latest_only.py took 0.059 seconds
[2023-04-11T22:09:41.113-0400] {processor.py:153} INFO - Started process (PID=41289) to work on /Users/srivardhan/opt/anaconda3/envs/kafka-pipeline/lib/python3.7/site-packages/airflow/example_dags/example_latest_only.py
[2023-04-11T22:09:41.116-0400] {processor.py:743} INFO - Processing file /Users/srivardhan/opt/anaconda3/envs/kafka-pipeline/lib/python3.7/site-packages/airflow/example_dags/example_latest_only.py for tasks to queue
[2023-04-11T22:09:41.117-0400] {logging_mixin.py:137} INFO - [2023-04-11T22:09:41.117-0400] {dagbag.py:532} INFO - Filling up the DagBag from /Users/srivardhan/opt/anaconda3/envs/kafka-pipeline/lib/python3.7/site-packages/airflow/example_dags/example_latest_only.py
[2023-04-11T22:09:41.127-0400] {processor.py:753} INFO - DAG(s) dict_keys(['latest_only']) retrieved from /Users/srivardhan/opt/anaconda3/envs/kafka-pipeline/lib/python3.7/site-packages/airflow/example_dags/example_latest_only.py
[2023-04-11T22:09:41.145-0400] {logging_mixin.py:137} INFO - [2023-04-11T22:09:41.145-0400] {dag.py:2693} INFO - Sync 1 DAGs
[2023-04-11T22:09:41.158-0400] {logging_mixin.py:137} INFO - [2023-04-11T22:09:41.158-0400] {dag.py:3444} INFO - Setting next_dagrun for latest_only to 2023-04-11T22:09:41.158037+00:00, run_after=2023-04-12T02:09:41.158037+00:00
[2023-04-11T22:09:41.169-0400] {processor.py:175} INFO - Processing /Users/srivardhan/opt/anaconda3/envs/kafka-pipeline/lib/python3.7/site-packages/airflow/example_dags/example_latest_only.py took 0.059 seconds
[2023-04-11T22:34:58.340-0400] {processor.py:153} INFO - Started process (PID=41497) to work on /Users/srivardhan/opt/anaconda3/envs/kafka-pipeline/lib/python3.7/site-packages/airflow/example_dags/example_latest_only.py
[2023-04-11T22:34:58.342-0400] {processor.py:743} INFO - Processing file /Users/srivardhan/opt/anaconda3/envs/kafka-pipeline/lib/python3.7/site-packages/airflow/example_dags/example_latest_only.py for tasks to queue
[2023-04-11T22:34:58.344-0400] {logging_mixin.py:137} INFO - [2023-04-11T22:34:58.343-0400] {dagbag.py:532} INFO - Filling up the DagBag from /Users/srivardhan/opt/anaconda3/envs/kafka-pipeline/lib/python3.7/site-packages/airflow/example_dags/example_latest_only.py
[2023-04-11T22:34:58.354-0400] {processor.py:753} INFO - DAG(s) dict_keys(['latest_only']) retrieved from /Users/srivardhan/opt/anaconda3/envs/kafka-pipeline/lib/python3.7/site-packages/airflow/example_dags/example_latest_only.py
[2023-04-11T22:34:58.371-0400] {logging_mixin.py:137} INFO - [2023-04-11T22:34:58.371-0400] {dag.py:2693} INFO - Sync 1 DAGs
[2023-04-11T22:34:58.385-0400] {logging_mixin.py:137} INFO - [2023-04-11T22:34:58.384-0400] {dag.py:3444} INFO - Setting next_dagrun for latest_only to 2023-04-11T22:34:58.384765+00:00, run_after=2023-04-12T02:34:58.384765+00:00
[2023-04-11T22:34:58.396-0400] {processor.py:175} INFO - Processing /Users/srivardhan/opt/anaconda3/envs/kafka-pipeline/lib/python3.7/site-packages/airflow/example_dags/example_latest_only.py took 0.060 seconds
[2023-04-11T23:10:09.570-0400] {processor.py:153} INFO - Started process (PID=41683) to work on /Users/srivardhan/opt/anaconda3/envs/kafka-pipeline/lib/python3.7/site-packages/airflow/example_dags/example_latest_only.py
[2023-04-11T23:10:09.572-0400] {processor.py:743} INFO - Processing file /Users/srivardhan/opt/anaconda3/envs/kafka-pipeline/lib/python3.7/site-packages/airflow/example_dags/example_latest_only.py for tasks to queue
[2023-04-11T23:10:09.572-0400] {logging_mixin.py:137} INFO - [2023-04-11T23:10:09.572-0400] {dagbag.py:532} INFO - Filling up the DagBag from /Users/srivardhan/opt/anaconda3/envs/kafka-pipeline/lib/python3.7/site-packages/airflow/example_dags/example_latest_only.py
[2023-04-11T23:10:09.579-0400] {processor.py:753} INFO - DAG(s) dict_keys(['latest_only']) retrieved from /Users/srivardhan/opt/anaconda3/envs/kafka-pipeline/lib/python3.7/site-packages/airflow/example_dags/example_latest_only.py
[2023-04-11T23:10:09.593-0400] {logging_mixin.py:137} INFO - [2023-04-11T23:10:09.592-0400] {dag.py:2693} INFO - Sync 1 DAGs
[2023-04-11T23:10:09.605-0400] {logging_mixin.py:137} INFO - [2023-04-11T23:10:09.605-0400] {dag.py:3444} INFO - Setting next_dagrun for latest_only to 2023-04-11T23:10:09.605070+00:00, run_after=2023-04-12T03:10:09.605070+00:00
[2023-04-11T23:10:09.617-0400] {processor.py:175} INFO - Processing /Users/srivardhan/opt/anaconda3/envs/kafka-pipeline/lib/python3.7/site-packages/airflow/example_dags/example_latest_only.py took 0.049 seconds
[2023-04-11T23:10:54.302-0400] {processor.py:153} INFO - Started process (PID=41817) to work on /Users/srivardhan/opt/anaconda3/envs/kafka-pipeline/lib/python3.7/site-packages/airflow/example_dags/example_latest_only.py
[2023-04-11T23:10:54.304-0400] {processor.py:743} INFO - Processing file /Users/srivardhan/opt/anaconda3/envs/kafka-pipeline/lib/python3.7/site-packages/airflow/example_dags/example_latest_only.py for tasks to queue
[2023-04-11T23:10:54.305-0400] {logging_mixin.py:137} INFO - [2023-04-11T23:10:54.305-0400] {dagbag.py:532} INFO - Filling up the DagBag from /Users/srivardhan/opt/anaconda3/envs/kafka-pipeline/lib/python3.7/site-packages/airflow/example_dags/example_latest_only.py
[2023-04-11T23:10:54.314-0400] {processor.py:753} INFO - DAG(s) dict_keys(['latest_only']) retrieved from /Users/srivardhan/opt/anaconda3/envs/kafka-pipeline/lib/python3.7/site-packages/airflow/example_dags/example_latest_only.py
[2023-04-11T23:10:54.333-0400] {logging_mixin.py:137} INFO - [2023-04-11T23:10:54.332-0400] {dag.py:2693} INFO - Sync 1 DAGs
[2023-04-11T23:10:54.346-0400] {logging_mixin.py:137} INFO - [2023-04-11T23:10:54.345-0400] {dag.py:3444} INFO - Setting next_dagrun for latest_only to 2023-04-11T23:10:54.345696+00:00, run_after=2023-04-12T03:10:54.345696+00:00
[2023-04-11T23:10:54.356-0400] {processor.py:175} INFO - Processing /Users/srivardhan/opt/anaconda3/envs/kafka-pipeline/lib/python3.7/site-packages/airflow/example_dags/example_latest_only.py took 0.058 seconds
[2023-04-11T23:11:36.175-0400] {processor.py:153} INFO - Started process (PID=41906) to work on /Users/srivardhan/opt/anaconda3/envs/kafka-pipeline/lib/python3.7/site-packages/airflow/example_dags/example_latest_only.py
[2023-04-11T23:11:36.177-0400] {processor.py:743} INFO - Processing file /Users/srivardhan/opt/anaconda3/envs/kafka-pipeline/lib/python3.7/site-packages/airflow/example_dags/example_latest_only.py for tasks to queue
[2023-04-11T23:11:36.178-0400] {logging_mixin.py:137} INFO - [2023-04-11T23:11:36.178-0400] {dagbag.py:532} INFO - Filling up the DagBag from /Users/srivardhan/opt/anaconda3/envs/kafka-pipeline/lib/python3.7/site-packages/airflow/example_dags/example_latest_only.py
[2023-04-11T23:11:36.188-0400] {processor.py:753} INFO - DAG(s) dict_keys(['latest_only']) retrieved from /Users/srivardhan/opt/anaconda3/envs/kafka-pipeline/lib/python3.7/site-packages/airflow/example_dags/example_latest_only.py
[2023-04-11T23:11:36.207-0400] {logging_mixin.py:137} INFO - [2023-04-11T23:11:36.207-0400] {dag.py:2693} INFO - Sync 1 DAGs
[2023-04-11T23:11:36.221-0400] {logging_mixin.py:137} INFO - [2023-04-11T23:11:36.220-0400] {dag.py:3444} INFO - Setting next_dagrun for latest_only to 2023-04-11T23:11:36.220679+00:00, run_after=2023-04-12T03:11:36.220679+00:00
[2023-04-11T23:11:36.232-0400] {processor.py:175} INFO - Processing /Users/srivardhan/opt/anaconda3/envs/kafka-pipeline/lib/python3.7/site-packages/airflow/example_dags/example_latest_only.py took 0.062 seconds
[2023-04-11T23:12:17.103-0400] {processor.py:153} INFO - Started process (PID=42001) to work on /Users/srivardhan/opt/anaconda3/envs/kafka-pipeline/lib/python3.7/site-packages/airflow/example_dags/example_latest_only.py
[2023-04-11T23:12:17.104-0400] {processor.py:743} INFO - Processing file /Users/srivardhan/opt/anaconda3/envs/kafka-pipeline/lib/python3.7/site-packages/airflow/example_dags/example_latest_only.py for tasks to queue
[2023-04-11T23:12:17.106-0400] {logging_mixin.py:137} INFO - [2023-04-11T23:12:17.106-0400] {dagbag.py:532} INFO - Filling up the DagBag from /Users/srivardhan/opt/anaconda3/envs/kafka-pipeline/lib/python3.7/site-packages/airflow/example_dags/example_latest_only.py
[2023-04-11T23:12:17.117-0400] {processor.py:753} INFO - DAG(s) dict_keys(['latest_only']) retrieved from /Users/srivardhan/opt/anaconda3/envs/kafka-pipeline/lib/python3.7/site-packages/airflow/example_dags/example_latest_only.py
[2023-04-11T23:12:17.137-0400] {logging_mixin.py:137} INFO - [2023-04-11T23:12:17.137-0400] {dag.py:2693} INFO - Sync 1 DAGs
[2023-04-11T23:12:17.152-0400] {logging_mixin.py:137} INFO - [2023-04-11T23:12:17.152-0400] {dag.py:3444} INFO - Setting next_dagrun for latest_only to 2023-04-11T23:12:17.151947+00:00, run_after=2023-04-12T03:12:17.151947+00:00
[2023-04-11T23:12:17.165-0400] {processor.py:175} INFO - Processing /Users/srivardhan/opt/anaconda3/envs/kafka-pipeline/lib/python3.7/site-packages/airflow/example_dags/example_latest_only.py took 0.068 seconds
[2023-04-11T23:12:58.907-0400] {processor.py:153} INFO - Started process (PID=42212) to work on /Users/srivardhan/opt/anaconda3/envs/kafka-pipeline/lib/python3.7/site-packages/airflow/example_dags/example_latest_only.py
[2023-04-11T23:12:58.910-0400] {processor.py:743} INFO - Processing file /Users/srivardhan/opt/anaconda3/envs/kafka-pipeline/lib/python3.7/site-packages/airflow/example_dags/example_latest_only.py for tasks to queue
[2023-04-11T23:12:58.912-0400] {logging_mixin.py:137} INFO - [2023-04-11T23:12:58.911-0400] {dagbag.py:532} INFO - Filling up the DagBag from /Users/srivardhan/opt/anaconda3/envs/kafka-pipeline/lib/python3.7/site-packages/airflow/example_dags/example_latest_only.py
[2023-04-11T23:12:58.923-0400] {processor.py:753} INFO - DAG(s) dict_keys(['latest_only']) retrieved from /Users/srivardhan/opt/anaconda3/envs/kafka-pipeline/lib/python3.7/site-packages/airflow/example_dags/example_latest_only.py
[2023-04-11T23:12:58.943-0400] {logging_mixin.py:137} INFO - [2023-04-11T23:12:58.943-0400] {dag.py:2693} INFO - Sync 1 DAGs
[2023-04-11T23:12:58.957-0400] {logging_mixin.py:137} INFO - [2023-04-11T23:12:58.957-0400] {dag.py:3444} INFO - Setting next_dagrun for latest_only to 2023-04-11T23:12:58.957485+00:00, run_after=2023-04-12T03:12:58.957485+00:00
[2023-04-11T23:12:58.968-0400] {processor.py:175} INFO - Processing /Users/srivardhan/opt/anaconda3/envs/kafka-pipeline/lib/python3.7/site-packages/airflow/example_dags/example_latest_only.py took 0.066 seconds
[2023-04-11T23:13:48.671-0400] {processor.py:153} INFO - Started process (PID=42416) to work on /Users/srivardhan/opt/anaconda3/envs/kafka-pipeline/lib/python3.7/site-packages/airflow/example_dags/example_latest_only.py
[2023-04-11T23:13:48.673-0400] {processor.py:743} INFO - Processing file /Users/srivardhan/opt/anaconda3/envs/kafka-pipeline/lib/python3.7/site-packages/airflow/example_dags/example_latest_only.py for tasks to queue
[2023-04-11T23:13:48.674-0400] {logging_mixin.py:137} INFO - [2023-04-11T23:13:48.674-0400] {dagbag.py:532} INFO - Filling up the DagBag from /Users/srivardhan/opt/anaconda3/envs/kafka-pipeline/lib/python3.7/site-packages/airflow/example_dags/example_latest_only.py
[2023-04-11T23:13:48.682-0400] {processor.py:753} INFO - DAG(s) dict_keys(['latest_only']) retrieved from /Users/srivardhan/opt/anaconda3/envs/kafka-pipeline/lib/python3.7/site-packages/airflow/example_dags/example_latest_only.py
[2023-04-11T23:13:48.700-0400] {logging_mixin.py:137} INFO - [2023-04-11T23:13:48.699-0400] {dag.py:2693} INFO - Sync 1 DAGs
[2023-04-11T23:13:48.712-0400] {logging_mixin.py:137} INFO - [2023-04-11T23:13:48.712-0400] {dag.py:3444} INFO - Setting next_dagrun for latest_only to 2023-04-11T23:13:48.712406+00:00, run_after=2023-04-12T03:13:48.712406+00:00
[2023-04-11T23:13:48.725-0400] {processor.py:175} INFO - Processing /Users/srivardhan/opt/anaconda3/envs/kafka-pipeline/lib/python3.7/site-packages/airflow/example_dags/example_latest_only.py took 0.057 seconds
