[2023-04-11T21:52:35.460-0400] {processor.py:153} INFO - Started process (PID=41199) to work on /Users/srivardhan/opt/anaconda3/envs/kafka-pipeline/lib/python3.7/site-packages/airflow/example_dags/example_complex.py
[2023-04-11T21:52:35.462-0400] {processor.py:743} INFO - Processing file /Users/srivardhan/opt/anaconda3/envs/kafka-pipeline/lib/python3.7/site-packages/airflow/example_dags/example_complex.py for tasks to queue
[2023-04-11T21:52:35.463-0400] {logging_mixin.py:137} INFO - [2023-04-11T21:52:35.463-0400] {dagbag.py:532} INFO - Filling up the DagBag from /Users/srivardhan/opt/anaconda3/envs/kafka-pipeline/lib/python3.7/site-packages/airflow/example_dags/example_complex.py
[2023-04-11T21:52:35.480-0400] {logging_mixin.py:137} INFO - [2023-04-11T21:52:35.479-0400] {taskmixin.py:211} WARNING - Dependency <Task(BashOperator): create_entry_group>, delete_entry_group already registered for DAG: example_complex
[2023-04-11T21:52:35.480-0400] {logging_mixin.py:137} INFO - [2023-04-11T21:52:35.480-0400] {taskmixin.py:211} WARNING - Dependency <Task(BashOperator): delete_entry_group>, create_entry_group already registered for DAG: example_complex
[2023-04-11T21:52:35.481-0400] {logging_mixin.py:137} INFO - [2023-04-11T21:52:35.481-0400] {taskmixin.py:211} WARNING - Dependency <Task(BashOperator): create_entry_gcs>, delete_entry already registered for DAG: example_complex
[2023-04-11T21:52:35.482-0400] {logging_mixin.py:137} INFO - [2023-04-11T21:52:35.481-0400] {taskmixin.py:211} WARNING - Dependency <Task(BashOperator): delete_entry>, create_entry_gcs already registered for DAG: example_complex
[2023-04-11T21:52:35.482-0400] {logging_mixin.py:137} INFO - [2023-04-11T21:52:35.482-0400] {taskmixin.py:211} WARNING - Dependency <Task(BashOperator): create_tag>, delete_tag already registered for DAG: example_complex
[2023-04-11T21:52:35.483-0400] {logging_mixin.py:137} INFO - [2023-04-11T21:52:35.483-0400] {taskmixin.py:211} WARNING - Dependency <Task(BashOperator): delete_tag>, create_tag already registered for DAG: example_complex
[2023-04-11T21:52:35.485-0400] {processor.py:753} INFO - DAG(s) dict_keys(['example_complex']) retrieved from /Users/srivardhan/opt/anaconda3/envs/kafka-pipeline/lib/python3.7/site-packages/airflow/example_dags/example_complex.py
[2023-04-11T21:52:35.509-0400] {logging_mixin.py:137} INFO - [2023-04-11T21:52:35.509-0400] {dag.py:2693} INFO - Sync 1 DAGs
[2023-04-11T21:52:35.522-0400] {logging_mixin.py:137} INFO - [2023-04-11T21:52:35.522-0400] {dag.py:3444} INFO - Setting next_dagrun for example_complex to None, run_after=None
[2023-04-11T21:52:35.533-0400] {processor.py:175} INFO - Processing /Users/srivardhan/opt/anaconda3/envs/kafka-pipeline/lib/python3.7/site-packages/airflow/example_dags/example_complex.py took 0.078 seconds
[2023-04-11T22:26:38.509-0400] {processor.py:153} INFO - Started process (PID=41358) to work on /Users/srivardhan/opt/anaconda3/envs/kafka-pipeline/lib/python3.7/site-packages/airflow/example_dags/example_complex.py
[2023-04-11T22:26:38.511-0400] {processor.py:743} INFO - Processing file /Users/srivardhan/opt/anaconda3/envs/kafka-pipeline/lib/python3.7/site-packages/airflow/example_dags/example_complex.py for tasks to queue
[2023-04-11T22:26:38.512-0400] {logging_mixin.py:137} INFO - [2023-04-11T22:26:38.512-0400] {dagbag.py:532} INFO - Filling up the DagBag from /Users/srivardhan/opt/anaconda3/envs/kafka-pipeline/lib/python3.7/site-packages/airflow/example_dags/example_complex.py
[2023-04-11T22:26:38.526-0400] {logging_mixin.py:137} INFO - [2023-04-11T22:26:38.526-0400] {taskmixin.py:211} WARNING - Dependency <Task(BashOperator): create_entry_group>, delete_entry_group already registered for DAG: example_complex
[2023-04-11T22:26:38.527-0400] {logging_mixin.py:137} INFO - [2023-04-11T22:26:38.527-0400] {taskmixin.py:211} WARNING - Dependency <Task(BashOperator): delete_entry_group>, create_entry_group already registered for DAG: example_complex
[2023-04-11T22:26:38.527-0400] {logging_mixin.py:137} INFO - [2023-04-11T22:26:38.527-0400] {taskmixin.py:211} WARNING - Dependency <Task(BashOperator): create_entry_gcs>, delete_entry already registered for DAG: example_complex
[2023-04-11T22:26:38.528-0400] {logging_mixin.py:137} INFO - [2023-04-11T22:26:38.528-0400] {taskmixin.py:211} WARNING - Dependency <Task(BashOperator): delete_entry>, create_entry_gcs already registered for DAG: example_complex
[2023-04-11T22:26:38.529-0400] {logging_mixin.py:137} INFO - [2023-04-11T22:26:38.528-0400] {taskmixin.py:211} WARNING - Dependency <Task(BashOperator): create_tag>, delete_tag already registered for DAG: example_complex
[2023-04-11T22:26:38.529-0400] {logging_mixin.py:137} INFO - [2023-04-11T22:26:38.529-0400] {taskmixin.py:211} WARNING - Dependency <Task(BashOperator): delete_tag>, create_tag already registered for DAG: example_complex
[2023-04-11T22:26:38.531-0400] {processor.py:753} INFO - DAG(s) dict_keys(['example_complex']) retrieved from /Users/srivardhan/opt/anaconda3/envs/kafka-pipeline/lib/python3.7/site-packages/airflow/example_dags/example_complex.py
[2023-04-11T22:26:38.553-0400] {logging_mixin.py:137} INFO - [2023-04-11T22:26:38.552-0400] {dag.py:2693} INFO - Sync 1 DAGs
[2023-04-11T22:26:38.564-0400] {logging_mixin.py:137} INFO - [2023-04-11T22:26:38.564-0400] {dag.py:3444} INFO - Setting next_dagrun for example_complex to None, run_after=None
[2023-04-11T22:26:38.575-0400] {processor.py:175} INFO - Processing /Users/srivardhan/opt/anaconda3/envs/kafka-pipeline/lib/python3.7/site-packages/airflow/example_dags/example_complex.py took 0.070 seconds
[2023-04-11T22:35:04.273-0400] {processor.py:153} INFO - Started process (PID=41509) to work on /Users/srivardhan/opt/anaconda3/envs/kafka-pipeline/lib/python3.7/site-packages/airflow/example_dags/example_complex.py
[2023-04-11T22:35:04.276-0400] {processor.py:743} INFO - Processing file /Users/srivardhan/opt/anaconda3/envs/kafka-pipeline/lib/python3.7/site-packages/airflow/example_dags/example_complex.py for tasks to queue
[2023-04-11T22:35:04.277-0400] {logging_mixin.py:137} INFO - [2023-04-11T22:35:04.276-0400] {dagbag.py:532} INFO - Filling up the DagBag from /Users/srivardhan/opt/anaconda3/envs/kafka-pipeline/lib/python3.7/site-packages/airflow/example_dags/example_complex.py
[2023-04-11T22:35:04.291-0400] {logging_mixin.py:137} INFO - [2023-04-11T22:35:04.291-0400] {taskmixin.py:211} WARNING - Dependency <Task(BashOperator): create_entry_group>, delete_entry_group already registered for DAG: example_complex
[2023-04-11T22:35:04.292-0400] {logging_mixin.py:137} INFO - [2023-04-11T22:35:04.292-0400] {taskmixin.py:211} WARNING - Dependency <Task(BashOperator): delete_entry_group>, create_entry_group already registered for DAG: example_complex
[2023-04-11T22:35:04.292-0400] {logging_mixin.py:137} INFO - [2023-04-11T22:35:04.292-0400] {taskmixin.py:211} WARNING - Dependency <Task(BashOperator): create_entry_gcs>, delete_entry already registered for DAG: example_complex
[2023-04-11T22:35:04.293-0400] {logging_mixin.py:137} INFO - [2023-04-11T22:35:04.293-0400] {taskmixin.py:211} WARNING - Dependency <Task(BashOperator): delete_entry>, create_entry_gcs already registered for DAG: example_complex
[2023-04-11T22:35:04.294-0400] {logging_mixin.py:137} INFO - [2023-04-11T22:35:04.293-0400] {taskmixin.py:211} WARNING - Dependency <Task(BashOperator): create_tag>, delete_tag already registered for DAG: example_complex
[2023-04-11T22:35:04.294-0400] {logging_mixin.py:137} INFO - [2023-04-11T22:35:04.294-0400] {taskmixin.py:211} WARNING - Dependency <Task(BashOperator): delete_tag>, create_tag already registered for DAG: example_complex
[2023-04-11T22:35:04.296-0400] {processor.py:753} INFO - DAG(s) dict_keys(['example_complex']) retrieved from /Users/srivardhan/opt/anaconda3/envs/kafka-pipeline/lib/python3.7/site-packages/airflow/example_dags/example_complex.py
[2023-04-11T22:35:04.317-0400] {logging_mixin.py:137} INFO - [2023-04-11T22:35:04.317-0400] {dag.py:2693} INFO - Sync 1 DAGs
[2023-04-11T22:35:04.328-0400] {logging_mixin.py:137} INFO - [2023-04-11T22:35:04.328-0400] {dag.py:3444} INFO - Setting next_dagrun for example_complex to None, run_after=None
[2023-04-11T22:35:04.339-0400] {processor.py:175} INFO - Processing /Users/srivardhan/opt/anaconda3/envs/kafka-pipeline/lib/python3.7/site-packages/airflow/example_dags/example_complex.py took 0.070 seconds
[2023-04-11T23:10:15.871-0400] {processor.py:153} INFO - Started process (PID=41696) to work on /Users/srivardhan/opt/anaconda3/envs/kafka-pipeline/lib/python3.7/site-packages/airflow/example_dags/example_complex.py
[2023-04-11T23:10:15.872-0400] {processor.py:743} INFO - Processing file /Users/srivardhan/opt/anaconda3/envs/kafka-pipeline/lib/python3.7/site-packages/airflow/example_dags/example_complex.py for tasks to queue
[2023-04-11T23:10:15.873-0400] {logging_mixin.py:137} INFO - [2023-04-11T23:10:15.873-0400] {dagbag.py:532} INFO - Filling up the DagBag from /Users/srivardhan/opt/anaconda3/envs/kafka-pipeline/lib/python3.7/site-packages/airflow/example_dags/example_complex.py
[2023-04-11T23:10:15.882-0400] {logging_mixin.py:137} INFO - [2023-04-11T23:10:15.882-0400] {taskmixin.py:211} WARNING - Dependency <Task(BashOperator): create_entry_group>, delete_entry_group already registered for DAG: example_complex
[2023-04-11T23:10:15.882-0400] {logging_mixin.py:137} INFO - [2023-04-11T23:10:15.882-0400] {taskmixin.py:211} WARNING - Dependency <Task(BashOperator): delete_entry_group>, create_entry_group already registered for DAG: example_complex
[2023-04-11T23:10:15.883-0400] {logging_mixin.py:137} INFO - [2023-04-11T23:10:15.883-0400] {taskmixin.py:211} WARNING - Dependency <Task(BashOperator): create_entry_gcs>, delete_entry already registered for DAG: example_complex
[2023-04-11T23:10:15.883-0400] {logging_mixin.py:137} INFO - [2023-04-11T23:10:15.883-0400] {taskmixin.py:211} WARNING - Dependency <Task(BashOperator): delete_entry>, create_entry_gcs already registered for DAG: example_complex
[2023-04-11T23:10:15.884-0400] {logging_mixin.py:137} INFO - [2023-04-11T23:10:15.883-0400] {taskmixin.py:211} WARNING - Dependency <Task(BashOperator): create_tag>, delete_tag already registered for DAG: example_complex
[2023-04-11T23:10:15.884-0400] {logging_mixin.py:137} INFO - [2023-04-11T23:10:15.884-0400] {taskmixin.py:211} WARNING - Dependency <Task(BashOperator): delete_tag>, create_tag already registered for DAG: example_complex
[2023-04-11T23:10:15.885-0400] {processor.py:753} INFO - DAG(s) dict_keys(['example_complex']) retrieved from /Users/srivardhan/opt/anaconda3/envs/kafka-pipeline/lib/python3.7/site-packages/airflow/example_dags/example_complex.py
[2023-04-11T23:10:15.905-0400] {logging_mixin.py:137} INFO - [2023-04-11T23:10:15.905-0400] {dag.py:2693} INFO - Sync 1 DAGs
[2023-04-11T23:10:15.917-0400] {logging_mixin.py:137} INFO - [2023-04-11T23:10:15.917-0400] {dag.py:3444} INFO - Setting next_dagrun for example_complex to None, run_after=None
[2023-04-11T23:10:15.928-0400] {processor.py:175} INFO - Processing /Users/srivardhan/opt/anaconda3/envs/kafka-pipeline/lib/python3.7/site-packages/airflow/example_dags/example_complex.py took 0.060 seconds
[2023-04-11T23:10:59.628-0400] {processor.py:153} INFO - Started process (PID=41829) to work on /Users/srivardhan/opt/anaconda3/envs/kafka-pipeline/lib/python3.7/site-packages/airflow/example_dags/example_complex.py
[2023-04-11T23:10:59.631-0400] {processor.py:743} INFO - Processing file /Users/srivardhan/opt/anaconda3/envs/kafka-pipeline/lib/python3.7/site-packages/airflow/example_dags/example_complex.py for tasks to queue
[2023-04-11T23:10:59.632-0400] {logging_mixin.py:137} INFO - [2023-04-11T23:10:59.632-0400] {dagbag.py:532} INFO - Filling up the DagBag from /Users/srivardhan/opt/anaconda3/envs/kafka-pipeline/lib/python3.7/site-packages/airflow/example_dags/example_complex.py
[2023-04-11T23:10:59.649-0400] {logging_mixin.py:137} INFO - [2023-04-11T23:10:59.648-0400] {taskmixin.py:211} WARNING - Dependency <Task(BashOperator): create_entry_group>, delete_entry_group already registered for DAG: example_complex
[2023-04-11T23:10:59.649-0400] {logging_mixin.py:137} INFO - [2023-04-11T23:10:59.649-0400] {taskmixin.py:211} WARNING - Dependency <Task(BashOperator): delete_entry_group>, create_entry_group already registered for DAG: example_complex
[2023-04-11T23:10:59.650-0400] {logging_mixin.py:137} INFO - [2023-04-11T23:10:59.650-0400] {taskmixin.py:211} WARNING - Dependency <Task(BashOperator): create_entry_gcs>, delete_entry already registered for DAG: example_complex
[2023-04-11T23:10:59.651-0400] {logging_mixin.py:137} INFO - [2023-04-11T23:10:59.650-0400] {taskmixin.py:211} WARNING - Dependency <Task(BashOperator): delete_entry>, create_entry_gcs already registered for DAG: example_complex
[2023-04-11T23:10:59.651-0400] {logging_mixin.py:137} INFO - [2023-04-11T23:10:59.651-0400] {taskmixin.py:211} WARNING - Dependency <Task(BashOperator): create_tag>, delete_tag already registered for DAG: example_complex
[2023-04-11T23:10:59.652-0400] {logging_mixin.py:137} INFO - [2023-04-11T23:10:59.652-0400] {taskmixin.py:211} WARNING - Dependency <Task(BashOperator): delete_tag>, create_tag already registered for DAG: example_complex
[2023-04-11T23:10:59.654-0400] {processor.py:753} INFO - DAG(s) dict_keys(['example_complex']) retrieved from /Users/srivardhan/opt/anaconda3/envs/kafka-pipeline/lib/python3.7/site-packages/airflow/example_dags/example_complex.py
[2023-04-11T23:10:59.677-0400] {logging_mixin.py:137} INFO - [2023-04-11T23:10:59.676-0400] {dag.py:2693} INFO - Sync 1 DAGs
[2023-04-11T23:10:59.688-0400] {logging_mixin.py:137} INFO - [2023-04-11T23:10:59.688-0400] {dag.py:3444} INFO - Setting next_dagrun for example_complex to None, run_after=None
[2023-04-11T23:10:59.699-0400] {processor.py:175} INFO - Processing /Users/srivardhan/opt/anaconda3/envs/kafka-pipeline/lib/python3.7/site-packages/airflow/example_dags/example_complex.py took 0.076 seconds
[2023-04-11T23:11:42.526-0400] {processor.py:153} INFO - Started process (PID=41917) to work on /Users/srivardhan/opt/anaconda3/envs/kafka-pipeline/lib/python3.7/site-packages/airflow/example_dags/example_complex.py
[2023-04-11T23:11:42.527-0400] {processor.py:743} INFO - Processing file /Users/srivardhan/opt/anaconda3/envs/kafka-pipeline/lib/python3.7/site-packages/airflow/example_dags/example_complex.py for tasks to queue
[2023-04-11T23:11:42.529-0400] {logging_mixin.py:137} INFO - [2023-04-11T23:11:42.528-0400] {dagbag.py:532} INFO - Filling up the DagBag from /Users/srivardhan/opt/anaconda3/envs/kafka-pipeline/lib/python3.7/site-packages/airflow/example_dags/example_complex.py
[2023-04-11T23:11:42.543-0400] {logging_mixin.py:137} INFO - [2023-04-11T23:11:42.542-0400] {taskmixin.py:211} WARNING - Dependency <Task(BashOperator): create_entry_group>, delete_entry_group already registered for DAG: example_complex
[2023-04-11T23:11:42.543-0400] {logging_mixin.py:137} INFO - [2023-04-11T23:11:42.543-0400] {taskmixin.py:211} WARNING - Dependency <Task(BashOperator): delete_entry_group>, create_entry_group already registered for DAG: example_complex
[2023-04-11T23:11:42.544-0400] {logging_mixin.py:137} INFO - [2023-04-11T23:11:42.544-0400] {taskmixin.py:211} WARNING - Dependency <Task(BashOperator): create_entry_gcs>, delete_entry already registered for DAG: example_complex
[2023-04-11T23:11:42.545-0400] {logging_mixin.py:137} INFO - [2023-04-11T23:11:42.544-0400] {taskmixin.py:211} WARNING - Dependency <Task(BashOperator): delete_entry>, create_entry_gcs already registered for DAG: example_complex
[2023-04-11T23:11:42.545-0400] {logging_mixin.py:137} INFO - [2023-04-11T23:11:42.545-0400] {taskmixin.py:211} WARNING - Dependency <Task(BashOperator): create_tag>, delete_tag already registered for DAG: example_complex
[2023-04-11T23:11:42.546-0400] {logging_mixin.py:137} INFO - [2023-04-11T23:11:42.546-0400] {taskmixin.py:211} WARNING - Dependency <Task(BashOperator): delete_tag>, create_tag already registered for DAG: example_complex
[2023-04-11T23:11:42.548-0400] {processor.py:753} INFO - DAG(s) dict_keys(['example_complex']) retrieved from /Users/srivardhan/opt/anaconda3/envs/kafka-pipeline/lib/python3.7/site-packages/airflow/example_dags/example_complex.py
[2023-04-11T23:11:42.570-0400] {logging_mixin.py:137} INFO - [2023-04-11T23:11:42.569-0400] {dag.py:2693} INFO - Sync 1 DAGs
[2023-04-11T23:11:42.581-0400] {logging_mixin.py:137} INFO - [2023-04-11T23:11:42.581-0400] {dag.py:3444} INFO - Setting next_dagrun for example_complex to None, run_after=None
[2023-04-11T23:11:42.592-0400] {processor.py:175} INFO - Processing /Users/srivardhan/opt/anaconda3/envs/kafka-pipeline/lib/python3.7/site-packages/airflow/example_dags/example_complex.py took 0.071 seconds
[2023-04-11T23:12:32.294-0400] {processor.py:153} INFO - Started process (PID=42087) to work on /Users/srivardhan/opt/anaconda3/envs/kafka-pipeline/lib/python3.7/site-packages/airflow/example_dags/example_complex.py
[2023-04-11T23:12:32.295-0400] {processor.py:743} INFO - Processing file /Users/srivardhan/opt/anaconda3/envs/kafka-pipeline/lib/python3.7/site-packages/airflow/example_dags/example_complex.py for tasks to queue
[2023-04-11T23:12:32.296-0400] {logging_mixin.py:137} INFO - [2023-04-11T23:12:32.296-0400] {dagbag.py:532} INFO - Filling up the DagBag from /Users/srivardhan/opt/anaconda3/envs/kafka-pipeline/lib/python3.7/site-packages/airflow/example_dags/example_complex.py
[2023-04-11T23:12:32.307-0400] {logging_mixin.py:137} INFO - [2023-04-11T23:12:32.306-0400] {taskmixin.py:211} WARNING - Dependency <Task(BashOperator): create_entry_group>, delete_entry_group already registered for DAG: example_complex
[2023-04-11T23:12:32.307-0400] {logging_mixin.py:137} INFO - [2023-04-11T23:12:32.307-0400] {taskmixin.py:211} WARNING - Dependency <Task(BashOperator): delete_entry_group>, create_entry_group already registered for DAG: example_complex
[2023-04-11T23:12:32.308-0400] {logging_mixin.py:137} INFO - [2023-04-11T23:12:32.308-0400] {taskmixin.py:211} WARNING - Dependency <Task(BashOperator): create_entry_gcs>, delete_entry already registered for DAG: example_complex
[2023-04-11T23:12:32.309-0400] {logging_mixin.py:137} INFO - [2023-04-11T23:12:32.308-0400] {taskmixin.py:211} WARNING - Dependency <Task(BashOperator): delete_entry>, create_entry_gcs already registered for DAG: example_complex
[2023-04-11T23:12:32.309-0400] {logging_mixin.py:137} INFO - [2023-04-11T23:12:32.309-0400] {taskmixin.py:211} WARNING - Dependency <Task(BashOperator): create_tag>, delete_tag already registered for DAG: example_complex
[2023-04-11T23:12:32.309-0400] {logging_mixin.py:137} INFO - [2023-04-11T23:12:32.309-0400] {taskmixin.py:211} WARNING - Dependency <Task(BashOperator): delete_tag>, create_tag already registered for DAG: example_complex
[2023-04-11T23:12:32.311-0400] {processor.py:753} INFO - DAG(s) dict_keys(['example_complex']) retrieved from /Users/srivardhan/opt/anaconda3/envs/kafka-pipeline/lib/python3.7/site-packages/airflow/example_dags/example_complex.py
[2023-04-11T23:12:32.335-0400] {logging_mixin.py:137} INFO - [2023-04-11T23:12:32.335-0400] {dag.py:2693} INFO - Sync 1 DAGs
[2023-04-11T23:12:32.350-0400] {logging_mixin.py:137} INFO - [2023-04-11T23:12:32.350-0400] {dag.py:3444} INFO - Setting next_dagrun for example_complex to None, run_after=None
[2023-04-11T23:12:32.366-0400] {processor.py:175} INFO - Processing /Users/srivardhan/opt/anaconda3/envs/kafka-pipeline/lib/python3.7/site-packages/airflow/example_dags/example_complex.py took 0.076 seconds
[2023-04-11T23:13:24.236-0400] {processor.py:153} INFO - Started process (PID=42263) to work on /Users/srivardhan/opt/anaconda3/envs/kafka-pipeline/lib/python3.7/site-packages/airflow/example_dags/example_complex.py
[2023-04-11T23:13:24.237-0400] {processor.py:743} INFO - Processing file /Users/srivardhan/opt/anaconda3/envs/kafka-pipeline/lib/python3.7/site-packages/airflow/example_dags/example_complex.py for tasks to queue
[2023-04-11T23:13:24.238-0400] {logging_mixin.py:137} INFO - [2023-04-11T23:13:24.238-0400] {dagbag.py:532} INFO - Filling up the DagBag from /Users/srivardhan/opt/anaconda3/envs/kafka-pipeline/lib/python3.7/site-packages/airflow/example_dags/example_complex.py
[2023-04-11T23:13:24.252-0400] {logging_mixin.py:137} INFO - [2023-04-11T23:13:24.252-0400] {taskmixin.py:211} WARNING - Dependency <Task(BashOperator): create_entry_group>, delete_entry_group already registered for DAG: example_complex
[2023-04-11T23:13:24.253-0400] {logging_mixin.py:137} INFO - [2023-04-11T23:13:24.253-0400] {taskmixin.py:211} WARNING - Dependency <Task(BashOperator): delete_entry_group>, create_entry_group already registered for DAG: example_complex
[2023-04-11T23:13:24.254-0400] {logging_mixin.py:137} INFO - [2023-04-11T23:13:24.253-0400] {taskmixin.py:211} WARNING - Dependency <Task(BashOperator): create_entry_gcs>, delete_entry already registered for DAG: example_complex
[2023-04-11T23:13:24.254-0400] {logging_mixin.py:137} INFO - [2023-04-11T23:13:24.254-0400] {taskmixin.py:211} WARNING - Dependency <Task(BashOperator): delete_entry>, create_entry_gcs already registered for DAG: example_complex
[2023-04-11T23:13:24.255-0400] {logging_mixin.py:137} INFO - [2023-04-11T23:13:24.255-0400] {taskmixin.py:211} WARNING - Dependency <Task(BashOperator): create_tag>, delete_tag already registered for DAG: example_complex
[2023-04-11T23:13:24.255-0400] {logging_mixin.py:137} INFO - [2023-04-11T23:13:24.255-0400] {taskmixin.py:211} WARNING - Dependency <Task(BashOperator): delete_tag>, create_tag already registered for DAG: example_complex
[2023-04-11T23:13:24.257-0400] {processor.py:753} INFO - DAG(s) dict_keys(['example_complex']) retrieved from /Users/srivardhan/opt/anaconda3/envs/kafka-pipeline/lib/python3.7/site-packages/airflow/example_dags/example_complex.py
[2023-04-11T23:13:24.279-0400] {logging_mixin.py:137} INFO - [2023-04-11T23:13:24.279-0400] {dag.py:2693} INFO - Sync 1 DAGs
[2023-04-11T23:13:24.291-0400] {logging_mixin.py:137} INFO - [2023-04-11T23:13:24.291-0400] {dag.py:3444} INFO - Setting next_dagrun for example_complex to None, run_after=None
[2023-04-11T23:13:24.302-0400] {processor.py:175} INFO - Processing /Users/srivardhan/opt/anaconda3/envs/kafka-pipeline/lib/python3.7/site-packages/airflow/example_dags/example_complex.py took 0.071 seconds
