[2023-04-11T21:02:44.242-0400] {processor.py:153} INFO - Started process (PID=41101) to work on /Users/srivardhan/opt/anaconda3/envs/kafka-pipeline/lib/python3.7/site-packages/airflow/example_dags/example_branch_operator_decorator.py
[2023-04-11T21:02:44.244-0400] {processor.py:743} INFO - Processing file /Users/srivardhan/opt/anaconda3/envs/kafka-pipeline/lib/python3.7/site-packages/airflow/example_dags/example_branch_operator_decorator.py for tasks to queue
[2023-04-11T21:02:44.245-0400] {logging_mixin.py:137} INFO - [2023-04-11T21:02:44.245-0400] {dagbag.py:532} INFO - Filling up the DagBag from /Users/srivardhan/opt/anaconda3/envs/kafka-pipeline/lib/python3.7/site-packages/airflow/example_dags/example_branch_operator_decorator.py
[2023-04-11T21:02:44.266-0400] {processor.py:753} INFO - DAG(s) dict_keys(['example_branch_python_operator_decorator']) retrieved from /Users/srivardhan/opt/anaconda3/envs/kafka-pipeline/lib/python3.7/site-packages/airflow/example_dags/example_branch_operator_decorator.py
[2023-04-11T21:02:44.281-0400] {logging_mixin.py:137} INFO - [2023-04-11T21:02:44.281-0400] {dag.py:2693} INFO - Sync 1 DAGs
[2023-04-11T21:02:44.294-0400] {logging_mixin.py:137} INFO - [2023-04-11T21:02:44.294-0400] {dag.py:3444} INFO - Setting next_dagrun for example_branch_python_operator_decorator to 2023-04-11T00:00:00+00:00, run_after=2023-04-12T00:00:00+00:00
[2023-04-11T21:02:44.305-0400] {processor.py:175} INFO - Processing /Users/srivardhan/opt/anaconda3/envs/kafka-pipeline/lib/python3.7/site-packages/airflow/example_dags/example_branch_operator_decorator.py took 0.068 seconds
[2023-04-11T21:52:36.163-0400] {processor.py:153} INFO - Started process (PID=41202) to work on /Users/srivardhan/opt/anaconda3/envs/kafka-pipeline/lib/python3.7/site-packages/airflow/example_dags/example_branch_operator_decorator.py
[2023-04-11T21:52:36.164-0400] {processor.py:743} INFO - Processing file /Users/srivardhan/opt/anaconda3/envs/kafka-pipeline/lib/python3.7/site-packages/airflow/example_dags/example_branch_operator_decorator.py for tasks to queue
[2023-04-11T21:52:36.165-0400] {logging_mixin.py:137} INFO - [2023-04-11T21:52:36.165-0400] {dagbag.py:532} INFO - Filling up the DagBag from /Users/srivardhan/opt/anaconda3/envs/kafka-pipeline/lib/python3.7/site-packages/airflow/example_dags/example_branch_operator_decorator.py
[2023-04-11T21:52:36.183-0400] {processor.py:753} INFO - DAG(s) dict_keys(['example_branch_python_operator_decorator']) retrieved from /Users/srivardhan/opt/anaconda3/envs/kafka-pipeline/lib/python3.7/site-packages/airflow/example_dags/example_branch_operator_decorator.py
[2023-04-11T21:52:36.198-0400] {logging_mixin.py:137} INFO - [2023-04-11T21:52:36.198-0400] {dag.py:2693} INFO - Sync 1 DAGs
[2023-04-11T21:52:36.211-0400] {logging_mixin.py:137} INFO - [2023-04-11T21:52:36.211-0400] {dag.py:3444} INFO - Setting next_dagrun for example_branch_python_operator_decorator to 2023-04-11T00:00:00+00:00, run_after=2023-04-12T00:00:00+00:00
[2023-04-11T21:52:36.222-0400] {processor.py:175} INFO - Processing /Users/srivardhan/opt/anaconda3/envs/kafka-pipeline/lib/python3.7/site-packages/airflow/example_dags/example_branch_operator_decorator.py took 0.063 seconds
[2023-04-11T22:26:40.151-0400] {processor.py:153} INFO - Started process (PID=41361) to work on /Users/srivardhan/opt/anaconda3/envs/kafka-pipeline/lib/python3.7/site-packages/airflow/example_dags/example_branch_operator_decorator.py
[2023-04-11T22:26:40.153-0400] {processor.py:743} INFO - Processing file /Users/srivardhan/opt/anaconda3/envs/kafka-pipeline/lib/python3.7/site-packages/airflow/example_dags/example_branch_operator_decorator.py for tasks to queue
[2023-04-11T22:26:40.154-0400] {logging_mixin.py:137} INFO - [2023-04-11T22:26:40.154-0400] {dagbag.py:532} INFO - Filling up the DagBag from /Users/srivardhan/opt/anaconda3/envs/kafka-pipeline/lib/python3.7/site-packages/airflow/example_dags/example_branch_operator_decorator.py
[2023-04-11T22:26:40.174-0400] {processor.py:753} INFO - DAG(s) dict_keys(['example_branch_python_operator_decorator']) retrieved from /Users/srivardhan/opt/anaconda3/envs/kafka-pipeline/lib/python3.7/site-packages/airflow/example_dags/example_branch_operator_decorator.py
[2023-04-11T22:26:40.190-0400] {logging_mixin.py:137} INFO - [2023-04-11T22:26:40.189-0400] {dag.py:2693} INFO - Sync 1 DAGs
[2023-04-11T22:26:40.202-0400] {logging_mixin.py:137} INFO - [2023-04-11T22:26:40.202-0400] {dag.py:3444} INFO - Setting next_dagrun for example_branch_python_operator_decorator to 2023-04-11T00:00:00+00:00, run_after=2023-04-12T00:00:00+00:00
[2023-04-11T22:26:40.213-0400] {processor.py:175} INFO - Processing /Users/srivardhan/opt/anaconda3/envs/kafka-pipeline/lib/python3.7/site-packages/airflow/example_dags/example_branch_operator_decorator.py took 0.067 seconds
[2023-04-11T22:35:06.606-0400] {processor.py:153} INFO - Started process (PID=41514) to work on /Users/srivardhan/opt/anaconda3/envs/kafka-pipeline/lib/python3.7/site-packages/airflow/example_dags/example_branch_operator_decorator.py
[2023-04-11T22:35:06.607-0400] {processor.py:743} INFO - Processing file /Users/srivardhan/opt/anaconda3/envs/kafka-pipeline/lib/python3.7/site-packages/airflow/example_dags/example_branch_operator_decorator.py for tasks to queue
[2023-04-11T22:35:06.609-0400] {logging_mixin.py:137} INFO - [2023-04-11T22:35:06.608-0400] {dagbag.py:532} INFO - Filling up the DagBag from /Users/srivardhan/opt/anaconda3/envs/kafka-pipeline/lib/python3.7/site-packages/airflow/example_dags/example_branch_operator_decorator.py
[2023-04-11T22:35:06.630-0400] {processor.py:753} INFO - DAG(s) dict_keys(['example_branch_python_operator_decorator']) retrieved from /Users/srivardhan/opt/anaconda3/envs/kafka-pipeline/lib/python3.7/site-packages/airflow/example_dags/example_branch_operator_decorator.py
[2023-04-11T22:35:06.647-0400] {logging_mixin.py:137} INFO - [2023-04-11T22:35:06.647-0400] {dag.py:2693} INFO - Sync 1 DAGs
[2023-04-11T22:35:06.660-0400] {logging_mixin.py:137} INFO - [2023-04-11T22:35:06.660-0400] {dag.py:3444} INFO - Setting next_dagrun for example_branch_python_operator_decorator to 2023-04-11T00:00:00+00:00, run_after=2023-04-12T00:00:00+00:00
[2023-04-11T22:35:06.671-0400] {processor.py:175} INFO - Processing /Users/srivardhan/opt/anaconda3/envs/kafka-pipeline/lib/python3.7/site-packages/airflow/example_dags/example_branch_operator_decorator.py took 0.069 seconds
[2023-04-11T23:10:18.073-0400] {processor.py:153} INFO - Started process (PID=41700) to work on /Users/srivardhan/opt/anaconda3/envs/kafka-pipeline/lib/python3.7/site-packages/airflow/example_dags/example_branch_operator_decorator.py
[2023-04-11T23:10:18.075-0400] {processor.py:743} INFO - Processing file /Users/srivardhan/opt/anaconda3/envs/kafka-pipeline/lib/python3.7/site-packages/airflow/example_dags/example_branch_operator_decorator.py for tasks to queue
[2023-04-11T23:10:18.076-0400] {logging_mixin.py:137} INFO - [2023-04-11T23:10:18.076-0400] {dagbag.py:532} INFO - Filling up the DagBag from /Users/srivardhan/opt/anaconda3/envs/kafka-pipeline/lib/python3.7/site-packages/airflow/example_dags/example_branch_operator_decorator.py
[2023-04-11T23:10:18.097-0400] {processor.py:753} INFO - DAG(s) dict_keys(['example_branch_python_operator_decorator']) retrieved from /Users/srivardhan/opt/anaconda3/envs/kafka-pipeline/lib/python3.7/site-packages/airflow/example_dags/example_branch_operator_decorator.py
[2023-04-11T23:10:18.113-0400] {logging_mixin.py:137} INFO - [2023-04-11T23:10:18.113-0400] {dag.py:2693} INFO - Sync 1 DAGs
[2023-04-11T23:10:18.126-0400] {logging_mixin.py:137} INFO - [2023-04-11T23:10:18.126-0400] {dag.py:3444} INFO - Setting next_dagrun for example_branch_python_operator_decorator to 2023-04-11T00:00:00+00:00, run_after=2023-04-12T00:00:00+00:00
[2023-04-11T23:10:18.138-0400] {processor.py:175} INFO - Processing /Users/srivardhan/opt/anaconda3/envs/kafka-pipeline/lib/python3.7/site-packages/airflow/example_dags/example_branch_operator_decorator.py took 0.069 seconds
[2023-04-11T23:11:01.122-0400] {processor.py:153} INFO - Started process (PID=41832) to work on /Users/srivardhan/opt/anaconda3/envs/kafka-pipeline/lib/python3.7/site-packages/airflow/example_dags/example_branch_operator_decorator.py
[2023-04-11T23:11:01.123-0400] {processor.py:743} INFO - Processing file /Users/srivardhan/opt/anaconda3/envs/kafka-pipeline/lib/python3.7/site-packages/airflow/example_dags/example_branch_operator_decorator.py for tasks to queue
[2023-04-11T23:11:01.125-0400] {logging_mixin.py:137} INFO - [2023-04-11T23:11:01.124-0400] {dagbag.py:532} INFO - Filling up the DagBag from /Users/srivardhan/opt/anaconda3/envs/kafka-pipeline/lib/python3.7/site-packages/airflow/example_dags/example_branch_operator_decorator.py
[2023-04-11T23:11:01.146-0400] {processor.py:753} INFO - DAG(s) dict_keys(['example_branch_python_operator_decorator']) retrieved from /Users/srivardhan/opt/anaconda3/envs/kafka-pipeline/lib/python3.7/site-packages/airflow/example_dags/example_branch_operator_decorator.py
[2023-04-11T23:11:01.162-0400] {logging_mixin.py:137} INFO - [2023-04-11T23:11:01.162-0400] {dag.py:2693} INFO - Sync 1 DAGs
[2023-04-11T23:11:01.175-0400] {logging_mixin.py:137} INFO - [2023-04-11T23:11:01.175-0400] {dag.py:3444} INFO - Setting next_dagrun for example_branch_python_operator_decorator to 2023-04-11T00:00:00+00:00, run_after=2023-04-12T00:00:00+00:00
[2023-04-11T23:11:01.185-0400] {processor.py:175} INFO - Processing /Users/srivardhan/opt/anaconda3/envs/kafka-pipeline/lib/python3.7/site-packages/airflow/example_dags/example_branch_operator_decorator.py took 0.068 seconds
[2023-04-11T23:11:44.849-0400] {processor.py:153} INFO - Started process (PID=41922) to work on /Users/srivardhan/opt/anaconda3/envs/kafka-pipeline/lib/python3.7/site-packages/airflow/example_dags/example_branch_operator_decorator.py
[2023-04-11T23:11:44.851-0400] {processor.py:743} INFO - Processing file /Users/srivardhan/opt/anaconda3/envs/kafka-pipeline/lib/python3.7/site-packages/airflow/example_dags/example_branch_operator_decorator.py for tasks to queue
[2023-04-11T23:11:44.852-0400] {logging_mixin.py:137} INFO - [2023-04-11T23:11:44.852-0400] {dagbag.py:532} INFO - Filling up the DagBag from /Users/srivardhan/opt/anaconda3/envs/kafka-pipeline/lib/python3.7/site-packages/airflow/example_dags/example_branch_operator_decorator.py
[2023-04-11T23:11:44.874-0400] {processor.py:753} INFO - DAG(s) dict_keys(['example_branch_python_operator_decorator']) retrieved from /Users/srivardhan/opt/anaconda3/envs/kafka-pipeline/lib/python3.7/site-packages/airflow/example_dags/example_branch_operator_decorator.py
[2023-04-11T23:11:44.890-0400] {logging_mixin.py:137} INFO - [2023-04-11T23:11:44.890-0400] {dag.py:2693} INFO - Sync 1 DAGs
[2023-04-11T23:11:44.903-0400] {logging_mixin.py:137} INFO - [2023-04-11T23:11:44.903-0400] {dag.py:3444} INFO - Setting next_dagrun for example_branch_python_operator_decorator to 2023-04-11T00:00:00+00:00, run_after=2023-04-12T00:00:00+00:00
[2023-04-11T23:11:44.914-0400] {processor.py:175} INFO - Processing /Users/srivardhan/opt/anaconda3/envs/kafka-pipeline/lib/python3.7/site-packages/airflow/example_dags/example_branch_operator_decorator.py took 0.070 seconds
[2023-04-11T23:12:34.285-0400] {processor.py:153} INFO - Started process (PID=42134) to work on /Users/srivardhan/opt/anaconda3/envs/kafka-pipeline/lib/python3.7/site-packages/airflow/example_dags/example_branch_operator_decorator.py
[2023-04-11T23:12:34.287-0400] {processor.py:743} INFO - Processing file /Users/srivardhan/opt/anaconda3/envs/kafka-pipeline/lib/python3.7/site-packages/airflow/example_dags/example_branch_operator_decorator.py for tasks to queue
[2023-04-11T23:12:34.288-0400] {logging_mixin.py:137} INFO - [2023-04-11T23:12:34.287-0400] {dagbag.py:532} INFO - Filling up the DagBag from /Users/srivardhan/opt/anaconda3/envs/kafka-pipeline/lib/python3.7/site-packages/airflow/example_dags/example_branch_operator_decorator.py
[2023-04-11T23:12:34.305-0400] {processor.py:753} INFO - DAG(s) dict_keys(['example_branch_python_operator_decorator']) retrieved from /Users/srivardhan/opt/anaconda3/envs/kafka-pipeline/lib/python3.7/site-packages/airflow/example_dags/example_branch_operator_decorator.py
[2023-04-11T23:12:34.327-0400] {logging_mixin.py:137} INFO - [2023-04-11T23:12:34.326-0400] {dag.py:2693} INFO - Sync 1 DAGs
[2023-04-11T23:12:34.349-0400] {logging_mixin.py:137} INFO - [2023-04-11T23:12:34.349-0400] {dag.py:3444} INFO - Setting next_dagrun for example_branch_python_operator_decorator to 2023-04-11T00:00:00+00:00, run_after=2023-04-12T00:00:00+00:00
[2023-04-11T23:12:34.368-0400] {processor.py:175} INFO - Processing /Users/srivardhan/opt/anaconda3/envs/kafka-pipeline/lib/python3.7/site-packages/airflow/example_dags/example_branch_operator_decorator.py took 0.086 seconds
[2023-04-11T23:13:25.909-0400] {processor.py:153} INFO - Started process (PID=42268) to work on /Users/srivardhan/opt/anaconda3/envs/kafka-pipeline/lib/python3.7/site-packages/airflow/example_dags/example_branch_operator_decorator.py
[2023-04-11T23:13:25.910-0400] {processor.py:743} INFO - Processing file /Users/srivardhan/opt/anaconda3/envs/kafka-pipeline/lib/python3.7/site-packages/airflow/example_dags/example_branch_operator_decorator.py for tasks to queue
[2023-04-11T23:13:25.912-0400] {logging_mixin.py:137} INFO - [2023-04-11T23:13:25.911-0400] {dagbag.py:532} INFO - Filling up the DagBag from /Users/srivardhan/opt/anaconda3/envs/kafka-pipeline/lib/python3.7/site-packages/airflow/example_dags/example_branch_operator_decorator.py
[2023-04-11T23:13:25.935-0400] {processor.py:753} INFO - DAG(s) dict_keys(['example_branch_python_operator_decorator']) retrieved from /Users/srivardhan/opt/anaconda3/envs/kafka-pipeline/lib/python3.7/site-packages/airflow/example_dags/example_branch_operator_decorator.py
[2023-04-11T23:13:25.952-0400] {logging_mixin.py:137} INFO - [2023-04-11T23:13:25.952-0400] {dag.py:2693} INFO - Sync 1 DAGs
[2023-04-11T23:13:25.965-0400] {logging_mixin.py:137} INFO - [2023-04-11T23:13:25.965-0400] {dag.py:3444} INFO - Setting next_dagrun for example_branch_python_operator_decorator to 2023-04-11T00:00:00+00:00, run_after=2023-04-12T00:00:00+00:00
[2023-04-11T23:13:25.976-0400] {processor.py:175} INFO - Processing /Users/srivardhan/opt/anaconda3/envs/kafka-pipeline/lib/python3.7/site-packages/airflow/example_dags/example_branch_operator_decorator.py took 0.072 seconds
