[2023-04-11T20:14:01.709-0400] {processor.py:153} INFO - Started process (PID=41035) to work on /Users/srivardhan/opt/anaconda3/envs/kafka-pipeline/lib/python3.7/site-packages/airflow/example_dags/example_trigger_controller_dag.py
[2023-04-11T20:14:01.711-0400] {processor.py:743} INFO - Processing file /Users/srivardhan/opt/anaconda3/envs/kafka-pipeline/lib/python3.7/site-packages/airflow/example_dags/example_trigger_controller_dag.py for tasks to queue
[2023-04-11T20:14:01.713-0400] {logging_mixin.py:137} INFO - [2023-04-11T20:14:01.712-0400] {dagbag.py:532} INFO - Filling up the DagBag from /Users/srivardhan/opt/anaconda3/envs/kafka-pipeline/lib/python3.7/site-packages/airflow/example_dags/example_trigger_controller_dag.py
[2023-04-11T20:14:01.719-0400] {processor.py:753} INFO - DAG(s) dict_keys(['example_trigger_controller_dag']) retrieved from /Users/srivardhan/opt/anaconda3/envs/kafka-pipeline/lib/python3.7/site-packages/airflow/example_dags/example_trigger_controller_dag.py
[2023-04-11T20:14:01.740-0400] {logging_mixin.py:137} INFO - [2023-04-11T20:14:01.740-0400] {dag.py:2693} INFO - Sync 1 DAGs
[2023-04-11T20:14:01.755-0400] {logging_mixin.py:137} INFO - [2023-04-11T20:14:01.755-0400] {dag.py:3444} INFO - Setting next_dagrun for example_trigger_controller_dag to 2021-01-01T00:00:00+00:00, run_after=2021-01-01T00:00:00+00:00
[2023-04-11T20:14:01.767-0400] {processor.py:175} INFO - Processing /Users/srivardhan/opt/anaconda3/envs/kafka-pipeline/lib/python3.7/site-packages/airflow/example_dags/example_trigger_controller_dag.py took 0.063 seconds
[2023-04-11T21:29:58.310-0400] {processor.py:153} INFO - Started process (PID=41141) to work on /Users/srivardhan/opt/anaconda3/envs/kafka-pipeline/lib/python3.7/site-packages/airflow/example_dags/example_trigger_controller_dag.py
[2023-04-11T21:29:58.311-0400] {processor.py:743} INFO - Processing file /Users/srivardhan/opt/anaconda3/envs/kafka-pipeline/lib/python3.7/site-packages/airflow/example_dags/example_trigger_controller_dag.py for tasks to queue
[2023-04-11T21:29:58.313-0400] {logging_mixin.py:137} INFO - [2023-04-11T21:29:58.312-0400] {dagbag.py:532} INFO - Filling up the DagBag from /Users/srivardhan/opt/anaconda3/envs/kafka-pipeline/lib/python3.7/site-packages/airflow/example_dags/example_trigger_controller_dag.py
[2023-04-11T21:29:58.319-0400] {processor.py:753} INFO - DAG(s) dict_keys(['example_trigger_controller_dag']) retrieved from /Users/srivardhan/opt/anaconda3/envs/kafka-pipeline/lib/python3.7/site-packages/airflow/example_dags/example_trigger_controller_dag.py
[2023-04-11T21:29:58.339-0400] {logging_mixin.py:137} INFO - [2023-04-11T21:29:58.339-0400] {dag.py:2693} INFO - Sync 1 DAGs
[2023-04-11T21:29:58.353-0400] {logging_mixin.py:137} INFO - [2023-04-11T21:29:58.353-0400] {dag.py:3444} INFO - Setting next_dagrun for example_trigger_controller_dag to 2021-01-01T00:00:00+00:00, run_after=2021-01-01T00:00:00+00:00
[2023-04-11T21:29:58.364-0400] {processor.py:175} INFO - Processing /Users/srivardhan/opt/anaconda3/envs/kafka-pipeline/lib/python3.7/site-packages/airflow/example_dags/example_trigger_controller_dag.py took 0.059 seconds
[2023-04-11T22:00:30.554-0400] {processor.py:153} INFO - Started process (PID=41247) to work on /Users/srivardhan/opt/anaconda3/envs/kafka-pipeline/lib/python3.7/site-packages/airflow/example_dags/example_trigger_controller_dag.py
[2023-04-11T22:00:30.556-0400] {processor.py:743} INFO - Processing file /Users/srivardhan/opt/anaconda3/envs/kafka-pipeline/lib/python3.7/site-packages/airflow/example_dags/example_trigger_controller_dag.py for tasks to queue
[2023-04-11T22:00:30.558-0400] {logging_mixin.py:137} INFO - [2023-04-11T22:00:30.557-0400] {dagbag.py:532} INFO - Filling up the DagBag from /Users/srivardhan/opt/anaconda3/envs/kafka-pipeline/lib/python3.7/site-packages/airflow/example_dags/example_trigger_controller_dag.py
[2023-04-11T22:00:30.564-0400] {processor.py:753} INFO - DAG(s) dict_keys(['example_trigger_controller_dag']) retrieved from /Users/srivardhan/opt/anaconda3/envs/kafka-pipeline/lib/python3.7/site-packages/airflow/example_dags/example_trigger_controller_dag.py
[2023-04-11T22:00:30.583-0400] {logging_mixin.py:137} INFO - [2023-04-11T22:00:30.582-0400] {dag.py:2693} INFO - Sync 1 DAGs
[2023-04-11T22:00:30.597-0400] {logging_mixin.py:137} INFO - [2023-04-11T22:00:30.596-0400] {dag.py:3444} INFO - Setting next_dagrun for example_trigger_controller_dag to 2021-01-01T00:00:00+00:00, run_after=2021-01-01T00:00:00+00:00
[2023-04-11T22:00:30.608-0400] {processor.py:175} INFO - Processing /Users/srivardhan/opt/anaconda3/envs/kafka-pipeline/lib/python3.7/site-packages/airflow/example_dags/example_trigger_controller_dag.py took 0.058 seconds
[2023-04-11T22:22:01.576-0400] {processor.py:153} INFO - Started process (PID=41319) to work on /Users/srivardhan/opt/anaconda3/envs/kafka-pipeline/lib/python3.7/site-packages/airflow/example_dags/example_trigger_controller_dag.py
[2023-04-11T22:22:01.578-0400] {processor.py:743} INFO - Processing file /Users/srivardhan/opt/anaconda3/envs/kafka-pipeline/lib/python3.7/site-packages/airflow/example_dags/example_trigger_controller_dag.py for tasks to queue
[2023-04-11T22:22:01.580-0400] {logging_mixin.py:137} INFO - [2023-04-11T22:22:01.579-0400] {dagbag.py:532} INFO - Filling up the DagBag from /Users/srivardhan/opt/anaconda3/envs/kafka-pipeline/lib/python3.7/site-packages/airflow/example_dags/example_trigger_controller_dag.py
[2023-04-11T22:22:01.587-0400] {processor.py:753} INFO - DAG(s) dict_keys(['example_trigger_controller_dag']) retrieved from /Users/srivardhan/opt/anaconda3/envs/kafka-pipeline/lib/python3.7/site-packages/airflow/example_dags/example_trigger_controller_dag.py
[2023-04-11T22:22:01.605-0400] {logging_mixin.py:137} INFO - [2023-04-11T22:22:01.604-0400] {dag.py:2693} INFO - Sync 1 DAGs
[2023-04-11T22:22:01.618-0400] {logging_mixin.py:137} INFO - [2023-04-11T22:22:01.618-0400] {dag.py:3444} INFO - Setting next_dagrun for example_trigger_controller_dag to 2021-01-01T00:00:00+00:00, run_after=2021-01-01T00:00:00+00:00
[2023-04-11T22:22:01.629-0400] {processor.py:175} INFO - Processing /Users/srivardhan/opt/anaconda3/envs/kafka-pipeline/lib/python3.7/site-packages/airflow/example_dags/example_trigger_controller_dag.py took 0.058 seconds
[2023-04-11T22:27:40.849-0400] {processor.py:153} INFO - Started process (PID=41435) to work on /Users/srivardhan/opt/anaconda3/envs/kafka-pipeline/lib/python3.7/site-packages/airflow/example_dags/example_trigger_controller_dag.py
[2023-04-11T22:27:40.851-0400] {processor.py:743} INFO - Processing file /Users/srivardhan/opt/anaconda3/envs/kafka-pipeline/lib/python3.7/site-packages/airflow/example_dags/example_trigger_controller_dag.py for tasks to queue
[2023-04-11T22:27:40.853-0400] {logging_mixin.py:137} INFO - [2023-04-11T22:27:40.852-0400] {dagbag.py:532} INFO - Filling up the DagBag from /Users/srivardhan/opt/anaconda3/envs/kafka-pipeline/lib/python3.7/site-packages/airflow/example_dags/example_trigger_controller_dag.py
[2023-04-11T22:27:40.859-0400] {processor.py:753} INFO - DAG(s) dict_keys(['example_trigger_controller_dag']) retrieved from /Users/srivardhan/opt/anaconda3/envs/kafka-pipeline/lib/python3.7/site-packages/airflow/example_dags/example_trigger_controller_dag.py
[2023-04-11T22:27:40.877-0400] {logging_mixin.py:137} INFO - [2023-04-11T22:27:40.877-0400] {dag.py:2693} INFO - Sync 1 DAGs
[2023-04-11T22:27:40.890-0400] {logging_mixin.py:137} INFO - [2023-04-11T22:27:40.890-0400] {dag.py:3444} INFO - Setting next_dagrun for example_trigger_controller_dag to 2021-01-01T00:00:00+00:00, run_after=2021-01-01T00:00:00+00:00
[2023-04-11T22:27:40.901-0400] {processor.py:175} INFO - Processing /Users/srivardhan/opt/anaconda3/envs/kafka-pipeline/lib/python3.7/site-packages/airflow/example_dags/example_trigger_controller_dag.py took 0.056 seconds
[2023-04-11T22:45:00.279-0400] {processor.py:153} INFO - Started process (PID=41547) to work on /Users/srivardhan/opt/anaconda3/envs/kafka-pipeline/lib/python3.7/site-packages/airflow/example_dags/example_trigger_controller_dag.py
[2023-04-11T22:45:00.279-0400] {processor.py:743} INFO - Processing file /Users/srivardhan/opt/anaconda3/envs/kafka-pipeline/lib/python3.7/site-packages/airflow/example_dags/example_trigger_controller_dag.py for tasks to queue
[2023-04-11T22:45:00.280-0400] {logging_mixin.py:137} INFO - [2023-04-11T22:45:00.280-0400] {dagbag.py:532} INFO - Filling up the DagBag from /Users/srivardhan/opt/anaconda3/envs/kafka-pipeline/lib/python3.7/site-packages/airflow/example_dags/example_trigger_controller_dag.py
[2023-04-11T22:45:00.284-0400] {processor.py:753} INFO - DAG(s) dict_keys(['example_trigger_controller_dag']) retrieved from /Users/srivardhan/opt/anaconda3/envs/kafka-pipeline/lib/python3.7/site-packages/airflow/example_dags/example_trigger_controller_dag.py
[2023-04-11T22:45:00.296-0400] {logging_mixin.py:137} INFO - [2023-04-11T22:45:00.296-0400] {dag.py:2693} INFO - Sync 1 DAGs
[2023-04-11T22:45:00.308-0400] {logging_mixin.py:137} INFO - [2023-04-11T22:45:00.307-0400] {dag.py:3444} INFO - Setting next_dagrun for example_trigger_controller_dag to 2021-01-01T00:00:00+00:00, run_after=2021-01-01T00:00:00+00:00
[2023-04-11T22:45:00.319-0400] {processor.py:175} INFO - Processing /Users/srivardhan/opt/anaconda3/envs/kafka-pipeline/lib/python3.7/site-packages/airflow/example_dags/example_trigger_controller_dag.py took 0.043 seconds
[2023-04-11T23:09:52.963-0400] {processor.py:153} INFO - Started process (PID=41642) to work on /Users/srivardhan/opt/anaconda3/envs/kafka-pipeline/lib/python3.7/site-packages/airflow/example_dags/example_trigger_controller_dag.py
[2023-04-11T23:09:52.965-0400] {processor.py:743} INFO - Processing file /Users/srivardhan/opt/anaconda3/envs/kafka-pipeline/lib/python3.7/site-packages/airflow/example_dags/example_trigger_controller_dag.py for tasks to queue
[2023-04-11T23:09:52.966-0400] {logging_mixin.py:137} INFO - [2023-04-11T23:09:52.965-0400] {dagbag.py:532} INFO - Filling up the DagBag from /Users/srivardhan/opt/anaconda3/envs/kafka-pipeline/lib/python3.7/site-packages/airflow/example_dags/example_trigger_controller_dag.py
[2023-04-11T23:09:52.970-0400] {processor.py:753} INFO - DAG(s) dict_keys(['example_trigger_controller_dag']) retrieved from /Users/srivardhan/opt/anaconda3/envs/kafka-pipeline/lib/python3.7/site-packages/airflow/example_dags/example_trigger_controller_dag.py
[2023-04-11T23:09:52.984-0400] {logging_mixin.py:137} INFO - [2023-04-11T23:09:52.984-0400] {dag.py:2693} INFO - Sync 1 DAGs
[2023-04-11T23:09:53.002-0400] {logging_mixin.py:137} INFO - [2023-04-11T23:09:53.002-0400] {dag.py:3444} INFO - Setting next_dagrun for example_trigger_controller_dag to 2021-01-01T00:00:00+00:00, run_after=2021-01-01T00:00:00+00:00
[2023-04-11T23:09:53.016-0400] {processor.py:175} INFO - Processing /Users/srivardhan/opt/anaconda3/envs/kafka-pipeline/lib/python3.7/site-packages/airflow/example_dags/example_trigger_controller_dag.py took 0.055 seconds
[2023-04-11T23:10:35.366-0400] {processor.py:153} INFO - Started process (PID=41758) to work on /Users/srivardhan/opt/anaconda3/envs/kafka-pipeline/lib/python3.7/site-packages/airflow/example_dags/example_trigger_controller_dag.py
[2023-04-11T23:10:35.367-0400] {processor.py:743} INFO - Processing file /Users/srivardhan/opt/anaconda3/envs/kafka-pipeline/lib/python3.7/site-packages/airflow/example_dags/example_trigger_controller_dag.py for tasks to queue
[2023-04-11T23:10:35.367-0400] {logging_mixin.py:137} INFO - [2023-04-11T23:10:35.367-0400] {dagbag.py:532} INFO - Filling up the DagBag from /Users/srivardhan/opt/anaconda3/envs/kafka-pipeline/lib/python3.7/site-packages/airflow/example_dags/example_trigger_controller_dag.py
[2023-04-11T23:10:35.372-0400] {processor.py:753} INFO - DAG(s) dict_keys(['example_trigger_controller_dag']) retrieved from /Users/srivardhan/opt/anaconda3/envs/kafka-pipeline/lib/python3.7/site-packages/airflow/example_dags/example_trigger_controller_dag.py
[2023-04-11T23:10:35.388-0400] {logging_mixin.py:137} INFO - [2023-04-11T23:10:35.387-0400] {dag.py:2693} INFO - Sync 1 DAGs
[2023-04-11T23:10:35.401-0400] {logging_mixin.py:137} INFO - [2023-04-11T23:10:35.401-0400] {dag.py:3444} INFO - Setting next_dagrun for example_trigger_controller_dag to 2021-01-01T00:00:00+00:00, run_after=2021-01-01T00:00:00+00:00
[2023-04-11T23:10:35.414-0400] {processor.py:175} INFO - Processing /Users/srivardhan/opt/anaconda3/envs/kafka-pipeline/lib/python3.7/site-packages/airflow/example_dags/example_trigger_controller_dag.py took 0.050 seconds
[2023-04-11T23:11:18.829-0400] {processor.py:153} INFO - Started process (PID=41867) to work on /Users/srivardhan/opt/anaconda3/envs/kafka-pipeline/lib/python3.7/site-packages/airflow/example_dags/example_trigger_controller_dag.py
[2023-04-11T23:11:18.831-0400] {processor.py:743} INFO - Processing file /Users/srivardhan/opt/anaconda3/envs/kafka-pipeline/lib/python3.7/site-packages/airflow/example_dags/example_trigger_controller_dag.py for tasks to queue
[2023-04-11T23:11:18.832-0400] {logging_mixin.py:137} INFO - [2023-04-11T23:11:18.831-0400] {dagbag.py:532} INFO - Filling up the DagBag from /Users/srivardhan/opt/anaconda3/envs/kafka-pipeline/lib/python3.7/site-packages/airflow/example_dags/example_trigger_controller_dag.py
[2023-04-11T23:11:18.837-0400] {processor.py:753} INFO - DAG(s) dict_keys(['example_trigger_controller_dag']) retrieved from /Users/srivardhan/opt/anaconda3/envs/kafka-pipeline/lib/python3.7/site-packages/airflow/example_dags/example_trigger_controller_dag.py
[2023-04-11T23:11:18.852-0400] {logging_mixin.py:137} INFO - [2023-04-11T23:11:18.852-0400] {dag.py:2693} INFO - Sync 1 DAGs
[2023-04-11T23:11:18.864-0400] {logging_mixin.py:137} INFO - [2023-04-11T23:11:18.864-0400] {dag.py:3444} INFO - Setting next_dagrun for example_trigger_controller_dag to 2021-01-01T00:00:00+00:00, run_after=2021-01-01T00:00:00+00:00
[2023-04-11T23:11:18.875-0400] {processor.py:175} INFO - Processing /Users/srivardhan/opt/anaconda3/envs/kafka-pipeline/lib/python3.7/site-packages/airflow/example_dags/example_trigger_controller_dag.py took 0.050 seconds
[2023-04-11T23:11:59.500-0400] {processor.py:153} INFO - Started process (PID=41962) to work on /Users/srivardhan/opt/anaconda3/envs/kafka-pipeline/lib/python3.7/site-packages/airflow/example_dags/example_trigger_controller_dag.py
[2023-04-11T23:11:59.501-0400] {processor.py:743} INFO - Processing file /Users/srivardhan/opt/anaconda3/envs/kafka-pipeline/lib/python3.7/site-packages/airflow/example_dags/example_trigger_controller_dag.py for tasks to queue
[2023-04-11T23:11:59.502-0400] {logging_mixin.py:137} INFO - [2023-04-11T23:11:59.502-0400] {dagbag.py:532} INFO - Filling up the DagBag from /Users/srivardhan/opt/anaconda3/envs/kafka-pipeline/lib/python3.7/site-packages/airflow/example_dags/example_trigger_controller_dag.py
[2023-04-11T23:11:59.508-0400] {processor.py:753} INFO - DAG(s) dict_keys(['example_trigger_controller_dag']) retrieved from /Users/srivardhan/opt/anaconda3/envs/kafka-pipeline/lib/python3.7/site-packages/airflow/example_dags/example_trigger_controller_dag.py
[2023-04-11T23:11:59.526-0400] {logging_mixin.py:137} INFO - [2023-04-11T23:11:59.525-0400] {dag.py:2693} INFO - Sync 1 DAGs
[2023-04-11T23:11:59.539-0400] {logging_mixin.py:137} INFO - [2023-04-11T23:11:59.538-0400] {dag.py:3444} INFO - Setting next_dagrun for example_trigger_controller_dag to 2021-01-01T00:00:00+00:00, run_after=2021-01-01T00:00:00+00:00
[2023-04-11T23:11:59.550-0400] {processor.py:175} INFO - Processing /Users/srivardhan/opt/anaconda3/envs/kafka-pipeline/lib/python3.7/site-packages/airflow/example_dags/example_trigger_controller_dag.py took 0.054 seconds
[2023-04-11T23:12:39.478-0400] {processor.py:153} INFO - Started process (PID=42158) to work on /Users/srivardhan/opt/anaconda3/envs/kafka-pipeline/lib/python3.7/site-packages/airflow/example_dags/example_trigger_controller_dag.py
[2023-04-11T23:12:39.480-0400] {processor.py:743} INFO - Processing file /Users/srivardhan/opt/anaconda3/envs/kafka-pipeline/lib/python3.7/site-packages/airflow/example_dags/example_trigger_controller_dag.py for tasks to queue
[2023-04-11T23:12:39.482-0400] {logging_mixin.py:137} INFO - [2023-04-11T23:12:39.481-0400] {dagbag.py:532} INFO - Filling up the DagBag from /Users/srivardhan/opt/anaconda3/envs/kafka-pipeline/lib/python3.7/site-packages/airflow/example_dags/example_trigger_controller_dag.py
[2023-04-11T23:12:39.489-0400] {processor.py:753} INFO - DAG(s) dict_keys(['example_trigger_controller_dag']) retrieved from /Users/srivardhan/opt/anaconda3/envs/kafka-pipeline/lib/python3.7/site-packages/airflow/example_dags/example_trigger_controller_dag.py
[2023-04-11T23:12:39.509-0400] {logging_mixin.py:137} INFO - [2023-04-11T23:12:39.508-0400] {dag.py:2693} INFO - Sync 1 DAGs
[2023-04-11T23:12:39.523-0400] {logging_mixin.py:137} INFO - [2023-04-11T23:12:39.522-0400] {dag.py:3444} INFO - Setting next_dagrun for example_trigger_controller_dag to 2021-01-01T00:00:00+00:00, run_after=2021-01-01T00:00:00+00:00
[2023-04-11T23:12:39.534-0400] {processor.py:175} INFO - Processing /Users/srivardhan/opt/anaconda3/envs/kafka-pipeline/lib/python3.7/site-packages/airflow/example_dags/example_trigger_controller_dag.py took 0.062 seconds
[2023-04-11T23:13:19.073-0400] {processor.py:153} INFO - Started process (PID=42253) to work on /Users/srivardhan/opt/anaconda3/envs/kafka-pipeline/lib/python3.7/site-packages/airflow/example_dags/example_trigger_controller_dag.py
[2023-04-11T23:13:19.074-0400] {processor.py:743} INFO - Processing file /Users/srivardhan/opt/anaconda3/envs/kafka-pipeline/lib/python3.7/site-packages/airflow/example_dags/example_trigger_controller_dag.py for tasks to queue
[2023-04-11T23:13:19.076-0400] {logging_mixin.py:137} INFO - [2023-04-11T23:13:19.075-0400] {dagbag.py:532} INFO - Filling up the DagBag from /Users/srivardhan/opt/anaconda3/envs/kafka-pipeline/lib/python3.7/site-packages/airflow/example_dags/example_trigger_controller_dag.py
[2023-04-11T23:13:19.083-0400] {processor.py:753} INFO - DAG(s) dict_keys(['example_trigger_controller_dag']) retrieved from /Users/srivardhan/opt/anaconda3/envs/kafka-pipeline/lib/python3.7/site-packages/airflow/example_dags/example_trigger_controller_dag.py
[2023-04-11T23:13:19.102-0400] {logging_mixin.py:137} INFO - [2023-04-11T23:13:19.101-0400] {dag.py:2693} INFO - Sync 1 DAGs
[2023-04-11T23:13:19.116-0400] {logging_mixin.py:137} INFO - [2023-04-11T23:13:19.116-0400] {dag.py:3444} INFO - Setting next_dagrun for example_trigger_controller_dag to 2021-01-01T00:00:00+00:00, run_after=2021-01-01T00:00:00+00:00
[2023-04-11T23:13:19.127-0400] {processor.py:175} INFO - Processing /Users/srivardhan/opt/anaconda3/envs/kafka-pipeline/lib/python3.7/site-packages/airflow/example_dags/example_trigger_controller_dag.py took 0.059 seconds
