[2023-04-11T20:13:58.021-0400] {processor.py:153} INFO - Started process (PID=41020) to work on /Users/srivardhan/opt/anaconda3/envs/kafka-pipeline/lib/python3.7/site-packages/airflow/example_dags/example_xcom.py
[2023-04-11T20:13:58.022-0400] {processor.py:743} INFO - Processing file /Users/srivardhan/opt/anaconda3/envs/kafka-pipeline/lib/python3.7/site-packages/airflow/example_dags/example_xcom.py for tasks to queue
[2023-04-11T20:13:58.023-0400] {logging_mixin.py:137} INFO - [2023-04-11T20:13:58.022-0400] {dagbag.py:532} INFO - Filling up the DagBag from /Users/srivardhan/opt/anaconda3/envs/kafka-pipeline/lib/python3.7/site-packages/airflow/example_dags/example_xcom.py
[2023-04-11T20:13:58.036-0400] {processor.py:753} INFO - DAG(s) dict_keys(['example_xcom']) retrieved from /Users/srivardhan/opt/anaconda3/envs/kafka-pipeline/lib/python3.7/site-packages/airflow/example_dags/example_xcom.py
[2023-04-11T20:13:58.049-0400] {logging_mixin.py:137} INFO - [2023-04-11T20:13:58.049-0400] {dag.py:2693} INFO - Sync 1 DAGs
[2023-04-11T20:13:58.061-0400] {logging_mixin.py:137} INFO - [2023-04-11T20:13:58.061-0400] {dag.py:3444} INFO - Setting next_dagrun for example_xcom to 2021-01-01T00:00:00+00:00, run_after=2021-01-01T00:00:00+00:00
[2023-04-11T20:13:58.073-0400] {processor.py:175} INFO - Processing /Users/srivardhan/opt/anaconda3/envs/kafka-pipeline/lib/python3.7/site-packages/airflow/example_dags/example_xcom.py took 0.055 seconds
[2023-04-11T21:13:03.980-0400] {processor.py:153} INFO - Started process (PID=41132) to work on /Users/srivardhan/opt/anaconda3/envs/kafka-pipeline/lib/python3.7/site-packages/airflow/example_dags/example_xcom.py
[2023-04-11T21:13:03.983-0400] {processor.py:743} INFO - Processing file /Users/srivardhan/opt/anaconda3/envs/kafka-pipeline/lib/python3.7/site-packages/airflow/example_dags/example_xcom.py for tasks to queue
[2023-04-11T21:13:03.984-0400] {logging_mixin.py:137} INFO - [2023-04-11T21:13:03.984-0400] {dagbag.py:532} INFO - Filling up the DagBag from /Users/srivardhan/opt/anaconda3/envs/kafka-pipeline/lib/python3.7/site-packages/airflow/example_dags/example_xcom.py
[2023-04-11T21:13:04.005-0400] {processor.py:753} INFO - DAG(s) dict_keys(['example_xcom']) retrieved from /Users/srivardhan/opt/anaconda3/envs/kafka-pipeline/lib/python3.7/site-packages/airflow/example_dags/example_xcom.py
[2023-04-11T21:13:04.020-0400] {logging_mixin.py:137} INFO - [2023-04-11T21:13:04.020-0400] {dag.py:2693} INFO - Sync 1 DAGs
[2023-04-11T21:13:04.032-0400] {logging_mixin.py:137} INFO - [2023-04-11T21:13:04.032-0400] {dag.py:3444} INFO - Setting next_dagrun for example_xcom to 2021-01-01T00:00:00+00:00, run_after=2021-01-01T00:00:00+00:00
[2023-04-11T21:13:04.044-0400] {processor.py:175} INFO - Processing /Users/srivardhan/opt/anaconda3/envs/kafka-pipeline/lib/python3.7/site-packages/airflow/example_dags/example_xcom.py took 0.068 seconds
[2023-04-11T22:00:28.194-0400] {processor.py:153} INFO - Started process (PID=41242) to work on /Users/srivardhan/opt/anaconda3/envs/kafka-pipeline/lib/python3.7/site-packages/airflow/example_dags/example_xcom.py
[2023-04-11T22:00:28.196-0400] {processor.py:743} INFO - Processing file /Users/srivardhan/opt/anaconda3/envs/kafka-pipeline/lib/python3.7/site-packages/airflow/example_dags/example_xcom.py for tasks to queue
[2023-04-11T22:00:28.197-0400] {logging_mixin.py:137} INFO - [2023-04-11T22:00:28.196-0400] {dagbag.py:532} INFO - Filling up the DagBag from /Users/srivardhan/opt/anaconda3/envs/kafka-pipeline/lib/python3.7/site-packages/airflow/example_dags/example_xcom.py
[2023-04-11T22:00:28.210-0400] {processor.py:753} INFO - DAG(s) dict_keys(['example_xcom']) retrieved from /Users/srivardhan/opt/anaconda3/envs/kafka-pipeline/lib/python3.7/site-packages/airflow/example_dags/example_xcom.py
[2023-04-11T22:00:28.222-0400] {logging_mixin.py:137} INFO - [2023-04-11T22:00:28.222-0400] {dag.py:2693} INFO - Sync 1 DAGs
[2023-04-11T22:00:28.233-0400] {logging_mixin.py:137} INFO - [2023-04-11T22:00:28.233-0400] {dag.py:3444} INFO - Setting next_dagrun for example_xcom to 2021-01-01T00:00:00+00:00, run_after=2021-01-01T00:00:00+00:00
[2023-04-11T22:00:28.243-0400] {processor.py:175} INFO - Processing /Users/srivardhan/opt/anaconda3/envs/kafka-pipeline/lib/python3.7/site-packages/airflow/example_dags/example_xcom.py took 0.052 seconds
[2023-04-11T22:21:59.227-0400] {processor.py:153} INFO - Started process (PID=41315) to work on /Users/srivardhan/opt/anaconda3/envs/kafka-pipeline/lib/python3.7/site-packages/airflow/example_dags/example_xcom.py
[2023-04-11T22:21:59.230-0400] {processor.py:743} INFO - Processing file /Users/srivardhan/opt/anaconda3/envs/kafka-pipeline/lib/python3.7/site-packages/airflow/example_dags/example_xcom.py for tasks to queue
[2023-04-11T22:21:59.231-0400] {logging_mixin.py:137} INFO - [2023-04-11T22:21:59.231-0400] {dagbag.py:532} INFO - Filling up the DagBag from /Users/srivardhan/opt/anaconda3/envs/kafka-pipeline/lib/python3.7/site-packages/airflow/example_dags/example_xcom.py
[2023-04-11T22:21:59.250-0400] {processor.py:753} INFO - DAG(s) dict_keys(['example_xcom']) retrieved from /Users/srivardhan/opt/anaconda3/envs/kafka-pipeline/lib/python3.7/site-packages/airflow/example_dags/example_xcom.py
[2023-04-11T22:21:59.265-0400] {logging_mixin.py:137} INFO - [2023-04-11T22:21:59.265-0400] {dag.py:2693} INFO - Sync 1 DAGs
[2023-04-11T22:21:59.277-0400] {logging_mixin.py:137} INFO - [2023-04-11T22:21:59.277-0400] {dag.py:3444} INFO - Setting next_dagrun for example_xcom to 2021-01-01T00:00:00+00:00, run_after=2021-01-01T00:00:00+00:00
[2023-04-11T22:21:59.287-0400] {processor.py:175} INFO - Processing /Users/srivardhan/opt/anaconda3/envs/kafka-pipeline/lib/python3.7/site-packages/airflow/example_dags/example_xcom.py took 0.064 seconds
[2023-04-11T22:27:38.505-0400] {processor.py:153} INFO - Started process (PID=41427) to work on /Users/srivardhan/opt/anaconda3/envs/kafka-pipeline/lib/python3.7/site-packages/airflow/example_dags/example_xcom.py
[2023-04-11T22:27:38.508-0400] {processor.py:743} INFO - Processing file /Users/srivardhan/opt/anaconda3/envs/kafka-pipeline/lib/python3.7/site-packages/airflow/example_dags/example_xcom.py for tasks to queue
[2023-04-11T22:27:38.509-0400] {logging_mixin.py:137} INFO - [2023-04-11T22:27:38.509-0400] {dagbag.py:532} INFO - Filling up the DagBag from /Users/srivardhan/opt/anaconda3/envs/kafka-pipeline/lib/python3.7/site-packages/airflow/example_dags/example_xcom.py
[2023-04-11T22:27:38.528-0400] {processor.py:753} INFO - DAG(s) dict_keys(['example_xcom']) retrieved from /Users/srivardhan/opt/anaconda3/envs/kafka-pipeline/lib/python3.7/site-packages/airflow/example_dags/example_xcom.py
[2023-04-11T22:27:38.545-0400] {logging_mixin.py:137} INFO - [2023-04-11T22:27:38.545-0400] {dag.py:2693} INFO - Sync 1 DAGs
[2023-04-11T22:27:38.558-0400] {logging_mixin.py:137} INFO - [2023-04-11T22:27:38.557-0400] {dag.py:3444} INFO - Setting next_dagrun for example_xcom to 2021-01-01T00:00:00+00:00, run_after=2021-01-01T00:00:00+00:00
[2023-04-11T22:27:38.569-0400] {processor.py:175} INFO - Processing /Users/srivardhan/opt/anaconda3/envs/kafka-pipeline/lib/python3.7/site-packages/airflow/example_dags/example_xcom.py took 0.069 seconds
[2023-04-11T22:35:16.220-0400] {processor.py:153} INFO - Started process (PID=41541) to work on /Users/srivardhan/opt/anaconda3/envs/kafka-pipeline/lib/python3.7/site-packages/airflow/example_dags/example_xcom.py
[2023-04-11T22:35:16.223-0400] {processor.py:743} INFO - Processing file /Users/srivardhan/opt/anaconda3/envs/kafka-pipeline/lib/python3.7/site-packages/airflow/example_dags/example_xcom.py for tasks to queue
[2023-04-11T22:35:16.224-0400] {logging_mixin.py:137} INFO - [2023-04-11T22:35:16.224-0400] {dagbag.py:532} INFO - Filling up the DagBag from /Users/srivardhan/opt/anaconda3/envs/kafka-pipeline/lib/python3.7/site-packages/airflow/example_dags/example_xcom.py
[2023-04-11T22:35:16.243-0400] {processor.py:753} INFO - DAG(s) dict_keys(['example_xcom']) retrieved from /Users/srivardhan/opt/anaconda3/envs/kafka-pipeline/lib/python3.7/site-packages/airflow/example_dags/example_xcom.py
[2023-04-11T22:35:16.258-0400] {logging_mixin.py:137} INFO - [2023-04-11T22:35:16.257-0400] {dag.py:2693} INFO - Sync 1 DAGs
[2023-04-11T22:35:16.270-0400] {logging_mixin.py:137} INFO - [2023-04-11T22:35:16.269-0400] {dag.py:3444} INFO - Setting next_dagrun for example_xcom to 2021-01-01T00:00:00+00:00, run_after=2021-01-01T00:00:00+00:00
[2023-04-11T22:35:16.280-0400] {processor.py:175} INFO - Processing /Users/srivardhan/opt/anaconda3/envs/kafka-pipeline/lib/python3.7/site-packages/airflow/example_dags/example_xcom.py took 0.065 seconds
[2023-04-11T23:09:51.265-0400] {processor.py:153} INFO - Started process (PID=41638) to work on /Users/srivardhan/opt/anaconda3/envs/kafka-pipeline/lib/python3.7/site-packages/airflow/example_dags/example_xcom.py
[2023-04-11T23:09:51.266-0400] {processor.py:743} INFO - Processing file /Users/srivardhan/opt/anaconda3/envs/kafka-pipeline/lib/python3.7/site-packages/airflow/example_dags/example_xcom.py for tasks to queue
[2023-04-11T23:09:51.267-0400] {logging_mixin.py:137} INFO - [2023-04-11T23:09:51.267-0400] {dagbag.py:532} INFO - Filling up the DagBag from /Users/srivardhan/opt/anaconda3/envs/kafka-pipeline/lib/python3.7/site-packages/airflow/example_dags/example_xcom.py
[2023-04-11T23:09:51.280-0400] {processor.py:753} INFO - DAG(s) dict_keys(['example_xcom']) retrieved from /Users/srivardhan/opt/anaconda3/envs/kafka-pipeline/lib/python3.7/site-packages/airflow/example_dags/example_xcom.py
[2023-04-11T23:09:51.294-0400] {logging_mixin.py:137} INFO - [2023-04-11T23:09:51.294-0400] {dag.py:2693} INFO - Sync 1 DAGs
[2023-04-11T23:09:51.307-0400] {logging_mixin.py:137} INFO - [2023-04-11T23:09:51.307-0400] {dag.py:3444} INFO - Setting next_dagrun for example_xcom to 2021-01-01T00:00:00+00:00, run_after=2021-01-01T00:00:00+00:00
[2023-04-11T23:09:51.319-0400] {processor.py:175} INFO - Processing /Users/srivardhan/opt/anaconda3/envs/kafka-pipeline/lib/python3.7/site-packages/airflow/example_dags/example_xcom.py took 0.056 seconds
[2023-04-11T23:10:33.675-0400] {processor.py:153} INFO - Started process (PID=41752) to work on /Users/srivardhan/opt/anaconda3/envs/kafka-pipeline/lib/python3.7/site-packages/airflow/example_dags/example_xcom.py
[2023-04-11T23:10:33.677-0400] {processor.py:743} INFO - Processing file /Users/srivardhan/opt/anaconda3/envs/kafka-pipeline/lib/python3.7/site-packages/airflow/example_dags/example_xcom.py for tasks to queue
[2023-04-11T23:10:33.679-0400] {logging_mixin.py:137} INFO - [2023-04-11T23:10:33.678-0400] {dagbag.py:532} INFO - Filling up the DagBag from /Users/srivardhan/opt/anaconda3/envs/kafka-pipeline/lib/python3.7/site-packages/airflow/example_dags/example_xcom.py
[2023-04-11T23:10:33.701-0400] {processor.py:753} INFO - DAG(s) dict_keys(['example_xcom']) retrieved from /Users/srivardhan/opt/anaconda3/envs/kafka-pipeline/lib/python3.7/site-packages/airflow/example_dags/example_xcom.py
[2023-04-11T23:10:33.718-0400] {logging_mixin.py:137} INFO - [2023-04-11T23:10:33.718-0400] {dag.py:2693} INFO - Sync 1 DAGs
[2023-04-11T23:10:33.731-0400] {logging_mixin.py:137} INFO - [2023-04-11T23:10:33.731-0400] {dag.py:3444} INFO - Setting next_dagrun for example_xcom to 2021-01-01T00:00:00+00:00, run_after=2021-01-01T00:00:00+00:00
[2023-04-11T23:10:33.742-0400] {processor.py:175} INFO - Processing /Users/srivardhan/opt/anaconda3/envs/kafka-pipeline/lib/python3.7/site-packages/airflow/example_dags/example_xcom.py took 0.074 seconds
[2023-04-11T23:11:15.501-0400] {processor.py:153} INFO - Started process (PID=41861) to work on /Users/srivardhan/opt/anaconda3/envs/kafka-pipeline/lib/python3.7/site-packages/airflow/example_dags/example_xcom.py
[2023-04-11T23:11:15.503-0400] {processor.py:743} INFO - Processing file /Users/srivardhan/opt/anaconda3/envs/kafka-pipeline/lib/python3.7/site-packages/airflow/example_dags/example_xcom.py for tasks to queue
[2023-04-11T23:11:15.504-0400] {logging_mixin.py:137} INFO - [2023-04-11T23:11:15.504-0400] {dagbag.py:532} INFO - Filling up the DagBag from /Users/srivardhan/opt/anaconda3/envs/kafka-pipeline/lib/python3.7/site-packages/airflow/example_dags/example_xcom.py
[2023-04-11T23:11:15.526-0400] {processor.py:753} INFO - DAG(s) dict_keys(['example_xcom']) retrieved from /Users/srivardhan/opt/anaconda3/envs/kafka-pipeline/lib/python3.7/site-packages/airflow/example_dags/example_xcom.py
[2023-04-11T23:11:15.543-0400] {logging_mixin.py:137} INFO - [2023-04-11T23:11:15.543-0400] {dag.py:2693} INFO - Sync 1 DAGs
[2023-04-11T23:11:15.555-0400] {logging_mixin.py:137} INFO - [2023-04-11T23:11:15.555-0400] {dag.py:3444} INFO - Setting next_dagrun for example_xcom to 2021-01-01T00:00:00+00:00, run_after=2021-01-01T00:00:00+00:00
[2023-04-11T23:11:15.567-0400] {processor.py:175} INFO - Processing /Users/srivardhan/opt/anaconda3/envs/kafka-pipeline/lib/python3.7/site-packages/airflow/example_dags/example_xcom.py took 0.070 seconds
[2023-04-11T23:11:56.330-0400] {processor.py:153} INFO - Started process (PID=41954) to work on /Users/srivardhan/opt/anaconda3/envs/kafka-pipeline/lib/python3.7/site-packages/airflow/example_dags/example_xcom.py
[2023-04-11T23:11:56.331-0400] {processor.py:743} INFO - Processing file /Users/srivardhan/opt/anaconda3/envs/kafka-pipeline/lib/python3.7/site-packages/airflow/example_dags/example_xcom.py for tasks to queue
[2023-04-11T23:11:56.333-0400] {logging_mixin.py:137} INFO - [2023-04-11T23:11:56.332-0400] {dagbag.py:532} INFO - Filling up the DagBag from /Users/srivardhan/opt/anaconda3/envs/kafka-pipeline/lib/python3.7/site-packages/airflow/example_dags/example_xcom.py
[2023-04-11T23:11:56.354-0400] {processor.py:753} INFO - DAG(s) dict_keys(['example_xcom']) retrieved from /Users/srivardhan/opt/anaconda3/envs/kafka-pipeline/lib/python3.7/site-packages/airflow/example_dags/example_xcom.py
[2023-04-11T23:11:56.371-0400] {logging_mixin.py:137} INFO - [2023-04-11T23:11:56.370-0400] {dag.py:2693} INFO - Sync 1 DAGs
[2023-04-11T23:11:56.383-0400] {logging_mixin.py:137} INFO - [2023-04-11T23:11:56.383-0400] {dag.py:3444} INFO - Setting next_dagrun for example_xcom to 2021-01-01T00:00:00+00:00, run_after=2021-01-01T00:00:00+00:00
[2023-04-11T23:11:56.395-0400] {processor.py:175} INFO - Processing /Users/srivardhan/opt/anaconda3/envs/kafka-pipeline/lib/python3.7/site-packages/airflow/example_dags/example_xcom.py took 0.070 seconds
[2023-04-11T23:12:37.808-0400] {processor.py:153} INFO - Started process (PID=42154) to work on /Users/srivardhan/opt/anaconda3/envs/kafka-pipeline/lib/python3.7/site-packages/airflow/example_dags/example_xcom.py
[2023-04-11T23:12:37.811-0400] {processor.py:743} INFO - Processing file /Users/srivardhan/opt/anaconda3/envs/kafka-pipeline/lib/python3.7/site-packages/airflow/example_dags/example_xcom.py for tasks to queue
[2023-04-11T23:12:37.813-0400] {logging_mixin.py:137} INFO - [2023-04-11T23:12:37.813-0400] {dagbag.py:532} INFO - Filling up the DagBag from /Users/srivardhan/opt/anaconda3/envs/kafka-pipeline/lib/python3.7/site-packages/airflow/example_dags/example_xcom.py
[2023-04-11T23:12:37.836-0400] {processor.py:753} INFO - DAG(s) dict_keys(['example_xcom']) retrieved from /Users/srivardhan/opt/anaconda3/envs/kafka-pipeline/lib/python3.7/site-packages/airflow/example_dags/example_xcom.py
[2023-04-11T23:12:37.854-0400] {logging_mixin.py:137} INFO - [2023-04-11T23:12:37.854-0400] {dag.py:2693} INFO - Sync 1 DAGs
[2023-04-11T23:12:37.868-0400] {logging_mixin.py:137} INFO - [2023-04-11T23:12:37.867-0400] {dag.py:3444} INFO - Setting next_dagrun for example_xcom to 2021-01-01T00:00:00+00:00, run_after=2021-01-01T00:00:00+00:00
[2023-04-11T23:12:37.879-0400] {processor.py:175} INFO - Processing /Users/srivardhan/opt/anaconda3/envs/kafka-pipeline/lib/python3.7/site-packages/airflow/example_dags/example_xcom.py took 0.076 seconds
[2023-04-11T23:13:16.740-0400] {processor.py:153} INFO - Started process (PID=42249) to work on /Users/srivardhan/opt/anaconda3/envs/kafka-pipeline/lib/python3.7/site-packages/airflow/example_dags/example_xcom.py
[2023-04-11T23:13:16.742-0400] {processor.py:743} INFO - Processing file /Users/srivardhan/opt/anaconda3/envs/kafka-pipeline/lib/python3.7/site-packages/airflow/example_dags/example_xcom.py for tasks to queue
[2023-04-11T23:13:16.743-0400] {logging_mixin.py:137} INFO - [2023-04-11T23:13:16.743-0400] {dagbag.py:532} INFO - Filling up the DagBag from /Users/srivardhan/opt/anaconda3/envs/kafka-pipeline/lib/python3.7/site-packages/airflow/example_dags/example_xcom.py
[2023-04-11T23:13:16.763-0400] {processor.py:753} INFO - DAG(s) dict_keys(['example_xcom']) retrieved from /Users/srivardhan/opt/anaconda3/envs/kafka-pipeline/lib/python3.7/site-packages/airflow/example_dags/example_xcom.py
[2023-04-11T23:13:16.779-0400] {logging_mixin.py:137} INFO - [2023-04-11T23:13:16.779-0400] {dag.py:2693} INFO - Sync 1 DAGs
[2023-04-11T23:13:16.791-0400] {logging_mixin.py:137} INFO - [2023-04-11T23:13:16.791-0400] {dag.py:3444} INFO - Setting next_dagrun for example_xcom to 2021-01-01T00:00:00+00:00, run_after=2021-01-01T00:00:00+00:00
[2023-04-11T23:13:16.802-0400] {processor.py:175} INFO - Processing /Users/srivardhan/opt/anaconda3/envs/kafka-pipeline/lib/python3.7/site-packages/airflow/example_dags/example_xcom.py took 0.066 seconds
