[2023-04-11T21:02:45.229-0400] {processor.py:153} INFO - Started process (PID=41104) to work on /Users/srivardhan/opt/anaconda3/envs/kafka-pipeline/lib/python3.7/site-packages/airflow/example_dags/example_branch_operator.py
[2023-04-11T21:02:45.231-0400] {processor.py:743} INFO - Processing file /Users/srivardhan/opt/anaconda3/envs/kafka-pipeline/lib/python3.7/site-packages/airflow/example_dags/example_branch_operator.py for tasks to queue
[2023-04-11T21:02:45.232-0400] {logging_mixin.py:137} INFO - [2023-04-11T21:02:45.232-0400] {dagbag.py:532} INFO - Filling up the DagBag from /Users/srivardhan/opt/anaconda3/envs/kafka-pipeline/lib/python3.7/site-packages/airflow/example_dags/example_branch_operator.py
[2023-04-11T21:02:45.245-0400] {processor.py:753} INFO - DAG(s) dict_keys(['example_branch_operator']) retrieved from /Users/srivardhan/opt/anaconda3/envs/kafka-pipeline/lib/python3.7/site-packages/airflow/example_dags/example_branch_operator.py
[2023-04-11T21:02:45.264-0400] {logging_mixin.py:137} INFO - [2023-04-11T21:02:45.264-0400] {dag.py:2693} INFO - Sync 1 DAGs
[2023-04-11T21:02:45.278-0400] {logging_mixin.py:137} INFO - [2023-04-11T21:02:45.278-0400] {dag.py:3444} INFO - Setting next_dagrun for example_branch_operator to 2023-04-11T00:00:00+00:00, run_after=2023-04-12T00:00:00+00:00
[2023-04-11T21:02:45.289-0400] {processor.py:175} INFO - Processing /Users/srivardhan/opt/anaconda3/envs/kafka-pipeline/lib/python3.7/site-packages/airflow/example_dags/example_branch_operator.py took 0.065 seconds
[2023-04-11T21:52:37.332-0400] {processor.py:153} INFO - Started process (PID=41207) to work on /Users/srivardhan/opt/anaconda3/envs/kafka-pipeline/lib/python3.7/site-packages/airflow/example_dags/example_branch_operator.py
[2023-04-11T21:52:37.334-0400] {processor.py:743} INFO - Processing file /Users/srivardhan/opt/anaconda3/envs/kafka-pipeline/lib/python3.7/site-packages/airflow/example_dags/example_branch_operator.py for tasks to queue
[2023-04-11T21:52:37.335-0400] {logging_mixin.py:137} INFO - [2023-04-11T21:52:37.335-0400] {dagbag.py:532} INFO - Filling up the DagBag from /Users/srivardhan/opt/anaconda3/envs/kafka-pipeline/lib/python3.7/site-packages/airflow/example_dags/example_branch_operator.py
[2023-04-11T21:52:37.349-0400] {processor.py:753} INFO - DAG(s) dict_keys(['example_branch_operator']) retrieved from /Users/srivardhan/opt/anaconda3/envs/kafka-pipeline/lib/python3.7/site-packages/airflow/example_dags/example_branch_operator.py
[2023-04-11T21:52:37.369-0400] {logging_mixin.py:137} INFO - [2023-04-11T21:52:37.368-0400] {dag.py:2693} INFO - Sync 1 DAGs
[2023-04-11T21:52:37.383-0400] {logging_mixin.py:137} INFO - [2023-04-11T21:52:37.383-0400] {dag.py:3444} INFO - Setting next_dagrun for example_branch_operator to 2023-04-11T00:00:00+00:00, run_after=2023-04-12T00:00:00+00:00
[2023-04-11T21:52:37.394-0400] {processor.py:175} INFO - Processing /Users/srivardhan/opt/anaconda3/envs/kafka-pipeline/lib/python3.7/site-packages/airflow/example_dags/example_branch_operator.py took 0.067 seconds
[2023-04-11T22:26:41.316-0400] {processor.py:153} INFO - Started process (PID=41363) to work on /Users/srivardhan/opt/anaconda3/envs/kafka-pipeline/lib/python3.7/site-packages/airflow/example_dags/example_branch_operator.py
[2023-04-11T22:26:41.317-0400] {processor.py:743} INFO - Processing file /Users/srivardhan/opt/anaconda3/envs/kafka-pipeline/lib/python3.7/site-packages/airflow/example_dags/example_branch_operator.py for tasks to queue
[2023-04-11T22:26:41.319-0400] {logging_mixin.py:137} INFO - [2023-04-11T22:26:41.318-0400] {dagbag.py:532} INFO - Filling up the DagBag from /Users/srivardhan/opt/anaconda3/envs/kafka-pipeline/lib/python3.7/site-packages/airflow/example_dags/example_branch_operator.py
[2023-04-11T22:26:41.332-0400] {processor.py:753} INFO - DAG(s) dict_keys(['example_branch_operator']) retrieved from /Users/srivardhan/opt/anaconda3/envs/kafka-pipeline/lib/python3.7/site-packages/airflow/example_dags/example_branch_operator.py
[2023-04-11T22:26:41.353-0400] {logging_mixin.py:137} INFO - [2023-04-11T22:26:41.352-0400] {dag.py:2693} INFO - Sync 1 DAGs
[2023-04-11T22:26:41.366-0400] {logging_mixin.py:137} INFO - [2023-04-11T22:26:41.366-0400] {dag.py:3444} INFO - Setting next_dagrun for example_branch_operator to 2023-04-11T00:00:00+00:00, run_after=2023-04-12T00:00:00+00:00
[2023-04-11T22:27:22.640-0400] {processor.py:175} INFO - Processing /Users/srivardhan/opt/anaconda3/envs/kafka-pipeline/lib/python3.7/site-packages/airflow/example_dags/example_branch_operator.py took 0.404 seconds
[2023-04-11T23:01:31.272-0400] {processor.py:153} INFO - Started process (PID=41587) to work on /Users/srivardhan/opt/anaconda3/envs/kafka-pipeline/lib/python3.7/site-packages/airflow/example_dags/example_branch_operator.py
[2023-04-11T23:01:31.274-0400] {processor.py:743} INFO - Processing file /Users/srivardhan/opt/anaconda3/envs/kafka-pipeline/lib/python3.7/site-packages/airflow/example_dags/example_branch_operator.py for tasks to queue
[2023-04-11T23:01:31.274-0400] {logging_mixin.py:137} INFO - [2023-04-11T23:01:31.274-0400] {dagbag.py:532} INFO - Filling up the DagBag from /Users/srivardhan/opt/anaconda3/envs/kafka-pipeline/lib/python3.7/site-packages/airflow/example_dags/example_branch_operator.py
[2023-04-11T23:01:31.282-0400] {processor.py:753} INFO - DAG(s) dict_keys(['example_branch_operator']) retrieved from /Users/srivardhan/opt/anaconda3/envs/kafka-pipeline/lib/python3.7/site-packages/airflow/example_dags/example_branch_operator.py
[2023-04-11T23:01:31.304-0400] {logging_mixin.py:137} INFO - [2023-04-11T23:01:31.304-0400] {dag.py:2693} INFO - Sync 1 DAGs
[2023-04-11T23:01:31.317-0400] {logging_mixin.py:137} INFO - [2023-04-11T23:01:31.317-0400] {dag.py:3444} INFO - Setting next_dagrun for example_branch_operator to 2023-04-11T00:00:00+00:00, run_after=2023-04-12T00:00:00+00:00
[2023-04-11T23:01:31.328-0400] {processor.py:175} INFO - Processing /Users/srivardhan/opt/anaconda3/envs/kafka-pipeline/lib/python3.7/site-packages/airflow/example_dags/example_branch_operator.py took 0.059 seconds
[2023-04-11T23:10:18.741-0400] {processor.py:153} INFO - Started process (PID=41701) to work on /Users/srivardhan/opt/anaconda3/envs/kafka-pipeline/lib/python3.7/site-packages/airflow/example_dags/example_branch_operator.py
[2023-04-11T23:10:18.743-0400] {processor.py:743} INFO - Processing file /Users/srivardhan/opt/anaconda3/envs/kafka-pipeline/lib/python3.7/site-packages/airflow/example_dags/example_branch_operator.py for tasks to queue
[2023-04-11T23:10:18.744-0400] {logging_mixin.py:137} INFO - [2023-04-11T23:10:18.743-0400] {dagbag.py:532} INFO - Filling up the DagBag from /Users/srivardhan/opt/anaconda3/envs/kafka-pipeline/lib/python3.7/site-packages/airflow/example_dags/example_branch_operator.py
[2023-04-11T23:10:18.754-0400] {processor.py:753} INFO - DAG(s) dict_keys(['example_branch_operator']) retrieved from /Users/srivardhan/opt/anaconda3/envs/kafka-pipeline/lib/python3.7/site-packages/airflow/example_dags/example_branch_operator.py
[2023-04-11T23:10:18.769-0400] {logging_mixin.py:137} INFO - [2023-04-11T23:10:18.769-0400] {dag.py:2693} INFO - Sync 1 DAGs
[2023-04-11T23:10:18.782-0400] {logging_mixin.py:137} INFO - [2023-04-11T23:10:18.782-0400] {dag.py:3444} INFO - Setting next_dagrun for example_branch_operator to 2023-04-11T00:00:00+00:00, run_after=2023-04-12T00:00:00+00:00
[2023-04-11T23:10:18.794-0400] {processor.py:175} INFO - Processing /Users/srivardhan/opt/anaconda3/envs/kafka-pipeline/lib/python3.7/site-packages/airflow/example_dags/example_branch_operator.py took 0.057 seconds
[2023-04-11T23:11:02.286-0400] {processor.py:153} INFO - Started process (PID=41834) to work on /Users/srivardhan/opt/anaconda3/envs/kafka-pipeline/lib/python3.7/site-packages/airflow/example_dags/example_branch_operator.py
[2023-04-11T23:11:02.288-0400] {processor.py:743} INFO - Processing file /Users/srivardhan/opt/anaconda3/envs/kafka-pipeline/lib/python3.7/site-packages/airflow/example_dags/example_branch_operator.py for tasks to queue
[2023-04-11T23:11:02.289-0400] {logging_mixin.py:137} INFO - [2023-04-11T23:11:02.289-0400] {dagbag.py:532} INFO - Filling up the DagBag from /Users/srivardhan/opt/anaconda3/envs/kafka-pipeline/lib/python3.7/site-packages/airflow/example_dags/example_branch_operator.py
[2023-04-11T23:11:02.303-0400] {processor.py:753} INFO - DAG(s) dict_keys(['example_branch_operator']) retrieved from /Users/srivardhan/opt/anaconda3/envs/kafka-pipeline/lib/python3.7/site-packages/airflow/example_dags/example_branch_operator.py
[2023-04-11T23:11:02.321-0400] {logging_mixin.py:137} INFO - [2023-04-11T23:11:02.321-0400] {dag.py:2693} INFO - Sync 1 DAGs
[2023-04-11T23:11:02.334-0400] {logging_mixin.py:137} INFO - [2023-04-11T23:11:02.334-0400] {dag.py:3444} INFO - Setting next_dagrun for example_branch_operator to 2023-04-11T00:00:00+00:00, run_after=2023-04-12T00:00:00+00:00
[2023-04-11T23:11:02.345-0400] {processor.py:175} INFO - Processing /Users/srivardhan/opt/anaconda3/envs/kafka-pipeline/lib/python3.7/site-packages/airflow/example_dags/example_branch_operator.py took 0.063 seconds
[2023-04-11T23:11:56.488-0400] {processor.py:153} INFO - Started process (PID=41955) to work on /Users/srivardhan/opt/anaconda3/envs/kafka-pipeline/lib/python3.7/site-packages/airflow/example_dags/example_branch_operator.py
[2023-04-11T23:11:56.489-0400] {processor.py:743} INFO - Processing file /Users/srivardhan/opt/anaconda3/envs/kafka-pipeline/lib/python3.7/site-packages/airflow/example_dags/example_branch_operator.py for tasks to queue
[2023-04-11T23:11:56.489-0400] {logging_mixin.py:137} INFO - [2023-04-11T23:11:56.489-0400] {dagbag.py:532} INFO - Filling up the DagBag from /Users/srivardhan/opt/anaconda3/envs/kafka-pipeline/lib/python3.7/site-packages/airflow/example_dags/example_branch_operator.py
[2023-04-11T23:11:56.496-0400] {processor.py:753} INFO - DAG(s) dict_keys(['example_branch_operator']) retrieved from /Users/srivardhan/opt/anaconda3/envs/kafka-pipeline/lib/python3.7/site-packages/airflow/example_dags/example_branch_operator.py
[2023-04-11T23:11:56.510-0400] {logging_mixin.py:137} INFO - [2023-04-11T23:11:56.510-0400] {dag.py:2693} INFO - Sync 1 DAGs
[2023-04-11T23:11:56.522-0400] {logging_mixin.py:137} INFO - [2023-04-11T23:11:56.522-0400] {dag.py:3444} INFO - Setting next_dagrun for example_branch_operator to 2023-04-11T00:00:00+00:00, run_after=2023-04-12T00:00:00+00:00
[2023-04-11T23:11:56.533-0400] {processor.py:175} INFO - Processing /Users/srivardhan/opt/anaconda3/envs/kafka-pipeline/lib/python3.7/site-packages/airflow/example_dags/example_branch_operator.py took 0.047 seconds
[2023-04-11T23:12:44.627-0400] {processor.py:153} INFO - Started process (PID=42178) to work on /Users/srivardhan/opt/anaconda3/envs/kafka-pipeline/lib/python3.7/site-packages/airflow/example_dags/example_branch_operator.py
[2023-04-11T23:12:44.629-0400] {processor.py:743} INFO - Processing file /Users/srivardhan/opt/anaconda3/envs/kafka-pipeline/lib/python3.7/site-packages/airflow/example_dags/example_branch_operator.py for tasks to queue
[2023-04-11T23:12:44.631-0400] {logging_mixin.py:137} INFO - [2023-04-11T23:12:44.630-0400] {dagbag.py:532} INFO - Filling up the DagBag from /Users/srivardhan/opt/anaconda3/envs/kafka-pipeline/lib/python3.7/site-packages/airflow/example_dags/example_branch_operator.py
[2023-04-11T23:12:44.645-0400] {processor.py:753} INFO - DAG(s) dict_keys(['example_branch_operator']) retrieved from /Users/srivardhan/opt/anaconda3/envs/kafka-pipeline/lib/python3.7/site-packages/airflow/example_dags/example_branch_operator.py
[2023-04-11T23:12:44.665-0400] {logging_mixin.py:137} INFO - [2023-04-11T23:12:44.664-0400] {dag.py:2693} INFO - Sync 1 DAGs
[2023-04-11T23:12:44.679-0400] {logging_mixin.py:137} INFO - [2023-04-11T23:12:44.678-0400] {dag.py:3444} INFO - Setting next_dagrun for example_branch_operator to 2023-04-11T00:00:00+00:00, run_after=2023-04-12T00:00:00+00:00
[2023-04-11T23:12:44.689-0400] {processor.py:175} INFO - Processing /Users/srivardhan/opt/anaconda3/envs/kafka-pipeline/lib/python3.7/site-packages/airflow/example_dags/example_branch_operator.py took 0.068 seconds
[2023-04-11T23:13:37.534-0400] {processor.py:153} INFO - Started process (PID=42291) to work on /Users/srivardhan/opt/anaconda3/envs/kafka-pipeline/lib/python3.7/site-packages/airflow/example_dags/example_branch_operator.py
[2023-04-11T23:13:37.536-0400] {processor.py:743} INFO - Processing file /Users/srivardhan/opt/anaconda3/envs/kafka-pipeline/lib/python3.7/site-packages/airflow/example_dags/example_branch_operator.py for tasks to queue
[2023-04-11T23:13:37.537-0400] {logging_mixin.py:137} INFO - [2023-04-11T23:13:37.537-0400] {dagbag.py:532} INFO - Filling up the DagBag from /Users/srivardhan/opt/anaconda3/envs/kafka-pipeline/lib/python3.7/site-packages/airflow/example_dags/example_branch_operator.py
[2023-04-11T23:13:37.551-0400] {processor.py:753} INFO - DAG(s) dict_keys(['example_branch_operator']) retrieved from /Users/srivardhan/opt/anaconda3/envs/kafka-pipeline/lib/python3.7/site-packages/airflow/example_dags/example_branch_operator.py
[2023-04-11T23:13:37.570-0400] {logging_mixin.py:137} INFO - [2023-04-11T23:13:37.570-0400] {dag.py:2693} INFO - Sync 1 DAGs
[2023-04-11T23:13:37.584-0400] {logging_mixin.py:137} INFO - [2023-04-11T23:13:37.583-0400] {dag.py:3444} INFO - Setting next_dagrun for example_branch_operator to 2023-04-11T00:00:00+00:00, run_after=2023-04-12T00:00:00+00:00
[2023-04-11T23:13:37.595-0400] {processor.py:175} INFO - Processing /Users/srivardhan/opt/anaconda3/envs/kafka-pipeline/lib/python3.7/site-packages/airflow/example_dags/example_branch_operator.py took 0.065 seconds
