[2023-04-11T20:18:59.055-0400] {processor.py:153} INFO - Started process (PID=41054) to work on /Users/srivardhan/opt/anaconda3/envs/kafka-pipeline/lib/python3.7/site-packages/airflow/example_dags/example_short_circuit_operator.py
[2023-04-11T20:18:59.056-0400] {processor.py:743} INFO - Processing file /Users/srivardhan/opt/anaconda3/envs/kafka-pipeline/lib/python3.7/site-packages/airflow/example_dags/example_short_circuit_operator.py for tasks to queue
[2023-04-11T20:18:59.057-0400] {logging_mixin.py:137} INFO - [2023-04-11T20:18:59.057-0400] {dagbag.py:532} INFO - Filling up the DagBag from /Users/srivardhan/opt/anaconda3/envs/kafka-pipeline/lib/python3.7/site-packages/airflow/example_dags/example_short_circuit_operator.py
[2023-04-11T20:18:59.065-0400] {processor.py:753} INFO - DAG(s) dict_keys(['example_short_circuit_operator']) retrieved from /Users/srivardhan/opt/anaconda3/envs/kafka-pipeline/lib/python3.7/site-packages/airflow/example_dags/example_short_circuit_operator.py
[2023-04-11T20:18:59.079-0400] {logging_mixin.py:137} INFO - [2023-04-11T20:18:59.079-0400] {dag.py:2693} INFO - Sync 1 DAGs
[2023-04-11T20:18:59.090-0400] {logging_mixin.py:137} INFO - [2023-04-11T20:18:59.090-0400] {dag.py:3444} INFO - Setting next_dagrun for example_short_circuit_operator to 2023-04-11T00:18:59.090320+00:00, run_after=2023-04-12T00:18:59.090320+00:00
[2023-04-11T20:18:59.101-0400] {processor.py:175} INFO - Processing /Users/srivardhan/opt/anaconda3/envs/kafka-pipeline/lib/python3.7/site-packages/airflow/example_dags/example_short_circuit_operator.py took 0.048 seconds
[2023-04-11T21:47:01.975-0400] {processor.py:153} INFO - Started process (PID=41160) to work on /Users/srivardhan/opt/anaconda3/envs/kafka-pipeline/lib/python3.7/site-packages/airflow/example_dags/example_short_circuit_operator.py
[2023-04-11T21:47:01.976-0400] {processor.py:743} INFO - Processing file /Users/srivardhan/opt/anaconda3/envs/kafka-pipeline/lib/python3.7/site-packages/airflow/example_dags/example_short_circuit_operator.py for tasks to queue
[2023-04-11T21:47:01.978-0400] {logging_mixin.py:137} INFO - [2023-04-11T21:47:01.977-0400] {dagbag.py:532} INFO - Filling up the DagBag from /Users/srivardhan/opt/anaconda3/envs/kafka-pipeline/lib/python3.7/site-packages/airflow/example_dags/example_short_circuit_operator.py
[2023-04-11T21:47:01.987-0400] {processor.py:753} INFO - DAG(s) dict_keys(['example_short_circuit_operator']) retrieved from /Users/srivardhan/opt/anaconda3/envs/kafka-pipeline/lib/python3.7/site-packages/airflow/example_dags/example_short_circuit_operator.py
[2023-04-11T21:47:02.005-0400] {logging_mixin.py:137} INFO - [2023-04-11T21:47:02.005-0400] {dag.py:2693} INFO - Sync 1 DAGs
[2023-04-11T21:47:02.017-0400] {logging_mixin.py:137} INFO - [2023-04-11T21:47:02.017-0400] {dag.py:3444} INFO - Setting next_dagrun for example_short_circuit_operator to 2023-04-11T01:47:02.016939+00:00, run_after=2023-04-12T01:47:02.016939+00:00
[2023-04-11T21:47:02.029-0400] {processor.py:175} INFO - Processing /Users/srivardhan/opt/anaconda3/envs/kafka-pipeline/lib/python3.7/site-packages/airflow/example_dags/example_short_circuit_operator.py took 0.057 seconds
[2023-04-11T22:00:37.585-0400] {processor.py:153} INFO - Started process (PID=41264) to work on /Users/srivardhan/opt/anaconda3/envs/kafka-pipeline/lib/python3.7/site-packages/airflow/example_dags/example_short_circuit_operator.py
[2023-04-11T22:00:37.587-0400] {processor.py:743} INFO - Processing file /Users/srivardhan/opt/anaconda3/envs/kafka-pipeline/lib/python3.7/site-packages/airflow/example_dags/example_short_circuit_operator.py for tasks to queue
[2023-04-11T22:00:37.590-0400] {logging_mixin.py:137} INFO - [2023-04-11T22:00:37.589-0400] {dagbag.py:532} INFO - Filling up the DagBag from /Users/srivardhan/opt/anaconda3/envs/kafka-pipeline/lib/python3.7/site-packages/airflow/example_dags/example_short_circuit_operator.py
[2023-04-11T22:00:37.600-0400] {processor.py:753} INFO - DAG(s) dict_keys(['example_short_circuit_operator']) retrieved from /Users/srivardhan/opt/anaconda3/envs/kafka-pipeline/lib/python3.7/site-packages/airflow/example_dags/example_short_circuit_operator.py
[2023-04-11T22:00:37.619-0400] {logging_mixin.py:137} INFO - [2023-04-11T22:00:37.619-0400] {dag.py:2693} INFO - Sync 1 DAGs
[2023-04-11T22:00:37.632-0400] {logging_mixin.py:137} INFO - [2023-04-11T22:00:37.631-0400] {dag.py:3444} INFO - Setting next_dagrun for example_short_circuit_operator to 2023-04-11T02:00:37.631750+00:00, run_after=2023-04-12T02:00:37.631750+00:00
[2023-04-11T22:00:37.642-0400] {processor.py:175} INFO - Processing /Users/srivardhan/opt/anaconda3/envs/kafka-pipeline/lib/python3.7/site-packages/airflow/example_dags/example_short_circuit_operator.py took 0.062 seconds
[2023-04-11T22:25:59.939-0400] {processor.py:153} INFO - Started process (PID=41335) to work on /Users/srivardhan/opt/anaconda3/envs/kafka-pipeline/lib/python3.7/site-packages/airflow/example_dags/example_short_circuit_operator.py
[2023-04-11T22:25:59.941-0400] {processor.py:743} INFO - Processing file /Users/srivardhan/opt/anaconda3/envs/kafka-pipeline/lib/python3.7/site-packages/airflow/example_dags/example_short_circuit_operator.py for tasks to queue
[2023-04-11T22:25:59.942-0400] {logging_mixin.py:137} INFO - [2023-04-11T22:25:59.942-0400] {dagbag.py:532} INFO - Filling up the DagBag from /Users/srivardhan/opt/anaconda3/envs/kafka-pipeline/lib/python3.7/site-packages/airflow/example_dags/example_short_circuit_operator.py
[2023-04-11T22:25:59.953-0400] {processor.py:753} INFO - DAG(s) dict_keys(['example_short_circuit_operator']) retrieved from /Users/srivardhan/opt/anaconda3/envs/kafka-pipeline/lib/python3.7/site-packages/airflow/example_dags/example_short_circuit_operator.py
[2023-04-11T22:25:59.972-0400] {logging_mixin.py:137} INFO - [2023-04-11T22:25:59.972-0400] {dag.py:2693} INFO - Sync 1 DAGs
[2023-04-11T22:25:59.985-0400] {logging_mixin.py:137} INFO - [2023-04-11T22:25:59.985-0400] {dag.py:3444} INFO - Setting next_dagrun for example_short_circuit_operator to 2023-04-11T02:25:59.984901+00:00, run_after=2023-04-12T02:25:59.984901+00:00
[2023-04-11T22:25:59.996-0400] {processor.py:175} INFO - Processing /Users/srivardhan/opt/anaconda3/envs/kafka-pipeline/lib/python3.7/site-packages/airflow/example_dags/example_short_circuit_operator.py took 0.062 seconds
[2023-04-11T22:33:23.023-0400] {processor.py:153} INFO - Started process (PID=41459) to work on /Users/srivardhan/opt/anaconda3/envs/kafka-pipeline/lib/python3.7/site-packages/airflow/example_dags/example_short_circuit_operator.py
[2023-04-11T22:33:23.024-0400] {processor.py:743} INFO - Processing file /Users/srivardhan/opt/anaconda3/envs/kafka-pipeline/lib/python3.7/site-packages/airflow/example_dags/example_short_circuit_operator.py for tasks to queue
[2023-04-11T22:33:23.026-0400] {logging_mixin.py:137} INFO - [2023-04-11T22:33:23.025-0400] {dagbag.py:532} INFO - Filling up the DagBag from /Users/srivardhan/opt/anaconda3/envs/kafka-pipeline/lib/python3.7/site-packages/airflow/example_dags/example_short_circuit_operator.py
[2023-04-11T22:33:23.037-0400] {processor.py:753} INFO - DAG(s) dict_keys(['example_short_circuit_operator']) retrieved from /Users/srivardhan/opt/anaconda3/envs/kafka-pipeline/lib/python3.7/site-packages/airflow/example_dags/example_short_circuit_operator.py
[2023-04-11T22:33:23.056-0400] {logging_mixin.py:137} INFO - [2023-04-11T22:33:23.056-0400] {dag.py:2693} INFO - Sync 1 DAGs
[2023-04-11T22:33:23.069-0400] {logging_mixin.py:137} INFO - [2023-04-11T22:33:23.068-0400] {dag.py:3444} INFO - Setting next_dagrun for example_short_circuit_operator to 2023-04-11T02:33:23.068577+00:00, run_after=2023-04-12T02:33:23.068577+00:00
[2023-04-11T22:33:23.079-0400] {processor.py:175} INFO - Processing /Users/srivardhan/opt/anaconda3/envs/kafka-pipeline/lib/python3.7/site-packages/airflow/example_dags/example_short_circuit_operator.py took 0.061 seconds
[2023-04-11T23:01:28.934-0400] {processor.py:153} INFO - Started process (PID=41575) to work on /Users/srivardhan/opt/anaconda3/envs/kafka-pipeline/lib/python3.7/site-packages/airflow/example_dags/example_short_circuit_operator.py
[2023-04-11T23:01:28.936-0400] {processor.py:743} INFO - Processing file /Users/srivardhan/opt/anaconda3/envs/kafka-pipeline/lib/python3.7/site-packages/airflow/example_dags/example_short_circuit_operator.py for tasks to queue
[2023-04-11T23:01:28.937-0400] {logging_mixin.py:137} INFO - [2023-04-11T23:01:28.936-0400] {dagbag.py:532} INFO - Filling up the DagBag from /Users/srivardhan/opt/anaconda3/envs/kafka-pipeline/lib/python3.7/site-packages/airflow/example_dags/example_short_circuit_operator.py
[2023-04-11T23:01:28.945-0400] {processor.py:753} INFO - DAG(s) dict_keys(['example_short_circuit_operator']) retrieved from /Users/srivardhan/opt/anaconda3/envs/kafka-pipeline/lib/python3.7/site-packages/airflow/example_dags/example_short_circuit_operator.py
[2023-04-11T23:01:28.962-0400] {logging_mixin.py:137} INFO - [2023-04-11T23:01:28.962-0400] {dag.py:2693} INFO - Sync 1 DAGs
[2023-04-11T23:01:28.974-0400] {logging_mixin.py:137} INFO - [2023-04-11T23:01:28.974-0400] {dag.py:3444} INFO - Setting next_dagrun for example_short_circuit_operator to 2023-04-11T03:01:28.974375+00:00, run_after=2023-04-12T03:01:28.974375+00:00
[2023-04-11T23:01:28.988-0400] {processor.py:175} INFO - Processing /Users/srivardhan/opt/anaconda3/envs/kafka-pipeline/lib/python3.7/site-packages/airflow/example_dags/example_short_circuit_operator.py took 0.057 seconds
[2023-04-11T23:09:59.276-0400] {processor.py:153} INFO - Started process (PID=41662) to work on /Users/srivardhan/opt/anaconda3/envs/kafka-pipeline/lib/python3.7/site-packages/airflow/example_dags/example_short_circuit_operator.py
[2023-04-11T23:09:59.278-0400] {processor.py:743} INFO - Processing file /Users/srivardhan/opt/anaconda3/envs/kafka-pipeline/lib/python3.7/site-packages/airflow/example_dags/example_short_circuit_operator.py for tasks to queue
[2023-04-11T23:09:59.279-0400] {logging_mixin.py:137} INFO - [2023-04-11T23:09:59.278-0400] {dagbag.py:532} INFO - Filling up the DagBag from /Users/srivardhan/opt/anaconda3/envs/kafka-pipeline/lib/python3.7/site-packages/airflow/example_dags/example_short_circuit_operator.py
[2023-04-11T23:09:59.286-0400] {processor.py:753} INFO - DAG(s) dict_keys(['example_short_circuit_operator']) retrieved from /Users/srivardhan/opt/anaconda3/envs/kafka-pipeline/lib/python3.7/site-packages/airflow/example_dags/example_short_circuit_operator.py
[2023-04-11T23:09:59.300-0400] {logging_mixin.py:137} INFO - [2023-04-11T23:09:59.300-0400] {dag.py:2693} INFO - Sync 1 DAGs
[2023-04-11T23:09:59.312-0400] {logging_mixin.py:137} INFO - [2023-04-11T23:09:59.312-0400] {dag.py:3444} INFO - Setting next_dagrun for example_short_circuit_operator to 2023-04-11T03:09:59.311858+00:00, run_after=2023-04-12T03:09:59.311858+00:00
[2023-04-11T23:09:59.327-0400] {processor.py:175} INFO - Processing /Users/srivardhan/opt/anaconda3/envs/kafka-pipeline/lib/python3.7/site-packages/airflow/example_dags/example_short_circuit_operator.py took 0.053 seconds
[2023-04-11T23:10:43.277-0400] {processor.py:153} INFO - Started process (PID=41786) to work on /Users/srivardhan/opt/anaconda3/envs/kafka-pipeline/lib/python3.7/site-packages/airflow/example_dags/example_short_circuit_operator.py
[2023-04-11T23:10:43.279-0400] {processor.py:743} INFO - Processing file /Users/srivardhan/opt/anaconda3/envs/kafka-pipeline/lib/python3.7/site-packages/airflow/example_dags/example_short_circuit_operator.py for tasks to queue
[2023-04-11T23:10:43.281-0400] {logging_mixin.py:137} INFO - [2023-04-11T23:10:43.280-0400] {dagbag.py:532} INFO - Filling up the DagBag from /Users/srivardhan/opt/anaconda3/envs/kafka-pipeline/lib/python3.7/site-packages/airflow/example_dags/example_short_circuit_operator.py
[2023-04-11T23:10:43.294-0400] {processor.py:753} INFO - DAG(s) dict_keys(['example_short_circuit_operator']) retrieved from /Users/srivardhan/opt/anaconda3/envs/kafka-pipeline/lib/python3.7/site-packages/airflow/example_dags/example_short_circuit_operator.py
[2023-04-11T23:10:43.314-0400] {logging_mixin.py:137} INFO - [2023-04-11T23:10:43.314-0400] {dag.py:2693} INFO - Sync 1 DAGs
[2023-04-11T23:10:43.327-0400] {logging_mixin.py:137} INFO - [2023-04-11T23:10:43.327-0400] {dag.py:3444} INFO - Setting next_dagrun for example_short_circuit_operator to 2023-04-11T03:10:43.327099+00:00, run_after=2023-04-12T03:10:43.327099+00:00
[2023-04-11T23:10:43.338-0400] {processor.py:175} INFO - Processing /Users/srivardhan/opt/anaconda3/envs/kafka-pipeline/lib/python3.7/site-packages/airflow/example_dags/example_short_circuit_operator.py took 0.065 seconds
[2023-04-11T23:11:25.835-0400] {processor.py:153} INFO - Started process (PID=41884) to work on /Users/srivardhan/opt/anaconda3/envs/kafka-pipeline/lib/python3.7/site-packages/airflow/example_dags/example_short_circuit_operator.py
[2023-04-11T23:11:25.837-0400] {processor.py:743} INFO - Processing file /Users/srivardhan/opt/anaconda3/envs/kafka-pipeline/lib/python3.7/site-packages/airflow/example_dags/example_short_circuit_operator.py for tasks to queue
[2023-04-11T23:11:25.838-0400] {logging_mixin.py:137} INFO - [2023-04-11T23:11:25.838-0400] {dagbag.py:532} INFO - Filling up the DagBag from /Users/srivardhan/opt/anaconda3/envs/kafka-pipeline/lib/python3.7/site-packages/airflow/example_dags/example_short_circuit_operator.py
[2023-04-11T23:11:25.850-0400] {processor.py:753} INFO - DAG(s) dict_keys(['example_short_circuit_operator']) retrieved from /Users/srivardhan/opt/anaconda3/envs/kafka-pipeline/lib/python3.7/site-packages/airflow/example_dags/example_short_circuit_operator.py
[2023-04-11T23:11:25.870-0400] {logging_mixin.py:137} INFO - [2023-04-11T23:11:25.870-0400] {dag.py:2693} INFO - Sync 1 DAGs
[2023-04-11T23:11:25.883-0400] {logging_mixin.py:137} INFO - [2023-04-11T23:11:25.883-0400] {dag.py:3444} INFO - Setting next_dagrun for example_short_circuit_operator to 2023-04-11T03:11:25.883035+00:00, run_after=2023-04-12T03:11:25.883035+00:00
[2023-04-11T23:11:25.894-0400] {processor.py:175} INFO - Processing /Users/srivardhan/opt/anaconda3/envs/kafka-pipeline/lib/python3.7/site-packages/airflow/example_dags/example_short_circuit_operator.py took 0.064 seconds
[2023-04-11T23:12:06.657-0400] {processor.py:153} INFO - Started process (PID=41977) to work on /Users/srivardhan/opt/anaconda3/envs/kafka-pipeline/lib/python3.7/site-packages/airflow/example_dags/example_short_circuit_operator.py
[2023-04-11T23:12:06.658-0400] {processor.py:743} INFO - Processing file /Users/srivardhan/opt/anaconda3/envs/kafka-pipeline/lib/python3.7/site-packages/airflow/example_dags/example_short_circuit_operator.py for tasks to queue
[2023-04-11T23:12:06.659-0400] {logging_mixin.py:137} INFO - [2023-04-11T23:12:06.659-0400] {dagbag.py:532} INFO - Filling up the DagBag from /Users/srivardhan/opt/anaconda3/envs/kafka-pipeline/lib/python3.7/site-packages/airflow/example_dags/example_short_circuit_operator.py
[2023-04-11T23:12:06.670-0400] {processor.py:753} INFO - DAG(s) dict_keys(['example_short_circuit_operator']) retrieved from /Users/srivardhan/opt/anaconda3/envs/kafka-pipeline/lib/python3.7/site-packages/airflow/example_dags/example_short_circuit_operator.py
[2023-04-11T23:12:06.689-0400] {logging_mixin.py:137} INFO - [2023-04-11T23:12:06.689-0400] {dag.py:2693} INFO - Sync 1 DAGs
[2023-04-11T23:12:06.702-0400] {logging_mixin.py:137} INFO - [2023-04-11T23:12:06.702-0400] {dag.py:3444} INFO - Setting next_dagrun for example_short_circuit_operator to 2023-04-11T03:12:06.701871+00:00, run_after=2023-04-12T03:12:06.701871+00:00
[2023-04-11T23:12:06.713-0400] {processor.py:175} INFO - Processing /Users/srivardhan/opt/anaconda3/envs/kafka-pipeline/lib/python3.7/site-packages/airflow/example_dags/example_short_circuit_operator.py took 0.063 seconds
[2023-04-11T23:12:48.568-0400] {processor.py:153} INFO - Started process (PID=42190) to work on /Users/srivardhan/opt/anaconda3/envs/kafka-pipeline/lib/python3.7/site-packages/airflow/example_dags/example_short_circuit_operator.py
[2023-04-11T23:12:48.571-0400] {processor.py:743} INFO - Processing file /Users/srivardhan/opt/anaconda3/envs/kafka-pipeline/lib/python3.7/site-packages/airflow/example_dags/example_short_circuit_operator.py for tasks to queue
[2023-04-11T23:12:48.572-0400] {logging_mixin.py:137} INFO - [2023-04-11T23:12:48.572-0400] {dagbag.py:532} INFO - Filling up the DagBag from /Users/srivardhan/opt/anaconda3/envs/kafka-pipeline/lib/python3.7/site-packages/airflow/example_dags/example_short_circuit_operator.py
[2023-04-11T23:12:48.584-0400] {processor.py:753} INFO - DAG(s) dict_keys(['example_short_circuit_operator']) retrieved from /Users/srivardhan/opt/anaconda3/envs/kafka-pipeline/lib/python3.7/site-packages/airflow/example_dags/example_short_circuit_operator.py
[2023-04-11T23:12:48.604-0400] {logging_mixin.py:137} INFO - [2023-04-11T23:12:48.604-0400] {dag.py:2693} INFO - Sync 1 DAGs
[2023-04-11T23:12:48.617-0400] {logging_mixin.py:137} INFO - [2023-04-11T23:12:48.617-0400] {dag.py:3444} INFO - Setting next_dagrun for example_short_circuit_operator to 2023-04-11T03:12:48.617410+00:00, run_after=2023-04-12T03:12:48.617410+00:00
[2023-04-11T23:12:48.628-0400] {processor.py:175} INFO - Processing /Users/srivardhan/opt/anaconda3/envs/kafka-pipeline/lib/python3.7/site-packages/airflow/example_dags/example_short_circuit_operator.py took 0.065 seconds
[2023-04-11T23:13:28.755-0400] {processor.py:153} INFO - Started process (PID=42273) to work on /Users/srivardhan/opt/anaconda3/envs/kafka-pipeline/lib/python3.7/site-packages/airflow/example_dags/example_short_circuit_operator.py
[2023-04-11T23:13:28.756-0400] {processor.py:743} INFO - Processing file /Users/srivardhan/opt/anaconda3/envs/kafka-pipeline/lib/python3.7/site-packages/airflow/example_dags/example_short_circuit_operator.py for tasks to queue
[2023-04-11T23:13:28.758-0400] {logging_mixin.py:137} INFO - [2023-04-11T23:13:28.757-0400] {dagbag.py:532} INFO - Filling up the DagBag from /Users/srivardhan/opt/anaconda3/envs/kafka-pipeline/lib/python3.7/site-packages/airflow/example_dags/example_short_circuit_operator.py
[2023-04-11T23:13:28.770-0400] {processor.py:753} INFO - DAG(s) dict_keys(['example_short_circuit_operator']) retrieved from /Users/srivardhan/opt/anaconda3/envs/kafka-pipeline/lib/python3.7/site-packages/airflow/example_dags/example_short_circuit_operator.py
[2023-04-11T23:13:28.791-0400] {logging_mixin.py:137} INFO - [2023-04-11T23:13:28.791-0400] {dag.py:2693} INFO - Sync 1 DAGs
[2023-04-11T23:13:28.805-0400] {logging_mixin.py:137} INFO - [2023-04-11T23:13:28.804-0400] {dag.py:3444} INFO - Setting next_dagrun for example_short_circuit_operator to 2023-04-11T03:13:28.804608+00:00, run_after=2023-04-12T03:13:28.804608+00:00
[2023-04-11T23:13:28.816-0400] {processor.py:175} INFO - Processing /Users/srivardhan/opt/anaconda3/envs/kafka-pipeline/lib/python3.7/site-packages/airflow/example_dags/example_short_circuit_operator.py took 0.066 seconds
