[2023-04-11T21:02:45.795-0400] {processor.py:153} INFO - Started process (PID=41105) to work on /Users/srivardhan/opt/anaconda3/envs/kafka-pipeline/lib/python3.7/site-packages/airflow/example_dags/example_bash_operator.py
[2023-04-11T21:02:45.797-0400] {processor.py:743} INFO - Processing file /Users/srivardhan/opt/anaconda3/envs/kafka-pipeline/lib/python3.7/site-packages/airflow/example_dags/example_bash_operator.py for tasks to queue
[2023-04-11T21:02:45.798-0400] {logging_mixin.py:137} INFO - [2023-04-11T21:02:45.797-0400] {dagbag.py:532} INFO - Filling up the DagBag from /Users/srivardhan/opt/anaconda3/envs/kafka-pipeline/lib/python3.7/site-packages/airflow/example_dags/example_bash_operator.py
[2023-04-11T21:02:45.814-0400] {processor.py:753} INFO - DAG(s) dict_keys(['example_bash_operator']) retrieved from /Users/srivardhan/opt/anaconda3/envs/kafka-pipeline/lib/python3.7/site-packages/airflow/example_dags/example_bash_operator.py
[2023-04-11T21:02:45.839-0400] {logging_mixin.py:137} INFO - [2023-04-11T21:02:45.838-0400] {dag.py:2693} INFO - Sync 1 DAGs
[2023-04-11T21:02:45.851-0400] {logging_mixin.py:137} INFO - [2023-04-11T21:02:45.851-0400] {dag.py:3444} INFO - Setting next_dagrun for example_bash_operator to 2023-04-11T00:00:00+00:00, run_after=2023-04-12T00:00:00+00:00
[2023-04-11T21:02:45.863-0400] {processor.py:175} INFO - Processing /Users/srivardhan/opt/anaconda3/envs/kafka-pipeline/lib/python3.7/site-packages/airflow/example_dags/example_bash_operator.py took 0.072 seconds
[2023-04-11T21:52:41.035-0400] {processor.py:153} INFO - Started process (PID=41216) to work on /Users/srivardhan/opt/anaconda3/envs/kafka-pipeline/lib/python3.7/site-packages/airflow/example_dags/example_bash_operator.py
[2023-04-11T21:52:41.037-0400] {processor.py:743} INFO - Processing file /Users/srivardhan/opt/anaconda3/envs/kafka-pipeline/lib/python3.7/site-packages/airflow/example_dags/example_bash_operator.py for tasks to queue
[2023-04-11T21:52:41.038-0400] {logging_mixin.py:137} INFO - [2023-04-11T21:52:41.038-0400] {dagbag.py:532} INFO - Filling up the DagBag from /Users/srivardhan/opt/anaconda3/envs/kafka-pipeline/lib/python3.7/site-packages/airflow/example_dags/example_bash_operator.py
[2023-04-11T21:52:41.056-0400] {processor.py:753} INFO - DAG(s) dict_keys(['example_bash_operator']) retrieved from /Users/srivardhan/opt/anaconda3/envs/kafka-pipeline/lib/python3.7/site-packages/airflow/example_dags/example_bash_operator.py
[2023-04-11T21:52:41.082-0400] {logging_mixin.py:137} INFO - [2023-04-11T21:52:41.081-0400] {dag.py:2693} INFO - Sync 1 DAGs
[2023-04-11T21:52:41.094-0400] {logging_mixin.py:137} INFO - [2023-04-11T21:52:41.094-0400] {dag.py:3444} INFO - Setting next_dagrun for example_bash_operator to 2023-04-11T00:00:00+00:00, run_after=2023-04-12T00:00:00+00:00
[2023-04-11T21:52:41.105-0400] {processor.py:175} INFO - Processing /Users/srivardhan/opt/anaconda3/envs/kafka-pipeline/lib/python3.7/site-packages/airflow/example_dags/example_bash_operator.py took 0.074 seconds
[2023-04-11T22:27:27.158-0400] {processor.py:153} INFO - Started process (PID=41378) to work on /Users/srivardhan/opt/anaconda3/envs/kafka-pipeline/lib/python3.7/site-packages/airflow/example_dags/example_bash_operator.py
[2023-04-11T22:27:27.160-0400] {processor.py:743} INFO - Processing file /Users/srivardhan/opt/anaconda3/envs/kafka-pipeline/lib/python3.7/site-packages/airflow/example_dags/example_bash_operator.py for tasks to queue
[2023-04-11T22:27:27.162-0400] {logging_mixin.py:137} INFO - [2023-04-11T22:27:27.161-0400] {dagbag.py:532} INFO - Filling up the DagBag from /Users/srivardhan/opt/anaconda3/envs/kafka-pipeline/lib/python3.7/site-packages/airflow/example_dags/example_bash_operator.py
[2023-04-11T22:27:27.178-0400] {processor.py:753} INFO - DAG(s) dict_keys(['example_bash_operator']) retrieved from /Users/srivardhan/opt/anaconda3/envs/kafka-pipeline/lib/python3.7/site-packages/airflow/example_dags/example_bash_operator.py
[2023-04-11T22:27:27.202-0400] {logging_mixin.py:137} INFO - [2023-04-11T22:27:27.202-0400] {dag.py:2693} INFO - Sync 1 DAGs
[2023-04-11T22:27:27.214-0400] {logging_mixin.py:137} INFO - [2023-04-11T22:27:27.214-0400] {dag.py:3444} INFO - Setting next_dagrun for example_bash_operator to 2023-04-11T00:00:00+00:00, run_after=2023-04-12T00:00:00+00:00
[2023-04-11T22:27:27.225-0400] {processor.py:175} INFO - Processing /Users/srivardhan/opt/anaconda3/envs/kafka-pipeline/lib/python3.7/site-packages/airflow/example_dags/example_bash_operator.py took 0.072 seconds
[2023-04-11T23:09:40.233-0400] {processor.py:153} INFO - Started process (PID=41597) to work on /Users/srivardhan/opt/anaconda3/envs/kafka-pipeline/lib/python3.7/site-packages/airflow/example_dags/example_bash_operator.py
[2023-04-11T23:09:40.234-0400] {processor.py:743} INFO - Processing file /Users/srivardhan/opt/anaconda3/envs/kafka-pipeline/lib/python3.7/site-packages/airflow/example_dags/example_bash_operator.py for tasks to queue
[2023-04-11T23:09:40.236-0400] {logging_mixin.py:137} INFO - [2023-04-11T23:09:40.235-0400] {dagbag.py:532} INFO - Filling up the DagBag from /Users/srivardhan/opt/anaconda3/envs/kafka-pipeline/lib/python3.7/site-packages/airflow/example_dags/example_bash_operator.py
[2023-04-11T23:09:40.250-0400] {processor.py:753} INFO - DAG(s) dict_keys(['example_bash_operator']) retrieved from /Users/srivardhan/opt/anaconda3/envs/kafka-pipeline/lib/python3.7/site-packages/airflow/example_dags/example_bash_operator.py
[2023-04-11T23:09:40.291-0400] {logging_mixin.py:137} INFO - [2023-04-11T23:09:40.290-0400] {dag.py:2693} INFO - Sync 1 DAGs
[2023-04-11T23:09:40.311-0400] {logging_mixin.py:137} INFO - [2023-04-11T23:09:40.311-0400] {dag.py:3444} INFO - Setting next_dagrun for example_bash_operator to 2023-04-11T00:00:00+00:00, run_after=2023-04-12T00:00:00+00:00
[2023-04-11T23:09:40.328-0400] {processor.py:175} INFO - Processing /Users/srivardhan/opt/anaconda3/envs/kafka-pipeline/lib/python3.7/site-packages/airflow/example_dags/example_bash_operator.py took 0.098 seconds
[2023-04-11T23:10:36.537-0400] {processor.py:153} INFO - Started process (PID=41762) to work on /Users/srivardhan/opt/anaconda3/envs/kafka-pipeline/lib/python3.7/site-packages/airflow/example_dags/example_bash_operator.py
[2023-04-11T23:10:36.539-0400] {processor.py:743} INFO - Processing file /Users/srivardhan/opt/anaconda3/envs/kafka-pipeline/lib/python3.7/site-packages/airflow/example_dags/example_bash_operator.py for tasks to queue
[2023-04-11T23:10:36.540-0400] {logging_mixin.py:137} INFO - [2023-04-11T23:10:36.540-0400] {dagbag.py:532} INFO - Filling up the DagBag from /Users/srivardhan/opt/anaconda3/envs/kafka-pipeline/lib/python3.7/site-packages/airflow/example_dags/example_bash_operator.py
[2023-04-11T23:10:36.561-0400] {processor.py:753} INFO - DAG(s) dict_keys(['example_bash_operator']) retrieved from /Users/srivardhan/opt/anaconda3/envs/kafka-pipeline/lib/python3.7/site-packages/airflow/example_dags/example_bash_operator.py
[2023-04-11T23:10:36.591-0400] {logging_mixin.py:137} INFO - [2023-04-11T23:10:36.591-0400] {dag.py:2693} INFO - Sync 1 DAGs
[2023-04-11T23:10:36.604-0400] {logging_mixin.py:137} INFO - [2023-04-11T23:10:36.603-0400] {dag.py:3444} INFO - Setting next_dagrun for example_bash_operator to 2023-04-11T00:00:00+00:00, run_after=2023-04-12T00:00:00+00:00
[2023-04-11T23:10:36.614-0400] {processor.py:175} INFO - Processing /Users/srivardhan/opt/anaconda3/envs/kafka-pipeline/lib/python3.7/site-packages/airflow/example_dags/example_bash_operator.py took 0.082 seconds
[2023-04-11T23:11:31.011-0400] {processor.py:153} INFO - Started process (PID=41895) to work on /Users/srivardhan/opt/anaconda3/envs/kafka-pipeline/lib/python3.7/site-packages/airflow/example_dags/example_bash_operator.py
[2023-04-11T23:11:31.012-0400] {processor.py:743} INFO - Processing file /Users/srivardhan/opt/anaconda3/envs/kafka-pipeline/lib/python3.7/site-packages/airflow/example_dags/example_bash_operator.py for tasks to queue
[2023-04-11T23:11:31.014-0400] {logging_mixin.py:137} INFO - [2023-04-11T23:11:31.013-0400] {dagbag.py:532} INFO - Filling up the DagBag from /Users/srivardhan/opt/anaconda3/envs/kafka-pipeline/lib/python3.7/site-packages/airflow/example_dags/example_bash_operator.py
[2023-04-11T23:11:31.029-0400] {processor.py:753} INFO - DAG(s) dict_keys(['example_bash_operator']) retrieved from /Users/srivardhan/opt/anaconda3/envs/kafka-pipeline/lib/python3.7/site-packages/airflow/example_dags/example_bash_operator.py
[2023-04-11T23:11:31.055-0400] {logging_mixin.py:137} INFO - [2023-04-11T23:11:31.054-0400] {dag.py:2693} INFO - Sync 1 DAGs
[2023-04-11T23:11:31.067-0400] {logging_mixin.py:137} INFO - [2023-04-11T23:11:31.067-0400] {dag.py:3444} INFO - Setting next_dagrun for example_bash_operator to 2023-04-11T00:00:00+00:00, run_after=2023-04-12T00:00:00+00:00
[2023-04-11T23:11:31.078-0400] {processor.py:175} INFO - Processing /Users/srivardhan/opt/anaconda3/envs/kafka-pipeline/lib/python3.7/site-packages/airflow/example_dags/example_bash_operator.py took 0.072 seconds
[2023-04-11T23:12:22.804-0400] {processor.py:153} INFO - Started process (PID=42012) to work on /Users/srivardhan/opt/anaconda3/envs/kafka-pipeline/lib/python3.7/site-packages/airflow/example_dags/example_bash_operator.py
[2023-04-11T23:12:22.806-0400] {processor.py:743} INFO - Processing file /Users/srivardhan/opt/anaconda3/envs/kafka-pipeline/lib/python3.7/site-packages/airflow/example_dags/example_bash_operator.py for tasks to queue
[2023-04-11T23:12:22.807-0400] {logging_mixin.py:137} INFO - [2023-04-11T23:12:22.806-0400] {dagbag.py:532} INFO - Filling up the DagBag from /Users/srivardhan/opt/anaconda3/envs/kafka-pipeline/lib/python3.7/site-packages/airflow/example_dags/example_bash_operator.py
[2023-04-11T23:12:22.823-0400] {processor.py:753} INFO - DAG(s) dict_keys(['example_bash_operator']) retrieved from /Users/srivardhan/opt/anaconda3/envs/kafka-pipeline/lib/python3.7/site-packages/airflow/example_dags/example_bash_operator.py
[2023-04-11T23:12:22.848-0400] {logging_mixin.py:137} INFO - [2023-04-11T23:12:22.848-0400] {dag.py:2693} INFO - Sync 1 DAGs
[2023-04-11T23:12:22.860-0400] {logging_mixin.py:137} INFO - [2023-04-11T23:12:22.860-0400] {dag.py:3444} INFO - Setting next_dagrun for example_bash_operator to 2023-04-11T00:00:00+00:00, run_after=2023-04-12T00:00:00+00:00
[2023-04-11T23:12:22.872-0400] {processor.py:175} INFO - Processing /Users/srivardhan/opt/anaconda3/envs/kafka-pipeline/lib/python3.7/site-packages/airflow/example_dags/example_bash_operator.py took 0.072 seconds
[2023-04-11T23:13:12.407-0400] {processor.py:153} INFO - Started process (PID=42240) to work on /Users/srivardhan/opt/anaconda3/envs/kafka-pipeline/lib/python3.7/site-packages/airflow/example_dags/example_bash_operator.py
[2023-04-11T23:13:12.409-0400] {processor.py:743} INFO - Processing file /Users/srivardhan/opt/anaconda3/envs/kafka-pipeline/lib/python3.7/site-packages/airflow/example_dags/example_bash_operator.py for tasks to queue
[2023-04-11T23:13:12.411-0400] {logging_mixin.py:137} INFO - [2023-04-11T23:13:12.410-0400] {dagbag.py:532} INFO - Filling up the DagBag from /Users/srivardhan/opt/anaconda3/envs/kafka-pipeline/lib/python3.7/site-packages/airflow/example_dags/example_bash_operator.py
[2023-04-11T23:13:12.427-0400] {processor.py:753} INFO - DAG(s) dict_keys(['example_bash_operator']) retrieved from /Users/srivardhan/opt/anaconda3/envs/kafka-pipeline/lib/python3.7/site-packages/airflow/example_dags/example_bash_operator.py
[2023-04-11T23:13:12.452-0400] {logging_mixin.py:137} INFO - [2023-04-11T23:13:12.452-0400] {dag.py:2693} INFO - Sync 1 DAGs
[2023-04-11T23:13:12.466-0400] {logging_mixin.py:137} INFO - [2023-04-11T23:13:12.466-0400] {dag.py:3444} INFO - Setting next_dagrun for example_bash_operator to 2023-04-11T00:00:00+00:00, run_after=2023-04-12T00:00:00+00:00
[2023-04-11T23:13:12.477-0400] {processor.py:175} INFO - Processing /Users/srivardhan/opt/anaconda3/envs/kafka-pipeline/lib/python3.7/site-packages/airflow/example_dags/example_bash_operator.py took 0.074 seconds
