[2023-04-11T20:29:37.931-0400] {processor.py:153} INFO - Started process (PID=41069) to work on /Users/srivardhan/opt/anaconda3/envs/kafka-pipeline/lib/python3.7/site-packages/airflow/example_dags/example_sensors.py
[2023-04-11T20:29:37.932-0400] {processor.py:743} INFO - Processing file /Users/srivardhan/opt/anaconda3/envs/kafka-pipeline/lib/python3.7/site-packages/airflow/example_dags/example_sensors.py for tasks to queue
[2023-04-11T20:29:37.933-0400] {logging_mixin.py:137} INFO - [2023-04-11T20:29:37.932-0400] {dagbag.py:532} INFO - Filling up the DagBag from /Users/srivardhan/opt/anaconda3/envs/kafka-pipeline/lib/python3.7/site-packages/airflow/example_dags/example_sensors.py
[2023-04-11T20:29:37.942-0400] {processor.py:753} INFO - DAG(s) dict_keys(['example_sensors']) retrieved from /Users/srivardhan/opt/anaconda3/envs/kafka-pipeline/lib/python3.7/site-packages/airflow/example_dags/example_sensors.py
[2023-04-11T20:29:37.957-0400] {logging_mixin.py:137} INFO - [2023-04-11T20:29:37.957-0400] {dag.py:2693} INFO - Sync 1 DAGs
[2023-04-11T20:29:37.968-0400] {logging_mixin.py:137} INFO - [2023-04-11T20:29:37.968-0400] {dag.py:3444} INFO - Setting next_dagrun for example_sensors to None, run_after=None
[2023-04-11T20:29:37.979-0400] {processor.py:175} INFO - Processing /Users/srivardhan/opt/anaconda3/envs/kafka-pipeline/lib/python3.7/site-packages/airflow/example_dags/example_sensors.py took 0.050 seconds
[2023-04-11T21:47:03.896-0400] {processor.py:153} INFO - Started process (PID=41163) to work on /Users/srivardhan/opt/anaconda3/envs/kafka-pipeline/lib/python3.7/site-packages/airflow/example_dags/example_sensors.py
[2023-04-11T21:47:03.898-0400] {processor.py:743} INFO - Processing file /Users/srivardhan/opt/anaconda3/envs/kafka-pipeline/lib/python3.7/site-packages/airflow/example_dags/example_sensors.py for tasks to queue
[2023-04-11T21:47:03.899-0400] {logging_mixin.py:137} INFO - [2023-04-11T21:47:03.899-0400] {dagbag.py:532} INFO - Filling up the DagBag from /Users/srivardhan/opt/anaconda3/envs/kafka-pipeline/lib/python3.7/site-packages/airflow/example_dags/example_sensors.py
[2023-04-11T21:47:03.915-0400] {processor.py:753} INFO - DAG(s) dict_keys(['example_sensors']) retrieved from /Users/srivardhan/opt/anaconda3/envs/kafka-pipeline/lib/python3.7/site-packages/airflow/example_dags/example_sensors.py
[2023-04-11T21:47:03.934-0400] {logging_mixin.py:137} INFO - [2023-04-11T21:47:03.933-0400] {dag.py:2693} INFO - Sync 1 DAGs
[2023-04-11T21:47:03.946-0400] {logging_mixin.py:137} INFO - [2023-04-11T21:47:03.945-0400] {dag.py:3444} INFO - Setting next_dagrun for example_sensors to None, run_after=None
[2023-04-11T21:47:03.957-0400] {processor.py:175} INFO - Processing /Users/srivardhan/opt/anaconda3/envs/kafka-pipeline/lib/python3.7/site-packages/airflow/example_dags/example_sensors.py took 0.065 seconds
[2023-04-11T22:00:39.744-0400] {processor.py:153} INFO - Started process (PID=41268) to work on /Users/srivardhan/opt/anaconda3/envs/kafka-pipeline/lib/python3.7/site-packages/airflow/example_dags/example_sensors.py
[2023-04-11T22:00:39.746-0400] {processor.py:743} INFO - Processing file /Users/srivardhan/opt/anaconda3/envs/kafka-pipeline/lib/python3.7/site-packages/airflow/example_dags/example_sensors.py for tasks to queue
[2023-04-11T22:00:39.748-0400] {logging_mixin.py:137} INFO - [2023-04-11T22:00:39.747-0400] {dagbag.py:532} INFO - Filling up the DagBag from /Users/srivardhan/opt/anaconda3/envs/kafka-pipeline/lib/python3.7/site-packages/airflow/example_dags/example_sensors.py
[2023-04-11T22:00:39.766-0400] {processor.py:753} INFO - DAG(s) dict_keys(['example_sensors']) retrieved from /Users/srivardhan/opt/anaconda3/envs/kafka-pipeline/lib/python3.7/site-packages/airflow/example_dags/example_sensors.py
[2023-04-11T22:00:39.786-0400] {logging_mixin.py:137} INFO - [2023-04-11T22:00:39.785-0400] {dag.py:2693} INFO - Sync 1 DAGs
[2023-04-11T22:00:39.797-0400] {logging_mixin.py:137} INFO - [2023-04-11T22:00:39.797-0400] {dag.py:3444} INFO - Setting next_dagrun for example_sensors to None, run_after=None
[2023-04-11T22:00:39.808-0400] {processor.py:175} INFO - Processing /Users/srivardhan/opt/anaconda3/envs/kafka-pipeline/lib/python3.7/site-packages/airflow/example_dags/example_sensors.py took 0.068 seconds
[2023-04-11T22:26:05.145-0400] {processor.py:153} INFO - Started process (PID=41338) to work on /Users/srivardhan/opt/anaconda3/envs/kafka-pipeline/lib/python3.7/site-packages/airflow/example_dags/example_sensors.py
[2023-04-11T22:26:05.146-0400] {processor.py:743} INFO - Processing file /Users/srivardhan/opt/anaconda3/envs/kafka-pipeline/lib/python3.7/site-packages/airflow/example_dags/example_sensors.py for tasks to queue
[2023-04-11T22:26:05.148-0400] {logging_mixin.py:137} INFO - [2023-04-11T22:26:05.147-0400] {dagbag.py:532} INFO - Filling up the DagBag from /Users/srivardhan/opt/anaconda3/envs/kafka-pipeline/lib/python3.7/site-packages/airflow/example_dags/example_sensors.py
[2023-04-11T22:26:05.232-0400] {processor.py:753} INFO - DAG(s) dict_keys(['example_sensors']) retrieved from /Users/srivardhan/opt/anaconda3/envs/kafka-pipeline/lib/python3.7/site-packages/airflow/example_dags/example_sensors.py
[2023-04-11T22:26:05.248-0400] {logging_mixin.py:137} INFO - [2023-04-11T22:26:05.247-0400] {dag.py:2693} INFO - Sync 1 DAGs
[2023-04-11T22:26:05.259-0400] {logging_mixin.py:137} INFO - [2023-04-11T22:26:05.259-0400] {dag.py:3444} INFO - Setting next_dagrun for example_sensors to None, run_after=None
[2023-04-11T22:26:05.270-0400] {processor.py:175} INFO - Processing /Users/srivardhan/opt/anaconda3/envs/kafka-pipeline/lib/python3.7/site-packages/airflow/example_dags/example_sensors.py took 0.129 seconds
[2023-04-11T22:34:50.517-0400] {processor.py:153} INFO - Started process (PID=41470) to work on /Users/srivardhan/opt/anaconda3/envs/kafka-pipeline/lib/python3.7/site-packages/airflow/example_dags/example_sensors.py
[2023-04-11T22:34:50.519-0400] {processor.py:743} INFO - Processing file /Users/srivardhan/opt/anaconda3/envs/kafka-pipeline/lib/python3.7/site-packages/airflow/example_dags/example_sensors.py for tasks to queue
[2023-04-11T22:34:50.520-0400] {logging_mixin.py:137} INFO - [2023-04-11T22:34:50.520-0400] {dagbag.py:532} INFO - Filling up the DagBag from /Users/srivardhan/opt/anaconda3/envs/kafka-pipeline/lib/python3.7/site-packages/airflow/example_dags/example_sensors.py
[2023-04-11T22:34:50.538-0400] {processor.py:753} INFO - DAG(s) dict_keys(['example_sensors']) retrieved from /Users/srivardhan/opt/anaconda3/envs/kafka-pipeline/lib/python3.7/site-packages/airflow/example_dags/example_sensors.py
[2023-04-11T22:34:50.557-0400] {logging_mixin.py:137} INFO - [2023-04-11T22:34:50.556-0400] {dag.py:2693} INFO - Sync 1 DAGs
[2023-04-11T22:34:50.568-0400] {logging_mixin.py:137} INFO - [2023-04-11T22:34:50.568-0400] {dag.py:3444} INFO - Setting next_dagrun for example_sensors to None, run_after=None
[2023-04-11T22:34:50.580-0400] {processor.py:175} INFO - Processing /Users/srivardhan/opt/anaconda3/envs/kafka-pipeline/lib/python3.7/site-packages/airflow/example_dags/example_sensors.py took 0.067 seconds
[2023-04-11T23:10:01.591-0400] {processor.py:153} INFO - Started process (PID=41667) to work on /Users/srivardhan/opt/anaconda3/envs/kafka-pipeline/lib/python3.7/site-packages/airflow/example_dags/example_sensors.py
[2023-04-11T23:10:01.592-0400] {processor.py:743} INFO - Processing file /Users/srivardhan/opt/anaconda3/envs/kafka-pipeline/lib/python3.7/site-packages/airflow/example_dags/example_sensors.py for tasks to queue
[2023-04-11T23:10:01.593-0400] {logging_mixin.py:137} INFO - [2023-04-11T23:10:01.592-0400] {dagbag.py:532} INFO - Filling up the DagBag from /Users/srivardhan/opt/anaconda3/envs/kafka-pipeline/lib/python3.7/site-packages/airflow/example_dags/example_sensors.py
[2023-04-11T23:10:01.604-0400] {processor.py:753} INFO - DAG(s) dict_keys(['example_sensors']) retrieved from /Users/srivardhan/opt/anaconda3/envs/kafka-pipeline/lib/python3.7/site-packages/airflow/example_dags/example_sensors.py
[2023-04-11T23:10:01.620-0400] {logging_mixin.py:137} INFO - [2023-04-11T23:10:01.620-0400] {dag.py:2693} INFO - Sync 1 DAGs
[2023-04-11T23:10:01.632-0400] {logging_mixin.py:137} INFO - [2023-04-11T23:10:01.632-0400] {dag.py:3444} INFO - Setting next_dagrun for example_sensors to None, run_after=None
[2023-04-11T23:10:01.643-0400] {processor.py:175} INFO - Processing /Users/srivardhan/opt/anaconda3/envs/kafka-pipeline/lib/python3.7/site-packages/airflow/example_dags/example_sensors.py took 0.054 seconds
[2023-04-11T23:10:45.611-0400] {processor.py:153} INFO - Started process (PID=41793) to work on /Users/srivardhan/opt/anaconda3/envs/kafka-pipeline/lib/python3.7/site-packages/airflow/example_dags/example_sensors.py
[2023-04-11T23:10:45.614-0400] {processor.py:743} INFO - Processing file /Users/srivardhan/opt/anaconda3/envs/kafka-pipeline/lib/python3.7/site-packages/airflow/example_dags/example_sensors.py for tasks to queue
[2023-04-11T23:10:45.615-0400] {logging_mixin.py:137} INFO - [2023-04-11T23:10:45.615-0400] {dagbag.py:532} INFO - Filling up the DagBag from /Users/srivardhan/opt/anaconda3/envs/kafka-pipeline/lib/python3.7/site-packages/airflow/example_dags/example_sensors.py
[2023-04-11T23:10:45.633-0400] {processor.py:753} INFO - DAG(s) dict_keys(['example_sensors']) retrieved from /Users/srivardhan/opt/anaconda3/envs/kafka-pipeline/lib/python3.7/site-packages/airflow/example_dags/example_sensors.py
[2023-04-11T23:10:45.651-0400] {logging_mixin.py:137} INFO - [2023-04-11T23:10:45.651-0400] {dag.py:2693} INFO - Sync 1 DAGs
[2023-04-11T23:10:45.663-0400] {logging_mixin.py:137} INFO - [2023-04-11T23:10:45.663-0400] {dag.py:3444} INFO - Setting next_dagrun for example_sensors to None, run_after=None
[2023-04-11T23:10:45.674-0400] {processor.py:175} INFO - Processing /Users/srivardhan/opt/anaconda3/envs/kafka-pipeline/lib/python3.7/site-packages/airflow/example_dags/example_sensors.py took 0.067 seconds
[2023-04-11T23:11:27.449-0400] {processor.py:153} INFO - Started process (PID=41887) to work on /Users/srivardhan/opt/anaconda3/envs/kafka-pipeline/lib/python3.7/site-packages/airflow/example_dags/example_sensors.py
[2023-04-11T23:11:27.450-0400] {processor.py:743} INFO - Processing file /Users/srivardhan/opt/anaconda3/envs/kafka-pipeline/lib/python3.7/site-packages/airflow/example_dags/example_sensors.py for tasks to queue
[2023-04-11T23:11:27.452-0400] {logging_mixin.py:137} INFO - [2023-04-11T23:11:27.451-0400] {dagbag.py:532} INFO - Filling up the DagBag from /Users/srivardhan/opt/anaconda3/envs/kafka-pipeline/lib/python3.7/site-packages/airflow/example_dags/example_sensors.py
[2023-04-11T23:11:27.467-0400] {processor.py:753} INFO - DAG(s) dict_keys(['example_sensors']) retrieved from /Users/srivardhan/opt/anaconda3/envs/kafka-pipeline/lib/python3.7/site-packages/airflow/example_dags/example_sensors.py
[2023-04-11T23:11:27.492-0400] {logging_mixin.py:137} INFO - [2023-04-11T23:11:27.491-0400] {dag.py:2693} INFO - Sync 1 DAGs
[2023-04-11T23:11:27.506-0400] {logging_mixin.py:137} INFO - [2023-04-11T23:11:27.506-0400] {dag.py:3444} INFO - Setting next_dagrun for example_sensors to None, run_after=None
[2023-04-11T23:11:27.518-0400] {processor.py:175} INFO - Processing /Users/srivardhan/opt/anaconda3/envs/kafka-pipeline/lib/python3.7/site-packages/airflow/example_dags/example_sensors.py took 0.072 seconds
[2023-04-11T23:12:08.328-0400] {processor.py:153} INFO - Started process (PID=41982) to work on /Users/srivardhan/opt/anaconda3/envs/kafka-pipeline/lib/python3.7/site-packages/airflow/example_dags/example_sensors.py
[2023-04-11T23:12:08.329-0400] {processor.py:743} INFO - Processing file /Users/srivardhan/opt/anaconda3/envs/kafka-pipeline/lib/python3.7/site-packages/airflow/example_dags/example_sensors.py for tasks to queue
[2023-04-11T23:12:08.330-0400] {logging_mixin.py:137} INFO - [2023-04-11T23:12:08.330-0400] {dagbag.py:532} INFO - Filling up the DagBag from /Users/srivardhan/opt/anaconda3/envs/kafka-pipeline/lib/python3.7/site-packages/airflow/example_dags/example_sensors.py
[2023-04-11T23:12:08.346-0400] {processor.py:753} INFO - DAG(s) dict_keys(['example_sensors']) retrieved from /Users/srivardhan/opt/anaconda3/envs/kafka-pipeline/lib/python3.7/site-packages/airflow/example_dags/example_sensors.py
[2023-04-11T23:12:08.371-0400] {logging_mixin.py:137} INFO - [2023-04-11T23:12:08.370-0400] {dag.py:2693} INFO - Sync 1 DAGs
[2023-04-11T23:12:08.385-0400] {logging_mixin.py:137} INFO - [2023-04-11T23:12:08.384-0400] {dag.py:3444} INFO - Setting next_dagrun for example_sensors to None, run_after=None
[2023-04-11T23:12:08.397-0400] {processor.py:175} INFO - Processing /Users/srivardhan/opt/anaconda3/envs/kafka-pipeline/lib/python3.7/site-packages/airflow/example_dags/example_sensors.py took 0.073 seconds
[2023-04-11T23:12:50.320-0400] {processor.py:153} INFO - Started process (PID=42194) to work on /Users/srivardhan/opt/anaconda3/envs/kafka-pipeline/lib/python3.7/site-packages/airflow/example_dags/example_sensors.py
[2023-04-11T23:12:50.322-0400] {processor.py:743} INFO - Processing file /Users/srivardhan/opt/anaconda3/envs/kafka-pipeline/lib/python3.7/site-packages/airflow/example_dags/example_sensors.py for tasks to queue
[2023-04-11T23:12:50.324-0400] {logging_mixin.py:137} INFO - [2023-04-11T23:12:50.323-0400] {dagbag.py:532} INFO - Filling up the DagBag from /Users/srivardhan/opt/anaconda3/envs/kafka-pipeline/lib/python3.7/site-packages/airflow/example_dags/example_sensors.py
[2023-04-11T23:12:50.342-0400] {processor.py:753} INFO - DAG(s) dict_keys(['example_sensors']) retrieved from /Users/srivardhan/opt/anaconda3/envs/kafka-pipeline/lib/python3.7/site-packages/airflow/example_dags/example_sensors.py
[2023-04-11T23:12:50.362-0400] {logging_mixin.py:137} INFO - [2023-04-11T23:12:50.361-0400] {dag.py:2693} INFO - Sync 1 DAGs
[2023-04-11T23:12:50.374-0400] {logging_mixin.py:137} INFO - [2023-04-11T23:12:50.374-0400] {dag.py:3444} INFO - Setting next_dagrun for example_sensors to None, run_after=None
[2023-04-11T23:12:50.385-0400] {processor.py:175} INFO - Processing /Users/srivardhan/opt/anaconda3/envs/kafka-pipeline/lib/python3.7/site-packages/airflow/example_dags/example_sensors.py took 0.069 seconds
[2023-04-11T23:13:30.902-0400] {processor.py:153} INFO - Started process (PID=42277) to work on /Users/srivardhan/opt/anaconda3/envs/kafka-pipeline/lib/python3.7/site-packages/airflow/example_dags/example_sensors.py
[2023-04-11T23:13:30.903-0400] {processor.py:743} INFO - Processing file /Users/srivardhan/opt/anaconda3/envs/kafka-pipeline/lib/python3.7/site-packages/airflow/example_dags/example_sensors.py for tasks to queue
[2023-04-11T23:13:30.905-0400] {logging_mixin.py:137} INFO - [2023-04-11T23:13:30.904-0400] {dagbag.py:532} INFO - Filling up the DagBag from /Users/srivardhan/opt/anaconda3/envs/kafka-pipeline/lib/python3.7/site-packages/airflow/example_dags/example_sensors.py
[2023-04-11T23:13:30.922-0400] {processor.py:753} INFO - DAG(s) dict_keys(['example_sensors']) retrieved from /Users/srivardhan/opt/anaconda3/envs/kafka-pipeline/lib/python3.7/site-packages/airflow/example_dags/example_sensors.py
[2023-04-11T23:13:30.941-0400] {logging_mixin.py:137} INFO - [2023-04-11T23:13:30.941-0400] {dag.py:2693} INFO - Sync 1 DAGs
[2023-04-11T23:13:30.953-0400] {logging_mixin.py:137} INFO - [2023-04-11T23:13:30.952-0400] {dag.py:3444} INFO - Setting next_dagrun for example_sensors to None, run_after=None
[2023-04-11T23:13:30.963-0400] {processor.py:175} INFO - Processing /Users/srivardhan/opt/anaconda3/envs/kafka-pipeline/lib/python3.7/site-packages/airflow/example_dags/example_sensors.py took 0.066 seconds
