[2023-04-11T20:29:39.116-0400] {processor.py:153} INFO - Started process (PID=41072) to work on /Users/srivardhan/opt/anaconda3/envs/kafka-pipeline/lib/python3.7/site-packages/airflow/example_dags/example_sensor_decorator.py
[2023-04-11T20:29:39.118-0400] {processor.py:743} INFO - Processing file /Users/srivardhan/opt/anaconda3/envs/kafka-pipeline/lib/python3.7/site-packages/airflow/example_dags/example_sensor_decorator.py for tasks to queue
[2023-04-11T20:29:39.119-0400] {logging_mixin.py:137} INFO - [2023-04-11T20:29:39.119-0400] {dagbag.py:532} INFO - Filling up the DagBag from /Users/srivardhan/opt/anaconda3/envs/kafka-pipeline/lib/python3.7/site-packages/airflow/example_dags/example_sensor_decorator.py
[2023-04-11T20:29:39.139-0400] {processor.py:753} INFO - DAG(s) dict_keys(['example_sensor_decorator']) retrieved from /Users/srivardhan/opt/anaconda3/envs/kafka-pipeline/lib/python3.7/site-packages/airflow/example_dags/example_sensor_decorator.py
[2023-04-11T20:29:39.156-0400] {logging_mixin.py:137} INFO - [2023-04-11T20:29:39.155-0400] {dag.py:2693} INFO - Sync 1 DAGs
[2023-04-11T20:29:39.168-0400] {logging_mixin.py:137} INFO - [2023-04-11T20:29:39.168-0400] {dag.py:3444} INFO - Setting next_dagrun for example_sensor_decorator to None, run_after=None
[2023-04-11T20:29:39.179-0400] {processor.py:175} INFO - Processing /Users/srivardhan/opt/anaconda3/envs/kafka-pipeline/lib/python3.7/site-packages/airflow/example_dags/example_sensor_decorator.py took 0.068 seconds
[2023-04-11T21:47:05.072-0400] {processor.py:153} INFO - Started process (PID=41165) to work on /Users/srivardhan/opt/anaconda3/envs/kafka-pipeline/lib/python3.7/site-packages/airflow/example_dags/example_sensor_decorator.py
[2023-04-11T21:47:05.074-0400] {processor.py:743} INFO - Processing file /Users/srivardhan/opt/anaconda3/envs/kafka-pipeline/lib/python3.7/site-packages/airflow/example_dags/example_sensor_decorator.py for tasks to queue
[2023-04-11T21:47:05.075-0400] {logging_mixin.py:137} INFO - [2023-04-11T21:47:05.075-0400] {dagbag.py:532} INFO - Filling up the DagBag from /Users/srivardhan/opt/anaconda3/envs/kafka-pipeline/lib/python3.7/site-packages/airflow/example_dags/example_sensor_decorator.py
[2023-04-11T21:47:05.093-0400] {processor.py:753} INFO - DAG(s) dict_keys(['example_sensor_decorator']) retrieved from /Users/srivardhan/opt/anaconda3/envs/kafka-pipeline/lib/python3.7/site-packages/airflow/example_dags/example_sensor_decorator.py
[2023-04-11T21:47:05.109-0400] {logging_mixin.py:137} INFO - [2023-04-11T21:47:05.109-0400] {dag.py:2693} INFO - Sync 1 DAGs
[2023-04-11T21:47:05.122-0400] {logging_mixin.py:137} INFO - [2023-04-11T21:47:05.122-0400] {dag.py:3444} INFO - Setting next_dagrun for example_sensor_decorator to None, run_after=None
[2023-04-11T21:47:05.132-0400] {processor.py:175} INFO - Processing /Users/srivardhan/opt/anaconda3/envs/kafka-pipeline/lib/python3.7/site-packages/airflow/example_dags/example_sensor_decorator.py took 0.064 seconds
[2023-04-11T22:00:40.916-0400] {processor.py:153} INFO - Started process (PID=41270) to work on /Users/srivardhan/opt/anaconda3/envs/kafka-pipeline/lib/python3.7/site-packages/airflow/example_dags/example_sensor_decorator.py
[2023-04-11T22:00:40.919-0400] {processor.py:743} INFO - Processing file /Users/srivardhan/opt/anaconda3/envs/kafka-pipeline/lib/python3.7/site-packages/airflow/example_dags/example_sensor_decorator.py for tasks to queue
[2023-04-11T22:00:40.920-0400] {logging_mixin.py:137} INFO - [2023-04-11T22:00:40.920-0400] {dagbag.py:532} INFO - Filling up the DagBag from /Users/srivardhan/opt/anaconda3/envs/kafka-pipeline/lib/python3.7/site-packages/airflow/example_dags/example_sensor_decorator.py
[2023-04-11T22:00:40.938-0400] {processor.py:753} INFO - DAG(s) dict_keys(['example_sensor_decorator']) retrieved from /Users/srivardhan/opt/anaconda3/envs/kafka-pipeline/lib/python3.7/site-packages/airflow/example_dags/example_sensor_decorator.py
[2023-04-11T22:00:40.955-0400] {logging_mixin.py:137} INFO - [2023-04-11T22:00:40.955-0400] {dag.py:2693} INFO - Sync 1 DAGs
[2023-04-11T22:00:40.967-0400] {logging_mixin.py:137} INFO - [2023-04-11T22:00:40.967-0400] {dag.py:3444} INFO - Setting next_dagrun for example_sensor_decorator to None, run_after=None
[2023-04-11T22:00:40.977-0400] {processor.py:175} INFO - Processing /Users/srivardhan/opt/anaconda3/envs/kafka-pipeline/lib/python3.7/site-packages/airflow/example_dags/example_sensor_decorator.py took 0.066 seconds
[2023-04-11T22:26:06.430-0400] {processor.py:153} INFO - Started process (PID=41341) to work on /Users/srivardhan/opt/anaconda3/envs/kafka-pipeline/lib/python3.7/site-packages/airflow/example_dags/example_sensor_decorator.py
[2023-04-11T22:26:06.431-0400] {processor.py:743} INFO - Processing file /Users/srivardhan/opt/anaconda3/envs/kafka-pipeline/lib/python3.7/site-packages/airflow/example_dags/example_sensor_decorator.py for tasks to queue
[2023-04-11T22:26:06.433-0400] {logging_mixin.py:137} INFO - [2023-04-11T22:26:06.433-0400] {dagbag.py:532} INFO - Filling up the DagBag from /Users/srivardhan/opt/anaconda3/envs/kafka-pipeline/lib/python3.7/site-packages/airflow/example_dags/example_sensor_decorator.py
[2023-04-11T22:26:06.453-0400] {processor.py:753} INFO - DAG(s) dict_keys(['example_sensor_decorator']) retrieved from /Users/srivardhan/opt/anaconda3/envs/kafka-pipeline/lib/python3.7/site-packages/airflow/example_dags/example_sensor_decorator.py
[2023-04-11T22:26:06.470-0400] {logging_mixin.py:137} INFO - [2023-04-11T22:26:06.470-0400] {dag.py:2693} INFO - Sync 1 DAGs
[2023-04-11T22:26:06.482-0400] {logging_mixin.py:137} INFO - [2023-04-11T22:26:06.482-0400] {dag.py:3444} INFO - Setting next_dagrun for example_sensor_decorator to None, run_after=None
[2023-04-11T22:26:06.493-0400] {processor.py:175} INFO - Processing /Users/srivardhan/opt/anaconda3/envs/kafka-pipeline/lib/python3.7/site-packages/airflow/example_dags/example_sensor_decorator.py took 0.069 seconds
[2023-04-11T22:34:51.690-0400] {processor.py:153} INFO - Started process (PID=41473) to work on /Users/srivardhan/opt/anaconda3/envs/kafka-pipeline/lib/python3.7/site-packages/airflow/example_dags/example_sensor_decorator.py
[2023-04-11T22:34:51.692-0400] {processor.py:743} INFO - Processing file /Users/srivardhan/opt/anaconda3/envs/kafka-pipeline/lib/python3.7/site-packages/airflow/example_dags/example_sensor_decorator.py for tasks to queue
[2023-04-11T22:34:51.693-0400] {logging_mixin.py:137} INFO - [2023-04-11T22:34:51.693-0400] {dagbag.py:532} INFO - Filling up the DagBag from /Users/srivardhan/opt/anaconda3/envs/kafka-pipeline/lib/python3.7/site-packages/airflow/example_dags/example_sensor_decorator.py
[2023-04-11T22:34:51.710-0400] {processor.py:753} INFO - DAG(s) dict_keys(['example_sensor_decorator']) retrieved from /Users/srivardhan/opt/anaconda3/envs/kafka-pipeline/lib/python3.7/site-packages/airflow/example_dags/example_sensor_decorator.py
[2023-04-11T22:34:51.726-0400] {logging_mixin.py:137} INFO - [2023-04-11T22:34:51.725-0400] {dag.py:2693} INFO - Sync 1 DAGs
[2023-04-11T22:34:51.738-0400] {logging_mixin.py:137} INFO - [2023-04-11T22:34:51.738-0400] {dag.py:3444} INFO - Setting next_dagrun for example_sensor_decorator to None, run_after=None
[2023-04-11T22:34:51.750-0400] {processor.py:175} INFO - Processing /Users/srivardhan/opt/anaconda3/envs/kafka-pipeline/lib/python3.7/site-packages/airflow/example_dags/example_sensor_decorator.py took 0.064 seconds
[2023-04-11T23:10:02.748-0400] {processor.py:153} INFO - Started process (PID=41669) to work on /Users/srivardhan/opt/anaconda3/envs/kafka-pipeline/lib/python3.7/site-packages/airflow/example_dags/example_sensor_decorator.py
[2023-04-11T23:10:02.750-0400] {processor.py:743} INFO - Processing file /Users/srivardhan/opt/anaconda3/envs/kafka-pipeline/lib/python3.7/site-packages/airflow/example_dags/example_sensor_decorator.py for tasks to queue
[2023-04-11T23:10:02.751-0400] {logging_mixin.py:137} INFO - [2023-04-11T23:10:02.750-0400] {dagbag.py:532} INFO - Filling up the DagBag from /Users/srivardhan/opt/anaconda3/envs/kafka-pipeline/lib/python3.7/site-packages/airflow/example_dags/example_sensor_decorator.py
[2023-04-11T23:10:02.762-0400] {processor.py:753} INFO - DAG(s) dict_keys(['example_sensor_decorator']) retrieved from /Users/srivardhan/opt/anaconda3/envs/kafka-pipeline/lib/python3.7/site-packages/airflow/example_dags/example_sensor_decorator.py
[2023-04-11T23:10:02.774-0400] {logging_mixin.py:137} INFO - [2023-04-11T23:10:02.774-0400] {dag.py:2693} INFO - Sync 1 DAGs
[2023-04-11T23:10:02.786-0400] {logging_mixin.py:137} INFO - [2023-04-11T23:10:02.785-0400] {dag.py:3444} INFO - Setting next_dagrun for example_sensor_decorator to None, run_after=None
[2023-04-11T23:10:02.796-0400] {processor.py:175} INFO - Processing /Users/srivardhan/opt/anaconda3/envs/kafka-pipeline/lib/python3.7/site-packages/airflow/example_dags/example_sensor_decorator.py took 0.051 seconds
[2023-04-11T23:10:46.007-0400] {processor.py:153} INFO - Started process (PID=41794) to work on /Users/srivardhan/opt/anaconda3/envs/kafka-pipeline/lib/python3.7/site-packages/airflow/example_dags/example_sensor_decorator.py
[2023-04-11T23:10:46.010-0400] {processor.py:743} INFO - Processing file /Users/srivardhan/opt/anaconda3/envs/kafka-pipeline/lib/python3.7/site-packages/airflow/example_dags/example_sensor_decorator.py for tasks to queue
[2023-04-11T23:10:46.011-0400] {logging_mixin.py:137} INFO - [2023-04-11T23:10:46.011-0400] {dagbag.py:532} INFO - Filling up the DagBag from /Users/srivardhan/opt/anaconda3/envs/kafka-pipeline/lib/python3.7/site-packages/airflow/example_dags/example_sensor_decorator.py
[2023-04-11T23:10:46.030-0400] {processor.py:753} INFO - DAG(s) dict_keys(['example_sensor_decorator']) retrieved from /Users/srivardhan/opt/anaconda3/envs/kafka-pipeline/lib/python3.7/site-packages/airflow/example_dags/example_sensor_decorator.py
[2023-04-11T23:10:46.045-0400] {logging_mixin.py:137} INFO - [2023-04-11T23:10:46.045-0400] {dag.py:2693} INFO - Sync 1 DAGs
[2023-04-11T23:10:46.057-0400] {logging_mixin.py:137} INFO - [2023-04-11T23:10:46.057-0400] {dag.py:3444} INFO - Setting next_dagrun for example_sensor_decorator to None, run_after=None
[2023-04-11T23:10:46.068-0400] {processor.py:175} INFO - Processing /Users/srivardhan/opt/anaconda3/envs/kafka-pipeline/lib/python3.7/site-packages/airflow/example_dags/example_sensor_decorator.py took 0.066 seconds
[2023-04-11T23:11:28.613-0400] {processor.py:153} INFO - Started process (PID=41890) to work on /Users/srivardhan/opt/anaconda3/envs/kafka-pipeline/lib/python3.7/site-packages/airflow/example_dags/example_sensor_decorator.py
[2023-04-11T23:11:28.615-0400] {processor.py:743} INFO - Processing file /Users/srivardhan/opt/anaconda3/envs/kafka-pipeline/lib/python3.7/site-packages/airflow/example_dags/example_sensor_decorator.py for tasks to queue
[2023-04-11T23:11:28.617-0400] {logging_mixin.py:137} INFO - [2023-04-11T23:11:28.616-0400] {dagbag.py:532} INFO - Filling up the DagBag from /Users/srivardhan/opt/anaconda3/envs/kafka-pipeline/lib/python3.7/site-packages/airflow/example_dags/example_sensor_decorator.py
[2023-04-11T23:11:28.637-0400] {processor.py:753} INFO - DAG(s) dict_keys(['example_sensor_decorator']) retrieved from /Users/srivardhan/opt/anaconda3/envs/kafka-pipeline/lib/python3.7/site-packages/airflow/example_dags/example_sensor_decorator.py
[2023-04-11T23:11:28.654-0400] {logging_mixin.py:137} INFO - [2023-04-11T23:11:28.654-0400] {dag.py:2693} INFO - Sync 1 DAGs
[2023-04-11T23:11:28.667-0400] {logging_mixin.py:137} INFO - [2023-04-11T23:11:28.667-0400] {dag.py:3444} INFO - Setting next_dagrun for example_sensor_decorator to None, run_after=None
[2023-04-11T23:11:28.679-0400] {processor.py:175} INFO - Processing /Users/srivardhan/opt/anaconda3/envs/kafka-pipeline/lib/python3.7/site-packages/airflow/example_dags/example_sensor_decorator.py took 0.070 seconds
[2023-04-11T23:12:09.494-0400] {processor.py:153} INFO - Started process (PID=41984) to work on /Users/srivardhan/opt/anaconda3/envs/kafka-pipeline/lib/python3.7/site-packages/airflow/example_dags/example_sensor_decorator.py
[2023-04-11T23:12:09.496-0400] {processor.py:743} INFO - Processing file /Users/srivardhan/opt/anaconda3/envs/kafka-pipeline/lib/python3.7/site-packages/airflow/example_dags/example_sensor_decorator.py for tasks to queue
[2023-04-11T23:12:09.498-0400] {logging_mixin.py:137} INFO - [2023-04-11T23:12:09.497-0400] {dagbag.py:532} INFO - Filling up the DagBag from /Users/srivardhan/opt/anaconda3/envs/kafka-pipeline/lib/python3.7/site-packages/airflow/example_dags/example_sensor_decorator.py
[2023-04-11T23:12:09.517-0400] {processor.py:753} INFO - DAG(s) dict_keys(['example_sensor_decorator']) retrieved from /Users/srivardhan/opt/anaconda3/envs/kafka-pipeline/lib/python3.7/site-packages/airflow/example_dags/example_sensor_decorator.py
[2023-04-11T23:12:09.535-0400] {logging_mixin.py:137} INFO - [2023-04-11T23:12:09.534-0400] {dag.py:2693} INFO - Sync 1 DAGs
[2023-04-11T23:12:09.548-0400] {logging_mixin.py:137} INFO - [2023-04-11T23:12:09.547-0400] {dag.py:3444} INFO - Setting next_dagrun for example_sensor_decorator to None, run_after=None
[2023-04-11T23:12:09.559-0400] {processor.py:175} INFO - Processing /Users/srivardhan/opt/anaconda3/envs/kafka-pipeline/lib/python3.7/site-packages/airflow/example_dags/example_sensor_decorator.py took 0.070 seconds
[2023-04-11T23:12:51.488-0400] {processor.py:153} INFO - Started process (PID=42196) to work on /Users/srivardhan/opt/anaconda3/envs/kafka-pipeline/lib/python3.7/site-packages/airflow/example_dags/example_sensor_decorator.py
[2023-04-11T23:12:51.490-0400] {processor.py:743} INFO - Processing file /Users/srivardhan/opt/anaconda3/envs/kafka-pipeline/lib/python3.7/site-packages/airflow/example_dags/example_sensor_decorator.py for tasks to queue
[2023-04-11T23:12:51.492-0400] {logging_mixin.py:137} INFO - [2023-04-11T23:12:51.491-0400] {dagbag.py:532} INFO - Filling up the DagBag from /Users/srivardhan/opt/anaconda3/envs/kafka-pipeline/lib/python3.7/site-packages/airflow/example_dags/example_sensor_decorator.py
[2023-04-11T23:12:51.510-0400] {processor.py:753} INFO - DAG(s) dict_keys(['example_sensor_decorator']) retrieved from /Users/srivardhan/opt/anaconda3/envs/kafka-pipeline/lib/python3.7/site-packages/airflow/example_dags/example_sensor_decorator.py
[2023-04-11T23:12:51.525-0400] {logging_mixin.py:137} INFO - [2023-04-11T23:12:51.525-0400] {dag.py:2693} INFO - Sync 1 DAGs
[2023-04-11T23:12:51.537-0400] {logging_mixin.py:137} INFO - [2023-04-11T23:12:51.537-0400] {dag.py:3444} INFO - Setting next_dagrun for example_sensor_decorator to None, run_after=None
[2023-04-11T23:12:51.548-0400] {processor.py:175} INFO - Processing /Users/srivardhan/opt/anaconda3/envs/kafka-pipeline/lib/python3.7/site-packages/airflow/example_dags/example_sensor_decorator.py took 0.065 seconds
[2023-04-11T23:13:32.073-0400] {processor.py:153} INFO - Started process (PID=42279) to work on /Users/srivardhan/opt/anaconda3/envs/kafka-pipeline/lib/python3.7/site-packages/airflow/example_dags/example_sensor_decorator.py
[2023-04-11T23:13:32.075-0400] {processor.py:743} INFO - Processing file /Users/srivardhan/opt/anaconda3/envs/kafka-pipeline/lib/python3.7/site-packages/airflow/example_dags/example_sensor_decorator.py for tasks to queue
[2023-04-11T23:13:32.076-0400] {logging_mixin.py:137} INFO - [2023-04-11T23:13:32.076-0400] {dagbag.py:532} INFO - Filling up the DagBag from /Users/srivardhan/opt/anaconda3/envs/kafka-pipeline/lib/python3.7/site-packages/airflow/example_dags/example_sensor_decorator.py
[2023-04-11T23:13:32.094-0400] {processor.py:753} INFO - DAG(s) dict_keys(['example_sensor_decorator']) retrieved from /Users/srivardhan/opt/anaconda3/envs/kafka-pipeline/lib/python3.7/site-packages/airflow/example_dags/example_sensor_decorator.py
[2023-04-11T23:13:32.109-0400] {logging_mixin.py:137} INFO - [2023-04-11T23:13:32.109-0400] {dag.py:2693} INFO - Sync 1 DAGs
[2023-04-11T23:13:32.121-0400] {logging_mixin.py:137} INFO - [2023-04-11T23:13:32.121-0400] {dag.py:3444} INFO - Setting next_dagrun for example_sensor_decorator to None, run_after=None
[2023-04-11T23:13:32.132-0400] {processor.py:175} INFO - Processing /Users/srivardhan/opt/anaconda3/envs/kafka-pipeline/lib/python3.7/site-packages/airflow/example_dags/example_sensor_decorator.py took 0.063 seconds
