[2023-04-11T21:52:34.187-0400] {processor.py:153} INFO - Started process (PID=41197) to work on /Users/srivardhan/opt/anaconda3/envs/kafka-pipeline/lib/python3.7/site-packages/airflow/example_dags/example_dag_decorator.py
[2023-04-11T21:52:34.188-0400] {processor.py:743} INFO - Processing file /Users/srivardhan/opt/anaconda3/envs/kafka-pipeline/lib/python3.7/site-packages/airflow/example_dags/example_dag_decorator.py for tasks to queue
[2023-04-11T21:52:34.190-0400] {logging_mixin.py:137} INFO - [2023-04-11T21:52:34.190-0400] {dagbag.py:532} INFO - Filling up the DagBag from /Users/srivardhan/opt/anaconda3/envs/kafka-pipeline/lib/python3.7/site-packages/airflow/example_dags/example_dag_decorator.py
[2023-04-11T21:52:34.211-0400] {logging_mixin.py:137} INFO - [2023-04-11T21:52:34.211-0400] {taskmixin.py:211} WARNING - Dependency <Task(_PythonDecoratedOperator): prepare_email>, send_email already registered for DAG: example_dag_decorator
[2023-04-11T21:52:34.212-0400] {logging_mixin.py:137} INFO - [2023-04-11T21:52:34.212-0400] {taskmixin.py:211} WARNING - Dependency <Task(EmailOperator): send_email>, prepare_email already registered for DAG: example_dag_decorator
[2023-04-11T21:52:34.218-0400] {processor.py:753} INFO - DAG(s) dict_keys(['example_dag_decorator']) retrieved from /Users/srivardhan/opt/anaconda3/envs/kafka-pipeline/lib/python3.7/site-packages/airflow/example_dags/example_dag_decorator.py
[2023-04-11T21:52:34.257-0400] {logging_mixin.py:137} INFO - [2023-04-11T21:52:34.257-0400] {dag.py:2693} INFO - Sync 1 DAGs
[2023-04-11T21:52:34.267-0400] {logging_mixin.py:137} INFO - [2023-04-11T21:52:34.267-0400] {dag.py:3444} INFO - Setting next_dagrun for example_dag_decorator to None, run_after=None
[2023-04-11T21:52:34.280-0400] {processor.py:175} INFO - Processing /Users/srivardhan/opt/anaconda3/envs/kafka-pipeline/lib/python3.7/site-packages/airflow/example_dags/example_dag_decorator.py took 0.098 seconds
[2023-04-11T22:26:37.234-0400] {processor.py:153} INFO - Started process (PID=41355) to work on /Users/srivardhan/opt/anaconda3/envs/kafka-pipeline/lib/python3.7/site-packages/airflow/example_dags/example_dag_decorator.py
[2023-04-11T22:26:37.237-0400] {processor.py:743} INFO - Processing file /Users/srivardhan/opt/anaconda3/envs/kafka-pipeline/lib/python3.7/site-packages/airflow/example_dags/example_dag_decorator.py for tasks to queue
[2023-04-11T22:26:37.238-0400] {logging_mixin.py:137} INFO - [2023-04-11T22:26:37.238-0400] {dagbag.py:532} INFO - Filling up the DagBag from /Users/srivardhan/opt/anaconda3/envs/kafka-pipeline/lib/python3.7/site-packages/airflow/example_dags/example_dag_decorator.py
[2023-04-11T22:26:37.257-0400] {logging_mixin.py:137} INFO - [2023-04-11T22:26:37.257-0400] {taskmixin.py:211} WARNING - Dependency <Task(_PythonDecoratedOperator): prepare_email>, send_email already registered for DAG: example_dag_decorator
[2023-04-11T22:26:37.258-0400] {logging_mixin.py:137} INFO - [2023-04-11T22:26:37.258-0400] {taskmixin.py:211} WARNING - Dependency <Task(EmailOperator): send_email>, prepare_email already registered for DAG: example_dag_decorator
[2023-04-11T22:26:37.264-0400] {processor.py:753} INFO - DAG(s) dict_keys(['example_dag_decorator']) retrieved from /Users/srivardhan/opt/anaconda3/envs/kafka-pipeline/lib/python3.7/site-packages/airflow/example_dags/example_dag_decorator.py
[2023-04-11T22:26:37.300-0400] {logging_mixin.py:137} INFO - [2023-04-11T22:26:37.299-0400] {dag.py:2693} INFO - Sync 1 DAGs
[2023-04-11T22:26:37.311-0400] {logging_mixin.py:137} INFO - [2023-04-11T22:26:37.310-0400] {dag.py:3444} INFO - Setting next_dagrun for example_dag_decorator to None, run_after=None
[2023-04-11T22:26:37.322-0400] {processor.py:175} INFO - Processing /Users/srivardhan/opt/anaconda3/envs/kafka-pipeline/lib/python3.7/site-packages/airflow/example_dags/example_dag_decorator.py took 0.092 seconds
[2023-04-11T22:35:02.998-0400] {processor.py:153} INFO - Started process (PID=41507) to work on /Users/srivardhan/opt/anaconda3/envs/kafka-pipeline/lib/python3.7/site-packages/airflow/example_dags/example_dag_decorator.py
[2023-04-11T22:35:03.001-0400] {processor.py:743} INFO - Processing file /Users/srivardhan/opt/anaconda3/envs/kafka-pipeline/lib/python3.7/site-packages/airflow/example_dags/example_dag_decorator.py for tasks to queue
[2023-04-11T22:35:03.002-0400] {logging_mixin.py:137} INFO - [2023-04-11T22:35:03.002-0400] {dagbag.py:532} INFO - Filling up the DagBag from /Users/srivardhan/opt/anaconda3/envs/kafka-pipeline/lib/python3.7/site-packages/airflow/example_dags/example_dag_decorator.py
[2023-04-11T22:35:03.023-0400] {logging_mixin.py:137} INFO - [2023-04-11T22:35:03.022-0400] {taskmixin.py:211} WARNING - Dependency <Task(_PythonDecoratedOperator): prepare_email>, send_email already registered for DAG: example_dag_decorator
[2023-04-11T22:35:03.024-0400] {logging_mixin.py:137} INFO - [2023-04-11T22:35:03.023-0400] {taskmixin.py:211} WARNING - Dependency <Task(EmailOperator): send_email>, prepare_email already registered for DAG: example_dag_decorator
[2023-04-11T22:35:03.031-0400] {processor.py:753} INFO - DAG(s) dict_keys(['example_dag_decorator']) retrieved from /Users/srivardhan/opt/anaconda3/envs/kafka-pipeline/lib/python3.7/site-packages/airflow/example_dags/example_dag_decorator.py
[2023-04-11T22:35:03.068-0400] {logging_mixin.py:137} INFO - [2023-04-11T22:35:03.067-0400] {dag.py:2693} INFO - Sync 1 DAGs
[2023-04-11T22:35:03.078-0400] {logging_mixin.py:137} INFO - [2023-04-11T22:35:03.078-0400] {dag.py:3444} INFO - Setting next_dagrun for example_dag_decorator to None, run_after=None
[2023-04-11T22:35:03.089-0400] {processor.py:175} INFO - Processing /Users/srivardhan/opt/anaconda3/envs/kafka-pipeline/lib/python3.7/site-packages/airflow/example_dags/example_dag_decorator.py took 0.096 seconds
[2023-04-11T23:10:14.723-0400] {processor.py:153} INFO - Started process (PID=41693) to work on /Users/srivardhan/opt/anaconda3/envs/kafka-pipeline/lib/python3.7/site-packages/airflow/example_dags/example_dag_decorator.py
[2023-04-11T23:10:14.725-0400] {processor.py:743} INFO - Processing file /Users/srivardhan/opt/anaconda3/envs/kafka-pipeline/lib/python3.7/site-packages/airflow/example_dags/example_dag_decorator.py for tasks to queue
[2023-04-11T23:10:14.726-0400] {logging_mixin.py:137} INFO - [2023-04-11T23:10:14.726-0400] {dagbag.py:532} INFO - Filling up the DagBag from /Users/srivardhan/opt/anaconda3/envs/kafka-pipeline/lib/python3.7/site-packages/airflow/example_dags/example_dag_decorator.py
[2023-04-11T23:10:14.738-0400] {logging_mixin.py:137} INFO - [2023-04-11T23:10:14.738-0400] {taskmixin.py:211} WARNING - Dependency <Task(_PythonDecoratedOperator): prepare_email>, send_email already registered for DAG: example_dag_decorator
[2023-04-11T23:10:14.738-0400] {logging_mixin.py:137} INFO - [2023-04-11T23:10:14.738-0400] {taskmixin.py:211} WARNING - Dependency <Task(EmailOperator): send_email>, prepare_email already registered for DAG: example_dag_decorator
[2023-04-11T23:10:14.743-0400] {processor.py:753} INFO - DAG(s) dict_keys(['example_dag_decorator']) retrieved from /Users/srivardhan/opt/anaconda3/envs/kafka-pipeline/lib/python3.7/site-packages/airflow/example_dags/example_dag_decorator.py
[2023-04-11T23:10:14.779-0400] {logging_mixin.py:137} INFO - [2023-04-11T23:10:14.779-0400] {dag.py:2693} INFO - Sync 1 DAGs
[2023-04-11T23:10:14.790-0400] {logging_mixin.py:137} INFO - [2023-04-11T23:10:14.790-0400] {dag.py:3444} INFO - Setting next_dagrun for example_dag_decorator to None, run_after=None
[2023-04-11T23:10:14.803-0400] {processor.py:175} INFO - Processing /Users/srivardhan/opt/anaconda3/envs/kafka-pipeline/lib/python3.7/site-packages/airflow/example_dags/example_dag_decorator.py took 0.082 seconds
[2023-04-11T23:10:58.456-0400] {processor.py:153} INFO - Started process (PID=41826) to work on /Users/srivardhan/opt/anaconda3/envs/kafka-pipeline/lib/python3.7/site-packages/airflow/example_dags/example_dag_decorator.py
[2023-04-11T23:10:58.457-0400] {processor.py:743} INFO - Processing file /Users/srivardhan/opt/anaconda3/envs/kafka-pipeline/lib/python3.7/site-packages/airflow/example_dags/example_dag_decorator.py for tasks to queue
[2023-04-11T23:10:58.458-0400] {logging_mixin.py:137} INFO - [2023-04-11T23:10:58.458-0400] {dagbag.py:532} INFO - Filling up the DagBag from /Users/srivardhan/opt/anaconda3/envs/kafka-pipeline/lib/python3.7/site-packages/airflow/example_dags/example_dag_decorator.py
[2023-04-11T23:10:58.470-0400] {logging_mixin.py:137} INFO - [2023-04-11T23:10:58.469-0400] {taskmixin.py:211} WARNING - Dependency <Task(_PythonDecoratedOperator): prepare_email>, send_email already registered for DAG: example_dag_decorator
[2023-04-11T23:10:58.470-0400] {logging_mixin.py:137} INFO - [2023-04-11T23:10:58.470-0400] {taskmixin.py:211} WARNING - Dependency <Task(EmailOperator): send_email>, prepare_email already registered for DAG: example_dag_decorator
[2023-04-11T23:10:58.474-0400] {processor.py:753} INFO - DAG(s) dict_keys(['example_dag_decorator']) retrieved from /Users/srivardhan/opt/anaconda3/envs/kafka-pipeline/lib/python3.7/site-packages/airflow/example_dags/example_dag_decorator.py
[2023-04-11T23:10:58.508-0400] {logging_mixin.py:137} INFO - [2023-04-11T23:10:58.507-0400] {dag.py:2693} INFO - Sync 1 DAGs
[2023-04-11T23:10:58.518-0400] {logging_mixin.py:137} INFO - [2023-04-11T23:10:58.518-0400] {dag.py:3444} INFO - Setting next_dagrun for example_dag_decorator to None, run_after=None
[2023-04-11T23:10:58.530-0400] {processor.py:175} INFO - Processing /Users/srivardhan/opt/anaconda3/envs/kafka-pipeline/lib/python3.7/site-packages/airflow/example_dags/example_dag_decorator.py took 0.076 seconds
[2023-04-11T23:11:41.352-0400] {processor.py:153} INFO - Started process (PID=41915) to work on /Users/srivardhan/opt/anaconda3/envs/kafka-pipeline/lib/python3.7/site-packages/airflow/example_dags/example_dag_decorator.py
[2023-04-11T23:11:41.353-0400] {processor.py:743} INFO - Processing file /Users/srivardhan/opt/anaconda3/envs/kafka-pipeline/lib/python3.7/site-packages/airflow/example_dags/example_dag_decorator.py for tasks to queue
[2023-04-11T23:11:41.355-0400] {logging_mixin.py:137} INFO - [2023-04-11T23:11:41.354-0400] {dagbag.py:532} INFO - Filling up the DagBag from /Users/srivardhan/opt/anaconda3/envs/kafka-pipeline/lib/python3.7/site-packages/airflow/example_dags/example_dag_decorator.py
[2023-04-11T23:11:41.372-0400] {logging_mixin.py:137} INFO - [2023-04-11T23:11:41.371-0400] {taskmixin.py:211} WARNING - Dependency <Task(_PythonDecoratedOperator): prepare_email>, send_email already registered for DAG: example_dag_decorator
[2023-04-11T23:11:41.372-0400] {logging_mixin.py:137} INFO - [2023-04-11T23:11:41.372-0400] {taskmixin.py:211} WARNING - Dependency <Task(EmailOperator): send_email>, prepare_email already registered for DAG: example_dag_decorator
[2023-04-11T23:11:41.378-0400] {processor.py:753} INFO - DAG(s) dict_keys(['example_dag_decorator']) retrieved from /Users/srivardhan/opt/anaconda3/envs/kafka-pipeline/lib/python3.7/site-packages/airflow/example_dags/example_dag_decorator.py
[2023-04-11T23:11:41.414-0400] {logging_mixin.py:137} INFO - [2023-04-11T23:11:41.413-0400] {dag.py:2693} INFO - Sync 1 DAGs
[2023-04-11T23:11:41.424-0400] {logging_mixin.py:137} INFO - [2023-04-11T23:11:41.423-0400] {dag.py:3444} INFO - Setting next_dagrun for example_dag_decorator to None, run_after=None
[2023-04-11T23:11:41.435-0400] {processor.py:175} INFO - Processing /Users/srivardhan/opt/anaconda3/envs/kafka-pipeline/lib/python3.7/site-packages/airflow/example_dags/example_dag_decorator.py took 0.087 seconds
[2023-04-11T23:12:22.144-0400] {processor.py:153} INFO - Started process (PID=42010) to work on /Users/srivardhan/opt/anaconda3/envs/kafka-pipeline/lib/python3.7/site-packages/airflow/example_dags/example_dag_decorator.py
[2023-04-11T23:12:22.146-0400] {processor.py:743} INFO - Processing file /Users/srivardhan/opt/anaconda3/envs/kafka-pipeline/lib/python3.7/site-packages/airflow/example_dags/example_dag_decorator.py for tasks to queue
[2023-04-11T23:12:22.147-0400] {logging_mixin.py:137} INFO - [2023-04-11T23:12:22.147-0400] {dagbag.py:532} INFO - Filling up the DagBag from /Users/srivardhan/opt/anaconda3/envs/kafka-pipeline/lib/python3.7/site-packages/airflow/example_dags/example_dag_decorator.py
[2023-04-11T23:12:22.166-0400] {logging_mixin.py:137} INFO - [2023-04-11T23:12:22.166-0400] {taskmixin.py:211} WARNING - Dependency <Task(_PythonDecoratedOperator): prepare_email>, send_email already registered for DAG: example_dag_decorator
[2023-04-11T23:12:22.167-0400] {logging_mixin.py:137} INFO - [2023-04-11T23:12:22.166-0400] {taskmixin.py:211} WARNING - Dependency <Task(EmailOperator): send_email>, prepare_email already registered for DAG: example_dag_decorator
[2023-04-11T23:12:22.173-0400] {processor.py:753} INFO - DAG(s) dict_keys(['example_dag_decorator']) retrieved from /Users/srivardhan/opt/anaconda3/envs/kafka-pipeline/lib/python3.7/site-packages/airflow/example_dags/example_dag_decorator.py
[2023-04-11T23:12:22.210-0400] {logging_mixin.py:137} INFO - [2023-04-11T23:12:22.210-0400] {dag.py:2693} INFO - Sync 1 DAGs
[2023-04-11T23:12:22.220-0400] {logging_mixin.py:137} INFO - [2023-04-11T23:12:22.220-0400] {dag.py:3444} INFO - Setting next_dagrun for example_dag_decorator to None, run_after=None
[2023-04-11T23:12:22.231-0400] {processor.py:175} INFO - Processing /Users/srivardhan/opt/anaconda3/envs/kafka-pipeline/lib/python3.7/site-packages/airflow/example_dags/example_dag_decorator.py took 0.091 seconds
[2023-04-11T23:13:11.811-0400] {processor.py:153} INFO - Started process (PID=42239) to work on /Users/srivardhan/opt/anaconda3/envs/kafka-pipeline/lib/python3.7/site-packages/airflow/example_dags/example_dag_decorator.py
[2023-04-11T23:13:11.813-0400] {processor.py:743} INFO - Processing file /Users/srivardhan/opt/anaconda3/envs/kafka-pipeline/lib/python3.7/site-packages/airflow/example_dags/example_dag_decorator.py for tasks to queue
[2023-04-11T23:13:11.815-0400] {logging_mixin.py:137} INFO - [2023-04-11T23:13:11.815-0400] {dagbag.py:532} INFO - Filling up the DagBag from /Users/srivardhan/opt/anaconda3/envs/kafka-pipeline/lib/python3.7/site-packages/airflow/example_dags/example_dag_decorator.py
[2023-04-11T23:13:11.836-0400] {logging_mixin.py:137} INFO - [2023-04-11T23:13:11.835-0400] {taskmixin.py:211} WARNING - Dependency <Task(_PythonDecoratedOperator): prepare_email>, send_email already registered for DAG: example_dag_decorator
[2023-04-11T23:13:11.836-0400] {logging_mixin.py:137} INFO - [2023-04-11T23:13:11.836-0400] {taskmixin.py:211} WARNING - Dependency <Task(EmailOperator): send_email>, prepare_email already registered for DAG: example_dag_decorator
[2023-04-11T23:13:11.843-0400] {processor.py:753} INFO - DAG(s) dict_keys(['example_dag_decorator']) retrieved from /Users/srivardhan/opt/anaconda3/envs/kafka-pipeline/lib/python3.7/site-packages/airflow/example_dags/example_dag_decorator.py
[2023-04-11T23:13:11.880-0400] {logging_mixin.py:137} INFO - [2023-04-11T23:13:11.880-0400] {dag.py:2693} INFO - Sync 1 DAGs
[2023-04-11T23:13:11.890-0400] {logging_mixin.py:137} INFO - [2023-04-11T23:13:11.890-0400] {dag.py:3444} INFO - Setting next_dagrun for example_dag_decorator to None, run_after=None
[2023-04-11T23:13:11.902-0400] {processor.py:175} INFO - Processing /Users/srivardhan/opt/anaconda3/envs/kafka-pipeline/lib/python3.7/site-packages/airflow/example_dags/example_dag_decorator.py took 0.096 seconds
