[2023-04-11T21:02:41.879-0400] {processor.py:153} INFO - Started process (PID=41096) to work on /Users/srivardhan/opt/anaconda3/envs/kafka-pipeline/lib/python3.7/site-packages/airflow/example_dags/example_external_task_marker_dag.py
[2023-04-11T21:02:41.881-0400] {processor.py:743} INFO - Processing file /Users/srivardhan/opt/anaconda3/envs/kafka-pipeline/lib/python3.7/site-packages/airflow/example_dags/example_external_task_marker_dag.py for tasks to queue
[2023-04-11T21:02:41.882-0400] {logging_mixin.py:137} INFO - [2023-04-11T21:02:41.882-0400] {dagbag.py:532} INFO - Filling up the DagBag from /Users/srivardhan/opt/anaconda3/envs/kafka-pipeline/lib/python3.7/site-packages/airflow/example_dags/example_external_task_marker_dag.py
[2023-04-11T21:02:41.892-0400] {processor.py:753} INFO - DAG(s) dict_keys(['example_external_task_marker_child', 'example_external_task_marker_parent']) retrieved from /Users/srivardhan/opt/anaconda3/envs/kafka-pipeline/lib/python3.7/site-packages/airflow/example_dags/example_external_task_marker_dag.py
[2023-04-11T21:02:41.912-0400] {logging_mixin.py:137} INFO - [2023-04-11T21:02:41.912-0400] {dag.py:2693} INFO - Sync 2 DAGs
[2023-04-11T21:02:41.925-0400] {logging_mixin.py:137} INFO - [2023-04-11T21:02:41.925-0400] {dag.py:3444} INFO - Setting next_dagrun for example_external_task_marker_child to None, run_after=None
[2023-04-11T21:02:41.927-0400] {logging_mixin.py:137} INFO - [2023-04-11T21:02:41.927-0400] {dag.py:3444} INFO - Setting next_dagrun for example_external_task_marker_parent to None, run_after=None
[2023-04-11T21:02:41.938-0400] {processor.py:175} INFO - Processing /Users/srivardhan/opt/anaconda3/envs/kafka-pipeline/lib/python3.7/site-packages/airflow/example_dags/example_external_task_marker_dag.py took 0.063 seconds
[2023-04-11T21:52:30.690-0400] {processor.py:153} INFO - Started process (PID=41187) to work on /Users/srivardhan/opt/anaconda3/envs/kafka-pipeline/lib/python3.7/site-packages/airflow/example_dags/example_external_task_marker_dag.py
[2023-04-11T21:52:30.691-0400] {processor.py:743} INFO - Processing file /Users/srivardhan/opt/anaconda3/envs/kafka-pipeline/lib/python3.7/site-packages/airflow/example_dags/example_external_task_marker_dag.py for tasks to queue
[2023-04-11T21:52:30.692-0400] {logging_mixin.py:137} INFO - [2023-04-11T21:52:30.692-0400] {dagbag.py:532} INFO - Filling up the DagBag from /Users/srivardhan/opt/anaconda3/envs/kafka-pipeline/lib/python3.7/site-packages/airflow/example_dags/example_external_task_marker_dag.py
[2023-04-11T21:52:30.701-0400] {processor.py:753} INFO - DAG(s) dict_keys(['example_external_task_marker_parent', 'example_external_task_marker_child']) retrieved from /Users/srivardhan/opt/anaconda3/envs/kafka-pipeline/lib/python3.7/site-packages/airflow/example_dags/example_external_task_marker_dag.py
[2023-04-11T21:52:30.718-0400] {logging_mixin.py:137} INFO - [2023-04-11T21:52:30.718-0400] {dag.py:2693} INFO - Sync 2 DAGs
[2023-04-11T21:52:30.731-0400] {logging_mixin.py:137} INFO - [2023-04-11T21:52:30.730-0400] {dag.py:3444} INFO - Setting next_dagrun for example_external_task_marker_child to None, run_after=None
[2023-04-11T21:52:30.732-0400] {logging_mixin.py:137} INFO - [2023-04-11T21:52:30.732-0400] {dag.py:3444} INFO - Setting next_dagrun for example_external_task_marker_parent to None, run_after=None
[2023-04-11T21:52:30.743-0400] {processor.py:175} INFO - Processing /Users/srivardhan/opt/anaconda3/envs/kafka-pipeline/lib/python3.7/site-packages/airflow/example_dags/example_external_task_marker_dag.py took 0.058 seconds
[2023-04-11T22:26:09.467-0400] {processor.py:153} INFO - Started process (PID=41346) to work on /Users/srivardhan/opt/anaconda3/envs/kafka-pipeline/lib/python3.7/site-packages/airflow/example_dags/example_external_task_marker_dag.py
[2023-04-11T22:26:09.469-0400] {processor.py:743} INFO - Processing file /Users/srivardhan/opt/anaconda3/envs/kafka-pipeline/lib/python3.7/site-packages/airflow/example_dags/example_external_task_marker_dag.py for tasks to queue
[2023-04-11T22:26:09.470-0400] {logging_mixin.py:137} INFO - [2023-04-11T22:26:09.470-0400] {dagbag.py:532} INFO - Filling up the DagBag from /Users/srivardhan/opt/anaconda3/envs/kafka-pipeline/lib/python3.7/site-packages/airflow/example_dags/example_external_task_marker_dag.py
[2023-04-11T22:26:09.480-0400] {processor.py:753} INFO - DAG(s) dict_keys(['example_external_task_marker_parent', 'example_external_task_marker_child']) retrieved from /Users/srivardhan/opt/anaconda3/envs/kafka-pipeline/lib/python3.7/site-packages/airflow/example_dags/example_external_task_marker_dag.py
[2023-04-11T22:26:09.499-0400] {logging_mixin.py:137} INFO - [2023-04-11T22:26:09.499-0400] {dag.py:2693} INFO - Sync 2 DAGs
[2023-04-11T22:26:09.511-0400] {logging_mixin.py:137} INFO - [2023-04-11T22:26:09.511-0400] {dag.py:3444} INFO - Setting next_dagrun for example_external_task_marker_child to None, run_after=None
[2023-04-11T22:26:09.513-0400] {logging_mixin.py:137} INFO - [2023-04-11T22:26:09.513-0400] {dag.py:3444} INFO - Setting next_dagrun for example_external_task_marker_parent to None, run_after=None
[2023-04-11T22:26:09.523-0400] {processor.py:175} INFO - Processing /Users/srivardhan/opt/anaconda3/envs/kafka-pipeline/lib/python3.7/site-packages/airflow/example_dags/example_external_task_marker_dag.py took 0.061 seconds
[2023-04-11T22:35:00.681-0400] {processor.py:153} INFO - Started process (PID=41501) to work on /Users/srivardhan/opt/anaconda3/envs/kafka-pipeline/lib/python3.7/site-packages/airflow/example_dags/example_external_task_marker_dag.py
[2023-04-11T22:35:00.684-0400] {processor.py:743} INFO - Processing file /Users/srivardhan/opt/anaconda3/envs/kafka-pipeline/lib/python3.7/site-packages/airflow/example_dags/example_external_task_marker_dag.py for tasks to queue
[2023-04-11T22:35:00.685-0400] {logging_mixin.py:137} INFO - [2023-04-11T22:35:00.685-0400] {dagbag.py:532} INFO - Filling up the DagBag from /Users/srivardhan/opt/anaconda3/envs/kafka-pipeline/lib/python3.7/site-packages/airflow/example_dags/example_external_task_marker_dag.py
[2023-04-11T22:35:00.693-0400] {processor.py:753} INFO - DAG(s) dict_keys(['example_external_task_marker_child', 'example_external_task_marker_parent']) retrieved from /Users/srivardhan/opt/anaconda3/envs/kafka-pipeline/lib/python3.7/site-packages/airflow/example_dags/example_external_task_marker_dag.py
[2023-04-11T22:35:00.713-0400] {logging_mixin.py:137} INFO - [2023-04-11T22:35:00.713-0400] {dag.py:2693} INFO - Sync 2 DAGs
[2023-04-11T22:35:00.726-0400] {logging_mixin.py:137} INFO - [2023-04-11T22:35:00.726-0400] {dag.py:3444} INFO - Setting next_dagrun for example_external_task_marker_child to None, run_after=None
[2023-04-11T22:35:00.728-0400] {logging_mixin.py:137} INFO - [2023-04-11T22:35:00.728-0400] {dag.py:3444} INFO - Setting next_dagrun for example_external_task_marker_parent to None, run_after=None
[2023-04-11T22:35:00.739-0400] {processor.py:175} INFO - Processing /Users/srivardhan/opt/anaconda3/envs/kafka-pipeline/lib/python3.7/site-packages/airflow/example_dags/example_external_task_marker_dag.py took 0.061 seconds
[2023-04-11T23:10:11.753-0400] {processor.py:153} INFO - Started process (PID=41687) to work on /Users/srivardhan/opt/anaconda3/envs/kafka-pipeline/lib/python3.7/site-packages/airflow/example_dags/example_external_task_marker_dag.py
[2023-04-11T23:10:11.754-0400] {processor.py:743} INFO - Processing file /Users/srivardhan/opt/anaconda3/envs/kafka-pipeline/lib/python3.7/site-packages/airflow/example_dags/example_external_task_marker_dag.py for tasks to queue
[2023-04-11T23:10:11.755-0400] {logging_mixin.py:137} INFO - [2023-04-11T23:10:11.755-0400] {dagbag.py:532} INFO - Filling up the DagBag from /Users/srivardhan/opt/anaconda3/envs/kafka-pipeline/lib/python3.7/site-packages/airflow/example_dags/example_external_task_marker_dag.py
[2023-04-11T23:10:11.762-0400] {processor.py:753} INFO - DAG(s) dict_keys(['example_external_task_marker_parent', 'example_external_task_marker_child']) retrieved from /Users/srivardhan/opt/anaconda3/envs/kafka-pipeline/lib/python3.7/site-packages/airflow/example_dags/example_external_task_marker_dag.py
[2023-04-11T23:10:11.777-0400] {logging_mixin.py:137} INFO - [2023-04-11T23:10:11.776-0400] {dag.py:2693} INFO - Sync 2 DAGs
[2023-04-11T23:10:11.788-0400] {logging_mixin.py:137} INFO - [2023-04-11T23:10:11.788-0400] {dag.py:3444} INFO - Setting next_dagrun for example_external_task_marker_child to None, run_after=None
[2023-04-11T23:10:11.790-0400] {logging_mixin.py:137} INFO - [2023-04-11T23:10:11.790-0400] {dag.py:3444} INFO - Setting next_dagrun for example_external_task_marker_parent to None, run_after=None
[2023-04-11T23:10:11.801-0400] {processor.py:175} INFO - Processing /Users/srivardhan/opt/anaconda3/envs/kafka-pipeline/lib/python3.7/site-packages/airflow/example_dags/example_external_task_marker_dag.py took 0.050 seconds
[2023-04-11T23:10:55.958-0400] {processor.py:153} INFO - Started process (PID=41821) to work on /Users/srivardhan/opt/anaconda3/envs/kafka-pipeline/lib/python3.7/site-packages/airflow/example_dags/example_external_task_marker_dag.py
[2023-04-11T23:10:55.960-0400] {processor.py:743} INFO - Processing file /Users/srivardhan/opt/anaconda3/envs/kafka-pipeline/lib/python3.7/site-packages/airflow/example_dags/example_external_task_marker_dag.py for tasks to queue
[2023-04-11T23:10:55.961-0400] {logging_mixin.py:137} INFO - [2023-04-11T23:10:55.961-0400] {dagbag.py:532} INFO - Filling up the DagBag from /Users/srivardhan/opt/anaconda3/envs/kafka-pipeline/lib/python3.7/site-packages/airflow/example_dags/example_external_task_marker_dag.py
[2023-04-11T23:10:55.971-0400] {processor.py:753} INFO - DAG(s) dict_keys(['example_external_task_marker_child', 'example_external_task_marker_parent']) retrieved from /Users/srivardhan/opt/anaconda3/envs/kafka-pipeline/lib/python3.7/site-packages/airflow/example_dags/example_external_task_marker_dag.py
[2023-04-11T23:10:55.990-0400] {logging_mixin.py:137} INFO - [2023-04-11T23:10:55.989-0400] {dag.py:2693} INFO - Sync 2 DAGs
[2023-04-11T23:10:56.002-0400] {logging_mixin.py:137} INFO - [2023-04-11T23:10:56.002-0400] {dag.py:3444} INFO - Setting next_dagrun for example_external_task_marker_child to None, run_after=None
[2023-04-11T23:10:56.004-0400] {logging_mixin.py:137} INFO - [2023-04-11T23:10:56.004-0400] {dag.py:3444} INFO - Setting next_dagrun for example_external_task_marker_parent to None, run_after=None
[2023-04-11T23:10:56.014-0400] {processor.py:175} INFO - Processing /Users/srivardhan/opt/anaconda3/envs/kafka-pipeline/lib/python3.7/site-packages/airflow/example_dags/example_external_task_marker_dag.py took 0.060 seconds
[2023-04-11T23:11:38.518-0400] {processor.py:153} INFO - Started process (PID=41910) to work on /Users/srivardhan/opt/anaconda3/envs/kafka-pipeline/lib/python3.7/site-packages/airflow/example_dags/example_external_task_marker_dag.py
[2023-04-11T23:11:38.519-0400] {processor.py:743} INFO - Processing file /Users/srivardhan/opt/anaconda3/envs/kafka-pipeline/lib/python3.7/site-packages/airflow/example_dags/example_external_task_marker_dag.py for tasks to queue
[2023-04-11T23:11:38.521-0400] {logging_mixin.py:137} INFO - [2023-04-11T23:11:38.521-0400] {dagbag.py:532} INFO - Filling up the DagBag from /Users/srivardhan/opt/anaconda3/envs/kafka-pipeline/lib/python3.7/site-packages/airflow/example_dags/example_external_task_marker_dag.py
[2023-04-11T23:11:38.532-0400] {processor.py:753} INFO - DAG(s) dict_keys(['example_external_task_marker_child', 'example_external_task_marker_parent']) retrieved from /Users/srivardhan/opt/anaconda3/envs/kafka-pipeline/lib/python3.7/site-packages/airflow/example_dags/example_external_task_marker_dag.py
[2023-04-11T23:11:38.552-0400] {logging_mixin.py:137} INFO - [2023-04-11T23:11:38.552-0400] {dag.py:2693} INFO - Sync 2 DAGs
[2023-04-11T23:11:38.565-0400] {logging_mixin.py:137} INFO - [2023-04-11T23:11:38.565-0400] {dag.py:3444} INFO - Setting next_dagrun for example_external_task_marker_child to None, run_after=None
[2023-04-11T23:11:38.567-0400] {logging_mixin.py:137} INFO - [2023-04-11T23:11:38.567-0400] {dag.py:3444} INFO - Setting next_dagrun for example_external_task_marker_parent to None, run_after=None
[2023-04-11T23:11:38.578-0400] {processor.py:175} INFO - Processing /Users/srivardhan/opt/anaconda3/envs/kafka-pipeline/lib/python3.7/site-packages/airflow/example_dags/example_external_task_marker_dag.py took 0.065 seconds
[2023-04-11T23:12:18.801-0400] {processor.py:153} INFO - Started process (PID=42004) to work on /Users/srivardhan/opt/anaconda3/envs/kafka-pipeline/lib/python3.7/site-packages/airflow/example_dags/example_external_task_marker_dag.py
[2023-04-11T23:12:18.802-0400] {processor.py:743} INFO - Processing file /Users/srivardhan/opt/anaconda3/envs/kafka-pipeline/lib/python3.7/site-packages/airflow/example_dags/example_external_task_marker_dag.py for tasks to queue
[2023-04-11T23:12:18.804-0400] {logging_mixin.py:137} INFO - [2023-04-11T23:12:18.803-0400] {dagbag.py:532} INFO - Filling up the DagBag from /Users/srivardhan/opt/anaconda3/envs/kafka-pipeline/lib/python3.7/site-packages/airflow/example_dags/example_external_task_marker_dag.py
[2023-04-11T23:12:18.814-0400] {processor.py:753} INFO - DAG(s) dict_keys(['example_external_task_marker_parent', 'example_external_task_marker_child']) retrieved from /Users/srivardhan/opt/anaconda3/envs/kafka-pipeline/lib/python3.7/site-packages/airflow/example_dags/example_external_task_marker_dag.py
[2023-04-11T23:12:18.833-0400] {logging_mixin.py:137} INFO - [2023-04-11T23:12:18.833-0400] {dag.py:2693} INFO - Sync 2 DAGs
[2023-04-11T23:12:18.846-0400] {logging_mixin.py:137} INFO - [2023-04-11T23:12:18.846-0400] {dag.py:3444} INFO - Setting next_dagrun for example_external_task_marker_child to None, run_after=None
[2023-04-11T23:12:18.848-0400] {logging_mixin.py:137} INFO - [2023-04-11T23:12:18.848-0400] {dag.py:3444} INFO - Setting next_dagrun for example_external_task_marker_parent to None, run_after=None
[2023-04-11T23:12:18.858-0400] {processor.py:175} INFO - Processing /Users/srivardhan/opt/anaconda3/envs/kafka-pipeline/lib/python3.7/site-packages/airflow/example_dags/example_external_task_marker_dag.py took 0.062 seconds
[2023-04-11T23:13:09.230-0400] {processor.py:153} INFO - Started process (PID=42232) to work on /Users/srivardhan/opt/anaconda3/envs/kafka-pipeline/lib/python3.7/site-packages/airflow/example_dags/example_external_task_marker_dag.py
[2023-04-11T23:13:09.232-0400] {processor.py:743} INFO - Processing file /Users/srivardhan/opt/anaconda3/envs/kafka-pipeline/lib/python3.7/site-packages/airflow/example_dags/example_external_task_marker_dag.py for tasks to queue
[2023-04-11T23:13:09.234-0400] {logging_mixin.py:137} INFO - [2023-04-11T23:13:09.233-0400] {dagbag.py:532} INFO - Filling up the DagBag from /Users/srivardhan/opt/anaconda3/envs/kafka-pipeline/lib/python3.7/site-packages/airflow/example_dags/example_external_task_marker_dag.py
[2023-04-11T23:13:09.244-0400] {processor.py:753} INFO - DAG(s) dict_keys(['example_external_task_marker_child', 'example_external_task_marker_parent']) retrieved from /Users/srivardhan/opt/anaconda3/envs/kafka-pipeline/lib/python3.7/site-packages/airflow/example_dags/example_external_task_marker_dag.py
[2023-04-11T23:13:09.264-0400] {logging_mixin.py:137} INFO - [2023-04-11T23:13:09.263-0400] {dag.py:2693} INFO - Sync 2 DAGs
[2023-04-11T23:13:09.277-0400] {logging_mixin.py:137} INFO - [2023-04-11T23:13:09.277-0400] {dag.py:3444} INFO - Setting next_dagrun for example_external_task_marker_child to None, run_after=None
[2023-04-11T23:13:09.279-0400] {logging_mixin.py:137} INFO - [2023-04-11T23:13:09.279-0400] {dag.py:3444} INFO - Setting next_dagrun for example_external_task_marker_parent to None, run_after=None
[2023-04-11T23:13:09.289-0400] {processor.py:175} INFO - Processing /Users/srivardhan/opt/anaconda3/envs/kafka-pipeline/lib/python3.7/site-packages/airflow/example_dags/example_external_task_marker_dag.py took 0.064 seconds
