[2023-04-11T20:18:53.721-0400] {processor.py:153} INFO - Started process (PID=41043) to work on /Users/srivardhan/opt/anaconda3/envs/kafka-pipeline/lib/python3.7/site-packages/airflow/example_dags/example_task_group_decorator.py
[2023-04-11T20:18:53.723-0400] {processor.py:743} INFO - Processing file /Users/srivardhan/opt/anaconda3/envs/kafka-pipeline/lib/python3.7/site-packages/airflow/example_dags/example_task_group_decorator.py for tasks to queue
[2023-04-11T20:18:53.724-0400] {logging_mixin.py:137} INFO - [2023-04-11T20:18:53.723-0400] {dagbag.py:532} INFO - Filling up the DagBag from /Users/srivardhan/opt/anaconda3/envs/kafka-pipeline/lib/python3.7/site-packages/airflow/example_dags/example_task_group_decorator.py
[2023-04-11T20:18:53.743-0400] {processor.py:753} INFO - DAG(s) dict_keys(['example_task_group_decorator']) retrieved from /Users/srivardhan/opt/anaconda3/envs/kafka-pipeline/lib/python3.7/site-packages/airflow/example_dags/example_task_group_decorator.py
[2023-04-11T20:18:53.760-0400] {logging_mixin.py:137} INFO - [2023-04-11T20:18:53.760-0400] {dag.py:2693} INFO - Sync 1 DAGs
[2023-04-11T20:18:53.771-0400] {logging_mixin.py:137} INFO - [2023-04-11T20:18:53.771-0400] {dag.py:3444} INFO - Setting next_dagrun for example_task_group_decorator to 2023-04-11T00:18:53.771198+00:00, run_after=2023-04-12T00:18:53.771198+00:00
[2023-04-11T20:18:53.782-0400] {processor.py:175} INFO - Processing /Users/srivardhan/opt/anaconda3/envs/kafka-pipeline/lib/python3.7/site-packages/airflow/example_dags/example_task_group_decorator.py took 0.064 seconds
[2023-04-11T21:30:00.652-0400] {processor.py:153} INFO - Started process (PID=41146) to work on /Users/srivardhan/opt/anaconda3/envs/kafka-pipeline/lib/python3.7/site-packages/airflow/example_dags/example_task_group_decorator.py
[2023-04-11T21:30:00.654-0400] {processor.py:743} INFO - Processing file /Users/srivardhan/opt/anaconda3/envs/kafka-pipeline/lib/python3.7/site-packages/airflow/example_dags/example_task_group_decorator.py for tasks to queue
[2023-04-11T21:30:00.655-0400] {logging_mixin.py:137} INFO - [2023-04-11T21:30:00.655-0400] {dagbag.py:532} INFO - Filling up the DagBag from /Users/srivardhan/opt/anaconda3/envs/kafka-pipeline/lib/python3.7/site-packages/airflow/example_dags/example_task_group_decorator.py
[2023-04-11T21:30:00.678-0400] {processor.py:753} INFO - DAG(s) dict_keys(['example_task_group_decorator']) retrieved from /Users/srivardhan/opt/anaconda3/envs/kafka-pipeline/lib/python3.7/site-packages/airflow/example_dags/example_task_group_decorator.py
[2023-04-11T21:30:00.696-0400] {logging_mixin.py:137} INFO - [2023-04-11T21:30:00.696-0400] {dag.py:2693} INFO - Sync 1 DAGs
[2023-04-11T21:30:00.708-0400] {logging_mixin.py:137} INFO - [2023-04-11T21:30:00.708-0400] {dag.py:3444} INFO - Setting next_dagrun for example_task_group_decorator to 2023-04-11T01:30:00.708055+00:00, run_after=2023-04-12T01:30:00.708055+00:00
[2023-04-11T21:30:00.719-0400] {processor.py:175} INFO - Processing /Users/srivardhan/opt/anaconda3/envs/kafka-pipeline/lib/python3.7/site-packages/airflow/example_dags/example_task_group_decorator.py took 0.072 seconds
[2023-04-11T22:00:32.901-0400] {processor.py:153} INFO - Started process (PID=41251) to work on /Users/srivardhan/opt/anaconda3/envs/kafka-pipeline/lib/python3.7/site-packages/airflow/example_dags/example_task_group_decorator.py
[2023-04-11T22:00:32.903-0400] {processor.py:743} INFO - Processing file /Users/srivardhan/opt/anaconda3/envs/kafka-pipeline/lib/python3.7/site-packages/airflow/example_dags/example_task_group_decorator.py for tasks to queue
[2023-04-11T22:00:32.904-0400] {logging_mixin.py:137} INFO - [2023-04-11T22:00:32.904-0400] {dagbag.py:532} INFO - Filling up the DagBag from /Users/srivardhan/opt/anaconda3/envs/kafka-pipeline/lib/python3.7/site-packages/airflow/example_dags/example_task_group_decorator.py
[2023-04-11T22:00:32.929-0400] {processor.py:753} INFO - DAG(s) dict_keys(['example_task_group_decorator']) retrieved from /Users/srivardhan/opt/anaconda3/envs/kafka-pipeline/lib/python3.7/site-packages/airflow/example_dags/example_task_group_decorator.py
[2023-04-11T22:00:32.946-0400] {logging_mixin.py:137} INFO - [2023-04-11T22:00:32.946-0400] {dag.py:2693} INFO - Sync 1 DAGs
[2023-04-11T22:00:32.958-0400] {logging_mixin.py:137} INFO - [2023-04-11T22:00:32.957-0400] {dag.py:3444} INFO - Setting next_dagrun for example_task_group_decorator to 2023-04-11T02:00:32.957722+00:00, run_after=2023-04-12T02:00:32.957722+00:00
[2023-04-11T22:00:32.968-0400] {processor.py:175} INFO - Processing /Users/srivardhan/opt/anaconda3/envs/kafka-pipeline/lib/python3.7/site-packages/airflow/example_dags/example_task_group_decorator.py took 0.072 seconds
[2023-04-11T22:25:56.164-0400] {processor.py:153} INFO - Started process (PID=41326) to work on /Users/srivardhan/opt/anaconda3/envs/kafka-pipeline/lib/python3.7/site-packages/airflow/example_dags/example_task_group_decorator.py
[2023-04-11T22:25:56.165-0400] {processor.py:743} INFO - Processing file /Users/srivardhan/opt/anaconda3/envs/kafka-pipeline/lib/python3.7/site-packages/airflow/example_dags/example_task_group_decorator.py for tasks to queue
[2023-04-11T22:25:56.166-0400] {logging_mixin.py:137} INFO - [2023-04-11T22:25:56.166-0400] {dagbag.py:532} INFO - Filling up the DagBag from /Users/srivardhan/opt/anaconda3/envs/kafka-pipeline/lib/python3.7/site-packages/airflow/example_dags/example_task_group_decorator.py
[2023-04-11T22:25:56.185-0400] {processor.py:753} INFO - DAG(s) dict_keys(['example_task_group_decorator']) retrieved from /Users/srivardhan/opt/anaconda3/envs/kafka-pipeline/lib/python3.7/site-packages/airflow/example_dags/example_task_group_decorator.py
[2023-04-11T22:25:56.200-0400] {logging_mixin.py:137} INFO - [2023-04-11T22:25:56.200-0400] {dag.py:2693} INFO - Sync 1 DAGs
[2023-04-11T22:25:56.212-0400] {logging_mixin.py:137} INFO - [2023-04-11T22:25:56.212-0400] {dag.py:3444} INFO - Setting next_dagrun for example_task_group_decorator to 2023-04-11T02:25:56.211954+00:00, run_after=2023-04-12T02:25:56.211954+00:00
[2023-04-11T22:25:56.223-0400] {processor.py:175} INFO - Processing /Users/srivardhan/opt/anaconda3/envs/kafka-pipeline/lib/python3.7/site-packages/airflow/example_dags/example_task_group_decorator.py took 0.062 seconds
[2023-04-11T22:33:18.372-0400] {processor.py:153} INFO - Started process (PID=41443) to work on /Users/srivardhan/opt/anaconda3/envs/kafka-pipeline/lib/python3.7/site-packages/airflow/example_dags/example_task_group_decorator.py
[2023-04-11T22:33:18.373-0400] {processor.py:743} INFO - Processing file /Users/srivardhan/opt/anaconda3/envs/kafka-pipeline/lib/python3.7/site-packages/airflow/example_dags/example_task_group_decorator.py for tasks to queue
[2023-04-11T22:33:18.374-0400] {logging_mixin.py:137} INFO - [2023-04-11T22:33:18.374-0400] {dagbag.py:532} INFO - Filling up the DagBag from /Users/srivardhan/opt/anaconda3/envs/kafka-pipeline/lib/python3.7/site-packages/airflow/example_dags/example_task_group_decorator.py
[2023-04-11T22:33:18.389-0400] {processor.py:753} INFO - DAG(s) dict_keys(['example_task_group_decorator']) retrieved from /Users/srivardhan/opt/anaconda3/envs/kafka-pipeline/lib/python3.7/site-packages/airflow/example_dags/example_task_group_decorator.py
[2023-04-11T22:33:18.405-0400] {logging_mixin.py:137} INFO - [2023-04-11T22:33:18.405-0400] {dag.py:2693} INFO - Sync 1 DAGs
[2023-04-11T22:33:18.417-0400] {logging_mixin.py:137} INFO - [2023-04-11T22:33:18.416-0400] {dag.py:3444} INFO - Setting next_dagrun for example_task_group_decorator to 2023-04-11T02:33:18.416710+00:00, run_after=2023-04-12T02:33:18.416710+00:00
[2023-04-11T22:33:18.429-0400] {processor.py:175} INFO - Processing /Users/srivardhan/opt/anaconda3/envs/kafka-pipeline/lib/python3.7/site-packages/airflow/example_dags/example_task_group_decorator.py took 0.059 seconds
[2023-04-11T22:45:02.600-0400] {processor.py:153} INFO - Started process (PID=41561) to work on /Users/srivardhan/opt/anaconda3/envs/kafka-pipeline/lib/python3.7/site-packages/airflow/example_dags/example_task_group_decorator.py
[2023-04-11T22:45:02.601-0400] {processor.py:743} INFO - Processing file /Users/srivardhan/opt/anaconda3/envs/kafka-pipeline/lib/python3.7/site-packages/airflow/example_dags/example_task_group_decorator.py for tasks to queue
[2023-04-11T22:45:02.602-0400] {logging_mixin.py:137} INFO - [2023-04-11T22:45:02.602-0400] {dagbag.py:532} INFO - Filling up the DagBag from /Users/srivardhan/opt/anaconda3/envs/kafka-pipeline/lib/python3.7/site-packages/airflow/example_dags/example_task_group_decorator.py
[2023-04-11T22:45:02.620-0400] {processor.py:753} INFO - DAG(s) dict_keys(['example_task_group_decorator']) retrieved from /Users/srivardhan/opt/anaconda3/envs/kafka-pipeline/lib/python3.7/site-packages/airflow/example_dags/example_task_group_decorator.py
[2023-04-11T22:45:02.640-0400] {logging_mixin.py:137} INFO - [2023-04-11T22:45:02.639-0400] {dag.py:2693} INFO - Sync 1 DAGs
[2023-04-11T22:45:02.654-0400] {logging_mixin.py:137} INFO - [2023-04-11T22:45:02.654-0400] {dag.py:3444} INFO - Setting next_dagrun for example_task_group_decorator to 2023-04-11T02:45:02.654214+00:00, run_after=2023-04-12T02:45:02.654214+00:00
[2023-04-11T22:45:02.668-0400] {processor.py:175} INFO - Processing /Users/srivardhan/opt/anaconda3/envs/kafka-pipeline/lib/python3.7/site-packages/airflow/example_dags/example_task_group_decorator.py took 0.071 seconds
[2023-04-11T23:09:55.285-0400] {processor.py:153} INFO - Started process (PID=41653) to work on /Users/srivardhan/opt/anaconda3/envs/kafka-pipeline/lib/python3.7/site-packages/airflow/example_dags/example_task_group_decorator.py
[2023-04-11T23:09:55.286-0400] {processor.py:743} INFO - Processing file /Users/srivardhan/opt/anaconda3/envs/kafka-pipeline/lib/python3.7/site-packages/airflow/example_dags/example_task_group_decorator.py for tasks to queue
[2023-04-11T23:09:55.287-0400] {logging_mixin.py:137} INFO - [2023-04-11T23:09:55.287-0400] {dagbag.py:532} INFO - Filling up the DagBag from /Users/srivardhan/opt/anaconda3/envs/kafka-pipeline/lib/python3.7/site-packages/airflow/example_dags/example_task_group_decorator.py
[2023-04-11T23:09:55.302-0400] {processor.py:753} INFO - DAG(s) dict_keys(['example_task_group_decorator']) retrieved from /Users/srivardhan/opt/anaconda3/envs/kafka-pipeline/lib/python3.7/site-packages/airflow/example_dags/example_task_group_decorator.py
[2023-04-11T23:09:55.318-0400] {logging_mixin.py:137} INFO - [2023-04-11T23:09:55.318-0400] {dag.py:2693} INFO - Sync 1 DAGs
[2023-04-11T23:09:55.334-0400] {logging_mixin.py:137} INFO - [2023-04-11T23:09:55.333-0400] {dag.py:3444} INFO - Setting next_dagrun for example_task_group_decorator to 2023-04-11T03:09:55.333462+00:00, run_after=2023-04-12T03:09:55.333462+00:00
[2023-04-11T23:09:55.346-0400] {processor.py:175} INFO - Processing /Users/srivardhan/opt/anaconda3/envs/kafka-pipeline/lib/python3.7/site-packages/airflow/example_dags/example_task_group_decorator.py took 0.064 seconds
[2023-04-11T23:10:38.281-0400] {processor.py:153} INFO - Started process (PID=41766) to work on /Users/srivardhan/opt/anaconda3/envs/kafka-pipeline/lib/python3.7/site-packages/airflow/example_dags/example_task_group_decorator.py
[2023-04-11T23:10:38.282-0400] {processor.py:743} INFO - Processing file /Users/srivardhan/opt/anaconda3/envs/kafka-pipeline/lib/python3.7/site-packages/airflow/example_dags/example_task_group_decorator.py for tasks to queue
[2023-04-11T23:10:38.283-0400] {logging_mixin.py:137} INFO - [2023-04-11T23:10:38.282-0400] {dagbag.py:532} INFO - Filling up the DagBag from /Users/srivardhan/opt/anaconda3/envs/kafka-pipeline/lib/python3.7/site-packages/airflow/example_dags/example_task_group_decorator.py
[2023-04-11T23:10:38.301-0400] {processor.py:753} INFO - DAG(s) dict_keys(['example_task_group_decorator']) retrieved from /Users/srivardhan/opt/anaconda3/envs/kafka-pipeline/lib/python3.7/site-packages/airflow/example_dags/example_task_group_decorator.py
[2023-04-11T23:10:38.322-0400] {logging_mixin.py:137} INFO - [2023-04-11T23:10:38.322-0400] {dag.py:2693} INFO - Sync 1 DAGs
[2023-04-11T23:10:38.335-0400] {logging_mixin.py:137} INFO - [2023-04-11T23:10:38.335-0400] {dag.py:3444} INFO - Setting next_dagrun for example_task_group_decorator to 2023-04-11T03:10:38.335168+00:00, run_after=2023-04-12T03:10:38.335168+00:00
[2023-04-11T23:10:38.348-0400] {processor.py:175} INFO - Processing /Users/srivardhan/opt/anaconda3/envs/kafka-pipeline/lib/python3.7/site-packages/airflow/example_dags/example_task_group_decorator.py took 0.070 seconds
[2023-04-11T23:11:20.653-0400] {processor.py:153} INFO - Started process (PID=41873) to work on /Users/srivardhan/opt/anaconda3/envs/kafka-pipeline/lib/python3.7/site-packages/airflow/example_dags/example_task_group_decorator.py
[2023-04-11T23:11:20.654-0400] {processor.py:743} INFO - Processing file /Users/srivardhan/opt/anaconda3/envs/kafka-pipeline/lib/python3.7/site-packages/airflow/example_dags/example_task_group_decorator.py for tasks to queue
[2023-04-11T23:11:20.654-0400] {logging_mixin.py:137} INFO - [2023-04-11T23:11:20.654-0400] {dagbag.py:532} INFO - Filling up the DagBag from /Users/srivardhan/opt/anaconda3/envs/kafka-pipeline/lib/python3.7/site-packages/airflow/example_dags/example_task_group_decorator.py
[2023-04-11T23:11:20.670-0400] {processor.py:753} INFO - DAG(s) dict_keys(['example_task_group_decorator']) retrieved from /Users/srivardhan/opt/anaconda3/envs/kafka-pipeline/lib/python3.7/site-packages/airflow/example_dags/example_task_group_decorator.py
[2023-04-11T23:11:20.685-0400] {logging_mixin.py:137} INFO - [2023-04-11T23:11:20.685-0400] {dag.py:2693} INFO - Sync 1 DAGs
[2023-04-11T23:11:20.697-0400] {logging_mixin.py:137} INFO - [2023-04-11T23:11:20.697-0400] {dag.py:3444} INFO - Setting next_dagrun for example_task_group_decorator to 2023-04-11T03:11:20.697122+00:00, run_after=2023-04-12T03:11:20.697122+00:00
[2023-04-11T23:11:20.708-0400] {processor.py:175} INFO - Processing /Users/srivardhan/opt/anaconda3/envs/kafka-pipeline/lib/python3.7/site-packages/airflow/example_dags/example_task_group_decorator.py took 0.058 seconds
[2023-04-11T23:12:01.842-0400] {processor.py:153} INFO - Started process (PID=41966) to work on /Users/srivardhan/opt/anaconda3/envs/kafka-pipeline/lib/python3.7/site-packages/airflow/example_dags/example_task_group_decorator.py
[2023-04-11T23:12:01.844-0400] {processor.py:743} INFO - Processing file /Users/srivardhan/opt/anaconda3/envs/kafka-pipeline/lib/python3.7/site-packages/airflow/example_dags/example_task_group_decorator.py for tasks to queue
[2023-04-11T23:12:01.845-0400] {logging_mixin.py:137} INFO - [2023-04-11T23:12:01.845-0400] {dagbag.py:532} INFO - Filling up the DagBag from /Users/srivardhan/opt/anaconda3/envs/kafka-pipeline/lib/python3.7/site-packages/airflow/example_dags/example_task_group_decorator.py
[2023-04-11T23:12:01.870-0400] {processor.py:753} INFO - DAG(s) dict_keys(['example_task_group_decorator']) retrieved from /Users/srivardhan/opt/anaconda3/envs/kafka-pipeline/lib/python3.7/site-packages/airflow/example_dags/example_task_group_decorator.py
[2023-04-11T23:12:01.887-0400] {logging_mixin.py:137} INFO - [2023-04-11T23:12:01.887-0400] {dag.py:2693} INFO - Sync 1 DAGs
[2023-04-11T23:12:01.899-0400] {logging_mixin.py:137} INFO - [2023-04-11T23:12:01.899-0400] {dag.py:3444} INFO - Setting next_dagrun for example_task_group_decorator to 2023-04-11T03:12:01.898955+00:00, run_after=2023-04-12T03:12:01.898955+00:00
[2023-04-11T23:12:01.911-0400] {processor.py:175} INFO - Processing /Users/srivardhan/opt/anaconda3/envs/kafka-pipeline/lib/python3.7/site-packages/airflow/example_dags/example_task_group_decorator.py took 0.073 seconds
[2023-04-11T23:12:41.305-0400] {processor.py:153} INFO - Started process (PID=42169) to work on /Users/srivardhan/opt/anaconda3/envs/kafka-pipeline/lib/python3.7/site-packages/airflow/example_dags/example_task_group_decorator.py
[2023-04-11T23:12:41.307-0400] {processor.py:743} INFO - Processing file /Users/srivardhan/opt/anaconda3/envs/kafka-pipeline/lib/python3.7/site-packages/airflow/example_dags/example_task_group_decorator.py for tasks to queue
[2023-04-11T23:12:41.308-0400] {logging_mixin.py:137} INFO - [2023-04-11T23:12:41.308-0400] {dagbag.py:532} INFO - Filling up the DagBag from /Users/srivardhan/opt/anaconda3/envs/kafka-pipeline/lib/python3.7/site-packages/airflow/example_dags/example_task_group_decorator.py
[2023-04-11T23:12:41.331-0400] {processor.py:753} INFO - DAG(s) dict_keys(['example_task_group_decorator']) retrieved from /Users/srivardhan/opt/anaconda3/envs/kafka-pipeline/lib/python3.7/site-packages/airflow/example_dags/example_task_group_decorator.py
[2023-04-11T23:12:41.352-0400] {logging_mixin.py:137} INFO - [2023-04-11T23:12:41.352-0400] {dag.py:2693} INFO - Sync 1 DAGs
[2023-04-11T23:12:41.366-0400] {logging_mixin.py:137} INFO - [2023-04-11T23:12:41.366-0400] {dag.py:3444} INFO - Setting next_dagrun for example_task_group_decorator to 2023-04-11T03:12:41.366432+00:00, run_after=2023-04-12T03:12:41.366432+00:00
[2023-04-11T23:12:41.378-0400] {processor.py:175} INFO - Processing /Users/srivardhan/opt/anaconda3/envs/kafka-pipeline/lib/python3.7/site-packages/airflow/example_dags/example_task_group_decorator.py took 0.076 seconds
[2023-04-11T23:13:20.734-0400] {processor.py:153} INFO - Started process (PID=42257) to work on /Users/srivardhan/opt/anaconda3/envs/kafka-pipeline/lib/python3.7/site-packages/airflow/example_dags/example_task_group_decorator.py
[2023-04-11T23:13:20.736-0400] {processor.py:743} INFO - Processing file /Users/srivardhan/opt/anaconda3/envs/kafka-pipeline/lib/python3.7/site-packages/airflow/example_dags/example_task_group_decorator.py for tasks to queue
[2023-04-11T23:13:20.737-0400] {logging_mixin.py:137} INFO - [2023-04-11T23:13:20.737-0400] {dagbag.py:532} INFO - Filling up the DagBag from /Users/srivardhan/opt/anaconda3/envs/kafka-pipeline/lib/python3.7/site-packages/airflow/example_dags/example_task_group_decorator.py
[2023-04-11T23:13:20.763-0400] {processor.py:753} INFO - DAG(s) dict_keys(['example_task_group_decorator']) retrieved from /Users/srivardhan/opt/anaconda3/envs/kafka-pipeline/lib/python3.7/site-packages/airflow/example_dags/example_task_group_decorator.py
[2023-04-11T23:13:20.782-0400] {logging_mixin.py:137} INFO - [2023-04-11T23:13:20.781-0400] {dag.py:2693} INFO - Sync 1 DAGs
[2023-04-11T23:13:20.793-0400] {logging_mixin.py:137} INFO - [2023-04-11T23:13:20.793-0400] {dag.py:3444} INFO - Setting next_dagrun for example_task_group_decorator to 2023-04-11T03:13:20.793194+00:00, run_after=2023-04-12T03:13:20.793194+00:00
[2023-04-11T23:13:20.804-0400] {processor.py:175} INFO - Processing /Users/srivardhan/opt/anaconda3/envs/kafka-pipeline/lib/python3.7/site-packages/airflow/example_dags/example_task_group_decorator.py took 0.074 seconds
