[2023-04-11T21:52:38.253-0400] {processor.py:153} INFO - Started process (PID=41210) to work on /Users/srivardhan/opt/anaconda3/envs/kafka-pipeline/lib/python3.7/site-packages/airflow/example_dags/example_branch_labels.py
[2023-04-11T21:52:38.255-0400] {processor.py:743} INFO - Processing file /Users/srivardhan/opt/anaconda3/envs/kafka-pipeline/lib/python3.7/site-packages/airflow/example_dags/example_branch_labels.py for tasks to queue
[2023-04-11T21:52:38.256-0400] {logging_mixin.py:137} INFO - [2023-04-11T21:52:38.256-0400] {dagbag.py:532} INFO - Filling up the DagBag from /Users/srivardhan/opt/anaconda3/envs/kafka-pipeline/lib/python3.7/site-packages/airflow/example_dags/example_branch_labels.py
[2023-04-11T21:52:38.267-0400] {processor.py:753} INFO - DAG(s) dict_keys(['example_branch_labels']) retrieved from /Users/srivardhan/opt/anaconda3/envs/kafka-pipeline/lib/python3.7/site-packages/airflow/example_dags/example_branch_labels.py
[2023-04-11T21:52:38.286-0400] {logging_mixin.py:137} INFO - [2023-04-11T21:52:38.286-0400] {dag.py:2693} INFO - Sync 1 DAGs
[2023-04-11T21:52:38.301-0400] {logging_mixin.py:137} INFO - [2023-04-11T21:52:38.301-0400] {dag.py:3444} INFO - Setting next_dagrun for example_branch_labels to 2023-04-11T00:00:00+00:00, run_after=2023-04-12T00:00:00+00:00
[2023-04-11T21:52:38.313-0400] {processor.py:175} INFO - Processing /Users/srivardhan/opt/anaconda3/envs/kafka-pipeline/lib/python3.7/site-packages/airflow/example_dags/example_branch_labels.py took 0.064 seconds
[2023-04-11T22:27:23.868-0400] {processor.py:153} INFO - Started process (PID=41369) to work on /Users/srivardhan/opt/anaconda3/envs/kafka-pipeline/lib/python3.7/site-packages/airflow/example_dags/example_branch_labels.py
[2023-04-11T22:27:23.870-0400] {processor.py:743} INFO - Processing file /Users/srivardhan/opt/anaconda3/envs/kafka-pipeline/lib/python3.7/site-packages/airflow/example_dags/example_branch_labels.py for tasks to queue
[2023-04-11T22:27:23.871-0400] {logging_mixin.py:137} INFO - [2023-04-11T22:27:23.871-0400] {dagbag.py:532} INFO - Filling up the DagBag from /Users/srivardhan/opt/anaconda3/envs/kafka-pipeline/lib/python3.7/site-packages/airflow/example_dags/example_branch_labels.py
[2023-04-11T22:27:23.877-0400] {processor.py:753} INFO - DAG(s) dict_keys(['example_branch_labels']) retrieved from /Users/srivardhan/opt/anaconda3/envs/kafka-pipeline/lib/python3.7/site-packages/airflow/example_dags/example_branch_labels.py
[2023-04-11T22:27:23.890-0400] {logging_mixin.py:137} INFO - [2023-04-11T22:27:23.890-0400] {dag.py:2693} INFO - Sync 1 DAGs
[2023-04-11T22:27:23.903-0400] {logging_mixin.py:137} INFO - [2023-04-11T22:27:23.902-0400] {dag.py:3444} INFO - Setting next_dagrun for example_branch_labels to 2023-04-11T00:00:00+00:00, run_after=2023-04-12T00:00:00+00:00
[2023-04-11T22:27:23.913-0400] {processor.py:175} INFO - Processing /Users/srivardhan/opt/anaconda3/envs/kafka-pipeline/lib/python3.7/site-packages/airflow/example_dags/example_branch_labels.py took 0.047 seconds
[2023-04-11T23:01:31.522-0400] {processor.py:153} INFO - Started process (PID=41588) to work on /Users/srivardhan/opt/anaconda3/envs/kafka-pipeline/lib/python3.7/site-packages/airflow/example_dags/example_branch_labels.py
[2023-04-11T23:01:31.524-0400] {processor.py:743} INFO - Processing file /Users/srivardhan/opt/anaconda3/envs/kafka-pipeline/lib/python3.7/site-packages/airflow/example_dags/example_branch_labels.py for tasks to queue
[2023-04-11T23:01:31.525-0400] {logging_mixin.py:137} INFO - [2023-04-11T23:01:31.525-0400] {dagbag.py:532} INFO - Filling up the DagBag from /Users/srivardhan/opt/anaconda3/envs/kafka-pipeline/lib/python3.7/site-packages/airflow/example_dags/example_branch_labels.py
[2023-04-11T23:01:31.530-0400] {processor.py:753} INFO - DAG(s) dict_keys(['example_branch_labels']) retrieved from /Users/srivardhan/opt/anaconda3/envs/kafka-pipeline/lib/python3.7/site-packages/airflow/example_dags/example_branch_labels.py
[2023-04-11T23:01:31.543-0400] {logging_mixin.py:137} INFO - [2023-04-11T23:01:31.543-0400] {dag.py:2693} INFO - Sync 1 DAGs
[2023-04-11T23:01:31.556-0400] {logging_mixin.py:137} INFO - [2023-04-11T23:01:31.556-0400] {dag.py:3444} INFO - Setting next_dagrun for example_branch_labels to 2023-04-11T00:00:00+00:00, run_after=2023-04-12T00:00:00+00:00
[2023-04-11T23:01:31.566-0400] {processor.py:175} INFO - Processing /Users/srivardhan/opt/anaconda3/envs/kafka-pipeline/lib/python3.7/site-packages/airflow/example_dags/example_branch_labels.py took 0.046 seconds
[2023-04-11T23:10:19.912-0400] {processor.py:153} INFO - Started process (PID=41704) to work on /Users/srivardhan/opt/anaconda3/envs/kafka-pipeline/lib/python3.7/site-packages/airflow/example_dags/example_branch_labels.py
[2023-04-11T23:10:19.915-0400] {processor.py:743} INFO - Processing file /Users/srivardhan/opt/anaconda3/envs/kafka-pipeline/lib/python3.7/site-packages/airflow/example_dags/example_branch_labels.py for tasks to queue
[2023-04-11T23:10:19.916-0400] {logging_mixin.py:137} INFO - [2023-04-11T23:10:19.915-0400] {dagbag.py:532} INFO - Filling up the DagBag from /Users/srivardhan/opt/anaconda3/envs/kafka-pipeline/lib/python3.7/site-packages/airflow/example_dags/example_branch_labels.py
[2023-04-11T23:10:19.925-0400] {processor.py:753} INFO - DAG(s) dict_keys(['example_branch_labels']) retrieved from /Users/srivardhan/opt/anaconda3/envs/kafka-pipeline/lib/python3.7/site-packages/airflow/example_dags/example_branch_labels.py
[2023-04-11T23:10:19.944-0400] {logging_mixin.py:137} INFO - [2023-04-11T23:10:19.944-0400] {dag.py:2693} INFO - Sync 1 DAGs
[2023-04-11T23:10:19.959-0400] {logging_mixin.py:137} INFO - [2023-04-11T23:10:19.958-0400] {dag.py:3444} INFO - Setting next_dagrun for example_branch_labels to 2023-04-11T00:00:00+00:00, run_after=2023-04-12T00:00:00+00:00
[2023-04-11T23:10:19.970-0400] {processor.py:175} INFO - Processing /Users/srivardhan/opt/anaconda3/envs/kafka-pipeline/lib/python3.7/site-packages/airflow/example_dags/example_branch_labels.py took 0.061 seconds
[2023-04-11T23:11:03.458-0400] {processor.py:153} INFO - Started process (PID=41836) to work on /Users/srivardhan/opt/anaconda3/envs/kafka-pipeline/lib/python3.7/site-packages/airflow/example_dags/example_branch_labels.py
[2023-04-11T23:11:03.460-0400] {processor.py:743} INFO - Processing file /Users/srivardhan/opt/anaconda3/envs/kafka-pipeline/lib/python3.7/site-packages/airflow/example_dags/example_branch_labels.py for tasks to queue
[2023-04-11T23:11:03.461-0400] {logging_mixin.py:137} INFO - [2023-04-11T23:11:03.461-0400] {dagbag.py:532} INFO - Filling up the DagBag from /Users/srivardhan/opt/anaconda3/envs/kafka-pipeline/lib/python3.7/site-packages/airflow/example_dags/example_branch_labels.py
[2023-04-11T23:11:03.472-0400] {processor.py:753} INFO - DAG(s) dict_keys(['example_branch_labels']) retrieved from /Users/srivardhan/opt/anaconda3/envs/kafka-pipeline/lib/python3.7/site-packages/airflow/example_dags/example_branch_labels.py
[2023-04-11T23:11:03.490-0400] {logging_mixin.py:137} INFO - [2023-04-11T23:11:03.490-0400] {dag.py:2693} INFO - Sync 1 DAGs
[2023-04-11T23:11:03.504-0400] {logging_mixin.py:137} INFO - [2023-04-11T23:11:03.504-0400] {dag.py:3444} INFO - Setting next_dagrun for example_branch_labels to 2023-04-11T00:00:00+00:00, run_after=2023-04-12T00:00:00+00:00
[2023-04-11T23:11:03.515-0400] {processor.py:175} INFO - Processing /Users/srivardhan/opt/anaconda3/envs/kafka-pipeline/lib/python3.7/site-packages/airflow/example_dags/example_branch_labels.py took 0.060 seconds
[2023-04-11T23:11:56.852-0400] {processor.py:153} INFO - Started process (PID=41957) to work on /Users/srivardhan/opt/anaconda3/envs/kafka-pipeline/lib/python3.7/site-packages/airflow/example_dags/example_branch_labels.py
[2023-04-11T23:11:56.853-0400] {processor.py:743} INFO - Processing file /Users/srivardhan/opt/anaconda3/envs/kafka-pipeline/lib/python3.7/site-packages/airflow/example_dags/example_branch_labels.py for tasks to queue
[2023-04-11T23:11:56.855-0400] {logging_mixin.py:137} INFO - [2023-04-11T23:11:56.854-0400] {dagbag.py:532} INFO - Filling up the DagBag from /Users/srivardhan/opt/anaconda3/envs/kafka-pipeline/lib/python3.7/site-packages/airflow/example_dags/example_branch_labels.py
[2023-04-11T23:11:56.864-0400] {processor.py:753} INFO - DAG(s) dict_keys(['example_branch_labels']) retrieved from /Users/srivardhan/opt/anaconda3/envs/kafka-pipeline/lib/python3.7/site-packages/airflow/example_dags/example_branch_labels.py
[2023-04-11T23:11:56.883-0400] {logging_mixin.py:137} INFO - [2023-04-11T23:11:56.883-0400] {dag.py:2693} INFO - Sync 1 DAGs
[2023-04-11T23:11:56.897-0400] {logging_mixin.py:137} INFO - [2023-04-11T23:11:56.897-0400] {dag.py:3444} INFO - Setting next_dagrun for example_branch_labels to 2023-04-11T00:00:00+00:00, run_after=2023-04-12T00:00:00+00:00
[2023-04-11T23:11:56.908-0400] {processor.py:175} INFO - Processing /Users/srivardhan/opt/anaconda3/envs/kafka-pipeline/lib/python3.7/site-packages/airflow/example_dags/example_branch_labels.py took 0.061 seconds
[2023-04-11T23:12:45.793-0400] {processor.py:153} INFO - Started process (PID=42181) to work on /Users/srivardhan/opt/anaconda3/envs/kafka-pipeline/lib/python3.7/site-packages/airflow/example_dags/example_branch_labels.py
[2023-04-11T23:12:45.795-0400] {processor.py:743} INFO - Processing file /Users/srivardhan/opt/anaconda3/envs/kafka-pipeline/lib/python3.7/site-packages/airflow/example_dags/example_branch_labels.py for tasks to queue
[2023-04-11T23:12:45.797-0400] {logging_mixin.py:137} INFO - [2023-04-11T23:12:45.796-0400] {dagbag.py:532} INFO - Filling up the DagBag from /Users/srivardhan/opt/anaconda3/envs/kafka-pipeline/lib/python3.7/site-packages/airflow/example_dags/example_branch_labels.py
[2023-04-11T23:12:45.807-0400] {processor.py:753} INFO - DAG(s) dict_keys(['example_branch_labels']) retrieved from /Users/srivardhan/opt/anaconda3/envs/kafka-pipeline/lib/python3.7/site-packages/airflow/example_dags/example_branch_labels.py
[2023-04-11T23:12:45.826-0400] {logging_mixin.py:137} INFO - [2023-04-11T23:12:45.826-0400] {dag.py:2693} INFO - Sync 1 DAGs
[2023-04-11T23:12:45.841-0400] {logging_mixin.py:137} INFO - [2023-04-11T23:12:45.840-0400] {dag.py:3444} INFO - Setting next_dagrun for example_branch_labels to 2023-04-11T00:00:00+00:00, run_after=2023-04-12T00:00:00+00:00
[2023-04-11T23:12:45.851-0400] {processor.py:175} INFO - Processing /Users/srivardhan/opt/anaconda3/envs/kafka-pipeline/lib/python3.7/site-packages/airflow/example_dags/example_branch_labels.py took 0.062 seconds
[2023-04-11T23:13:38.700-0400] {processor.py:153} INFO - Started process (PID=42293) to work on /Users/srivardhan/opt/anaconda3/envs/kafka-pipeline/lib/python3.7/site-packages/airflow/example_dags/example_branch_labels.py
[2023-04-11T23:13:38.701-0400] {processor.py:743} INFO - Processing file /Users/srivardhan/opt/anaconda3/envs/kafka-pipeline/lib/python3.7/site-packages/airflow/example_dags/example_branch_labels.py for tasks to queue
[2023-04-11T23:13:38.703-0400] {logging_mixin.py:137} INFO - [2023-04-11T23:13:38.702-0400] {dagbag.py:532} INFO - Filling up the DagBag from /Users/srivardhan/opt/anaconda3/envs/kafka-pipeline/lib/python3.7/site-packages/airflow/example_dags/example_branch_labels.py
[2023-04-11T23:13:38.715-0400] {processor.py:753} INFO - DAG(s) dict_keys(['example_branch_labels']) retrieved from /Users/srivardhan/opt/anaconda3/envs/kafka-pipeline/lib/python3.7/site-packages/airflow/example_dags/example_branch_labels.py
[2023-04-11T23:13:38.734-0400] {logging_mixin.py:137} INFO - [2023-04-11T23:13:38.733-0400] {dag.py:2693} INFO - Sync 1 DAGs
[2023-04-11T23:13:38.748-0400] {logging_mixin.py:137} INFO - [2023-04-11T23:13:38.748-0400] {dag.py:3444} INFO - Setting next_dagrun for example_branch_labels to 2023-04-11T00:00:00+00:00, run_after=2023-04-12T00:00:00+00:00
[2023-04-11T23:13:38.758-0400] {processor.py:175} INFO - Processing /Users/srivardhan/opt/anaconda3/envs/kafka-pipeline/lib/python3.7/site-packages/airflow/example_dags/example_branch_labels.py took 0.063 seconds
