[2023-04-11T20:45:08.664-0400] {processor.py:153} INFO - Started process (PID=41088) to work on /Users/srivardhan/opt/anaconda3/envs/kafka-pipeline/lib/python3.7/site-packages/airflow/example_dags/example_latest_only_with_trigger.py
[2023-04-11T20:45:08.666-0400] {processor.py:743} INFO - Processing file /Users/srivardhan/opt/anaconda3/envs/kafka-pipeline/lib/python3.7/site-packages/airflow/example_dags/example_latest_only_with_trigger.py for tasks to queue
[2023-04-11T20:45:08.667-0400] {logging_mixin.py:137} INFO - [2023-04-11T20:45:08.667-0400] {dagbag.py:532} INFO - Filling up the DagBag from /Users/srivardhan/opt/anaconda3/envs/kafka-pipeline/lib/python3.7/site-packages/airflow/example_dags/example_latest_only_with_trigger.py
[2023-04-11T20:45:08.679-0400] {processor.py:753} INFO - DAG(s) dict_keys(['latest_only_with_trigger']) retrieved from /Users/srivardhan/opt/anaconda3/envs/kafka-pipeline/lib/python3.7/site-packages/airflow/example_dags/example_latest_only_with_trigger.py
[2023-04-11T20:45:08.699-0400] {logging_mixin.py:137} INFO - [2023-04-11T20:45:08.698-0400] {dag.py:2693} INFO - Sync 1 DAGs
[2023-04-11T20:45:08.713-0400] {logging_mixin.py:137} INFO - [2023-04-11T20:45:08.712-0400] {dag.py:3444} INFO - Setting next_dagrun for latest_only_with_trigger to 2023-04-11T20:45:08.712616+00:00, run_after=2023-04-12T00:45:08.712616+00:00
[2023-04-11T20:45:08.724-0400] {processor.py:175} INFO - Processing /Users/srivardhan/opt/anaconda3/envs/kafka-pipeline/lib/python3.7/site-packages/airflow/example_dags/example_latest_only_with_trigger.py took 0.065 seconds
[2023-04-11T21:47:14.273-0400] {processor.py:153} INFO - Started process (PID=41180) to work on /Users/srivardhan/opt/anaconda3/envs/kafka-pipeline/lib/python3.7/site-packages/airflow/example_dags/example_latest_only_with_trigger.py
[2023-04-11T21:47:14.274-0400] {processor.py:743} INFO - Processing file /Users/srivardhan/opt/anaconda3/envs/kafka-pipeline/lib/python3.7/site-packages/airflow/example_dags/example_latest_only_with_trigger.py for tasks to queue
[2023-04-11T21:47:14.275-0400] {logging_mixin.py:137} INFO - [2023-04-11T21:47:14.274-0400] {dagbag.py:532} INFO - Filling up the DagBag from /Users/srivardhan/opt/anaconda3/envs/kafka-pipeline/lib/python3.7/site-packages/airflow/example_dags/example_latest_only_with_trigger.py
[2023-04-11T21:47:14.282-0400] {processor.py:753} INFO - DAG(s) dict_keys(['latest_only_with_trigger']) retrieved from /Users/srivardhan/opt/anaconda3/envs/kafka-pipeline/lib/python3.7/site-packages/airflow/example_dags/example_latest_only_with_trigger.py
[2023-04-11T21:47:14.296-0400] {logging_mixin.py:137} INFO - [2023-04-11T21:47:14.296-0400] {dag.py:2693} INFO - Sync 1 DAGs
[2023-04-11T21:47:14.308-0400] {logging_mixin.py:137} INFO - [2023-04-11T21:47:14.308-0400] {dag.py:3444} INFO - Setting next_dagrun for latest_only_with_trigger to 2023-04-11T21:47:14.307969+00:00, run_after=2023-04-12T01:47:14.307969+00:00
[2023-04-11T21:47:14.319-0400] {processor.py:175} INFO - Processing /Users/srivardhan/opt/anaconda3/envs/kafka-pipeline/lib/python3.7/site-packages/airflow/example_dags/example_latest_only_with_trigger.py took 0.050 seconds
[2023-04-11T22:09:39.947-0400] {processor.py:153} INFO - Started process (PID=41286) to work on /Users/srivardhan/opt/anaconda3/envs/kafka-pipeline/lib/python3.7/site-packages/airflow/example_dags/example_latest_only_with_trigger.py
[2023-04-11T22:09:39.950-0400] {processor.py:743} INFO - Processing file /Users/srivardhan/opt/anaconda3/envs/kafka-pipeline/lib/python3.7/site-packages/airflow/example_dags/example_latest_only_with_trigger.py for tasks to queue
[2023-04-11T22:09:39.951-0400] {logging_mixin.py:137} INFO - [2023-04-11T22:09:39.951-0400] {dagbag.py:532} INFO - Filling up the DagBag from /Users/srivardhan/opt/anaconda3/envs/kafka-pipeline/lib/python3.7/site-packages/airflow/example_dags/example_latest_only_with_trigger.py
[2023-04-11T22:09:39.963-0400] {processor.py:753} INFO - DAG(s) dict_keys(['latest_only_with_trigger']) retrieved from /Users/srivardhan/opt/anaconda3/envs/kafka-pipeline/lib/python3.7/site-packages/airflow/example_dags/example_latest_only_with_trigger.py
[2023-04-11T22:09:39.982-0400] {logging_mixin.py:137} INFO - [2023-04-11T22:09:39.982-0400] {dag.py:2693} INFO - Sync 1 DAGs
[2023-04-11T22:09:39.995-0400] {logging_mixin.py:137} INFO - [2023-04-11T22:09:39.995-0400] {dag.py:3444} INFO - Setting next_dagrun for latest_only_with_trigger to 2023-04-11T22:09:39.995271+00:00, run_after=2023-04-12T02:09:39.995271+00:00
[2023-04-11T22:09:40.006-0400] {processor.py:175} INFO - Processing /Users/srivardhan/opt/anaconda3/envs/kafka-pipeline/lib/python3.7/site-packages/airflow/example_dags/example_latest_only_with_trigger.py took 0.063 seconds
[2023-04-11T22:34:57.830-0400] {processor.py:153} INFO - Started process (PID=41492) to work on /Users/srivardhan/opt/anaconda3/envs/kafka-pipeline/lib/python3.7/site-packages/airflow/example_dags/example_latest_only_with_trigger.py
[2023-04-11T22:34:57.832-0400] {processor.py:743} INFO - Processing file /Users/srivardhan/opt/anaconda3/envs/kafka-pipeline/lib/python3.7/site-packages/airflow/example_dags/example_latest_only_with_trigger.py for tasks to queue
[2023-04-11T22:34:57.834-0400] {logging_mixin.py:137} INFO - [2023-04-11T22:34:57.833-0400] {dagbag.py:532} INFO - Filling up the DagBag from /Users/srivardhan/opt/anaconda3/envs/kafka-pipeline/lib/python3.7/site-packages/airflow/example_dags/example_latest_only_with_trigger.py
[2023-04-11T22:34:57.845-0400] {processor.py:753} INFO - DAG(s) dict_keys(['latest_only_with_trigger']) retrieved from /Users/srivardhan/opt/anaconda3/envs/kafka-pipeline/lib/python3.7/site-packages/airflow/example_dags/example_latest_only_with_trigger.py
[2023-04-11T22:34:57.864-0400] {logging_mixin.py:137} INFO - [2023-04-11T22:34:57.863-0400] {dag.py:2693} INFO - Sync 1 DAGs
[2023-04-11T22:34:57.877-0400] {logging_mixin.py:137} INFO - [2023-04-11T22:34:57.877-0400] {dag.py:3444} INFO - Setting next_dagrun for latest_only_with_trigger to 2023-04-11T22:34:57.877010+00:00, run_after=2023-04-12T02:34:57.877010+00:00
[2023-04-11T22:34:57.888-0400] {processor.py:175} INFO - Processing /Users/srivardhan/opt/anaconda3/envs/kafka-pipeline/lib/python3.7/site-packages/airflow/example_dags/example_latest_only_with_trigger.py took 0.062 seconds
[2023-04-11T23:10:08.420-0400] {processor.py:153} INFO - Started process (PID=41681) to work on /Users/srivardhan/opt/anaconda3/envs/kafka-pipeline/lib/python3.7/site-packages/airflow/example_dags/example_latest_only_with_trigger.py
[2023-04-11T23:10:08.421-0400] {processor.py:743} INFO - Processing file /Users/srivardhan/opt/anaconda3/envs/kafka-pipeline/lib/python3.7/site-packages/airflow/example_dags/example_latest_only_with_trigger.py for tasks to queue
[2023-04-11T23:10:08.422-0400] {logging_mixin.py:137} INFO - [2023-04-11T23:10:08.422-0400] {dagbag.py:532} INFO - Filling up the DagBag from /Users/srivardhan/opt/anaconda3/envs/kafka-pipeline/lib/python3.7/site-packages/airflow/example_dags/example_latest_only_with_trigger.py
[2023-04-11T23:10:08.429-0400] {processor.py:753} INFO - DAG(s) dict_keys(['latest_only_with_trigger']) retrieved from /Users/srivardhan/opt/anaconda3/envs/kafka-pipeline/lib/python3.7/site-packages/airflow/example_dags/example_latest_only_with_trigger.py
[2023-04-11T23:10:08.445-0400] {logging_mixin.py:137} INFO - [2023-04-11T23:10:08.445-0400] {dag.py:2693} INFO - Sync 1 DAGs
[2023-04-11T23:10:08.457-0400] {logging_mixin.py:137} INFO - [2023-04-11T23:10:08.457-0400] {dag.py:3444} INFO - Setting next_dagrun for latest_only_with_trigger to 2023-04-11T23:10:08.457360+00:00, run_after=2023-04-12T03:10:08.457360+00:00
[2023-04-11T23:10:08.469-0400] {processor.py:175} INFO - Processing /Users/srivardhan/opt/anaconda3/envs/kafka-pipeline/lib/python3.7/site-packages/airflow/example_dags/example_latest_only_with_trigger.py took 0.052 seconds
[2023-04-11T23:10:53.135-0400] {processor.py:153} INFO - Started process (PID=41815) to work on /Users/srivardhan/opt/anaconda3/envs/kafka-pipeline/lib/python3.7/site-packages/airflow/example_dags/example_latest_only_with_trigger.py
[2023-04-11T23:10:53.137-0400] {processor.py:743} INFO - Processing file /Users/srivardhan/opt/anaconda3/envs/kafka-pipeline/lib/python3.7/site-packages/airflow/example_dags/example_latest_only_with_trigger.py for tasks to queue
[2023-04-11T23:10:53.138-0400] {logging_mixin.py:137} INFO - [2023-04-11T23:10:53.138-0400] {dagbag.py:532} INFO - Filling up the DagBag from /Users/srivardhan/opt/anaconda3/envs/kafka-pipeline/lib/python3.7/site-packages/airflow/example_dags/example_latest_only_with_trigger.py
[2023-04-11T23:10:53.148-0400] {processor.py:753} INFO - DAG(s) dict_keys(['latest_only_with_trigger']) retrieved from /Users/srivardhan/opt/anaconda3/envs/kafka-pipeline/lib/python3.7/site-packages/airflow/example_dags/example_latest_only_with_trigger.py
[2023-04-11T23:10:53.167-0400] {logging_mixin.py:137} INFO - [2023-04-11T23:10:53.167-0400] {dag.py:2693} INFO - Sync 1 DAGs
[2023-04-11T23:10:53.180-0400] {logging_mixin.py:137} INFO - [2023-04-11T23:10:53.180-0400] {dag.py:3444} INFO - Setting next_dagrun for latest_only_with_trigger to 2023-04-11T23:10:53.180171+00:00, run_after=2023-04-12T03:10:53.180171+00:00
[2023-04-11T23:10:53.191-0400] {processor.py:175} INFO - Processing /Users/srivardhan/opt/anaconda3/envs/kafka-pipeline/lib/python3.7/site-packages/airflow/example_dags/example_latest_only_with_trigger.py took 0.062 seconds
[2023-04-11T23:11:35.818-0400] {processor.py:153} INFO - Started process (PID=41904) to work on /Users/srivardhan/opt/anaconda3/envs/kafka-pipeline/lib/python3.7/site-packages/airflow/example_dags/example_latest_only_with_trigger.py
[2023-04-11T23:11:35.820-0400] {processor.py:743} INFO - Processing file /Users/srivardhan/opt/anaconda3/envs/kafka-pipeline/lib/python3.7/site-packages/airflow/example_dags/example_latest_only_with_trigger.py for tasks to queue
[2023-04-11T23:11:35.821-0400] {logging_mixin.py:137} INFO - [2023-04-11T23:11:35.821-0400] {dagbag.py:532} INFO - Filling up the DagBag from /Users/srivardhan/opt/anaconda3/envs/kafka-pipeline/lib/python3.7/site-packages/airflow/example_dags/example_latest_only_with_trigger.py
[2023-04-11T23:11:35.831-0400] {processor.py:753} INFO - DAG(s) dict_keys(['latest_only_with_trigger']) retrieved from /Users/srivardhan/opt/anaconda3/envs/kafka-pipeline/lib/python3.7/site-packages/airflow/example_dags/example_latest_only_with_trigger.py
[2023-04-11T23:11:35.849-0400] {logging_mixin.py:137} INFO - [2023-04-11T23:11:35.849-0400] {dag.py:2693} INFO - Sync 1 DAGs
[2023-04-11T23:11:35.862-0400] {logging_mixin.py:137} INFO - [2023-04-11T23:11:35.862-0400] {dag.py:3444} INFO - Setting next_dagrun for latest_only_with_trigger to 2023-04-11T23:11:35.862369+00:00, run_after=2023-04-12T03:11:35.862369+00:00
[2023-04-11T23:11:35.874-0400] {processor.py:175} INFO - Processing /Users/srivardhan/opt/anaconda3/envs/kafka-pipeline/lib/python3.7/site-packages/airflow/example_dags/example_latest_only_with_trigger.py took 0.060 seconds
[2023-04-11T23:12:15.941-0400] {processor.py:153} INFO - Started process (PID=41999) to work on /Users/srivardhan/opt/anaconda3/envs/kafka-pipeline/lib/python3.7/site-packages/airflow/example_dags/example_latest_only_with_trigger.py
[2023-04-11T23:12:15.943-0400] {processor.py:743} INFO - Processing file /Users/srivardhan/opt/anaconda3/envs/kafka-pipeline/lib/python3.7/site-packages/airflow/example_dags/example_latest_only_with_trigger.py for tasks to queue
[2023-04-11T23:12:15.944-0400] {logging_mixin.py:137} INFO - [2023-04-11T23:12:15.944-0400] {dagbag.py:532} INFO - Filling up the DagBag from /Users/srivardhan/opt/anaconda3/envs/kafka-pipeline/lib/python3.7/site-packages/airflow/example_dags/example_latest_only_with_trigger.py
[2023-04-11T23:12:15.953-0400] {processor.py:753} INFO - DAG(s) dict_keys(['latest_only_with_trigger']) retrieved from /Users/srivardhan/opt/anaconda3/envs/kafka-pipeline/lib/python3.7/site-packages/airflow/example_dags/example_latest_only_with_trigger.py
[2023-04-11T23:12:15.970-0400] {logging_mixin.py:137} INFO - [2023-04-11T23:12:15.969-0400] {dag.py:2693} INFO - Sync 1 DAGs
[2023-04-11T23:12:15.985-0400] {logging_mixin.py:137} INFO - [2023-04-11T23:12:15.985-0400] {dag.py:3444} INFO - Setting next_dagrun for latest_only_with_trigger to 2023-04-11T23:12:15.985089+00:00, run_after=2023-04-12T03:12:15.985089+00:00
[2023-04-11T23:12:15.998-0400] {processor.py:175} INFO - Processing /Users/srivardhan/opt/anaconda3/envs/kafka-pipeline/lib/python3.7/site-packages/airflow/example_dags/example_latest_only_with_trigger.py took 0.060 seconds
[2023-04-11T23:12:58.408-0400] {processor.py:153} INFO - Started process (PID=42210) to work on /Users/srivardhan/opt/anaconda3/envs/kafka-pipeline/lib/python3.7/site-packages/airflow/example_dags/example_latest_only_with_trigger.py
[2023-04-11T23:12:58.410-0400] {processor.py:743} INFO - Processing file /Users/srivardhan/opt/anaconda3/envs/kafka-pipeline/lib/python3.7/site-packages/airflow/example_dags/example_latest_only_with_trigger.py for tasks to queue
[2023-04-11T23:12:58.412-0400] {logging_mixin.py:137} INFO - [2023-04-11T23:12:58.411-0400] {dagbag.py:532} INFO - Filling up the DagBag from /Users/srivardhan/opt/anaconda3/envs/kafka-pipeline/lib/python3.7/site-packages/airflow/example_dags/example_latest_only_with_trigger.py
[2023-04-11T23:12:58.423-0400] {processor.py:753} INFO - DAG(s) dict_keys(['latest_only_with_trigger']) retrieved from /Users/srivardhan/opt/anaconda3/envs/kafka-pipeline/lib/python3.7/site-packages/airflow/example_dags/example_latest_only_with_trigger.py
[2023-04-11T23:12:58.442-0400] {logging_mixin.py:137} INFO - [2023-04-11T23:12:58.442-0400] {dag.py:2693} INFO - Sync 1 DAGs
[2023-04-11T23:12:58.456-0400] {logging_mixin.py:137} INFO - [2023-04-11T23:12:58.455-0400] {dag.py:3444} INFO - Setting next_dagrun for latest_only_with_trigger to 2023-04-11T23:12:58.455596+00:00, run_after=2023-04-12T03:12:58.455596+00:00
[2023-04-11T23:12:58.467-0400] {processor.py:175} INFO - Processing /Users/srivardhan/opt/anaconda3/envs/kafka-pipeline/lib/python3.7/site-packages/airflow/example_dags/example_latest_only_with_trigger.py took 0.064 seconds
[2023-04-11T23:13:47.518-0400] {processor.py:153} INFO - Started process (PID=42411) to work on /Users/srivardhan/opt/anaconda3/envs/kafka-pipeline/lib/python3.7/site-packages/airflow/example_dags/example_latest_only_with_trigger.py
[2023-04-11T23:13:47.519-0400] {processor.py:743} INFO - Processing file /Users/srivardhan/opt/anaconda3/envs/kafka-pipeline/lib/python3.7/site-packages/airflow/example_dags/example_latest_only_with_trigger.py for tasks to queue
[2023-04-11T23:13:47.520-0400] {logging_mixin.py:137} INFO - [2023-04-11T23:13:47.520-0400] {dagbag.py:532} INFO - Filling up the DagBag from /Users/srivardhan/opt/anaconda3/envs/kafka-pipeline/lib/python3.7/site-packages/airflow/example_dags/example_latest_only_with_trigger.py
[2023-04-11T23:13:47.532-0400] {processor.py:753} INFO - DAG(s) dict_keys(['latest_only_with_trigger']) retrieved from /Users/srivardhan/opt/anaconda3/envs/kafka-pipeline/lib/python3.7/site-packages/airflow/example_dags/example_latest_only_with_trigger.py
[2023-04-11T23:13:47.551-0400] {logging_mixin.py:137} INFO - [2023-04-11T23:13:47.551-0400] {dag.py:2693} INFO - Sync 1 DAGs
[2023-04-11T23:13:47.566-0400] {logging_mixin.py:137} INFO - [2023-04-11T23:13:47.565-0400] {dag.py:3444} INFO - Setting next_dagrun for latest_only_with_trigger to 2023-04-11T23:13:47.565496+00:00, run_after=2023-04-12T03:13:47.565496+00:00
[2023-04-11T23:13:47.579-0400] {processor.py:175} INFO - Processing /Users/srivardhan/opt/anaconda3/envs/kafka-pipeline/lib/python3.7/site-packages/airflow/example_dags/example_latest_only_with_trigger.py took 0.064 seconds
