[2023-04-11T21:52:35.860-0400] {processor.py:153} INFO - Started process (PID=41201) to work on /Users/srivardhan/opt/anaconda3/envs/kafka-pipeline/lib/python3.7/site-packages/airflow/example_dags/example_branch_python_dop_operator_3.py
[2023-04-11T21:52:35.862-0400] {processor.py:743} INFO - Processing file /Users/srivardhan/opt/anaconda3/envs/kafka-pipeline/lib/python3.7/site-packages/airflow/example_dags/example_branch_python_dop_operator_3.py for tasks to queue
[2023-04-11T21:52:35.864-0400] {logging_mixin.py:137} INFO - [2023-04-11T21:52:35.863-0400] {dagbag.py:532} INFO - Filling up the DagBag from /Users/srivardhan/opt/anaconda3/envs/kafka-pipeline/lib/python3.7/site-packages/airflow/example_dags/example_branch_python_dop_operator_3.py
[2023-04-11T21:52:35.886-0400] {processor.py:753} INFO - DAG(s) dict_keys(['example_branch_dop_operator_v3']) retrieved from /Users/srivardhan/opt/anaconda3/envs/kafka-pipeline/lib/python3.7/site-packages/airflow/example_dags/example_branch_python_dop_operator_3.py
[2023-04-11T21:52:35.903-0400] {logging_mixin.py:137} INFO - [2023-04-11T21:52:35.903-0400] {dag.py:2693} INFO - Sync 1 DAGs
[2023-04-11T21:52:35.919-0400] {logging_mixin.py:137} INFO - [2023-04-11T21:52:35.919-0400] {dag.py:3444} INFO - Setting next_dagrun for example_branch_dop_operator_v3 to 2023-04-12T01:51:00+00:00, run_after=2023-04-12T01:52:00+00:00
[2023-04-11T21:52:35.931-0400] {processor.py:175} INFO - Processing /Users/srivardhan/opt/anaconda3/envs/kafka-pipeline/lib/python3.7/site-packages/airflow/example_dags/example_branch_python_dop_operator_3.py took 0.076 seconds
[2023-04-11T22:26:39.683-0400] {processor.py:153} INFO - Started process (PID=41360) to work on /Users/srivardhan/opt/anaconda3/envs/kafka-pipeline/lib/python3.7/site-packages/airflow/example_dags/example_branch_python_dop_operator_3.py
[2023-04-11T22:26:39.685-0400] {processor.py:743} INFO - Processing file /Users/srivardhan/opt/anaconda3/envs/kafka-pipeline/lib/python3.7/site-packages/airflow/example_dags/example_branch_python_dop_operator_3.py for tasks to queue
[2023-04-11T22:26:39.686-0400] {logging_mixin.py:137} INFO - [2023-04-11T22:26:39.686-0400] {dagbag.py:532} INFO - Filling up the DagBag from /Users/srivardhan/opt/anaconda3/envs/kafka-pipeline/lib/python3.7/site-packages/airflow/example_dags/example_branch_python_dop_operator_3.py
[2023-04-11T22:26:39.706-0400] {processor.py:753} INFO - DAG(s) dict_keys(['example_branch_dop_operator_v3']) retrieved from /Users/srivardhan/opt/anaconda3/envs/kafka-pipeline/lib/python3.7/site-packages/airflow/example_dags/example_branch_python_dop_operator_3.py
[2023-04-11T22:26:39.720-0400] {logging_mixin.py:137} INFO - [2023-04-11T22:26:39.719-0400] {dag.py:2693} INFO - Sync 1 DAGs
[2023-04-11T22:26:39.735-0400] {logging_mixin.py:137} INFO - [2023-04-11T22:26:39.735-0400] {dag.py:3444} INFO - Setting next_dagrun for example_branch_dop_operator_v3 to 2023-04-12T02:25:00+00:00, run_after=2023-04-12T02:26:00+00:00
[2023-04-11T22:26:39.745-0400] {processor.py:175} INFO - Processing /Users/srivardhan/opt/anaconda3/envs/kafka-pipeline/lib/python3.7/site-packages/airflow/example_dags/example_branch_python_dop_operator_3.py took 0.068 seconds
[2023-04-11T22:35:05.443-0400] {processor.py:153} INFO - Started process (PID=41511) to work on /Users/srivardhan/opt/anaconda3/envs/kafka-pipeline/lib/python3.7/site-packages/airflow/example_dags/example_branch_python_dop_operator_3.py
[2023-04-11T22:35:05.445-0400] {processor.py:743} INFO - Processing file /Users/srivardhan/opt/anaconda3/envs/kafka-pipeline/lib/python3.7/site-packages/airflow/example_dags/example_branch_python_dop_operator_3.py for tasks to queue
[2023-04-11T22:35:05.446-0400] {logging_mixin.py:137} INFO - [2023-04-11T22:35:05.446-0400] {dagbag.py:532} INFO - Filling up the DagBag from /Users/srivardhan/opt/anaconda3/envs/kafka-pipeline/lib/python3.7/site-packages/airflow/example_dags/example_branch_python_dop_operator_3.py
[2023-04-11T22:35:05.466-0400] {processor.py:753} INFO - DAG(s) dict_keys(['example_branch_dop_operator_v3']) retrieved from /Users/srivardhan/opt/anaconda3/envs/kafka-pipeline/lib/python3.7/site-packages/airflow/example_dags/example_branch_python_dop_operator_3.py
[2023-04-11T22:35:05.480-0400] {logging_mixin.py:137} INFO - [2023-04-11T22:35:05.480-0400] {dag.py:2693} INFO - Sync 1 DAGs
[2023-04-11T22:35:05.495-0400] {logging_mixin.py:137} INFO - [2023-04-11T22:35:05.494-0400] {dag.py:3444} INFO - Setting next_dagrun for example_branch_dop_operator_v3 to 2023-04-12T02:34:00+00:00, run_after=2023-04-12T02:35:00+00:00
[2023-04-11T22:35:05.506-0400] {processor.py:175} INFO - Processing /Users/srivardhan/opt/anaconda3/envs/kafka-pipeline/lib/python3.7/site-packages/airflow/example_dags/example_branch_python_dop_operator_3.py took 0.068 seconds
[2023-04-11T23:10:17.017-0400] {processor.py:153} INFO - Started process (PID=41698) to work on /Users/srivardhan/opt/anaconda3/envs/kafka-pipeline/lib/python3.7/site-packages/airflow/example_dags/example_branch_python_dop_operator_3.py
[2023-04-11T23:10:17.019-0400] {processor.py:743} INFO - Processing file /Users/srivardhan/opt/anaconda3/envs/kafka-pipeline/lib/python3.7/site-packages/airflow/example_dags/example_branch_python_dop_operator_3.py for tasks to queue
[2023-04-11T23:10:17.020-0400] {logging_mixin.py:137} INFO - [2023-04-11T23:10:17.019-0400] {dagbag.py:532} INFO - Filling up the DagBag from /Users/srivardhan/opt/anaconda3/envs/kafka-pipeline/lib/python3.7/site-packages/airflow/example_dags/example_branch_python_dop_operator_3.py
[2023-04-11T23:10:17.033-0400] {processor.py:753} INFO - DAG(s) dict_keys(['example_branch_dop_operator_v3']) retrieved from /Users/srivardhan/opt/anaconda3/envs/kafka-pipeline/lib/python3.7/site-packages/airflow/example_dags/example_branch_python_dop_operator_3.py
[2023-04-11T23:10:17.046-0400] {logging_mixin.py:137} INFO - [2023-04-11T23:10:17.046-0400] {dag.py:2693} INFO - Sync 1 DAGs
[2023-04-11T23:10:17.064-0400] {logging_mixin.py:137} INFO - [2023-04-11T23:10:17.063-0400] {dag.py:3444} INFO - Setting next_dagrun for example_branch_dop_operator_v3 to 2023-04-12T03:09:00+00:00, run_after=2023-04-12T03:10:00+00:00
[2023-04-11T23:10:17.076-0400] {processor.py:175} INFO - Processing /Users/srivardhan/opt/anaconda3/envs/kafka-pipeline/lib/python3.7/site-packages/airflow/example_dags/example_branch_python_dop_operator_3.py took 0.061 seconds
[2023-04-11T23:10:59.948-0400] {processor.py:153} INFO - Started process (PID=41830) to work on /Users/srivardhan/opt/anaconda3/envs/kafka-pipeline/lib/python3.7/site-packages/airflow/example_dags/example_branch_python_dop_operator_3.py
[2023-04-11T23:10:59.951-0400] {processor.py:743} INFO - Processing file /Users/srivardhan/opt/anaconda3/envs/kafka-pipeline/lib/python3.7/site-packages/airflow/example_dags/example_branch_python_dop_operator_3.py for tasks to queue
[2023-04-11T23:10:59.952-0400] {logging_mixin.py:137} INFO - [2023-04-11T23:10:59.951-0400] {dagbag.py:532} INFO - Filling up the DagBag from /Users/srivardhan/opt/anaconda3/envs/kafka-pipeline/lib/python3.7/site-packages/airflow/example_dags/example_branch_python_dop_operator_3.py
[2023-04-11T23:10:59.969-0400] {processor.py:753} INFO - DAG(s) dict_keys(['example_branch_dop_operator_v3']) retrieved from /Users/srivardhan/opt/anaconda3/envs/kafka-pipeline/lib/python3.7/site-packages/airflow/example_dags/example_branch_python_dop_operator_3.py
[2023-04-11T23:10:59.983-0400] {logging_mixin.py:137} INFO - [2023-04-11T23:10:59.982-0400] {dag.py:2693} INFO - Sync 1 DAGs
[2023-04-11T23:10:59.997-0400] {logging_mixin.py:137} INFO - [2023-04-11T23:10:59.997-0400] {dag.py:3444} INFO - Setting next_dagrun for example_branch_dop_operator_v3 to 2023-04-12T03:09:00+00:00, run_after=2023-04-12T03:10:00+00:00
[2023-04-11T23:11:00.007-0400] {processor.py:175} INFO - Processing /Users/srivardhan/opt/anaconda3/envs/kafka-pipeline/lib/python3.7/site-packages/airflow/example_dags/example_branch_python_dop_operator_3.py took 0.063 seconds
[2023-04-11T23:11:43.684-0400] {processor.py:153} INFO - Started process (PID=41920) to work on /Users/srivardhan/opt/anaconda3/envs/kafka-pipeline/lib/python3.7/site-packages/airflow/example_dags/example_branch_python_dop_operator_3.py
[2023-04-11T23:11:43.686-0400] {processor.py:743} INFO - Processing file /Users/srivardhan/opt/anaconda3/envs/kafka-pipeline/lib/python3.7/site-packages/airflow/example_dags/example_branch_python_dop_operator_3.py for tasks to queue
[2023-04-11T23:11:43.687-0400] {logging_mixin.py:137} INFO - [2023-04-11T23:11:43.687-0400] {dagbag.py:532} INFO - Filling up the DagBag from /Users/srivardhan/opt/anaconda3/envs/kafka-pipeline/lib/python3.7/site-packages/airflow/example_dags/example_branch_python_dop_operator_3.py
[2023-04-11T23:11:43.708-0400] {processor.py:753} INFO - DAG(s) dict_keys(['example_branch_dop_operator_v3']) retrieved from /Users/srivardhan/opt/anaconda3/envs/kafka-pipeline/lib/python3.7/site-packages/airflow/example_dags/example_branch_python_dop_operator_3.py
[2023-04-11T23:11:43.724-0400] {logging_mixin.py:137} INFO - [2023-04-11T23:11:43.723-0400] {dag.py:2693} INFO - Sync 1 DAGs
[2023-04-11T23:11:43.739-0400] {logging_mixin.py:137} INFO - [2023-04-11T23:11:43.739-0400] {dag.py:3444} INFO - Setting next_dagrun for example_branch_dop_operator_v3 to 2023-04-12T03:10:00+00:00, run_after=2023-04-12T03:11:00+00:00
[2023-04-11T23:11:43.750-0400] {processor.py:175} INFO - Processing /Users/srivardhan/opt/anaconda3/envs/kafka-pipeline/lib/python3.7/site-packages/airflow/example_dags/example_branch_python_dop_operator_3.py took 0.071 seconds
[2023-04-11T23:12:33.127-0400] {processor.py:153} INFO - Started process (PID=42104) to work on /Users/srivardhan/opt/anaconda3/envs/kafka-pipeline/lib/python3.7/site-packages/airflow/example_dags/example_branch_python_dop_operator_3.py
[2023-04-11T23:12:33.128-0400] {processor.py:743} INFO - Processing file /Users/srivardhan/opt/anaconda3/envs/kafka-pipeline/lib/python3.7/site-packages/airflow/example_dags/example_branch_python_dop_operator_3.py for tasks to queue
[2023-04-11T23:12:33.129-0400] {logging_mixin.py:137} INFO - [2023-04-11T23:12:33.129-0400] {dagbag.py:532} INFO - Filling up the DagBag from /Users/srivardhan/opt/anaconda3/envs/kafka-pipeline/lib/python3.7/site-packages/airflow/example_dags/example_branch_python_dop_operator_3.py
[2023-04-11T23:12:33.145-0400] {processor.py:753} INFO - DAG(s) dict_keys(['example_branch_dop_operator_v3']) retrieved from /Users/srivardhan/opt/anaconda3/envs/kafka-pipeline/lib/python3.7/site-packages/airflow/example_dags/example_branch_python_dop_operator_3.py
[2023-04-11T23:12:33.161-0400] {logging_mixin.py:137} INFO - [2023-04-11T23:12:33.161-0400] {dag.py:2693} INFO - Sync 1 DAGs
[2023-04-11T23:12:33.182-0400] {logging_mixin.py:137} INFO - [2023-04-11T23:12:33.181-0400] {dag.py:3444} INFO - Setting next_dagrun for example_branch_dop_operator_v3 to 2023-04-12T03:11:00+00:00, run_after=2023-04-12T03:12:00+00:00
[2023-04-11T23:12:33.199-0400] {processor.py:175} INFO - Processing /Users/srivardhan/opt/anaconda3/envs/kafka-pipeline/lib/python3.7/site-packages/airflow/example_dags/example_branch_python_dop_operator_3.py took 0.075 seconds
[2023-04-11T23:13:24.743-0400] {processor.py:153} INFO - Started process (PID=42264) to work on /Users/srivardhan/opt/anaconda3/envs/kafka-pipeline/lib/python3.7/site-packages/airflow/example_dags/example_branch_python_dop_operator_3.py
[2023-04-11T23:13:24.744-0400] {processor.py:743} INFO - Processing file /Users/srivardhan/opt/anaconda3/envs/kafka-pipeline/lib/python3.7/site-packages/airflow/example_dags/example_branch_python_dop_operator_3.py for tasks to queue
[2023-04-11T23:13:24.746-0400] {logging_mixin.py:137} INFO - [2023-04-11T23:13:24.745-0400] {dagbag.py:532} INFO - Filling up the DagBag from /Users/srivardhan/opt/anaconda3/envs/kafka-pipeline/lib/python3.7/site-packages/airflow/example_dags/example_branch_python_dop_operator_3.py
[2023-04-11T23:13:24.766-0400] {processor.py:753} INFO - DAG(s) dict_keys(['example_branch_dop_operator_v3']) retrieved from /Users/srivardhan/opt/anaconda3/envs/kafka-pipeline/lib/python3.7/site-packages/airflow/example_dags/example_branch_python_dop_operator_3.py
[2023-04-11T23:13:24.781-0400] {logging_mixin.py:137} INFO - [2023-04-11T23:13:24.781-0400] {dag.py:2693} INFO - Sync 1 DAGs
[2023-04-11T23:13:24.796-0400] {logging_mixin.py:137} INFO - [2023-04-11T23:13:24.796-0400] {dag.py:3444} INFO - Setting next_dagrun for example_branch_dop_operator_v3 to 2023-04-12T03:12:00+00:00, run_after=2023-04-12T03:13:00+00:00
[2023-04-11T23:13:24.807-0400] {processor.py:175} INFO - Processing /Users/srivardhan/opt/anaconda3/envs/kafka-pipeline/lib/python3.7/site-packages/airflow/example_dags/example_branch_python_dop_operator_3.py took 0.069 seconds
