[2023-04-11T20:14:00.527-0400] {processor.py:153} INFO - Started process (PID=41032) to work on /Users/srivardhan/opt/anaconda3/envs/kafka-pipeline/lib/python3.7/site-packages/airflow/example_dags/example_trigger_target_dag.py
[2023-04-11T20:14:00.527-0400] {processor.py:743} INFO - Processing file /Users/srivardhan/opt/anaconda3/envs/kafka-pipeline/lib/python3.7/site-packages/airflow/example_dags/example_trigger_target_dag.py for tasks to queue
[2023-04-11T20:14:00.528-0400] {logging_mixin.py:137} INFO - [2023-04-11T20:14:00.528-0400] {dagbag.py:532} INFO - Filling up the DagBag from /Users/srivardhan/opt/anaconda3/envs/kafka-pipeline/lib/python3.7/site-packages/airflow/example_dags/example_trigger_target_dag.py
[2023-04-11T20:14:00.539-0400] {processor.py:753} INFO - DAG(s) dict_keys(['example_trigger_target_dag']) retrieved from /Users/srivardhan/opt/anaconda3/envs/kafka-pipeline/lib/python3.7/site-packages/airflow/example_dags/example_trigger_target_dag.py
[2023-04-11T20:14:00.551-0400] {logging_mixin.py:137} INFO - [2023-04-11T20:14:00.551-0400] {dag.py:2693} INFO - Sync 1 DAGs
[2023-04-11T20:14:00.563-0400] {logging_mixin.py:137} INFO - [2023-04-11T20:14:00.563-0400] {dag.py:3444} INFO - Setting next_dagrun for example_trigger_target_dag to None, run_after=None
[2023-04-11T20:14:00.574-0400] {processor.py:175} INFO - Processing /Users/srivardhan/opt/anaconda3/envs/kafka-pipeline/lib/python3.7/site-packages/airflow/example_dags/example_trigger_target_dag.py took 0.049 seconds
[2023-04-11T21:29:57.125-0400] {processor.py:153} INFO - Started process (PID=41137) to work on /Users/srivardhan/opt/anaconda3/envs/kafka-pipeline/lib/python3.7/site-packages/airflow/example_dags/example_trigger_target_dag.py
[2023-04-11T21:29:57.126-0400] {processor.py:743} INFO - Processing file /Users/srivardhan/opt/anaconda3/envs/kafka-pipeline/lib/python3.7/site-packages/airflow/example_dags/example_trigger_target_dag.py for tasks to queue
[2023-04-11T21:29:57.127-0400] {logging_mixin.py:137} INFO - [2023-04-11T21:29:57.127-0400] {dagbag.py:532} INFO - Filling up the DagBag from /Users/srivardhan/opt/anaconda3/envs/kafka-pipeline/lib/python3.7/site-packages/airflow/example_dags/example_trigger_target_dag.py
[2023-04-11T21:29:57.139-0400] {processor.py:753} INFO - DAG(s) dict_keys(['example_trigger_target_dag']) retrieved from /Users/srivardhan/opt/anaconda3/envs/kafka-pipeline/lib/python3.7/site-packages/airflow/example_dags/example_trigger_target_dag.py
[2023-04-11T21:29:57.151-0400] {logging_mixin.py:137} INFO - [2023-04-11T21:29:57.150-0400] {dag.py:2693} INFO - Sync 1 DAGs
[2023-04-11T21:29:57.162-0400] {logging_mixin.py:137} INFO - [2023-04-11T21:29:57.161-0400] {dag.py:3444} INFO - Setting next_dagrun for example_trigger_target_dag to None, run_after=None
[2023-04-11T21:29:57.173-0400] {processor.py:175} INFO - Processing /Users/srivardhan/opt/anaconda3/envs/kafka-pipeline/lib/python3.7/site-packages/airflow/example_dags/example_trigger_target_dag.py took 0.050 seconds
[2023-04-11T22:00:29.381-0400] {processor.py:153} INFO - Started process (PID=41244) to work on /Users/srivardhan/opt/anaconda3/envs/kafka-pipeline/lib/python3.7/site-packages/airflow/example_dags/example_trigger_target_dag.py
[2023-04-11T22:00:29.384-0400] {processor.py:743} INFO - Processing file /Users/srivardhan/opt/anaconda3/envs/kafka-pipeline/lib/python3.7/site-packages/airflow/example_dags/example_trigger_target_dag.py for tasks to queue
[2023-04-11T22:00:29.385-0400] {logging_mixin.py:137} INFO - [2023-04-11T22:00:29.385-0400] {dagbag.py:532} INFO - Filling up the DagBag from /Users/srivardhan/opt/anaconda3/envs/kafka-pipeline/lib/python3.7/site-packages/airflow/example_dags/example_trigger_target_dag.py
[2023-04-11T22:00:29.404-0400] {processor.py:753} INFO - DAG(s) dict_keys(['example_trigger_target_dag']) retrieved from /Users/srivardhan/opt/anaconda3/envs/kafka-pipeline/lib/python3.7/site-packages/airflow/example_dags/example_trigger_target_dag.py
[2023-04-11T22:00:29.420-0400] {logging_mixin.py:137} INFO - [2023-04-11T22:00:29.420-0400] {dag.py:2693} INFO - Sync 1 DAGs
[2023-04-11T22:00:29.432-0400] {logging_mixin.py:137} INFO - [2023-04-11T22:00:29.432-0400] {dag.py:3444} INFO - Setting next_dagrun for example_trigger_target_dag to None, run_after=None
[2023-04-11T22:00:29.443-0400] {processor.py:175} INFO - Processing /Users/srivardhan/opt/anaconda3/envs/kafka-pipeline/lib/python3.7/site-packages/airflow/example_dags/example_trigger_target_dag.py took 0.066 seconds
[2023-04-11T22:22:00.403-0400] {processor.py:153} INFO - Started process (PID=41317) to work on /Users/srivardhan/opt/anaconda3/envs/kafka-pipeline/lib/python3.7/site-packages/airflow/example_dags/example_trigger_target_dag.py
[2023-04-11T22:22:00.406-0400] {processor.py:743} INFO - Processing file /Users/srivardhan/opt/anaconda3/envs/kafka-pipeline/lib/python3.7/site-packages/airflow/example_dags/example_trigger_target_dag.py for tasks to queue
[2023-04-11T22:22:00.407-0400] {logging_mixin.py:137} INFO - [2023-04-11T22:22:00.407-0400] {dagbag.py:532} INFO - Filling up the DagBag from /Users/srivardhan/opt/anaconda3/envs/kafka-pipeline/lib/python3.7/site-packages/airflow/example_dags/example_trigger_target_dag.py
[2023-04-11T22:22:00.425-0400] {processor.py:753} INFO - DAG(s) dict_keys(['example_trigger_target_dag']) retrieved from /Users/srivardhan/opt/anaconda3/envs/kafka-pipeline/lib/python3.7/site-packages/airflow/example_dags/example_trigger_target_dag.py
[2023-04-11T22:22:00.440-0400] {logging_mixin.py:137} INFO - [2023-04-11T22:22:00.440-0400] {dag.py:2693} INFO - Sync 1 DAGs
[2023-04-11T22:22:00.452-0400] {logging_mixin.py:137} INFO - [2023-04-11T22:22:00.452-0400] {dag.py:3444} INFO - Setting next_dagrun for example_trigger_target_dag to None, run_after=None
[2023-04-11T22:22:00.463-0400] {processor.py:175} INFO - Processing /Users/srivardhan/opt/anaconda3/envs/kafka-pipeline/lib/python3.7/site-packages/airflow/example_dags/example_trigger_target_dag.py took 0.064 seconds
[2023-04-11T22:27:39.677-0400] {processor.py:153} INFO - Started process (PID=41432) to work on /Users/srivardhan/opt/anaconda3/envs/kafka-pipeline/lib/python3.7/site-packages/airflow/example_dags/example_trigger_target_dag.py
[2023-04-11T22:27:39.679-0400] {processor.py:743} INFO - Processing file /Users/srivardhan/opt/anaconda3/envs/kafka-pipeline/lib/python3.7/site-packages/airflow/example_dags/example_trigger_target_dag.py for tasks to queue
[2023-04-11T22:27:39.681-0400] {logging_mixin.py:137} INFO - [2023-04-11T22:27:39.680-0400] {dagbag.py:532} INFO - Filling up the DagBag from /Users/srivardhan/opt/anaconda3/envs/kafka-pipeline/lib/python3.7/site-packages/airflow/example_dags/example_trigger_target_dag.py
[2023-04-11T22:27:39.697-0400] {processor.py:753} INFO - DAG(s) dict_keys(['example_trigger_target_dag']) retrieved from /Users/srivardhan/opt/anaconda3/envs/kafka-pipeline/lib/python3.7/site-packages/airflow/example_dags/example_trigger_target_dag.py
[2023-04-11T22:27:39.712-0400] {logging_mixin.py:137} INFO - [2023-04-11T22:27:39.712-0400] {dag.py:2693} INFO - Sync 1 DAGs
[2023-04-11T22:27:39.724-0400] {logging_mixin.py:137} INFO - [2023-04-11T22:27:39.724-0400] {dag.py:3444} INFO - Setting next_dagrun for example_trigger_target_dag to None, run_after=None
[2023-04-11T22:27:39.735-0400] {processor.py:175} INFO - Processing /Users/srivardhan/opt/anaconda3/envs/kafka-pipeline/lib/python3.7/site-packages/airflow/example_dags/example_trigger_target_dag.py took 0.065 seconds
[2023-04-11T22:35:17.403-0400] {processor.py:153} INFO - Started process (PID=41543) to work on /Users/srivardhan/opt/anaconda3/envs/kafka-pipeline/lib/python3.7/site-packages/airflow/example_dags/example_trigger_target_dag.py
[2023-04-11T22:35:17.406-0400] {processor.py:743} INFO - Processing file /Users/srivardhan/opt/anaconda3/envs/kafka-pipeline/lib/python3.7/site-packages/airflow/example_dags/example_trigger_target_dag.py for tasks to queue
[2023-04-11T22:35:17.407-0400] {logging_mixin.py:137} INFO - [2023-04-11T22:35:17.407-0400] {dagbag.py:532} INFO - Filling up the DagBag from /Users/srivardhan/opt/anaconda3/envs/kafka-pipeline/lib/python3.7/site-packages/airflow/example_dags/example_trigger_target_dag.py
[2023-04-11T22:35:17.425-0400] {processor.py:753} INFO - DAG(s) dict_keys(['example_trigger_target_dag']) retrieved from /Users/srivardhan/opt/anaconda3/envs/kafka-pipeline/lib/python3.7/site-packages/airflow/example_dags/example_trigger_target_dag.py
[2023-04-11T22:35:17.440-0400] {logging_mixin.py:137} INFO - [2023-04-11T22:35:17.440-0400] {dag.py:2693} INFO - Sync 1 DAGs
[2023-04-11T22:35:17.453-0400] {logging_mixin.py:137} INFO - [2023-04-11T22:35:17.453-0400] {dag.py:3444} INFO - Setting next_dagrun for example_trigger_target_dag to None, run_after=None
[2023-04-11T22:35:17.464-0400] {processor.py:175} INFO - Processing /Users/srivardhan/opt/anaconda3/envs/kafka-pipeline/lib/python3.7/site-packages/airflow/example_dags/example_trigger_target_dag.py took 0.065 seconds
[2023-04-11T23:09:52.426-0400] {processor.py:153} INFO - Started process (PID=41641) to work on /Users/srivardhan/opt/anaconda3/envs/kafka-pipeline/lib/python3.7/site-packages/airflow/example_dags/example_trigger_target_dag.py
[2023-04-11T23:09:52.427-0400] {processor.py:743} INFO - Processing file /Users/srivardhan/opt/anaconda3/envs/kafka-pipeline/lib/python3.7/site-packages/airflow/example_dags/example_trigger_target_dag.py for tasks to queue
[2023-04-11T23:09:52.428-0400] {logging_mixin.py:137} INFO - [2023-04-11T23:09:52.428-0400] {dagbag.py:532} INFO - Filling up the DagBag from /Users/srivardhan/opt/anaconda3/envs/kafka-pipeline/lib/python3.7/site-packages/airflow/example_dags/example_trigger_target_dag.py
[2023-04-11T23:09:52.439-0400] {processor.py:753} INFO - DAG(s) dict_keys(['example_trigger_target_dag']) retrieved from /Users/srivardhan/opt/anaconda3/envs/kafka-pipeline/lib/python3.7/site-packages/airflow/example_dags/example_trigger_target_dag.py
[2023-04-11T23:09:52.452-0400] {logging_mixin.py:137} INFO - [2023-04-11T23:09:52.452-0400] {dag.py:2693} INFO - Sync 1 DAGs
[2023-04-11T23:09:52.464-0400] {logging_mixin.py:137} INFO - [2023-04-11T23:09:52.464-0400] {dag.py:3444} INFO - Setting next_dagrun for example_trigger_target_dag to None, run_after=None
[2023-04-11T23:09:52.475-0400] {processor.py:175} INFO - Processing /Users/srivardhan/opt/anaconda3/envs/kafka-pipeline/lib/python3.7/site-packages/airflow/example_dags/example_trigger_target_dag.py took 0.052 seconds
[2023-04-11T23:10:34.217-0400] {processor.py:153} INFO - Started process (PID=41754) to work on /Users/srivardhan/opt/anaconda3/envs/kafka-pipeline/lib/python3.7/site-packages/airflow/example_dags/example_trigger_target_dag.py
[2023-04-11T23:10:34.219-0400] {processor.py:743} INFO - Processing file /Users/srivardhan/opt/anaconda3/envs/kafka-pipeline/lib/python3.7/site-packages/airflow/example_dags/example_trigger_target_dag.py for tasks to queue
[2023-04-11T23:10:34.221-0400] {logging_mixin.py:137} INFO - [2023-04-11T23:10:34.220-0400] {dagbag.py:532} INFO - Filling up the DagBag from /Users/srivardhan/opt/anaconda3/envs/kafka-pipeline/lib/python3.7/site-packages/airflow/example_dags/example_trigger_target_dag.py
[2023-04-11T23:10:34.241-0400] {processor.py:753} INFO - DAG(s) dict_keys(['example_trigger_target_dag']) retrieved from /Users/srivardhan/opt/anaconda3/envs/kafka-pipeline/lib/python3.7/site-packages/airflow/example_dags/example_trigger_target_dag.py
[2023-04-11T23:10:34.257-0400] {logging_mixin.py:137} INFO - [2023-04-11T23:10:34.257-0400] {dag.py:2693} INFO - Sync 1 DAGs
[2023-04-11T23:10:34.270-0400] {logging_mixin.py:137} INFO - [2023-04-11T23:10:34.270-0400] {dag.py:3444} INFO - Setting next_dagrun for example_trigger_target_dag to None, run_after=None
[2023-04-11T23:10:34.282-0400] {processor.py:175} INFO - Processing /Users/srivardhan/opt/anaconda3/envs/kafka-pipeline/lib/python3.7/site-packages/airflow/example_dags/example_trigger_target_dag.py took 0.070 seconds
[2023-04-11T23:11:16.670-0400] {processor.py:153} INFO - Started process (PID=41863) to work on /Users/srivardhan/opt/anaconda3/envs/kafka-pipeline/lib/python3.7/site-packages/airflow/example_dags/example_trigger_target_dag.py
[2023-04-11T23:11:16.672-0400] {processor.py:743} INFO - Processing file /Users/srivardhan/opt/anaconda3/envs/kafka-pipeline/lib/python3.7/site-packages/airflow/example_dags/example_trigger_target_dag.py for tasks to queue
[2023-04-11T23:11:16.673-0400] {logging_mixin.py:137} INFO - [2023-04-11T23:11:16.673-0400] {dagbag.py:532} INFO - Filling up the DagBag from /Users/srivardhan/opt/anaconda3/envs/kafka-pipeline/lib/python3.7/site-packages/airflow/example_dags/example_trigger_target_dag.py
[2023-04-11T23:11:16.690-0400] {processor.py:753} INFO - DAG(s) dict_keys(['example_trigger_target_dag']) retrieved from /Users/srivardhan/opt/anaconda3/envs/kafka-pipeline/lib/python3.7/site-packages/airflow/example_dags/example_trigger_target_dag.py
[2023-04-11T23:11:16.705-0400] {logging_mixin.py:137} INFO - [2023-04-11T23:11:16.704-0400] {dag.py:2693} INFO - Sync 1 DAGs
[2023-04-11T23:11:16.717-0400] {logging_mixin.py:137} INFO - [2023-04-11T23:11:16.717-0400] {dag.py:3444} INFO - Setting next_dagrun for example_trigger_target_dag to None, run_after=None
[2023-04-11T23:11:16.728-0400] {processor.py:175} INFO - Processing /Users/srivardhan/opt/anaconda3/envs/kafka-pipeline/lib/python3.7/site-packages/airflow/example_dags/example_trigger_target_dag.py took 0.061 seconds
[2023-04-11T23:11:59.197-0400] {processor.py:153} INFO - Started process (PID=41961) to work on /Users/srivardhan/opt/anaconda3/envs/kafka-pipeline/lib/python3.7/site-packages/airflow/example_dags/example_trigger_target_dag.py
[2023-04-11T23:11:59.198-0400] {processor.py:743} INFO - Processing file /Users/srivardhan/opt/anaconda3/envs/kafka-pipeline/lib/python3.7/site-packages/airflow/example_dags/example_trigger_target_dag.py for tasks to queue
[2023-04-11T23:11:59.199-0400] {logging_mixin.py:137} INFO - [2023-04-11T23:11:59.199-0400] {dagbag.py:532} INFO - Filling up the DagBag from /Users/srivardhan/opt/anaconda3/envs/kafka-pipeline/lib/python3.7/site-packages/airflow/example_dags/example_trigger_target_dag.py
[2023-04-11T23:11:59.214-0400] {processor.py:753} INFO - DAG(s) dict_keys(['example_trigger_target_dag']) retrieved from /Users/srivardhan/opt/anaconda3/envs/kafka-pipeline/lib/python3.7/site-packages/airflow/example_dags/example_trigger_target_dag.py
[2023-04-11T23:11:59.228-0400] {logging_mixin.py:137} INFO - [2023-04-11T23:11:59.228-0400] {dag.py:2693} INFO - Sync 1 DAGs
[2023-04-11T23:11:59.239-0400] {logging_mixin.py:137} INFO - [2023-04-11T23:11:59.239-0400] {dag.py:3444} INFO - Setting next_dagrun for example_trigger_target_dag to None, run_after=None
[2023-04-11T23:11:59.251-0400] {processor.py:175} INFO - Processing /Users/srivardhan/opt/anaconda3/envs/kafka-pipeline/lib/python3.7/site-packages/airflow/example_dags/example_trigger_target_dag.py took 0.057 seconds
[2023-04-11T23:12:38.307-0400] {processor.py:153} INFO - Started process (PID=42155) to work on /Users/srivardhan/opt/anaconda3/envs/kafka-pipeline/lib/python3.7/site-packages/airflow/example_dags/example_trigger_target_dag.py
[2023-04-11T23:12:38.309-0400] {processor.py:743} INFO - Processing file /Users/srivardhan/opt/anaconda3/envs/kafka-pipeline/lib/python3.7/site-packages/airflow/example_dags/example_trigger_target_dag.py for tasks to queue
[2023-04-11T23:12:38.311-0400] {logging_mixin.py:137} INFO - [2023-04-11T23:12:38.310-0400] {dagbag.py:532} INFO - Filling up the DagBag from /Users/srivardhan/opt/anaconda3/envs/kafka-pipeline/lib/python3.7/site-packages/airflow/example_dags/example_trigger_target_dag.py
[2023-04-11T23:12:38.330-0400] {processor.py:753} INFO - DAG(s) dict_keys(['example_trigger_target_dag']) retrieved from /Users/srivardhan/opt/anaconda3/envs/kafka-pipeline/lib/python3.7/site-packages/airflow/example_dags/example_trigger_target_dag.py
[2023-04-11T23:12:38.346-0400] {logging_mixin.py:137} INFO - [2023-04-11T23:12:38.345-0400] {dag.py:2693} INFO - Sync 1 DAGs
[2023-04-11T23:12:38.358-0400] {logging_mixin.py:137} INFO - [2023-04-11T23:12:38.358-0400] {dag.py:3444} INFO - Setting next_dagrun for example_trigger_target_dag to None, run_after=None
[2023-04-11T23:12:38.369-0400] {processor.py:175} INFO - Processing /Users/srivardhan/opt/anaconda3/envs/kafka-pipeline/lib/python3.7/site-packages/airflow/example_dags/example_trigger_target_dag.py took 0.067 seconds
[2023-04-11T23:13:17.910-0400] {processor.py:153} INFO - Started process (PID=42251) to work on /Users/srivardhan/opt/anaconda3/envs/kafka-pipeline/lib/python3.7/site-packages/airflow/example_dags/example_trigger_target_dag.py
[2023-04-11T23:13:17.912-0400] {processor.py:743} INFO - Processing file /Users/srivardhan/opt/anaconda3/envs/kafka-pipeline/lib/python3.7/site-packages/airflow/example_dags/example_trigger_target_dag.py for tasks to queue
[2023-04-11T23:13:17.913-0400] {logging_mixin.py:137} INFO - [2023-04-11T23:13:17.913-0400] {dagbag.py:532} INFO - Filling up the DagBag from /Users/srivardhan/opt/anaconda3/envs/kafka-pipeline/lib/python3.7/site-packages/airflow/example_dags/example_trigger_target_dag.py
[2023-04-11T23:13:17.932-0400] {processor.py:753} INFO - DAG(s) dict_keys(['example_trigger_target_dag']) retrieved from /Users/srivardhan/opt/anaconda3/envs/kafka-pipeline/lib/python3.7/site-packages/airflow/example_dags/example_trigger_target_dag.py
[2023-04-11T23:13:17.947-0400] {logging_mixin.py:137} INFO - [2023-04-11T23:13:17.947-0400] {dag.py:2693} INFO - Sync 1 DAGs
[2023-04-11T23:13:17.959-0400] {logging_mixin.py:137} INFO - [2023-04-11T23:13:17.958-0400] {dag.py:3444} INFO - Setting next_dagrun for example_trigger_target_dag to None, run_after=None
[2023-04-11T23:13:17.970-0400] {processor.py:175} INFO - Processing /Users/srivardhan/opt/anaconda3/envs/kafka-pipeline/lib/python3.7/site-packages/airflow/example_dags/example_trigger_target_dag.py took 0.064 seconds
