[2023-04-11T20:18:56.669-0400] {processor.py:153} INFO - Started process (PID=41049) to work on /Users/srivardhan/opt/anaconda3/envs/kafka-pipeline/lib/python3.7/site-packages/airflow/example_dags/example_sla_dag.py
[2023-04-11T20:18:56.670-0400] {processor.py:743} INFO - Processing file /Users/srivardhan/opt/anaconda3/envs/kafka-pipeline/lib/python3.7/site-packages/airflow/example_dags/example_sla_dag.py for tasks to queue
[2023-04-11T20:18:56.671-0400] {logging_mixin.py:137} INFO - [2023-04-11T20:18:56.671-0400] {dagbag.py:532} INFO - Filling up the DagBag from /Users/srivardhan/opt/anaconda3/envs/kafka-pipeline/lib/python3.7/site-packages/airflow/example_dags/example_sla_dag.py
[2023-04-11T20:18:56.690-0400] {processor.py:753} INFO - DAG(s) dict_keys(['example_sla_dag']) retrieved from /Users/srivardhan/opt/anaconda3/envs/kafka-pipeline/lib/python3.7/site-packages/airflow/example_dags/example_sla_dag.py
[2023-04-11T20:18:56.704-0400] {logging_mixin.py:137} INFO - [2023-04-11T20:18:56.704-0400] {dag.py:2693} INFO - Sync 1 DAGs
[2023-04-11T20:18:56.718-0400] {logging_mixin.py:137} INFO - [2023-04-11T20:18:56.717-0400] {dag.py:3444} INFO - Setting next_dagrun for example_sla_dag to 2023-04-12T00:16:00+00:00, run_after=2023-04-12T00:18:00+00:00
[2023-04-11T20:18:56.729-0400] {processor.py:175} INFO - Processing /Users/srivardhan/opt/anaconda3/envs/kafka-pipeline/lib/python3.7/site-packages/airflow/example_dags/example_sla_dag.py took 0.064 seconds
[2023-04-11T21:47:00.492-0400] {processor.py:153} INFO - Started process (PID=41156) to work on /Users/srivardhan/opt/anaconda3/envs/kafka-pipeline/lib/python3.7/site-packages/airflow/example_dags/example_sla_dag.py
[2023-04-11T21:47:00.493-0400] {processor.py:743} INFO - Processing file /Users/srivardhan/opt/anaconda3/envs/kafka-pipeline/lib/python3.7/site-packages/airflow/example_dags/example_sla_dag.py for tasks to queue
[2023-04-11T21:47:00.494-0400] {logging_mixin.py:137} INFO - [2023-04-11T21:47:00.493-0400] {dagbag.py:532} INFO - Filling up the DagBag from /Users/srivardhan/opt/anaconda3/envs/kafka-pipeline/lib/python3.7/site-packages/airflow/example_dags/example_sla_dag.py
[2023-04-11T21:47:00.506-0400] {processor.py:753} INFO - DAG(s) dict_keys(['example_sla_dag']) retrieved from /Users/srivardhan/opt/anaconda3/envs/kafka-pipeline/lib/python3.7/site-packages/airflow/example_dags/example_sla_dag.py
[2023-04-11T21:47:00.518-0400] {logging_mixin.py:137} INFO - [2023-04-11T21:47:00.518-0400] {dag.py:2693} INFO - Sync 1 DAGs
[2023-04-11T21:47:00.532-0400] {logging_mixin.py:137} INFO - [2023-04-11T21:47:00.531-0400] {dag.py:3444} INFO - Setting next_dagrun for example_sla_dag to 2023-04-12T01:44:00+00:00, run_after=2023-04-12T01:46:00+00:00
[2023-04-11T21:47:00.542-0400] {processor.py:175} INFO - Processing /Users/srivardhan/opt/anaconda3/envs/kafka-pipeline/lib/python3.7/site-packages/airflow/example_dags/example_sla_dag.py took 0.053 seconds
[2023-04-11T22:00:35.242-0400] {processor.py:153} INFO - Started process (PID=41258) to work on /Users/srivardhan/opt/anaconda3/envs/kafka-pipeline/lib/python3.7/site-packages/airflow/example_dags/example_sla_dag.py
[2023-04-11T22:00:35.244-0400] {processor.py:743} INFO - Processing file /Users/srivardhan/opt/anaconda3/envs/kafka-pipeline/lib/python3.7/site-packages/airflow/example_dags/example_sla_dag.py for tasks to queue
[2023-04-11T22:00:35.246-0400] {logging_mixin.py:137} INFO - [2023-04-11T22:00:35.245-0400] {dagbag.py:532} INFO - Filling up the DagBag from /Users/srivardhan/opt/anaconda3/envs/kafka-pipeline/lib/python3.7/site-packages/airflow/example_dags/example_sla_dag.py
[2023-04-11T22:00:35.264-0400] {processor.py:753} INFO - DAG(s) dict_keys(['example_sla_dag']) retrieved from /Users/srivardhan/opt/anaconda3/envs/kafka-pipeline/lib/python3.7/site-packages/airflow/example_dags/example_sla_dag.py
[2023-04-11T22:00:35.279-0400] {logging_mixin.py:137} INFO - [2023-04-11T22:00:35.279-0400] {dag.py:2693} INFO - Sync 1 DAGs
[2023-04-11T22:00:35.293-0400] {logging_mixin.py:137} INFO - [2023-04-11T22:00:35.293-0400] {dag.py:3444} INFO - Setting next_dagrun for example_sla_dag to 2023-04-12T01:58:00+00:00, run_after=2023-04-12T02:00:00+00:00
[2023-04-11T22:00:35.303-0400] {processor.py:175} INFO - Processing /Users/srivardhan/opt/anaconda3/envs/kafka-pipeline/lib/python3.7/site-packages/airflow/example_dags/example_sla_dag.py took 0.066 seconds
[2023-04-11T22:25:58.038-0400] {processor.py:153} INFO - Started process (PID=41331) to work on /Users/srivardhan/opt/anaconda3/envs/kafka-pipeline/lib/python3.7/site-packages/airflow/example_dags/example_sla_dag.py
[2023-04-11T22:25:58.039-0400] {processor.py:743} INFO - Processing file /Users/srivardhan/opt/anaconda3/envs/kafka-pipeline/lib/python3.7/site-packages/airflow/example_dags/example_sla_dag.py for tasks to queue
[2023-04-11T22:25:58.039-0400] {logging_mixin.py:137} INFO - [2023-04-11T22:25:58.039-0400] {dagbag.py:532} INFO - Filling up the DagBag from /Users/srivardhan/opt/anaconda3/envs/kafka-pipeline/lib/python3.7/site-packages/airflow/example_dags/example_sla_dag.py
[2023-04-11T22:25:58.051-0400] {processor.py:753} INFO - DAG(s) dict_keys(['example_sla_dag']) retrieved from /Users/srivardhan/opt/anaconda3/envs/kafka-pipeline/lib/python3.7/site-packages/airflow/example_dags/example_sla_dag.py
[2023-04-11T22:25:58.063-0400] {logging_mixin.py:137} INFO - [2023-04-11T22:25:58.062-0400] {dag.py:2693} INFO - Sync 1 DAGs
[2023-04-11T22:25:58.076-0400] {logging_mixin.py:137} INFO - [2023-04-11T22:25:58.075-0400] {dag.py:3444} INFO - Setting next_dagrun for example_sla_dag to 2023-04-12T02:22:00+00:00, run_after=2023-04-12T02:24:00+00:00
[2023-04-11T22:25:58.087-0400] {processor.py:175} INFO - Processing /Users/srivardhan/opt/anaconda3/envs/kafka-pipeline/lib/python3.7/site-packages/airflow/example_dags/example_sla_dag.py took 0.052 seconds
[2023-04-11T22:33:21.893-0400] {processor.py:153} INFO - Started process (PID=41454) to work on /Users/srivardhan/opt/anaconda3/envs/kafka-pipeline/lib/python3.7/site-packages/airflow/example_dags/example_sla_dag.py
[2023-04-11T22:33:21.895-0400] {processor.py:743} INFO - Processing file /Users/srivardhan/opt/anaconda3/envs/kafka-pipeline/lib/python3.7/site-packages/airflow/example_dags/example_sla_dag.py for tasks to queue
[2023-04-11T22:33:21.896-0400] {logging_mixin.py:137} INFO - [2023-04-11T22:33:21.896-0400] {dagbag.py:532} INFO - Filling up the DagBag from /Users/srivardhan/opt/anaconda3/envs/kafka-pipeline/lib/python3.7/site-packages/airflow/example_dags/example_sla_dag.py
[2023-04-11T22:33:21.917-0400] {processor.py:753} INFO - DAG(s) dict_keys(['example_sla_dag']) retrieved from /Users/srivardhan/opt/anaconda3/envs/kafka-pipeline/lib/python3.7/site-packages/airflow/example_dags/example_sla_dag.py
[2023-04-11T22:33:21.933-0400] {logging_mixin.py:137} INFO - [2023-04-11T22:33:21.933-0400] {dag.py:2693} INFO - Sync 1 DAGs
[2023-04-11T22:33:21.948-0400] {logging_mixin.py:137} INFO - [2023-04-11T22:33:21.947-0400] {dag.py:3444} INFO - Setting next_dagrun for example_sla_dag to 2023-04-12T02:30:00+00:00, run_after=2023-04-12T02:32:00+00:00
[2023-04-11T22:33:21.960-0400] {processor.py:175} INFO - Processing /Users/srivardhan/opt/anaconda3/envs/kafka-pipeline/lib/python3.7/site-packages/airflow/example_dags/example_sla_dag.py took 0.072 seconds
[2023-04-11T22:45:05.465-0400] {processor.py:153} INFO - Started process (PID=41567) to work on /Users/srivardhan/opt/anaconda3/envs/kafka-pipeline/lib/python3.7/site-packages/airflow/example_dags/example_sla_dag.py
[2023-04-11T22:45:05.467-0400] {processor.py:743} INFO - Processing file /Users/srivardhan/opt/anaconda3/envs/kafka-pipeline/lib/python3.7/site-packages/airflow/example_dags/example_sla_dag.py for tasks to queue
[2023-04-11T22:45:05.468-0400] {logging_mixin.py:137} INFO - [2023-04-11T22:45:05.468-0400] {dagbag.py:532} INFO - Filling up the DagBag from /Users/srivardhan/opt/anaconda3/envs/kafka-pipeline/lib/python3.7/site-packages/airflow/example_dags/example_sla_dag.py
[2023-04-11T22:45:05.488-0400] {processor.py:753} INFO - DAG(s) dict_keys(['example_sla_dag']) retrieved from /Users/srivardhan/opt/anaconda3/envs/kafka-pipeline/lib/python3.7/site-packages/airflow/example_dags/example_sla_dag.py
[2023-04-11T22:45:05.503-0400] {logging_mixin.py:137} INFO - [2023-04-11T22:45:05.503-0400] {dag.py:2693} INFO - Sync 1 DAGs
[2023-04-11T22:45:05.518-0400] {logging_mixin.py:137} INFO - [2023-04-11T22:45:05.518-0400] {dag.py:3444} INFO - Setting next_dagrun for example_sla_dag to 2023-04-12T02:42:00+00:00, run_after=2023-04-12T02:44:00+00:00
[2023-04-11T22:45:05.529-0400] {processor.py:175} INFO - Processing /Users/srivardhan/opt/anaconda3/envs/kafka-pipeline/lib/python3.7/site-packages/airflow/example_dags/example_sla_dag.py took 0.069 seconds
[2023-04-11T23:09:57.751-0400] {processor.py:153} INFO - Started process (PID=41659) to work on /Users/srivardhan/opt/anaconda3/envs/kafka-pipeline/lib/python3.7/site-packages/airflow/example_dags/example_sla_dag.py
[2023-04-11T23:09:57.753-0400] {processor.py:743} INFO - Processing file /Users/srivardhan/opt/anaconda3/envs/kafka-pipeline/lib/python3.7/site-packages/airflow/example_dags/example_sla_dag.py for tasks to queue
[2023-04-11T23:09:57.754-0400] {logging_mixin.py:137} INFO - [2023-04-11T23:09:57.754-0400] {dagbag.py:532} INFO - Filling up the DagBag from /Users/srivardhan/opt/anaconda3/envs/kafka-pipeline/lib/python3.7/site-packages/airflow/example_dags/example_sla_dag.py
[2023-04-11T23:09:57.776-0400] {processor.py:753} INFO - DAG(s) dict_keys(['example_sla_dag']) retrieved from /Users/srivardhan/opt/anaconda3/envs/kafka-pipeline/lib/python3.7/site-packages/airflow/example_dags/example_sla_dag.py
[2023-04-11T23:09:57.791-0400] {logging_mixin.py:137} INFO - [2023-04-11T23:09:57.791-0400] {dag.py:2693} INFO - Sync 1 DAGs
[2023-04-11T23:09:57.808-0400] {logging_mixin.py:137} INFO - [2023-04-11T23:09:57.808-0400] {dag.py:3444} INFO - Setting next_dagrun for example_sla_dag to 2023-04-12T03:06:00+00:00, run_after=2023-04-12T03:08:00+00:00
[2023-04-11T23:09:57.821-0400] {processor.py:175} INFO - Processing /Users/srivardhan/opt/anaconda3/envs/kafka-pipeline/lib/python3.7/site-packages/airflow/example_dags/example_sla_dag.py took 0.074 seconds
[2023-04-11T23:10:40.943-0400] {processor.py:153} INFO - Started process (PID=41778) to work on /Users/srivardhan/opt/anaconda3/envs/kafka-pipeline/lib/python3.7/site-packages/airflow/example_dags/example_sla_dag.py
[2023-04-11T23:10:40.944-0400] {processor.py:743} INFO - Processing file /Users/srivardhan/opt/anaconda3/envs/kafka-pipeline/lib/python3.7/site-packages/airflow/example_dags/example_sla_dag.py for tasks to queue
[2023-04-11T23:10:40.944-0400] {logging_mixin.py:137} INFO - [2023-04-11T23:10:40.944-0400] {dagbag.py:532} INFO - Filling up the DagBag from /Users/srivardhan/opt/anaconda3/envs/kafka-pipeline/lib/python3.7/site-packages/airflow/example_dags/example_sla_dag.py
[2023-04-11T23:10:40.958-0400] {processor.py:753} INFO - DAG(s) dict_keys(['example_sla_dag']) retrieved from /Users/srivardhan/opt/anaconda3/envs/kafka-pipeline/lib/python3.7/site-packages/airflow/example_dags/example_sla_dag.py
[2023-04-11T23:10:40.971-0400] {logging_mixin.py:137} INFO - [2023-04-11T23:10:40.971-0400] {dag.py:2693} INFO - Sync 1 DAGs
[2023-04-11T23:10:40.987-0400] {logging_mixin.py:137} INFO - [2023-04-11T23:10:40.986-0400] {dag.py:3444} INFO - Setting next_dagrun for example_sla_dag to 2023-04-12T03:08:00+00:00, run_after=2023-04-12T03:10:00+00:00
[2023-04-11T23:10:40.999-0400] {processor.py:175} INFO - Processing /Users/srivardhan/opt/anaconda3/envs/kafka-pipeline/lib/python3.7/site-packages/airflow/example_dags/example_sla_dag.py took 0.058 seconds
[2023-04-11T23:11:24.153-0400] {processor.py:153} INFO - Started process (PID=41879) to work on /Users/srivardhan/opt/anaconda3/envs/kafka-pipeline/lib/python3.7/site-packages/airflow/example_dags/example_sla_dag.py
[2023-04-11T23:11:24.155-0400] {processor.py:743} INFO - Processing file /Users/srivardhan/opt/anaconda3/envs/kafka-pipeline/lib/python3.7/site-packages/airflow/example_dags/example_sla_dag.py for tasks to queue
[2023-04-11T23:11:24.157-0400] {logging_mixin.py:137} INFO - [2023-04-11T23:11:24.156-0400] {dagbag.py:532} INFO - Filling up the DagBag from /Users/srivardhan/opt/anaconda3/envs/kafka-pipeline/lib/python3.7/site-packages/airflow/example_dags/example_sla_dag.py
[2023-04-11T23:11:24.181-0400] {processor.py:753} INFO - DAG(s) dict_keys(['example_sla_dag']) retrieved from /Users/srivardhan/opt/anaconda3/envs/kafka-pipeline/lib/python3.7/site-packages/airflow/example_dags/example_sla_dag.py
[2023-04-11T23:11:24.198-0400] {logging_mixin.py:137} INFO - [2023-04-11T23:11:24.198-0400] {dag.py:2693} INFO - Sync 1 DAGs
[2023-04-11T23:11:24.214-0400] {logging_mixin.py:137} INFO - [2023-04-11T23:11:24.214-0400] {dag.py:3444} INFO - Setting next_dagrun for example_sla_dag to 2023-04-12T03:08:00+00:00, run_after=2023-04-12T03:10:00+00:00
[2023-04-11T23:11:24.225-0400] {processor.py:175} INFO - Processing /Users/srivardhan/opt/anaconda3/envs/kafka-pipeline/lib/python3.7/site-packages/airflow/example_dags/example_sla_dag.py took 0.076 seconds
[2023-04-11T23:12:04.328-0400] {processor.py:153} INFO - Started process (PID=41972) to work on /Users/srivardhan/opt/anaconda3/envs/kafka-pipeline/lib/python3.7/site-packages/airflow/example_dags/example_sla_dag.py
[2023-04-11T23:12:04.330-0400] {processor.py:743} INFO - Processing file /Users/srivardhan/opt/anaconda3/envs/kafka-pipeline/lib/python3.7/site-packages/airflow/example_dags/example_sla_dag.py for tasks to queue
[2023-04-11T23:12:04.331-0400] {logging_mixin.py:137} INFO - [2023-04-11T23:12:04.331-0400] {dagbag.py:532} INFO - Filling up the DagBag from /Users/srivardhan/opt/anaconda3/envs/kafka-pipeline/lib/python3.7/site-packages/airflow/example_dags/example_sla_dag.py
[2023-04-11T23:12:04.353-0400] {processor.py:753} INFO - DAG(s) dict_keys(['example_sla_dag']) retrieved from /Users/srivardhan/opt/anaconda3/envs/kafka-pipeline/lib/python3.7/site-packages/airflow/example_dags/example_sla_dag.py
[2023-04-11T23:12:04.370-0400] {logging_mixin.py:137} INFO - [2023-04-11T23:12:04.370-0400] {dag.py:2693} INFO - Sync 1 DAGs
[2023-04-11T23:12:04.385-0400] {logging_mixin.py:137} INFO - [2023-04-11T23:12:04.385-0400] {dag.py:3444} INFO - Setting next_dagrun for example_sla_dag to 2023-04-12T03:10:00+00:00, run_after=2023-04-12T03:12:00+00:00
[2023-04-11T23:12:04.396-0400] {processor.py:175} INFO - Processing /Users/srivardhan/opt/anaconda3/envs/kafka-pipeline/lib/python3.7/site-packages/airflow/example_dags/example_sla_dag.py took 0.073 seconds
[2023-04-11T23:12:43.449-0400] {processor.py:153} INFO - Started process (PID=42176) to work on /Users/srivardhan/opt/anaconda3/envs/kafka-pipeline/lib/python3.7/site-packages/airflow/example_dags/example_sla_dag.py
[2023-04-11T23:12:43.450-0400] {processor.py:743} INFO - Processing file /Users/srivardhan/opt/anaconda3/envs/kafka-pipeline/lib/python3.7/site-packages/airflow/example_dags/example_sla_dag.py for tasks to queue
[2023-04-11T23:12:43.451-0400] {logging_mixin.py:137} INFO - [2023-04-11T23:12:43.451-0400] {dagbag.py:532} INFO - Filling up the DagBag from /Users/srivardhan/opt/anaconda3/envs/kafka-pipeline/lib/python3.7/site-packages/airflow/example_dags/example_sla_dag.py
[2023-04-11T23:12:43.465-0400] {processor.py:753} INFO - DAG(s) dict_keys(['example_sla_dag']) retrieved from /Users/srivardhan/opt/anaconda3/envs/kafka-pipeline/lib/python3.7/site-packages/airflow/example_dags/example_sla_dag.py
[2023-04-11T23:12:43.477-0400] {logging_mixin.py:137} INFO - [2023-04-11T23:12:43.477-0400] {dag.py:2693} INFO - Sync 1 DAGs
[2023-04-11T23:12:43.490-0400] {logging_mixin.py:137} INFO - [2023-04-11T23:12:43.490-0400] {dag.py:3444} INFO - Setting next_dagrun for example_sla_dag to 2023-04-12T03:10:00+00:00, run_after=2023-04-12T03:12:00+00:00
[2023-04-11T23:12:43.500-0400] {processor.py:175} INFO - Processing /Users/srivardhan/opt/anaconda3/envs/kafka-pipeline/lib/python3.7/site-packages/airflow/example_dags/example_sla_dag.py took 0.055 seconds
[2023-04-11T23:13:27.090-0400] {processor.py:153} INFO - Started process (PID=42270) to work on /Users/srivardhan/opt/anaconda3/envs/kafka-pipeline/lib/python3.7/site-packages/airflow/example_dags/example_sla_dag.py
[2023-04-11T23:13:27.091-0400] {processor.py:743} INFO - Processing file /Users/srivardhan/opt/anaconda3/envs/kafka-pipeline/lib/python3.7/site-packages/airflow/example_dags/example_sla_dag.py for tasks to queue
[2023-04-11T23:13:27.092-0400] {logging_mixin.py:137} INFO - [2023-04-11T23:13:27.092-0400] {dagbag.py:532} INFO - Filling up the DagBag from /Users/srivardhan/opt/anaconda3/envs/kafka-pipeline/lib/python3.7/site-packages/airflow/example_dags/example_sla_dag.py
[2023-04-11T23:13:27.109-0400] {processor.py:753} INFO - DAG(s) dict_keys(['example_sla_dag']) retrieved from /Users/srivardhan/opt/anaconda3/envs/kafka-pipeline/lib/python3.7/site-packages/airflow/example_dags/example_sla_dag.py
[2023-04-11T23:13:27.122-0400] {logging_mixin.py:137} INFO - [2023-04-11T23:13:27.122-0400] {dag.py:2693} INFO - Sync 1 DAGs
[2023-04-11T23:13:27.136-0400] {logging_mixin.py:137} INFO - [2023-04-11T23:13:27.135-0400] {dag.py:3444} INFO - Setting next_dagrun for example_sla_dag to 2023-04-12T03:10:00+00:00, run_after=2023-04-12T03:12:00+00:00
[2023-04-11T23:13:27.146-0400] {processor.py:175} INFO - Processing /Users/srivardhan/opt/anaconda3/envs/kafka-pipeline/lib/python3.7/site-packages/airflow/example_dags/example_sla_dag.py took 0.060 seconds
