[2023-04-11T20:14:02.884-0400] {processor.py:153} INFO - Started process (PID=41037) to work on /Users/srivardhan/opt/anaconda3/envs/kafka-pipeline/lib/python3.7/site-packages/airflow/example_dags/example_time_delta_sensor_async.py
[2023-04-11T20:14:02.886-0400] {processor.py:743} INFO - Processing file /Users/srivardhan/opt/anaconda3/envs/kafka-pipeline/lib/python3.7/site-packages/airflow/example_dags/example_time_delta_sensor_async.py for tasks to queue
[2023-04-11T20:14:02.887-0400] {logging_mixin.py:137} INFO - [2023-04-11T20:14:02.887-0400] {dagbag.py:532} INFO - Filling up the DagBag from /Users/srivardhan/opt/anaconda3/envs/kafka-pipeline/lib/python3.7/site-packages/airflow/example_dags/example_time_delta_sensor_async.py
[2023-04-11T20:14:02.895-0400] {processor.py:753} INFO - DAG(s) dict_keys(['example_time_delta_sensor_async']) retrieved from /Users/srivardhan/opt/anaconda3/envs/kafka-pipeline/lib/python3.7/site-packages/airflow/example_dags/example_time_delta_sensor_async.py
[2023-04-11T20:14:02.914-0400] {logging_mixin.py:137} INFO - [2023-04-11T20:14:02.914-0400] {dag.py:2693} INFO - Sync 1 DAGs
[2023-04-11T20:14:02.927-0400] {logging_mixin.py:137} INFO - [2023-04-11T20:14:02.927-0400] {dag.py:3444} INFO - Setting next_dagrun for example_time_delta_sensor_async to None, run_after=None
[2023-04-11T20:14:02.940-0400] {processor.py:175} INFO - Processing /Users/srivardhan/opt/anaconda3/envs/kafka-pipeline/lib/python3.7/site-packages/airflow/example_dags/example_time_delta_sensor_async.py took 0.060 seconds
[2023-04-11T21:29:59.484-0400] {processor.py:153} INFO - Started process (PID=41144) to work on /Users/srivardhan/opt/anaconda3/envs/kafka-pipeline/lib/python3.7/site-packages/airflow/example_dags/example_time_delta_sensor_async.py
[2023-04-11T21:29:59.486-0400] {processor.py:743} INFO - Processing file /Users/srivardhan/opt/anaconda3/envs/kafka-pipeline/lib/python3.7/site-packages/airflow/example_dags/example_time_delta_sensor_async.py for tasks to queue
[2023-04-11T21:29:59.487-0400] {logging_mixin.py:137} INFO - [2023-04-11T21:29:59.487-0400] {dagbag.py:532} INFO - Filling up the DagBag from /Users/srivardhan/opt/anaconda3/envs/kafka-pipeline/lib/python3.7/site-packages/airflow/example_dags/example_time_delta_sensor_async.py
[2023-04-11T21:29:59.495-0400] {processor.py:753} INFO - DAG(s) dict_keys(['example_time_delta_sensor_async']) retrieved from /Users/srivardhan/opt/anaconda3/envs/kafka-pipeline/lib/python3.7/site-packages/airflow/example_dags/example_time_delta_sensor_async.py
[2023-04-11T21:29:59.535-0400] {logging_mixin.py:137} INFO - [2023-04-11T21:29:59.534-0400] {dag.py:2693} INFO - Sync 1 DAGs
[2023-04-11T21:29:59.545-0400] {logging_mixin.py:137} INFO - [2023-04-11T21:29:59.545-0400] {dag.py:3444} INFO - Setting next_dagrun for example_time_delta_sensor_async to None, run_after=None
[2023-04-11T21:29:59.557-0400] {processor.py:175} INFO - Processing /Users/srivardhan/opt/anaconda3/envs/kafka-pipeline/lib/python3.7/site-packages/airflow/example_dags/example_time_delta_sensor_async.py took 0.077 seconds
[2023-04-11T22:00:31.724-0400] {processor.py:153} INFO - Started process (PID=41249) to work on /Users/srivardhan/opt/anaconda3/envs/kafka-pipeline/lib/python3.7/site-packages/airflow/example_dags/example_time_delta_sensor_async.py
[2023-04-11T22:00:31.726-0400] {processor.py:743} INFO - Processing file /Users/srivardhan/opt/anaconda3/envs/kafka-pipeline/lib/python3.7/site-packages/airflow/example_dags/example_time_delta_sensor_async.py for tasks to queue
[2023-04-11T22:00:31.727-0400] {logging_mixin.py:137} INFO - [2023-04-11T22:00:31.727-0400] {dagbag.py:532} INFO - Filling up the DagBag from /Users/srivardhan/opt/anaconda3/envs/kafka-pipeline/lib/python3.7/site-packages/airflow/example_dags/example_time_delta_sensor_async.py
[2023-04-11T22:00:31.736-0400] {processor.py:753} INFO - DAG(s) dict_keys(['example_time_delta_sensor_async']) retrieved from /Users/srivardhan/opt/anaconda3/envs/kafka-pipeline/lib/python3.7/site-packages/airflow/example_dags/example_time_delta_sensor_async.py
[2023-04-11T22:00:31.753-0400] {logging_mixin.py:137} INFO - [2023-04-11T22:00:31.753-0400] {dag.py:2693} INFO - Sync 1 DAGs
[2023-04-11T22:00:31.766-0400] {logging_mixin.py:137} INFO - [2023-04-11T22:00:31.766-0400] {dag.py:3444} INFO - Setting next_dagrun for example_time_delta_sensor_async to None, run_after=None
[2023-04-11T22:00:31.777-0400] {processor.py:175} INFO - Processing /Users/srivardhan/opt/anaconda3/envs/kafka-pipeline/lib/python3.7/site-packages/airflow/example_dags/example_time_delta_sensor_async.py took 0.057 seconds
[2023-04-11T22:22:02.744-0400] {processor.py:153} INFO - Started process (PID=41321) to work on /Users/srivardhan/opt/anaconda3/envs/kafka-pipeline/lib/python3.7/site-packages/airflow/example_dags/example_time_delta_sensor_async.py
[2023-04-11T22:22:02.747-0400] {processor.py:743} INFO - Processing file /Users/srivardhan/opt/anaconda3/envs/kafka-pipeline/lib/python3.7/site-packages/airflow/example_dags/example_time_delta_sensor_async.py for tasks to queue
[2023-04-11T22:22:02.748-0400] {logging_mixin.py:137} INFO - [2023-04-11T22:22:02.748-0400] {dagbag.py:532} INFO - Filling up the DagBag from /Users/srivardhan/opt/anaconda3/envs/kafka-pipeline/lib/python3.7/site-packages/airflow/example_dags/example_time_delta_sensor_async.py
[2023-04-11T22:22:02.758-0400] {processor.py:753} INFO - DAG(s) dict_keys(['example_time_delta_sensor_async']) retrieved from /Users/srivardhan/opt/anaconda3/envs/kafka-pipeline/lib/python3.7/site-packages/airflow/example_dags/example_time_delta_sensor_async.py
[2023-04-11T22:22:02.775-0400] {logging_mixin.py:137} INFO - [2023-04-11T22:22:02.774-0400] {dag.py:2693} INFO - Sync 1 DAGs
[2023-04-11T22:22:02.787-0400] {logging_mixin.py:137} INFO - [2023-04-11T22:22:02.787-0400] {dag.py:3444} INFO - Setting next_dagrun for example_time_delta_sensor_async to None, run_after=None
[2023-04-11T22:22:02.798-0400] {processor.py:175} INFO - Processing /Users/srivardhan/opt/anaconda3/envs/kafka-pipeline/lib/python3.7/site-packages/airflow/example_dags/example_time_delta_sensor_async.py took 0.058 seconds
[2023-04-11T22:27:41.650-0400] {processor.py:153} INFO - Started process (PID=41437) to work on /Users/srivardhan/opt/anaconda3/envs/kafka-pipeline/lib/python3.7/site-packages/airflow/example_dags/example_time_delta_sensor_async.py
[2023-04-11T22:27:41.653-0400] {processor.py:743} INFO - Processing file /Users/srivardhan/opt/anaconda3/envs/kafka-pipeline/lib/python3.7/site-packages/airflow/example_dags/example_time_delta_sensor_async.py for tasks to queue
[2023-04-11T22:27:41.654-0400] {logging_mixin.py:137} INFO - [2023-04-11T22:27:41.654-0400] {dagbag.py:532} INFO - Filling up the DagBag from /Users/srivardhan/opt/anaconda3/envs/kafka-pipeline/lib/python3.7/site-packages/airflow/example_dags/example_time_delta_sensor_async.py
[2023-04-11T22:27:41.662-0400] {processor.py:753} INFO - DAG(s) dict_keys(['example_time_delta_sensor_async']) retrieved from /Users/srivardhan/opt/anaconda3/envs/kafka-pipeline/lib/python3.7/site-packages/airflow/example_dags/example_time_delta_sensor_async.py
[2023-04-11T22:27:41.681-0400] {logging_mixin.py:137} INFO - [2023-04-11T22:27:41.681-0400] {dag.py:2693} INFO - Sync 1 DAGs
[2023-04-11T22:27:41.695-0400] {logging_mixin.py:137} INFO - [2023-04-11T22:27:41.695-0400] {dag.py:3444} INFO - Setting next_dagrun for example_time_delta_sensor_async to None, run_after=None
[2023-04-11T22:27:41.706-0400] {processor.py:175} INFO - Processing /Users/srivardhan/opt/anaconda3/envs/kafka-pipeline/lib/python3.7/site-packages/airflow/example_dags/example_time_delta_sensor_async.py took 0.060 seconds
[2023-04-11T22:45:01.447-0400] {processor.py:153} INFO - Started process (PID=41552) to work on /Users/srivardhan/opt/anaconda3/envs/kafka-pipeline/lib/python3.7/site-packages/airflow/example_dags/example_time_delta_sensor_async.py
[2023-04-11T22:45:01.448-0400] {processor.py:743} INFO - Processing file /Users/srivardhan/opt/anaconda3/envs/kafka-pipeline/lib/python3.7/site-packages/airflow/example_dags/example_time_delta_sensor_async.py for tasks to queue
[2023-04-11T22:45:01.449-0400] {logging_mixin.py:137} INFO - [2023-04-11T22:45:01.448-0400] {dagbag.py:532} INFO - Filling up the DagBag from /Users/srivardhan/opt/anaconda3/envs/kafka-pipeline/lib/python3.7/site-packages/airflow/example_dags/example_time_delta_sensor_async.py
[2023-04-11T22:45:01.453-0400] {processor.py:753} INFO - DAG(s) dict_keys(['example_time_delta_sensor_async']) retrieved from /Users/srivardhan/opt/anaconda3/envs/kafka-pipeline/lib/python3.7/site-packages/airflow/example_dags/example_time_delta_sensor_async.py
[2023-04-11T22:45:01.467-0400] {logging_mixin.py:137} INFO - [2023-04-11T22:45:01.467-0400] {dag.py:2693} INFO - Sync 1 DAGs
[2023-04-11T22:45:01.479-0400] {logging_mixin.py:137} INFO - [2023-04-11T22:45:01.478-0400] {dag.py:3444} INFO - Setting next_dagrun for example_time_delta_sensor_async to None, run_after=None
[2023-04-11T22:45:01.490-0400] {processor.py:175} INFO - Processing /Users/srivardhan/opt/anaconda3/envs/kafka-pipeline/lib/python3.7/site-packages/airflow/example_dags/example_time_delta_sensor_async.py took 0.046 seconds
[2023-04-11T23:09:54.128-0400] {processor.py:153} INFO - Started process (PID=41650) to work on /Users/srivardhan/opt/anaconda3/envs/kafka-pipeline/lib/python3.7/site-packages/airflow/example_dags/example_time_delta_sensor_async.py
[2023-04-11T23:09:54.130-0400] {processor.py:743} INFO - Processing file /Users/srivardhan/opt/anaconda3/envs/kafka-pipeline/lib/python3.7/site-packages/airflow/example_dags/example_time_delta_sensor_async.py for tasks to queue
[2023-04-11T23:09:54.131-0400] {logging_mixin.py:137} INFO - [2023-04-11T23:09:54.130-0400] {dagbag.py:532} INFO - Filling up the DagBag from /Users/srivardhan/opt/anaconda3/envs/kafka-pipeline/lib/python3.7/site-packages/airflow/example_dags/example_time_delta_sensor_async.py
[2023-04-11T23:09:54.140-0400] {processor.py:753} INFO - DAG(s) dict_keys(['example_time_delta_sensor_async']) retrieved from /Users/srivardhan/opt/anaconda3/envs/kafka-pipeline/lib/python3.7/site-packages/airflow/example_dags/example_time_delta_sensor_async.py
[2023-04-11T23:09:54.159-0400] {logging_mixin.py:137} INFO - [2023-04-11T23:09:54.158-0400] {dag.py:2693} INFO - Sync 1 DAGs
[2023-04-11T23:09:54.173-0400] {logging_mixin.py:137} INFO - [2023-04-11T23:09:54.173-0400] {dag.py:3444} INFO - Setting next_dagrun for example_time_delta_sensor_async to None, run_after=None
[2023-04-11T23:09:54.187-0400] {processor.py:175} INFO - Processing /Users/srivardhan/opt/anaconda3/envs/kafka-pipeline/lib/python3.7/site-packages/airflow/example_dags/example_time_delta_sensor_async.py took 0.061 seconds
[2023-04-11T23:10:37.697-0400] {processor.py:153} INFO - Started process (PID=41764) to work on /Users/srivardhan/opt/anaconda3/envs/kafka-pipeline/lib/python3.7/site-packages/airflow/example_dags/example_time_delta_sensor_async.py
[2023-04-11T23:10:37.698-0400] {processor.py:743} INFO - Processing file /Users/srivardhan/opt/anaconda3/envs/kafka-pipeline/lib/python3.7/site-packages/airflow/example_dags/example_time_delta_sensor_async.py for tasks to queue
[2023-04-11T23:10:37.698-0400] {logging_mixin.py:137} INFO - [2023-04-11T23:10:37.698-0400] {dagbag.py:532} INFO - Filling up the DagBag from /Users/srivardhan/opt/anaconda3/envs/kafka-pipeline/lib/python3.7/site-packages/airflow/example_dags/example_time_delta_sensor_async.py
[2023-04-11T23:10:37.703-0400] {processor.py:753} INFO - DAG(s) dict_keys(['example_time_delta_sensor_async']) retrieved from /Users/srivardhan/opt/anaconda3/envs/kafka-pipeline/lib/python3.7/site-packages/airflow/example_dags/example_time_delta_sensor_async.py
[2023-04-11T23:10:37.717-0400] {logging_mixin.py:137} INFO - [2023-04-11T23:10:37.716-0400] {dag.py:2693} INFO - Sync 1 DAGs
[2023-04-11T23:10:37.729-0400] {logging_mixin.py:137} INFO - [2023-04-11T23:10:37.729-0400] {dag.py:3444} INFO - Setting next_dagrun for example_time_delta_sensor_async to None, run_after=None
[2023-04-11T23:10:37.742-0400] {processor.py:175} INFO - Processing /Users/srivardhan/opt/anaconda3/envs/kafka-pipeline/lib/python3.7/site-packages/airflow/example_dags/example_time_delta_sensor_async.py took 0.048 seconds
[2023-04-11T23:11:20.006-0400] {processor.py:153} INFO - Started process (PID=41869) to work on /Users/srivardhan/opt/anaconda3/envs/kafka-pipeline/lib/python3.7/site-packages/airflow/example_dags/example_time_delta_sensor_async.py
[2023-04-11T23:11:20.007-0400] {processor.py:743} INFO - Processing file /Users/srivardhan/opt/anaconda3/envs/kafka-pipeline/lib/python3.7/site-packages/airflow/example_dags/example_time_delta_sensor_async.py for tasks to queue
[2023-04-11T23:11:20.009-0400] {logging_mixin.py:137} INFO - [2023-04-11T23:11:20.008-0400] {dagbag.py:532} INFO - Filling up the DagBag from /Users/srivardhan/opt/anaconda3/envs/kafka-pipeline/lib/python3.7/site-packages/airflow/example_dags/example_time_delta_sensor_async.py
[2023-04-11T23:11:20.016-0400] {processor.py:753} INFO - DAG(s) dict_keys(['example_time_delta_sensor_async']) retrieved from /Users/srivardhan/opt/anaconda3/envs/kafka-pipeline/lib/python3.7/site-packages/airflow/example_dags/example_time_delta_sensor_async.py
[2023-04-11T23:11:20.034-0400] {logging_mixin.py:137} INFO - [2023-04-11T23:11:20.033-0400] {dag.py:2693} INFO - Sync 1 DAGs
[2023-04-11T23:11:20.047-0400] {logging_mixin.py:137} INFO - [2023-04-11T23:11:20.047-0400] {dag.py:3444} INFO - Setting next_dagrun for example_time_delta_sensor_async to None, run_after=None
[2023-04-11T23:11:20.058-0400] {processor.py:175} INFO - Processing /Users/srivardhan/opt/anaconda3/envs/kafka-pipeline/lib/python3.7/site-packages/airflow/example_dags/example_time_delta_sensor_async.py took 0.057 seconds
[2023-04-11T23:12:00.673-0400] {processor.py:153} INFO - Started process (PID=41964) to work on /Users/srivardhan/opt/anaconda3/envs/kafka-pipeline/lib/python3.7/site-packages/airflow/example_dags/example_time_delta_sensor_async.py
[2023-04-11T23:12:00.674-0400] {processor.py:743} INFO - Processing file /Users/srivardhan/opt/anaconda3/envs/kafka-pipeline/lib/python3.7/site-packages/airflow/example_dags/example_time_delta_sensor_async.py for tasks to queue
[2023-04-11T23:12:00.676-0400] {logging_mixin.py:137} INFO - [2023-04-11T23:12:00.675-0400] {dagbag.py:532} INFO - Filling up the DagBag from /Users/srivardhan/opt/anaconda3/envs/kafka-pipeline/lib/python3.7/site-packages/airflow/example_dags/example_time_delta_sensor_async.py
[2023-04-11T23:12:00.684-0400] {processor.py:753} INFO - DAG(s) dict_keys(['example_time_delta_sensor_async']) retrieved from /Users/srivardhan/opt/anaconda3/envs/kafka-pipeline/lib/python3.7/site-packages/airflow/example_dags/example_time_delta_sensor_async.py
[2023-04-11T23:12:00.702-0400] {logging_mixin.py:137} INFO - [2023-04-11T23:12:00.701-0400] {dag.py:2693} INFO - Sync 1 DAGs
[2023-04-11T23:12:00.715-0400] {logging_mixin.py:137} INFO - [2023-04-11T23:12:00.715-0400] {dag.py:3444} INFO - Setting next_dagrun for example_time_delta_sensor_async to None, run_after=None
[2023-04-11T23:12:00.726-0400] {processor.py:175} INFO - Processing /Users/srivardhan/opt/anaconda3/envs/kafka-pipeline/lib/python3.7/site-packages/airflow/example_dags/example_time_delta_sensor_async.py took 0.057 seconds
[2023-04-11T23:12:40.150-0400] {processor.py:153} INFO - Started process (PID=42162) to work on /Users/srivardhan/opt/anaconda3/envs/kafka-pipeline/lib/python3.7/site-packages/airflow/example_dags/example_time_delta_sensor_async.py
[2023-04-11T23:12:40.151-0400] {processor.py:743} INFO - Processing file /Users/srivardhan/opt/anaconda3/envs/kafka-pipeline/lib/python3.7/site-packages/airflow/example_dags/example_time_delta_sensor_async.py for tasks to queue
[2023-04-11T23:12:40.153-0400] {logging_mixin.py:137} INFO - [2023-04-11T23:12:40.152-0400] {dagbag.py:532} INFO - Filling up the DagBag from /Users/srivardhan/opt/anaconda3/envs/kafka-pipeline/lib/python3.7/site-packages/airflow/example_dags/example_time_delta_sensor_async.py
[2023-04-11T23:12:40.163-0400] {processor.py:753} INFO - DAG(s) dict_keys(['example_time_delta_sensor_async']) retrieved from /Users/srivardhan/opt/anaconda3/envs/kafka-pipeline/lib/python3.7/site-packages/airflow/example_dags/example_time_delta_sensor_async.py
[2023-04-11T23:12:40.182-0400] {logging_mixin.py:137} INFO - [2023-04-11T23:12:40.182-0400] {dag.py:2693} INFO - Sync 1 DAGs
[2023-04-11T23:12:40.195-0400] {logging_mixin.py:137} INFO - [2023-04-11T23:12:40.195-0400] {dag.py:3444} INFO - Setting next_dagrun for example_time_delta_sensor_async to None, run_after=None
[2023-04-11T23:12:40.207-0400] {processor.py:175} INFO - Processing /Users/srivardhan/opt/anaconda3/envs/kafka-pipeline/lib/python3.7/site-packages/airflow/example_dags/example_time_delta_sensor_async.py took 0.062 seconds
[2023-04-11T23:13:19.571-0400] {processor.py:153} INFO - Started process (PID=42255) to work on /Users/srivardhan/opt/anaconda3/envs/kafka-pipeline/lib/python3.7/site-packages/airflow/example_dags/example_time_delta_sensor_async.py
[2023-04-11T23:13:19.573-0400] {processor.py:743} INFO - Processing file /Users/srivardhan/opt/anaconda3/envs/kafka-pipeline/lib/python3.7/site-packages/airflow/example_dags/example_time_delta_sensor_async.py for tasks to queue
[2023-04-11T23:13:19.575-0400] {logging_mixin.py:137} INFO - [2023-04-11T23:13:19.574-0400] {dagbag.py:532} INFO - Filling up the DagBag from /Users/srivardhan/opt/anaconda3/envs/kafka-pipeline/lib/python3.7/site-packages/airflow/example_dags/example_time_delta_sensor_async.py
[2023-04-11T23:13:19.586-0400] {processor.py:753} INFO - DAG(s) dict_keys(['example_time_delta_sensor_async']) retrieved from /Users/srivardhan/opt/anaconda3/envs/kafka-pipeline/lib/python3.7/site-packages/airflow/example_dags/example_time_delta_sensor_async.py
[2023-04-11T23:13:19.606-0400] {logging_mixin.py:137} INFO - [2023-04-11T23:13:19.606-0400] {dag.py:2693} INFO - Sync 1 DAGs
[2023-04-11T23:13:19.621-0400] {logging_mixin.py:137} INFO - [2023-04-11T23:13:19.620-0400] {dag.py:3444} INFO - Setting next_dagrun for example_time_delta_sensor_async to None, run_after=None
[2023-04-11T23:13:19.632-0400] {processor.py:175} INFO - Processing /Users/srivardhan/opt/anaconda3/envs/kafka-pipeline/lib/python3.7/site-packages/airflow/example_dags/example_time_delta_sensor_async.py took 0.066 seconds
