[2023-04-11T21:02:43.055-0400] {processor.py:153} INFO - Started process (PID=41098) to work on /Users/srivardhan/opt/anaconda3/envs/kafka-pipeline/lib/python3.7/site-packages/airflow/example_dags/example_dynamic_task_mapping.py
[2023-04-11T21:02:43.057-0400] {processor.py:743} INFO - Processing file /Users/srivardhan/opt/anaconda3/envs/kafka-pipeline/lib/python3.7/site-packages/airflow/example_dags/example_dynamic_task_mapping.py for tasks to queue
[2023-04-11T21:02:43.058-0400] {logging_mixin.py:137} INFO - [2023-04-11T21:02:43.058-0400] {dagbag.py:532} INFO - Filling up the DagBag from /Users/srivardhan/opt/anaconda3/envs/kafka-pipeline/lib/python3.7/site-packages/airflow/example_dags/example_dynamic_task_mapping.py
[2023-04-11T21:02:43.076-0400] {processor.py:753} INFO - DAG(s) dict_keys(['example_dynamic_task_mapping']) retrieved from /Users/srivardhan/opt/anaconda3/envs/kafka-pipeline/lib/python3.7/site-packages/airflow/example_dags/example_dynamic_task_mapping.py
[2023-04-11T21:02:43.092-0400] {logging_mixin.py:137} INFO - [2023-04-11T21:02:43.092-0400] {dag.py:2693} INFO - Sync 1 DAGs
[2023-04-11T21:02:43.105-0400] {logging_mixin.py:137} INFO - [2023-04-11T21:02:43.104-0400] {dag.py:3444} INFO - Setting next_dagrun for example_dynamic_task_mapping to 2022-03-04T00:00:00+00:00, run_after=2022-03-05T00:00:00+00:00
[2023-04-11T21:02:43.115-0400] {processor.py:175} INFO - Processing /Users/srivardhan/opt/anaconda3/envs/kafka-pipeline/lib/python3.7/site-packages/airflow/example_dags/example_dynamic_task_mapping.py took 0.065 seconds
[2023-04-11T21:52:31.861-0400] {processor.py:153} INFO - Started process (PID=41190) to work on /Users/srivardhan/opt/anaconda3/envs/kafka-pipeline/lib/python3.7/site-packages/airflow/example_dags/example_dynamic_task_mapping.py
[2023-04-11T21:52:31.862-0400] {processor.py:743} INFO - Processing file /Users/srivardhan/opt/anaconda3/envs/kafka-pipeline/lib/python3.7/site-packages/airflow/example_dags/example_dynamic_task_mapping.py for tasks to queue
[2023-04-11T21:52:31.864-0400] {logging_mixin.py:137} INFO - [2023-04-11T21:52:31.863-0400] {dagbag.py:532} INFO - Filling up the DagBag from /Users/srivardhan/opt/anaconda3/envs/kafka-pipeline/lib/python3.7/site-packages/airflow/example_dags/example_dynamic_task_mapping.py
[2023-04-11T21:52:31.882-0400] {processor.py:753} INFO - DAG(s) dict_keys(['example_dynamic_task_mapping']) retrieved from /Users/srivardhan/opt/anaconda3/envs/kafka-pipeline/lib/python3.7/site-packages/airflow/example_dags/example_dynamic_task_mapping.py
[2023-04-11T21:52:31.897-0400] {logging_mixin.py:137} INFO - [2023-04-11T21:52:31.897-0400] {dag.py:2693} INFO - Sync 1 DAGs
[2023-04-11T21:52:31.910-0400] {logging_mixin.py:137} INFO - [2023-04-11T21:52:31.910-0400] {dag.py:3444} INFO - Setting next_dagrun for example_dynamic_task_mapping to 2022-03-04T00:00:00+00:00, run_after=2022-03-05T00:00:00+00:00
[2023-04-11T21:52:31.920-0400] {processor.py:175} INFO - Processing /Users/srivardhan/opt/anaconda3/envs/kafka-pipeline/lib/python3.7/site-packages/airflow/example_dags/example_dynamic_task_mapping.py took 0.064 seconds
[2023-04-11T22:26:10.433-0400] {processor.py:153} INFO - Started process (PID=41349) to work on /Users/srivardhan/opt/anaconda3/envs/kafka-pipeline/lib/python3.7/site-packages/airflow/example_dags/example_dynamic_task_mapping.py
[2023-04-11T22:26:10.435-0400] {processor.py:743} INFO - Processing file /Users/srivardhan/opt/anaconda3/envs/kafka-pipeline/lib/python3.7/site-packages/airflow/example_dags/example_dynamic_task_mapping.py for tasks to queue
[2023-04-11T22:26:10.436-0400] {logging_mixin.py:137} INFO - [2023-04-11T22:26:10.436-0400] {dagbag.py:532} INFO - Filling up the DagBag from /Users/srivardhan/opt/anaconda3/envs/kafka-pipeline/lib/python3.7/site-packages/airflow/example_dags/example_dynamic_task_mapping.py
[2023-04-11T22:26:10.453-0400] {processor.py:753} INFO - DAG(s) dict_keys(['example_dynamic_task_mapping']) retrieved from /Users/srivardhan/opt/anaconda3/envs/kafka-pipeline/lib/python3.7/site-packages/airflow/example_dags/example_dynamic_task_mapping.py
[2023-04-11T22:26:10.468-0400] {logging_mixin.py:137} INFO - [2023-04-11T22:26:10.468-0400] {dag.py:2693} INFO - Sync 1 DAGs
[2023-04-11T22:26:10.480-0400] {logging_mixin.py:137} INFO - [2023-04-11T22:26:10.479-0400] {dag.py:3444} INFO - Setting next_dagrun for example_dynamic_task_mapping to 2022-03-04T00:00:00+00:00, run_after=2022-03-05T00:00:00+00:00
[2023-04-11T22:26:10.490-0400] {processor.py:175} INFO - Processing /Users/srivardhan/opt/anaconda3/envs/kafka-pipeline/lib/python3.7/site-packages/airflow/example_dags/example_dynamic_task_mapping.py took 0.062 seconds
[2023-04-11T22:35:01.050-0400] {processor.py:153} INFO - Started process (PID=41502) to work on /Users/srivardhan/opt/anaconda3/envs/kafka-pipeline/lib/python3.7/site-packages/airflow/example_dags/example_dynamic_task_mapping.py
[2023-04-11T22:35:01.053-0400] {processor.py:743} INFO - Processing file /Users/srivardhan/opt/anaconda3/envs/kafka-pipeline/lib/python3.7/site-packages/airflow/example_dags/example_dynamic_task_mapping.py for tasks to queue
[2023-04-11T22:35:01.054-0400] {logging_mixin.py:137} INFO - [2023-04-11T22:35:01.054-0400] {dagbag.py:532} INFO - Filling up the DagBag from /Users/srivardhan/opt/anaconda3/envs/kafka-pipeline/lib/python3.7/site-packages/airflow/example_dags/example_dynamic_task_mapping.py
[2023-04-11T22:35:01.072-0400] {processor.py:753} INFO - DAG(s) dict_keys(['example_dynamic_task_mapping']) retrieved from /Users/srivardhan/opt/anaconda3/envs/kafka-pipeline/lib/python3.7/site-packages/airflow/example_dags/example_dynamic_task_mapping.py
[2023-04-11T22:35:01.087-0400] {logging_mixin.py:137} INFO - [2023-04-11T22:35:01.087-0400] {dag.py:2693} INFO - Sync 1 DAGs
[2023-04-11T22:35:01.099-0400] {logging_mixin.py:137} INFO - [2023-04-11T22:35:01.099-0400] {dag.py:3444} INFO - Setting next_dagrun for example_dynamic_task_mapping to 2022-03-04T00:00:00+00:00, run_after=2022-03-05T00:00:00+00:00
[2023-04-11T22:35:01.110-0400] {processor.py:175} INFO - Processing /Users/srivardhan/opt/anaconda3/envs/kafka-pipeline/lib/python3.7/site-packages/airflow/example_dags/example_dynamic_task_mapping.py took 0.064 seconds
[2023-04-11T23:10:12.900-0400] {processor.py:153} INFO - Started process (PID=41689) to work on /Users/srivardhan/opt/anaconda3/envs/kafka-pipeline/lib/python3.7/site-packages/airflow/example_dags/example_dynamic_task_mapping.py
[2023-04-11T23:10:12.901-0400] {processor.py:743} INFO - Processing file /Users/srivardhan/opt/anaconda3/envs/kafka-pipeline/lib/python3.7/site-packages/airflow/example_dags/example_dynamic_task_mapping.py for tasks to queue
[2023-04-11T23:10:12.902-0400] {logging_mixin.py:137} INFO - [2023-04-11T23:10:12.902-0400] {dagbag.py:532} INFO - Filling up the DagBag from /Users/srivardhan/opt/anaconda3/envs/kafka-pipeline/lib/python3.7/site-packages/airflow/example_dags/example_dynamic_task_mapping.py
[2023-04-11T23:10:12.913-0400] {processor.py:753} INFO - DAG(s) dict_keys(['example_dynamic_task_mapping']) retrieved from /Users/srivardhan/opt/anaconda3/envs/kafka-pipeline/lib/python3.7/site-packages/airflow/example_dags/example_dynamic_task_mapping.py
[2023-04-11T23:10:12.926-0400] {logging_mixin.py:137} INFO - [2023-04-11T23:10:12.926-0400] {dag.py:2693} INFO - Sync 1 DAGs
[2023-04-11T23:10:12.938-0400] {logging_mixin.py:137} INFO - [2023-04-11T23:10:12.938-0400] {dag.py:3444} INFO - Setting next_dagrun for example_dynamic_task_mapping to 2022-03-04T00:00:00+00:00, run_after=2022-03-05T00:00:00+00:00
[2023-04-11T23:10:12.948-0400] {processor.py:175} INFO - Processing /Users/srivardhan/opt/anaconda3/envs/kafka-pipeline/lib/python3.7/site-packages/airflow/example_dags/example_dynamic_task_mapping.py took 0.050 seconds
[2023-04-11T23:10:57.132-0400] {processor.py:153} INFO - Started process (PID=41823) to work on /Users/srivardhan/opt/anaconda3/envs/kafka-pipeline/lib/python3.7/site-packages/airflow/example_dags/example_dynamic_task_mapping.py
[2023-04-11T23:10:57.134-0400] {processor.py:743} INFO - Processing file /Users/srivardhan/opt/anaconda3/envs/kafka-pipeline/lib/python3.7/site-packages/airflow/example_dags/example_dynamic_task_mapping.py for tasks to queue
[2023-04-11T23:10:57.135-0400] {logging_mixin.py:137} INFO - [2023-04-11T23:10:57.135-0400] {dagbag.py:532} INFO - Filling up the DagBag from /Users/srivardhan/opt/anaconda3/envs/kafka-pipeline/lib/python3.7/site-packages/airflow/example_dags/example_dynamic_task_mapping.py
[2023-04-11T23:10:57.152-0400] {processor.py:753} INFO - DAG(s) dict_keys(['example_dynamic_task_mapping']) retrieved from /Users/srivardhan/opt/anaconda3/envs/kafka-pipeline/lib/python3.7/site-packages/airflow/example_dags/example_dynamic_task_mapping.py
[2023-04-11T23:10:57.167-0400] {logging_mixin.py:137} INFO - [2023-04-11T23:10:57.166-0400] {dag.py:2693} INFO - Sync 1 DAGs
[2023-04-11T23:10:57.179-0400] {logging_mixin.py:137} INFO - [2023-04-11T23:10:57.179-0400] {dag.py:3444} INFO - Setting next_dagrun for example_dynamic_task_mapping to 2022-03-04T00:00:00+00:00, run_after=2022-03-05T00:00:00+00:00
[2023-04-11T23:10:57.189-0400] {processor.py:175} INFO - Processing /Users/srivardhan/opt/anaconda3/envs/kafka-pipeline/lib/python3.7/site-packages/airflow/example_dags/example_dynamic_task_mapping.py took 0.061 seconds
[2023-04-11T23:11:39.165-0400] {processor.py:153} INFO - Started process (PID=41911) to work on /Users/srivardhan/opt/anaconda3/envs/kafka-pipeline/lib/python3.7/site-packages/airflow/example_dags/example_dynamic_task_mapping.py
[2023-04-11T23:11:39.166-0400] {processor.py:743} INFO - Processing file /Users/srivardhan/opt/anaconda3/envs/kafka-pipeline/lib/python3.7/site-packages/airflow/example_dags/example_dynamic_task_mapping.py for tasks to queue
[2023-04-11T23:11:39.168-0400] {logging_mixin.py:137} INFO - [2023-04-11T23:11:39.167-0400] {dagbag.py:532} INFO - Filling up the DagBag from /Users/srivardhan/opt/anaconda3/envs/kafka-pipeline/lib/python3.7/site-packages/airflow/example_dags/example_dynamic_task_mapping.py
[2023-04-11T23:11:39.186-0400] {processor.py:753} INFO - DAG(s) dict_keys(['example_dynamic_task_mapping']) retrieved from /Users/srivardhan/opt/anaconda3/envs/kafka-pipeline/lib/python3.7/site-packages/airflow/example_dags/example_dynamic_task_mapping.py
[2023-04-11T23:11:39.202-0400] {logging_mixin.py:137} INFO - [2023-04-11T23:11:39.202-0400] {dag.py:2693} INFO - Sync 1 DAGs
[2023-04-11T23:11:39.215-0400] {logging_mixin.py:137} INFO - [2023-04-11T23:11:39.214-0400] {dag.py:3444} INFO - Setting next_dagrun for example_dynamic_task_mapping to 2022-03-04T00:00:00+00:00, run_after=2022-03-05T00:00:00+00:00
[2023-04-11T23:11:39.226-0400] {processor.py:175} INFO - Processing /Users/srivardhan/opt/anaconda3/envs/kafka-pipeline/lib/python3.7/site-packages/airflow/example_dags/example_dynamic_task_mapping.py took 0.065 seconds
[2023-04-11T23:12:19.813-0400] {processor.py:153} INFO - Started process (PID=42006) to work on /Users/srivardhan/opt/anaconda3/envs/kafka-pipeline/lib/python3.7/site-packages/airflow/example_dags/example_dynamic_task_mapping.py
[2023-04-11T23:12:19.815-0400] {processor.py:743} INFO - Processing file /Users/srivardhan/opt/anaconda3/envs/kafka-pipeline/lib/python3.7/site-packages/airflow/example_dags/example_dynamic_task_mapping.py for tasks to queue
[2023-04-11T23:12:19.816-0400] {logging_mixin.py:137} INFO - [2023-04-11T23:12:19.815-0400] {dagbag.py:532} INFO - Filling up the DagBag from /Users/srivardhan/opt/anaconda3/envs/kafka-pipeline/lib/python3.7/site-packages/airflow/example_dags/example_dynamic_task_mapping.py
[2023-04-11T23:12:19.833-0400] {processor.py:753} INFO - DAG(s) dict_keys(['example_dynamic_task_mapping']) retrieved from /Users/srivardhan/opt/anaconda3/envs/kafka-pipeline/lib/python3.7/site-packages/airflow/example_dags/example_dynamic_task_mapping.py
[2023-04-11T23:12:19.849-0400] {logging_mixin.py:137} INFO - [2023-04-11T23:12:19.848-0400] {dag.py:2693} INFO - Sync 1 DAGs
[2023-04-11T23:12:19.861-0400] {logging_mixin.py:137} INFO - [2023-04-11T23:12:19.861-0400] {dag.py:3444} INFO - Setting next_dagrun for example_dynamic_task_mapping to 2022-03-04T00:00:00+00:00, run_after=2022-03-05T00:00:00+00:00
[2023-04-11T23:12:19.872-0400] {processor.py:175} INFO - Processing /Users/srivardhan/opt/anaconda3/envs/kafka-pipeline/lib/python3.7/site-packages/airflow/example_dags/example_dynamic_task_mapping.py took 0.063 seconds
[2023-04-11T23:13:10.400-0400] {processor.py:153} INFO - Started process (PID=42234) to work on /Users/srivardhan/opt/anaconda3/envs/kafka-pipeline/lib/python3.7/site-packages/airflow/example_dags/example_dynamic_task_mapping.py
[2023-04-11T23:13:10.403-0400] {processor.py:743} INFO - Processing file /Users/srivardhan/opt/anaconda3/envs/kafka-pipeline/lib/python3.7/site-packages/airflow/example_dags/example_dynamic_task_mapping.py for tasks to queue
[2023-04-11T23:13:10.405-0400] {logging_mixin.py:137} INFO - [2023-04-11T23:13:10.404-0400] {dagbag.py:532} INFO - Filling up the DagBag from /Users/srivardhan/opt/anaconda3/envs/kafka-pipeline/lib/python3.7/site-packages/airflow/example_dags/example_dynamic_task_mapping.py
[2023-04-11T23:13:10.424-0400] {processor.py:753} INFO - DAG(s) dict_keys(['example_dynamic_task_mapping']) retrieved from /Users/srivardhan/opt/anaconda3/envs/kafka-pipeline/lib/python3.7/site-packages/airflow/example_dags/example_dynamic_task_mapping.py
[2023-04-11T23:13:10.442-0400] {logging_mixin.py:137} INFO - [2023-04-11T23:13:10.442-0400] {dag.py:2693} INFO - Sync 1 DAGs
[2023-04-11T23:13:10.458-0400] {logging_mixin.py:137} INFO - [2023-04-11T23:13:10.458-0400] {dag.py:3444} INFO - Setting next_dagrun for example_dynamic_task_mapping to 2022-03-04T00:00:00+00:00, run_after=2022-03-05T00:00:00+00:00
[2023-04-11T23:13:10.477-0400] {processor.py:175} INFO - Processing /Users/srivardhan/opt/anaconda3/envs/kafka-pipeline/lib/python3.7/site-packages/airflow/example_dags/example_dynamic_task_mapping.py took 0.082 seconds
