[2023-04-11T20:18:57.847-0400] {processor.py:153} INFO - Started process (PID=41051) to work on /Users/srivardhan/opt/anaconda3/envs/kafka-pipeline/lib/python3.7/site-packages/airflow/example_dags/example_skip_dag.py
[2023-04-11T20:18:57.848-0400] {processor.py:743} INFO - Processing file /Users/srivardhan/opt/anaconda3/envs/kafka-pipeline/lib/python3.7/site-packages/airflow/example_dags/example_skip_dag.py for tasks to queue
[2023-04-11T20:18:57.849-0400] {logging_mixin.py:137} INFO - [2023-04-11T20:18:57.849-0400] {dagbag.py:532} INFO - Filling up the DagBag from /Users/srivardhan/opt/anaconda3/envs/kafka-pipeline/lib/python3.7/site-packages/airflow/example_dags/example_skip_dag.py
[2023-04-11T20:18:57.858-0400] {processor.py:753} INFO - DAG(s) dict_keys(['example_skip_dag']) retrieved from /Users/srivardhan/opt/anaconda3/envs/kafka-pipeline/lib/python3.7/site-packages/airflow/example_dags/example_skip_dag.py
[2023-04-11T20:18:57.878-0400] {logging_mixin.py:137} INFO - [2023-04-11T20:18:57.877-0400] {dag.py:2693} INFO - Sync 1 DAGs
[2023-04-11T20:18:57.891-0400] {logging_mixin.py:137} INFO - [2023-04-11T20:18:57.890-0400] {dag.py:3444} INFO - Setting next_dagrun for example_skip_dag to 2023-04-11T00:18:57.890597+00:00, run_after=2023-04-12T00:18:57.890597+00:00
[2023-04-11T20:18:57.902-0400] {processor.py:175} INFO - Processing /Users/srivardhan/opt/anaconda3/envs/kafka-pipeline/lib/python3.7/site-packages/airflow/example_dags/example_skip_dag.py took 0.060 seconds
[2023-04-11T21:47:00.814-0400] {processor.py:153} INFO - Started process (PID=41158) to work on /Users/srivardhan/opt/anaconda3/envs/kafka-pipeline/lib/python3.7/site-packages/airflow/example_dags/example_skip_dag.py
[2023-04-11T21:47:00.815-0400] {processor.py:743} INFO - Processing file /Users/srivardhan/opt/anaconda3/envs/kafka-pipeline/lib/python3.7/site-packages/airflow/example_dags/example_skip_dag.py for tasks to queue
[2023-04-11T21:47:00.816-0400] {logging_mixin.py:137} INFO - [2023-04-11T21:47:00.816-0400] {dagbag.py:532} INFO - Filling up the DagBag from /Users/srivardhan/opt/anaconda3/envs/kafka-pipeline/lib/python3.7/site-packages/airflow/example_dags/example_skip_dag.py
[2023-04-11T21:47:00.823-0400] {processor.py:753} INFO - DAG(s) dict_keys(['example_skip_dag']) retrieved from /Users/srivardhan/opt/anaconda3/envs/kafka-pipeline/lib/python3.7/site-packages/airflow/example_dags/example_skip_dag.py
[2023-04-11T21:47:00.841-0400] {logging_mixin.py:137} INFO - [2023-04-11T21:47:00.840-0400] {dag.py:2693} INFO - Sync 1 DAGs
[2023-04-11T21:47:00.853-0400] {logging_mixin.py:137} INFO - [2023-04-11T21:47:00.853-0400] {dag.py:3444} INFO - Setting next_dagrun for example_skip_dag to 2023-04-11T01:47:00.852976+00:00, run_after=2023-04-12T01:47:00.852976+00:00
[2023-04-11T21:47:00.864-0400] {processor.py:175} INFO - Processing /Users/srivardhan/opt/anaconda3/envs/kafka-pipeline/lib/python3.7/site-packages/airflow/example_dags/example_skip_dag.py took 0.054 seconds
[2023-04-11T22:00:36.417-0400] {processor.py:153} INFO - Started process (PID=41261) to work on /Users/srivardhan/opt/anaconda3/envs/kafka-pipeline/lib/python3.7/site-packages/airflow/example_dags/example_skip_dag.py
[2023-04-11T22:00:36.420-0400] {processor.py:743} INFO - Processing file /Users/srivardhan/opt/anaconda3/envs/kafka-pipeline/lib/python3.7/site-packages/airflow/example_dags/example_skip_dag.py for tasks to queue
[2023-04-11T22:00:36.421-0400] {logging_mixin.py:137} INFO - [2023-04-11T22:00:36.420-0400] {dagbag.py:532} INFO - Filling up the DagBag from /Users/srivardhan/opt/anaconda3/envs/kafka-pipeline/lib/python3.7/site-packages/airflow/example_dags/example_skip_dag.py
[2023-04-11T22:00:36.430-0400] {processor.py:753} INFO - DAG(s) dict_keys(['example_skip_dag']) retrieved from /Users/srivardhan/opt/anaconda3/envs/kafka-pipeline/lib/python3.7/site-packages/airflow/example_dags/example_skip_dag.py
[2023-04-11T22:00:36.448-0400] {logging_mixin.py:137} INFO - [2023-04-11T22:00:36.448-0400] {dag.py:2693} INFO - Sync 1 DAGs
[2023-04-11T22:00:36.461-0400] {logging_mixin.py:137} INFO - [2023-04-11T22:00:36.461-0400] {dag.py:3444} INFO - Setting next_dagrun for example_skip_dag to 2023-04-11T02:00:36.461432+00:00, run_after=2023-04-12T02:00:36.461432+00:00
[2023-04-11T22:00:36.473-0400] {processor.py:175} INFO - Processing /Users/srivardhan/opt/anaconda3/envs/kafka-pipeline/lib/python3.7/site-packages/airflow/example_dags/example_skip_dag.py took 0.060 seconds
[2023-04-11T22:25:58.765-0400] {processor.py:153} INFO - Started process (PID=41333) to work on /Users/srivardhan/opt/anaconda3/envs/kafka-pipeline/lib/python3.7/site-packages/airflow/example_dags/example_skip_dag.py
[2023-04-11T22:25:58.767-0400] {processor.py:743} INFO - Processing file /Users/srivardhan/opt/anaconda3/envs/kafka-pipeline/lib/python3.7/site-packages/airflow/example_dags/example_skip_dag.py for tasks to queue
[2023-04-11T22:25:58.768-0400] {logging_mixin.py:137} INFO - [2023-04-11T22:25:58.768-0400] {dagbag.py:532} INFO - Filling up the DagBag from /Users/srivardhan/opt/anaconda3/envs/kafka-pipeline/lib/python3.7/site-packages/airflow/example_dags/example_skip_dag.py
[2023-04-11T22:25:58.775-0400] {processor.py:753} INFO - DAG(s) dict_keys(['example_skip_dag']) retrieved from /Users/srivardhan/opt/anaconda3/envs/kafka-pipeline/lib/python3.7/site-packages/airflow/example_dags/example_skip_dag.py
[2023-04-11T22:25:58.795-0400] {logging_mixin.py:137} INFO - [2023-04-11T22:25:58.795-0400] {dag.py:2693} INFO - Sync 1 DAGs
[2023-04-11T22:25:58.808-0400] {logging_mixin.py:137} INFO - [2023-04-11T22:25:58.808-0400] {dag.py:3444} INFO - Setting next_dagrun for example_skip_dag to 2023-04-11T02:25:58.808232+00:00, run_after=2023-04-12T02:25:58.808232+00:00
[2023-04-11T22:25:58.820-0400] {processor.py:175} INFO - Processing /Users/srivardhan/opt/anaconda3/envs/kafka-pipeline/lib/python3.7/site-packages/airflow/example_dags/example_skip_dag.py took 0.060 seconds
[2023-04-11T22:33:22.345-0400] {processor.py:153} INFO - Started process (PID=41458) to work on /Users/srivardhan/opt/anaconda3/envs/kafka-pipeline/lib/python3.7/site-packages/airflow/example_dags/example_skip_dag.py
[2023-04-11T22:33:22.348-0400] {processor.py:743} INFO - Processing file /Users/srivardhan/opt/anaconda3/envs/kafka-pipeline/lib/python3.7/site-packages/airflow/example_dags/example_skip_dag.py for tasks to queue
[2023-04-11T22:33:22.349-0400] {logging_mixin.py:137} INFO - [2023-04-11T22:33:22.349-0400] {dagbag.py:532} INFO - Filling up the DagBag from /Users/srivardhan/opt/anaconda3/envs/kafka-pipeline/lib/python3.7/site-packages/airflow/example_dags/example_skip_dag.py
[2023-04-11T22:33:22.357-0400] {processor.py:753} INFO - DAG(s) dict_keys(['example_skip_dag']) retrieved from /Users/srivardhan/opt/anaconda3/envs/kafka-pipeline/lib/python3.7/site-packages/airflow/example_dags/example_skip_dag.py
[2023-04-11T22:33:22.377-0400] {logging_mixin.py:137} INFO - [2023-04-11T22:33:22.377-0400] {dag.py:2693} INFO - Sync 1 DAGs
[2023-04-11T22:33:22.391-0400] {logging_mixin.py:137} INFO - [2023-04-11T22:33:22.390-0400] {dag.py:3444} INFO - Setting next_dagrun for example_skip_dag to 2023-04-11T02:33:22.390652+00:00, run_after=2023-04-12T02:33:22.390652+00:00
[2023-04-11T22:33:22.401-0400] {processor.py:175} INFO - Processing /Users/srivardhan/opt/anaconda3/envs/kafka-pipeline/lib/python3.7/site-packages/airflow/example_dags/example_skip_dag.py took 0.061 seconds
[2023-04-11T22:45:06.637-0400] {processor.py:153} INFO - Started process (PID=41571) to work on /Users/srivardhan/opt/anaconda3/envs/kafka-pipeline/lib/python3.7/site-packages/airflow/example_dags/example_skip_dag.py
[2023-04-11T22:45:06.639-0400] {processor.py:743} INFO - Processing file /Users/srivardhan/opt/anaconda3/envs/kafka-pipeline/lib/python3.7/site-packages/airflow/example_dags/example_skip_dag.py for tasks to queue
[2023-04-11T22:45:06.640-0400] {logging_mixin.py:137} INFO - [2023-04-11T22:45:06.640-0400] {dagbag.py:532} INFO - Filling up the DagBag from /Users/srivardhan/opt/anaconda3/envs/kafka-pipeline/lib/python3.7/site-packages/airflow/example_dags/example_skip_dag.py
[2023-04-11T22:45:06.649-0400] {processor.py:753} INFO - DAG(s) dict_keys(['example_skip_dag']) retrieved from /Users/srivardhan/opt/anaconda3/envs/kafka-pipeline/lib/python3.7/site-packages/airflow/example_dags/example_skip_dag.py
[2023-04-11T22:45:06.668-0400] {logging_mixin.py:137} INFO - [2023-04-11T22:45:06.668-0400] {dag.py:2693} INFO - Sync 1 DAGs
[2023-04-11T22:45:06.681-0400] {logging_mixin.py:137} INFO - [2023-04-11T22:45:06.681-0400] {dag.py:3444} INFO - Setting next_dagrun for example_skip_dag to 2023-04-11T02:45:06.681478+00:00, run_after=2023-04-12T02:45:06.681478+00:00
[2023-04-11T22:45:06.693-0400] {processor.py:175} INFO - Processing /Users/srivardhan/opt/anaconda3/envs/kafka-pipeline/lib/python3.7/site-packages/airflow/example_dags/example_skip_dag.py took 0.060 seconds
[2023-04-11T23:09:58.125-0400] {processor.py:153} INFO - Started process (PID=41660) to work on /Users/srivardhan/opt/anaconda3/envs/kafka-pipeline/lib/python3.7/site-packages/airflow/example_dags/example_skip_dag.py
[2023-04-11T23:09:58.127-0400] {processor.py:743} INFO - Processing file /Users/srivardhan/opt/anaconda3/envs/kafka-pipeline/lib/python3.7/site-packages/airflow/example_dags/example_skip_dag.py for tasks to queue
[2023-04-11T23:09:58.128-0400] {logging_mixin.py:137} INFO - [2023-04-11T23:09:58.128-0400] {dagbag.py:532} INFO - Filling up the DagBag from /Users/srivardhan/opt/anaconda3/envs/kafka-pipeline/lib/python3.7/site-packages/airflow/example_dags/example_skip_dag.py
[2023-04-11T23:09:58.136-0400] {processor.py:753} INFO - DAG(s) dict_keys(['example_skip_dag']) retrieved from /Users/srivardhan/opt/anaconda3/envs/kafka-pipeline/lib/python3.7/site-packages/airflow/example_dags/example_skip_dag.py
[2023-04-11T23:09:58.154-0400] {logging_mixin.py:137} INFO - [2023-04-11T23:09:58.154-0400] {dag.py:2693} INFO - Sync 1 DAGs
[2023-04-11T23:09:58.169-0400] {logging_mixin.py:137} INFO - [2023-04-11T23:09:58.168-0400] {dag.py:3444} INFO - Setting next_dagrun for example_skip_dag to 2023-04-11T03:09:58.168509+00:00, run_after=2023-04-12T03:09:58.168509+00:00
[2023-04-11T23:09:58.185-0400] {processor.py:175} INFO - Processing /Users/srivardhan/opt/anaconda3/envs/kafka-pipeline/lib/python3.7/site-packages/airflow/example_dags/example_skip_dag.py took 0.064 seconds
[2023-04-11T23:10:42.114-0400] {processor.py:153} INFO - Started process (PID=41781) to work on /Users/srivardhan/opt/anaconda3/envs/kafka-pipeline/lib/python3.7/site-packages/airflow/example_dags/example_skip_dag.py
[2023-04-11T23:10:42.116-0400] {processor.py:743} INFO - Processing file /Users/srivardhan/opt/anaconda3/envs/kafka-pipeline/lib/python3.7/site-packages/airflow/example_dags/example_skip_dag.py for tasks to queue
[2023-04-11T23:10:42.118-0400] {logging_mixin.py:137} INFO - [2023-04-11T23:10:42.117-0400] {dagbag.py:532} INFO - Filling up the DagBag from /Users/srivardhan/opt/anaconda3/envs/kafka-pipeline/lib/python3.7/site-packages/airflow/example_dags/example_skip_dag.py
[2023-04-11T23:10:42.128-0400] {processor.py:753} INFO - DAG(s) dict_keys(['example_skip_dag']) retrieved from /Users/srivardhan/opt/anaconda3/envs/kafka-pipeline/lib/python3.7/site-packages/airflow/example_dags/example_skip_dag.py
[2023-04-11T23:10:42.149-0400] {logging_mixin.py:137} INFO - [2023-04-11T23:10:42.149-0400] {dag.py:2693} INFO - Sync 1 DAGs
[2023-04-11T23:10:42.163-0400] {logging_mixin.py:137} INFO - [2023-04-11T23:10:42.163-0400] {dag.py:3444} INFO - Setting next_dagrun for example_skip_dag to 2023-04-11T03:10:42.162844+00:00, run_after=2023-04-12T03:10:42.162844+00:00
[2023-04-11T23:10:42.174-0400] {processor.py:175} INFO - Processing /Users/srivardhan/opt/anaconda3/envs/kafka-pipeline/lib/python3.7/site-packages/airflow/example_dags/example_skip_dag.py took 0.064 seconds
[2023-04-11T23:11:25.318-0400] {processor.py:153} INFO - Started process (PID=41882) to work on /Users/srivardhan/opt/anaconda3/envs/kafka-pipeline/lib/python3.7/site-packages/airflow/example_dags/example_skip_dag.py
[2023-04-11T23:11:25.319-0400] {processor.py:743} INFO - Processing file /Users/srivardhan/opt/anaconda3/envs/kafka-pipeline/lib/python3.7/site-packages/airflow/example_dags/example_skip_dag.py for tasks to queue
[2023-04-11T23:11:25.320-0400] {logging_mixin.py:137} INFO - [2023-04-11T23:11:25.320-0400] {dagbag.py:532} INFO - Filling up the DagBag from /Users/srivardhan/opt/anaconda3/envs/kafka-pipeline/lib/python3.7/site-packages/airflow/example_dags/example_skip_dag.py
[2023-04-11T23:11:25.329-0400] {processor.py:753} INFO - DAG(s) dict_keys(['example_skip_dag']) retrieved from /Users/srivardhan/opt/anaconda3/envs/kafka-pipeline/lib/python3.7/site-packages/airflow/example_dags/example_skip_dag.py
[2023-04-11T23:11:25.348-0400] {logging_mixin.py:137} INFO - [2023-04-11T23:11:25.348-0400] {dag.py:2693} INFO - Sync 1 DAGs
[2023-04-11T23:11:25.361-0400] {logging_mixin.py:137} INFO - [2023-04-11T23:11:25.360-0400] {dag.py:3444} INFO - Setting next_dagrun for example_skip_dag to 2023-04-11T03:11:25.360704+00:00, run_after=2023-04-12T03:11:25.360704+00:00
[2023-04-11T23:11:25.372-0400] {processor.py:175} INFO - Processing /Users/srivardhan/opt/anaconda3/envs/kafka-pipeline/lib/python3.7/site-packages/airflow/example_dags/example_skip_dag.py took 0.058 seconds
[2023-04-11T23:12:05.485-0400] {processor.py:153} INFO - Started process (PID=41975) to work on /Users/srivardhan/opt/anaconda3/envs/kafka-pipeline/lib/python3.7/site-packages/airflow/example_dags/example_skip_dag.py
[2023-04-11T23:12:05.486-0400] {processor.py:743} INFO - Processing file /Users/srivardhan/opt/anaconda3/envs/kafka-pipeline/lib/python3.7/site-packages/airflow/example_dags/example_skip_dag.py for tasks to queue
[2023-04-11T23:12:05.488-0400] {logging_mixin.py:137} INFO - [2023-04-11T23:12:05.487-0400] {dagbag.py:532} INFO - Filling up the DagBag from /Users/srivardhan/opt/anaconda3/envs/kafka-pipeline/lib/python3.7/site-packages/airflow/example_dags/example_skip_dag.py
[2023-04-11T23:12:05.497-0400] {processor.py:753} INFO - DAG(s) dict_keys(['example_skip_dag']) retrieved from /Users/srivardhan/opt/anaconda3/envs/kafka-pipeline/lib/python3.7/site-packages/airflow/example_dags/example_skip_dag.py
[2023-04-11T23:12:05.518-0400] {logging_mixin.py:137} INFO - [2023-04-11T23:12:05.517-0400] {dag.py:2693} INFO - Sync 1 DAGs
[2023-04-11T23:12:05.531-0400] {logging_mixin.py:137} INFO - [2023-04-11T23:12:05.531-0400] {dag.py:3444} INFO - Setting next_dagrun for example_skip_dag to 2023-04-11T03:12:05.531366+00:00, run_after=2023-04-12T03:12:05.531366+00:00
[2023-04-11T23:12:05.543-0400] {processor.py:175} INFO - Processing /Users/srivardhan/opt/anaconda3/envs/kafka-pipeline/lib/python3.7/site-packages/airflow/example_dags/example_skip_dag.py took 0.062 seconds
[2023-04-11T23:12:47.397-0400] {processor.py:153} INFO - Started process (PID=42185) to work on /Users/srivardhan/opt/anaconda3/envs/kafka-pipeline/lib/python3.7/site-packages/airflow/example_dags/example_skip_dag.py
[2023-04-11T23:12:47.399-0400] {processor.py:743} INFO - Processing file /Users/srivardhan/opt/anaconda3/envs/kafka-pipeline/lib/python3.7/site-packages/airflow/example_dags/example_skip_dag.py for tasks to queue
[2023-04-11T23:12:47.401-0400] {logging_mixin.py:137} INFO - [2023-04-11T23:12:47.400-0400] {dagbag.py:532} INFO - Filling up the DagBag from /Users/srivardhan/opt/anaconda3/envs/kafka-pipeline/lib/python3.7/site-packages/airflow/example_dags/example_skip_dag.py
[2023-04-11T23:12:47.408-0400] {processor.py:753} INFO - DAG(s) dict_keys(['example_skip_dag']) retrieved from /Users/srivardhan/opt/anaconda3/envs/kafka-pipeline/lib/python3.7/site-packages/airflow/example_dags/example_skip_dag.py
[2023-04-11T23:12:47.425-0400] {logging_mixin.py:137} INFO - [2023-04-11T23:12:47.425-0400] {dag.py:2693} INFO - Sync 1 DAGs
[2023-04-11T23:12:47.437-0400] {logging_mixin.py:137} INFO - [2023-04-11T23:12:47.437-0400] {dag.py:3444} INFO - Setting next_dagrun for example_skip_dag to 2023-04-11T03:12:47.436979+00:00, run_after=2023-04-12T03:12:47.436979+00:00
[2023-04-11T23:12:47.448-0400] {processor.py:175} INFO - Processing /Users/srivardhan/opt/anaconda3/envs/kafka-pipeline/lib/python3.7/site-packages/airflow/example_dags/example_skip_dag.py took 0.055 seconds
[2023-04-11T23:13:27.574-0400] {processor.py:153} INFO - Started process (PID=42271) to work on /Users/srivardhan/opt/anaconda3/envs/kafka-pipeline/lib/python3.7/site-packages/airflow/example_dags/example_skip_dag.py
[2023-04-11T23:13:27.576-0400] {processor.py:743} INFO - Processing file /Users/srivardhan/opt/anaconda3/envs/kafka-pipeline/lib/python3.7/site-packages/airflow/example_dags/example_skip_dag.py for tasks to queue
[2023-04-11T23:13:27.577-0400] {logging_mixin.py:137} INFO - [2023-04-11T23:13:27.577-0400] {dagbag.py:532} INFO - Filling up the DagBag from /Users/srivardhan/opt/anaconda3/envs/kafka-pipeline/lib/python3.7/site-packages/airflow/example_dags/example_skip_dag.py
[2023-04-11T23:13:27.586-0400] {processor.py:753} INFO - DAG(s) dict_keys(['example_skip_dag']) retrieved from /Users/srivardhan/opt/anaconda3/envs/kafka-pipeline/lib/python3.7/site-packages/airflow/example_dags/example_skip_dag.py
[2023-04-11T23:13:27.606-0400] {logging_mixin.py:137} INFO - [2023-04-11T23:13:27.606-0400] {dag.py:2693} INFO - Sync 1 DAGs
[2023-04-11T23:13:27.620-0400] {logging_mixin.py:137} INFO - [2023-04-11T23:13:27.619-0400] {dag.py:3444} INFO - Setting next_dagrun for example_skip_dag to 2023-04-11T03:13:27.619787+00:00, run_after=2023-04-12T03:13:27.619787+00:00
[2023-04-11T23:13:27.631-0400] {processor.py:175} INFO - Processing /Users/srivardhan/opt/anaconda3/envs/kafka-pipeline/lib/python3.7/site-packages/airflow/example_dags/example_skip_dag.py took 0.061 seconds
