[2023-04-11T20:18:55.494-0400] {processor.py:153} INFO - Started process (PID=41047) to work on /Users/srivardhan/opt/anaconda3/envs/kafka-pipeline/lib/python3.7/site-packages/airflow/example_dags/example_subdag_operator.py
[2023-04-11T20:18:55.495-0400] {processor.py:743} INFO - Processing file /Users/srivardhan/opt/anaconda3/envs/kafka-pipeline/lib/python3.7/site-packages/airflow/example_dags/example_subdag_operator.py for tasks to queue
[2023-04-11T20:18:55.497-0400] {logging_mixin.py:137} INFO - [2023-04-11T20:18:55.496-0400] {dagbag.py:532} INFO - Filling up the DagBag from /Users/srivardhan/opt/anaconda3/envs/kafka-pipeline/lib/python3.7/site-packages/airflow/example_dags/example_subdag_operator.py
[2023-04-11T20:18:55.520-0400] {processor.py:753} INFO - DAG(s) dict_keys(['example_subdag_operator.section-1', 'example_subdag_operator.section-2', 'example_subdag_operator']) retrieved from /Users/srivardhan/opt/anaconda3/envs/kafka-pipeline/lib/python3.7/site-packages/airflow/example_dags/example_subdag_operator.py
[2023-04-11T20:18:55.536-0400] {logging_mixin.py:137} INFO - [2023-04-11T20:18:55.535-0400] {dag.py:2693} INFO - Sync 3 DAGs
[2023-04-11T20:18:55.547-0400] {logging_mixin.py:137} INFO - [2023-04-11T20:18:55.547-0400] {dag.py:3444} INFO - Setting next_dagrun for example_subdag_operator to 2022-01-01T00:00:00+00:00, run_after=2022-01-01T00:00:00+00:00
[2023-04-11T20:18:55.549-0400] {logging_mixin.py:137} INFO - [2023-04-11T20:18:55.549-0400] {dag.py:3444} INFO - Setting next_dagrun for example_subdag_operator.section-1 to None, run_after=None
[2023-04-11T20:18:55.550-0400] {logging_mixin.py:137} INFO - [2023-04-11T20:18:55.550-0400] {dag.py:3444} INFO - Setting next_dagrun for example_subdag_operator.section-2 to None, run_after=None
[2023-04-11T20:18:55.553-0400] {logging_mixin.py:137} INFO - [2023-04-11T20:18:55.553-0400] {dag.py:2693} INFO - Sync 2 DAGs
[2023-04-11T20:18:55.556-0400] {logging_mixin.py:137} INFO - [2023-04-11T20:18:55.556-0400] {dag.py:3444} INFO - Setting next_dagrun for example_subdag_operator.section-1 to None, run_after=None
[2023-04-11T20:18:55.556-0400] {logging_mixin.py:137} INFO - [2023-04-11T20:18:55.556-0400] {dag.py:3444} INFO - Setting next_dagrun for example_subdag_operator.section-2 to None, run_after=None
[2023-04-11T20:18:55.564-0400] {processor.py:175} INFO - Processing /Users/srivardhan/opt/anaconda3/envs/kafka-pipeline/lib/python3.7/site-packages/airflow/example_dags/example_subdag_operator.py took 0.075 seconds
[2023-04-11T21:30:02.264-0400] {processor.py:153} INFO - Started process (PID=41150) to work on /Users/srivardhan/opt/anaconda3/envs/kafka-pipeline/lib/python3.7/site-packages/airflow/example_dags/example_subdag_operator.py
[2023-04-11T21:30:02.265-0400] {processor.py:743} INFO - Processing file /Users/srivardhan/opt/anaconda3/envs/kafka-pipeline/lib/python3.7/site-packages/airflow/example_dags/example_subdag_operator.py for tasks to queue
[2023-04-11T21:30:02.266-0400] {logging_mixin.py:137} INFO - [2023-04-11T21:30:02.266-0400] {dagbag.py:532} INFO - Filling up the DagBag from /Users/srivardhan/opt/anaconda3/envs/kafka-pipeline/lib/python3.7/site-packages/airflow/example_dags/example_subdag_operator.py
[2023-04-11T21:30:02.288-0400] {processor.py:753} INFO - DAG(s) dict_keys(['example_subdag_operator.section-1', 'example_subdag_operator.section-2', 'example_subdag_operator']) retrieved from /Users/srivardhan/opt/anaconda3/envs/kafka-pipeline/lib/python3.7/site-packages/airflow/example_dags/example_subdag_operator.py
[2023-04-11T21:30:02.302-0400] {logging_mixin.py:137} INFO - [2023-04-11T21:30:02.302-0400] {dag.py:2693} INFO - Sync 3 DAGs
[2023-04-11T21:30:02.314-0400] {logging_mixin.py:137} INFO - [2023-04-11T21:30:02.314-0400] {dag.py:3444} INFO - Setting next_dagrun for example_subdag_operator to 2022-01-01T00:00:00+00:00, run_after=2022-01-01T00:00:00+00:00
[2023-04-11T21:30:02.316-0400] {logging_mixin.py:137} INFO - [2023-04-11T21:30:02.316-0400] {dag.py:3444} INFO - Setting next_dagrun for example_subdag_operator.section-1 to None, run_after=None
[2023-04-11T21:30:02.317-0400] {logging_mixin.py:137} INFO - [2023-04-11T21:30:02.317-0400] {dag.py:3444} INFO - Setting next_dagrun for example_subdag_operator.section-2 to None, run_after=None
[2023-04-11T21:30:02.320-0400] {logging_mixin.py:137} INFO - [2023-04-11T21:30:02.320-0400] {dag.py:2693} INFO - Sync 2 DAGs
[2023-04-11T21:30:02.323-0400] {logging_mixin.py:137} INFO - [2023-04-11T21:30:02.323-0400] {dag.py:3444} INFO - Setting next_dagrun for example_subdag_operator.section-1 to None, run_after=None
[2023-04-11T21:30:02.324-0400] {logging_mixin.py:137} INFO - [2023-04-11T21:30:02.323-0400] {dag.py:3444} INFO - Setting next_dagrun for example_subdag_operator.section-2 to None, run_after=None
[2023-04-11T21:30:02.331-0400] {processor.py:175} INFO - Processing /Users/srivardhan/opt/anaconda3/envs/kafka-pipeline/lib/python3.7/site-packages/airflow/example_dags/example_subdag_operator.py took 0.072 seconds
[2023-04-11T22:00:34.556-0400] {processor.py:153} INFO - Started process (PID=41256) to work on /Users/srivardhan/opt/anaconda3/envs/kafka-pipeline/lib/python3.7/site-packages/airflow/example_dags/example_subdag_operator.py
[2023-04-11T22:00:34.558-0400] {processor.py:743} INFO - Processing file /Users/srivardhan/opt/anaconda3/envs/kafka-pipeline/lib/python3.7/site-packages/airflow/example_dags/example_subdag_operator.py for tasks to queue
[2023-04-11T22:00:34.559-0400] {logging_mixin.py:137} INFO - [2023-04-11T22:00:34.559-0400] {dagbag.py:532} INFO - Filling up the DagBag from /Users/srivardhan/opt/anaconda3/envs/kafka-pipeline/lib/python3.7/site-packages/airflow/example_dags/example_subdag_operator.py
[2023-04-11T22:00:34.583-0400] {processor.py:753} INFO - DAG(s) dict_keys(['example_subdag_operator.section-1', 'example_subdag_operator.section-2', 'example_subdag_operator']) retrieved from /Users/srivardhan/opt/anaconda3/envs/kafka-pipeline/lib/python3.7/site-packages/airflow/example_dags/example_subdag_operator.py
[2023-04-11T22:00:34.598-0400] {logging_mixin.py:137} INFO - [2023-04-11T22:00:34.598-0400] {dag.py:2693} INFO - Sync 3 DAGs
[2023-04-11T22:00:34.611-0400] {logging_mixin.py:137} INFO - [2023-04-11T22:00:34.610-0400] {dag.py:3444} INFO - Setting next_dagrun for example_subdag_operator to 2022-01-01T00:00:00+00:00, run_after=2022-01-01T00:00:00+00:00
[2023-04-11T22:00:34.612-0400] {logging_mixin.py:137} INFO - [2023-04-11T22:00:34.612-0400] {dag.py:3444} INFO - Setting next_dagrun for example_subdag_operator.section-1 to None, run_after=None
[2023-04-11T22:00:34.613-0400] {logging_mixin.py:137} INFO - [2023-04-11T22:00:34.613-0400] {dag.py:3444} INFO - Setting next_dagrun for example_subdag_operator.section-2 to None, run_after=None
[2023-04-11T22:00:34.616-0400] {logging_mixin.py:137} INFO - [2023-04-11T22:00:34.616-0400] {dag.py:2693} INFO - Sync 2 DAGs
[2023-04-11T22:00:34.619-0400] {logging_mixin.py:137} INFO - [2023-04-11T22:00:34.619-0400] {dag.py:3444} INFO - Setting next_dagrun for example_subdag_operator.section-1 to None, run_after=None
[2023-04-11T22:00:34.620-0400] {logging_mixin.py:137} INFO - [2023-04-11T22:00:34.619-0400] {dag.py:3444} INFO - Setting next_dagrun for example_subdag_operator.section-2 to None, run_after=None
[2023-04-11T22:00:34.627-0400] {processor.py:175} INFO - Processing /Users/srivardhan/opt/anaconda3/envs/kafka-pipeline/lib/python3.7/site-packages/airflow/example_dags/example_subdag_operator.py took 0.076 seconds
[2023-04-11T22:25:57.839-0400] {processor.py:153} INFO - Started process (PID=41330) to work on /Users/srivardhan/opt/anaconda3/envs/kafka-pipeline/lib/python3.7/site-packages/airflow/example_dags/example_subdag_operator.py
[2023-04-11T22:25:57.840-0400] {processor.py:743} INFO - Processing file /Users/srivardhan/opt/anaconda3/envs/kafka-pipeline/lib/python3.7/site-packages/airflow/example_dags/example_subdag_operator.py for tasks to queue
[2023-04-11T22:25:57.842-0400] {logging_mixin.py:137} INFO - [2023-04-11T22:25:57.841-0400] {dagbag.py:532} INFO - Filling up the DagBag from /Users/srivardhan/opt/anaconda3/envs/kafka-pipeline/lib/python3.7/site-packages/airflow/example_dags/example_subdag_operator.py
[2023-04-11T22:25:57.865-0400] {processor.py:753} INFO - DAG(s) dict_keys(['example_subdag_operator.section-1', 'example_subdag_operator.section-2', 'example_subdag_operator']) retrieved from /Users/srivardhan/opt/anaconda3/envs/kafka-pipeline/lib/python3.7/site-packages/airflow/example_dags/example_subdag_operator.py
[2023-04-11T22:25:57.879-0400] {logging_mixin.py:137} INFO - [2023-04-11T22:25:57.879-0400] {dag.py:2693} INFO - Sync 3 DAGs
[2023-04-11T22:25:57.890-0400] {logging_mixin.py:137} INFO - [2023-04-11T22:25:57.890-0400] {dag.py:3444} INFO - Setting next_dagrun for example_subdag_operator to 2022-01-01T00:00:00+00:00, run_after=2022-01-01T00:00:00+00:00
[2023-04-11T22:25:57.892-0400] {logging_mixin.py:137} INFO - [2023-04-11T22:25:57.892-0400] {dag.py:3444} INFO - Setting next_dagrun for example_subdag_operator.section-1 to None, run_after=None
[2023-04-11T22:25:57.893-0400] {logging_mixin.py:137} INFO - [2023-04-11T22:25:57.893-0400] {dag.py:3444} INFO - Setting next_dagrun for example_subdag_operator.section-2 to None, run_after=None
[2023-04-11T22:25:57.896-0400] {logging_mixin.py:137} INFO - [2023-04-11T22:25:57.896-0400] {dag.py:2693} INFO - Sync 2 DAGs
[2023-04-11T22:25:57.899-0400] {logging_mixin.py:137} INFO - [2023-04-11T22:25:57.899-0400] {dag.py:3444} INFO - Setting next_dagrun for example_subdag_operator.section-1 to None, run_after=None
[2023-04-11T22:25:57.899-0400] {logging_mixin.py:137} INFO - [2023-04-11T22:25:57.899-0400] {dag.py:3444} INFO - Setting next_dagrun for example_subdag_operator.section-2 to None, run_after=None
[2023-04-11T22:25:57.907-0400] {processor.py:175} INFO - Processing /Users/srivardhan/opt/anaconda3/envs/kafka-pipeline/lib/python3.7/site-packages/airflow/example_dags/example_subdag_operator.py took 0.073 seconds
[2023-04-11T22:33:20.724-0400] {processor.py:153} INFO - Started process (PID=41451) to work on /Users/srivardhan/opt/anaconda3/envs/kafka-pipeline/lib/python3.7/site-packages/airflow/example_dags/example_subdag_operator.py
[2023-04-11T22:33:20.727-0400] {processor.py:743} INFO - Processing file /Users/srivardhan/opt/anaconda3/envs/kafka-pipeline/lib/python3.7/site-packages/airflow/example_dags/example_subdag_operator.py for tasks to queue
[2023-04-11T22:33:20.728-0400] {logging_mixin.py:137} INFO - [2023-04-11T22:33:20.728-0400] {dagbag.py:532} INFO - Filling up the DagBag from /Users/srivardhan/opt/anaconda3/envs/kafka-pipeline/lib/python3.7/site-packages/airflow/example_dags/example_subdag_operator.py
[2023-04-11T22:33:20.751-0400] {processor.py:753} INFO - DAG(s) dict_keys(['example_subdag_operator.section-1', 'example_subdag_operator.section-2', 'example_subdag_operator']) retrieved from /Users/srivardhan/opt/anaconda3/envs/kafka-pipeline/lib/python3.7/site-packages/airflow/example_dags/example_subdag_operator.py
[2023-04-11T22:33:20.766-0400] {logging_mixin.py:137} INFO - [2023-04-11T22:33:20.766-0400] {dag.py:2693} INFO - Sync 3 DAGs
[2023-04-11T22:33:20.778-0400] {logging_mixin.py:137} INFO - [2023-04-11T22:33:20.778-0400] {dag.py:3444} INFO - Setting next_dagrun for example_subdag_operator to 2022-01-01T00:00:00+00:00, run_after=2022-01-01T00:00:00+00:00
[2023-04-11T22:33:20.780-0400] {logging_mixin.py:137} INFO - [2023-04-11T22:33:20.779-0400] {dag.py:3444} INFO - Setting next_dagrun for example_subdag_operator.section-1 to None, run_after=None
[2023-04-11T22:33:20.780-0400] {logging_mixin.py:137} INFO - [2023-04-11T22:33:20.780-0400] {dag.py:3444} INFO - Setting next_dagrun for example_subdag_operator.section-2 to None, run_after=None
[2023-04-11T22:33:20.784-0400] {logging_mixin.py:137} INFO - [2023-04-11T22:33:20.784-0400] {dag.py:2693} INFO - Sync 2 DAGs
[2023-04-11T22:33:20.786-0400] {logging_mixin.py:137} INFO - [2023-04-11T22:33:20.786-0400] {dag.py:3444} INFO - Setting next_dagrun for example_subdag_operator.section-1 to None, run_after=None
[2023-04-11T22:33:20.787-0400] {logging_mixin.py:137} INFO - [2023-04-11T22:33:20.787-0400] {dag.py:3444} INFO - Setting next_dagrun for example_subdag_operator.section-2 to None, run_after=None
[2023-04-11T22:33:20.794-0400] {processor.py:175} INFO - Processing /Users/srivardhan/opt/anaconda3/envs/kafka-pipeline/lib/python3.7/site-packages/airflow/example_dags/example_subdag_operator.py took 0.074 seconds
[2023-04-11T22:45:04.943-0400] {processor.py:153} INFO - Started process (PID=41566) to work on /Users/srivardhan/opt/anaconda3/envs/kafka-pipeline/lib/python3.7/site-packages/airflow/example_dags/example_subdag_operator.py
[2023-04-11T22:45:04.945-0400] {processor.py:743} INFO - Processing file /Users/srivardhan/opt/anaconda3/envs/kafka-pipeline/lib/python3.7/site-packages/airflow/example_dags/example_subdag_operator.py for tasks to queue
[2023-04-11T22:45:04.946-0400] {logging_mixin.py:137} INFO - [2023-04-11T22:45:04.946-0400] {dagbag.py:532} INFO - Filling up the DagBag from /Users/srivardhan/opt/anaconda3/envs/kafka-pipeline/lib/python3.7/site-packages/airflow/example_dags/example_subdag_operator.py
[2023-04-11T22:45:04.967-0400] {processor.py:753} INFO - DAG(s) dict_keys(['example_subdag_operator.section-1', 'example_subdag_operator.section-2', 'example_subdag_operator']) retrieved from /Users/srivardhan/opt/anaconda3/envs/kafka-pipeline/lib/python3.7/site-packages/airflow/example_dags/example_subdag_operator.py
[2023-04-11T22:45:04.982-0400] {logging_mixin.py:137} INFO - [2023-04-11T22:45:04.982-0400] {dag.py:2693} INFO - Sync 3 DAGs
[2023-04-11T22:45:04.994-0400] {logging_mixin.py:137} INFO - [2023-04-11T22:45:04.994-0400] {dag.py:3444} INFO - Setting next_dagrun for example_subdag_operator to 2022-01-01T00:00:00+00:00, run_after=2022-01-01T00:00:00+00:00
[2023-04-11T22:45:04.996-0400] {logging_mixin.py:137} INFO - [2023-04-11T22:45:04.996-0400] {dag.py:3444} INFO - Setting next_dagrun for example_subdag_operator.section-1 to None, run_after=None
[2023-04-11T22:45:04.997-0400] {logging_mixin.py:137} INFO - [2023-04-11T22:45:04.996-0400] {dag.py:3444} INFO - Setting next_dagrun for example_subdag_operator.section-2 to None, run_after=None
[2023-04-11T22:45:05.000-0400] {logging_mixin.py:137} INFO - [2023-04-11T22:45:05.000-0400] {dag.py:2693} INFO - Sync 2 DAGs
[2023-04-11T22:45:05.003-0400] {logging_mixin.py:137} INFO - [2023-04-11T22:45:05.003-0400] {dag.py:3444} INFO - Setting next_dagrun for example_subdag_operator.section-1 to None, run_after=None
[2023-04-11T22:45:05.003-0400] {logging_mixin.py:137} INFO - [2023-04-11T22:45:05.003-0400] {dag.py:3444} INFO - Setting next_dagrun for example_subdag_operator.section-2 to None, run_after=None
[2023-04-11T22:45:05.011-0400] {processor.py:175} INFO - Processing /Users/srivardhan/opt/anaconda3/envs/kafka-pipeline/lib/python3.7/site-packages/airflow/example_dags/example_subdag_operator.py took 0.073 seconds
[2023-04-11T23:09:56.629-0400] {processor.py:153} INFO - Started process (PID=41657) to work on /Users/srivardhan/opt/anaconda3/envs/kafka-pipeline/lib/python3.7/site-packages/airflow/example_dags/example_subdag_operator.py
[2023-04-11T23:09:56.631-0400] {processor.py:743} INFO - Processing file /Users/srivardhan/opt/anaconda3/envs/kafka-pipeline/lib/python3.7/site-packages/airflow/example_dags/example_subdag_operator.py for tasks to queue
[2023-04-11T23:09:56.632-0400] {logging_mixin.py:137} INFO - [2023-04-11T23:09:56.632-0400] {dagbag.py:532} INFO - Filling up the DagBag from /Users/srivardhan/opt/anaconda3/envs/kafka-pipeline/lib/python3.7/site-packages/airflow/example_dags/example_subdag_operator.py
[2023-04-11T23:09:56.657-0400] {processor.py:753} INFO - DAG(s) dict_keys(['example_subdag_operator.section-1', 'example_subdag_operator.section-2', 'example_subdag_operator']) retrieved from /Users/srivardhan/opt/anaconda3/envs/kafka-pipeline/lib/python3.7/site-packages/airflow/example_dags/example_subdag_operator.py
[2023-04-11T23:09:56.680-0400] {logging_mixin.py:137} INFO - [2023-04-11T23:09:56.679-0400] {dag.py:2693} INFO - Sync 3 DAGs
[2023-04-11T23:09:56.705-0400] {logging_mixin.py:137} INFO - [2023-04-11T23:09:56.705-0400] {dag.py:3444} INFO - Setting next_dagrun for example_subdag_operator to 2022-01-01T00:00:00+00:00, run_after=2022-01-01T00:00:00+00:00
[2023-04-11T23:09:56.708-0400] {logging_mixin.py:137} INFO - [2023-04-11T23:09:56.708-0400] {dag.py:3444} INFO - Setting next_dagrun for example_subdag_operator.section-1 to None, run_after=None
[2023-04-11T23:09:56.713-0400] {logging_mixin.py:137} INFO - [2023-04-11T23:09:56.712-0400] {dag.py:3444} INFO - Setting next_dagrun for example_subdag_operator.section-2 to None, run_after=None
[2023-04-11T23:09:56.722-0400] {logging_mixin.py:137} INFO - [2023-04-11T23:09:56.721-0400] {dag.py:2693} INFO - Sync 2 DAGs
[2023-04-11T23:09:56.728-0400] {logging_mixin.py:137} INFO - [2023-04-11T23:09:56.727-0400] {dag.py:3444} INFO - Setting next_dagrun for example_subdag_operator.section-1 to None, run_after=None
[2023-04-11T23:09:56.728-0400] {logging_mixin.py:137} INFO - [2023-04-11T23:09:56.728-0400] {dag.py:3444} INFO - Setting next_dagrun for example_subdag_operator.section-2 to None, run_after=None
[2023-04-11T23:09:56.741-0400] {processor.py:175} INFO - Processing /Users/srivardhan/opt/anaconda3/envs/kafka-pipeline/lib/python3.7/site-packages/airflow/example_dags/example_subdag_operator.py took 0.115 seconds
[2023-04-11T23:10:40.564-0400] {processor.py:153} INFO - Started process (PID=41776) to work on /Users/srivardhan/opt/anaconda3/envs/kafka-pipeline/lib/python3.7/site-packages/airflow/example_dags/example_subdag_operator.py
[2023-04-11T23:10:40.565-0400] {processor.py:743} INFO - Processing file /Users/srivardhan/opt/anaconda3/envs/kafka-pipeline/lib/python3.7/site-packages/airflow/example_dags/example_subdag_operator.py for tasks to queue
[2023-04-11T23:10:40.566-0400] {logging_mixin.py:137} INFO - [2023-04-11T23:10:40.565-0400] {dagbag.py:532} INFO - Filling up the DagBag from /Users/srivardhan/opt/anaconda3/envs/kafka-pipeline/lib/python3.7/site-packages/airflow/example_dags/example_subdag_operator.py
[2023-04-11T23:10:40.582-0400] {processor.py:753} INFO - DAG(s) dict_keys(['example_subdag_operator.section-1', 'example_subdag_operator.section-2', 'example_subdag_operator']) retrieved from /Users/srivardhan/opt/anaconda3/envs/kafka-pipeline/lib/python3.7/site-packages/airflow/example_dags/example_subdag_operator.py
[2023-04-11T23:10:40.595-0400] {logging_mixin.py:137} INFO - [2023-04-11T23:10:40.595-0400] {dag.py:2693} INFO - Sync 3 DAGs
[2023-04-11T23:10:40.608-0400] {logging_mixin.py:137} INFO - [2023-04-11T23:10:40.608-0400] {dag.py:3444} INFO - Setting next_dagrun for example_subdag_operator to 2022-01-01T00:00:00+00:00, run_after=2022-01-01T00:00:00+00:00
[2023-04-11T23:10:40.610-0400] {logging_mixin.py:137} INFO - [2023-04-11T23:10:40.610-0400] {dag.py:3444} INFO - Setting next_dagrun for example_subdag_operator.section-1 to None, run_after=None
[2023-04-11T23:10:40.611-0400] {logging_mixin.py:137} INFO - [2023-04-11T23:10:40.611-0400] {dag.py:3444} INFO - Setting next_dagrun for example_subdag_operator.section-2 to None, run_after=None
[2023-04-11T23:10:40.615-0400] {logging_mixin.py:137} INFO - [2023-04-11T23:10:40.615-0400] {dag.py:2693} INFO - Sync 2 DAGs
[2023-04-11T23:10:40.618-0400] {logging_mixin.py:137} INFO - [2023-04-11T23:10:40.618-0400] {dag.py:3444} INFO - Setting next_dagrun for example_subdag_operator.section-1 to None, run_after=None
[2023-04-11T23:10:40.619-0400] {logging_mixin.py:137} INFO - [2023-04-11T23:10:40.618-0400] {dag.py:3444} INFO - Setting next_dagrun for example_subdag_operator.section-2 to None, run_after=None
[2023-04-11T23:10:40.627-0400] {processor.py:175} INFO - Processing /Users/srivardhan/opt/anaconda3/envs/kafka-pipeline/lib/python3.7/site-packages/airflow/example_dags/example_subdag_operator.py took 0.066 seconds
[2023-04-11T23:11:23.001-0400] {processor.py:153} INFO - Started process (PID=41877) to work on /Users/srivardhan/opt/anaconda3/envs/kafka-pipeline/lib/python3.7/site-packages/airflow/example_dags/example_subdag_operator.py
[2023-04-11T23:11:23.002-0400] {processor.py:743} INFO - Processing file /Users/srivardhan/opt/anaconda3/envs/kafka-pipeline/lib/python3.7/site-packages/airflow/example_dags/example_subdag_operator.py for tasks to queue
[2023-04-11T23:11:23.004-0400] {logging_mixin.py:137} INFO - [2023-04-11T23:11:23.003-0400] {dagbag.py:532} INFO - Filling up the DagBag from /Users/srivardhan/opt/anaconda3/envs/kafka-pipeline/lib/python3.7/site-packages/airflow/example_dags/example_subdag_operator.py
[2023-04-11T23:11:23.024-0400] {processor.py:753} INFO - DAG(s) dict_keys(['example_subdag_operator.section-1', 'example_subdag_operator.section-2', 'example_subdag_operator']) retrieved from /Users/srivardhan/opt/anaconda3/envs/kafka-pipeline/lib/python3.7/site-packages/airflow/example_dags/example_subdag_operator.py
[2023-04-11T23:11:23.038-0400] {logging_mixin.py:137} INFO - [2023-04-11T23:11:23.038-0400] {dag.py:2693} INFO - Sync 3 DAGs
[2023-04-11T23:11:23.050-0400] {logging_mixin.py:137} INFO - [2023-04-11T23:11:23.050-0400] {dag.py:3444} INFO - Setting next_dagrun for example_subdag_operator to 2022-01-01T00:00:00+00:00, run_after=2022-01-01T00:00:00+00:00
[2023-04-11T23:11:23.052-0400] {logging_mixin.py:137} INFO - [2023-04-11T23:11:23.051-0400] {dag.py:3444} INFO - Setting next_dagrun for example_subdag_operator.section-1 to None, run_after=None
[2023-04-11T23:11:23.052-0400] {logging_mixin.py:137} INFO - [2023-04-11T23:11:23.052-0400] {dag.py:3444} INFO - Setting next_dagrun for example_subdag_operator.section-2 to None, run_after=None
[2023-04-11T23:11:23.056-0400] {logging_mixin.py:137} INFO - [2023-04-11T23:11:23.056-0400] {dag.py:2693} INFO - Sync 2 DAGs
[2023-04-11T23:11:23.058-0400] {logging_mixin.py:137} INFO - [2023-04-11T23:11:23.058-0400] {dag.py:3444} INFO - Setting next_dagrun for example_subdag_operator.section-1 to None, run_after=None
[2023-04-11T23:11:23.059-0400] {logging_mixin.py:137} INFO - [2023-04-11T23:11:23.059-0400] {dag.py:3444} INFO - Setting next_dagrun for example_subdag_operator.section-2 to None, run_after=None
[2023-04-11T23:11:23.066-0400] {processor.py:175} INFO - Processing /Users/srivardhan/opt/anaconda3/envs/kafka-pipeline/lib/python3.7/site-packages/airflow/example_dags/example_subdag_operator.py took 0.070 seconds
[2023-04-11T23:12:03.166-0400] {processor.py:153} INFO - Started process (PID=41970) to work on /Users/srivardhan/opt/anaconda3/envs/kafka-pipeline/lib/python3.7/site-packages/airflow/example_dags/example_subdag_operator.py
[2023-04-11T23:12:03.168-0400] {processor.py:743} INFO - Processing file /Users/srivardhan/opt/anaconda3/envs/kafka-pipeline/lib/python3.7/site-packages/airflow/example_dags/example_subdag_operator.py for tasks to queue
[2023-04-11T23:12:03.170-0400] {logging_mixin.py:137} INFO - [2023-04-11T23:12:03.169-0400] {dagbag.py:532} INFO - Filling up the DagBag from /Users/srivardhan/opt/anaconda3/envs/kafka-pipeline/lib/python3.7/site-packages/airflow/example_dags/example_subdag_operator.py
[2023-04-11T23:12:03.193-0400] {processor.py:753} INFO - DAG(s) dict_keys(['example_subdag_operator.section-1', 'example_subdag_operator.section-2', 'example_subdag_operator']) retrieved from /Users/srivardhan/opt/anaconda3/envs/kafka-pipeline/lib/python3.7/site-packages/airflow/example_dags/example_subdag_operator.py
[2023-04-11T23:12:03.212-0400] {logging_mixin.py:137} INFO - [2023-04-11T23:12:03.211-0400] {dag.py:2693} INFO - Sync 3 DAGs
[2023-04-11T23:12:03.226-0400] {logging_mixin.py:137} INFO - [2023-04-11T23:12:03.226-0400] {dag.py:3444} INFO - Setting next_dagrun for example_subdag_operator to 2022-01-01T00:00:00+00:00, run_after=2022-01-01T00:00:00+00:00
[2023-04-11T23:12:03.228-0400] {logging_mixin.py:137} INFO - [2023-04-11T23:12:03.228-0400] {dag.py:3444} INFO - Setting next_dagrun for example_subdag_operator.section-1 to None, run_after=None
[2023-04-11T23:12:03.229-0400] {logging_mixin.py:137} INFO - [2023-04-11T23:12:03.229-0400] {dag.py:3444} INFO - Setting next_dagrun for example_subdag_operator.section-2 to None, run_after=None
[2023-04-11T23:12:03.233-0400] {logging_mixin.py:137} INFO - [2023-04-11T23:12:03.232-0400] {dag.py:2693} INFO - Sync 2 DAGs
[2023-04-11T23:12:03.235-0400] {logging_mixin.py:137} INFO - [2023-04-11T23:12:03.235-0400] {dag.py:3444} INFO - Setting next_dagrun for example_subdag_operator.section-1 to None, run_after=None
[2023-04-11T23:12:03.236-0400] {logging_mixin.py:137} INFO - [2023-04-11T23:12:03.236-0400] {dag.py:3444} INFO - Setting next_dagrun for example_subdag_operator.section-2 to None, run_after=None
[2023-04-11T23:12:03.245-0400] {processor.py:175} INFO - Processing /Users/srivardhan/opt/anaconda3/envs/kafka-pipeline/lib/python3.7/site-packages/airflow/example_dags/example_subdag_operator.py took 0.083 seconds
[2023-04-11T23:12:43.220-0400] {processor.py:153} INFO - Started process (PID=42174) to work on /Users/srivardhan/opt/anaconda3/envs/kafka-pipeline/lib/python3.7/site-packages/airflow/example_dags/example_subdag_operator.py
[2023-04-11T23:12:43.223-0400] {processor.py:743} INFO - Processing file /Users/srivardhan/opt/anaconda3/envs/kafka-pipeline/lib/python3.7/site-packages/airflow/example_dags/example_subdag_operator.py for tasks to queue
[2023-04-11T23:12:43.224-0400] {logging_mixin.py:137} INFO - [2023-04-11T23:12:43.224-0400] {dagbag.py:532} INFO - Filling up the DagBag from /Users/srivardhan/opt/anaconda3/envs/kafka-pipeline/lib/python3.7/site-packages/airflow/example_dags/example_subdag_operator.py
[2023-04-11T23:12:43.247-0400] {processor.py:753} INFO - DAG(s) dict_keys(['example_subdag_operator.section-1', 'example_subdag_operator.section-2', 'example_subdag_operator']) retrieved from /Users/srivardhan/opt/anaconda3/envs/kafka-pipeline/lib/python3.7/site-packages/airflow/example_dags/example_subdag_operator.py
[2023-04-11T23:12:43.261-0400] {logging_mixin.py:137} INFO - [2023-04-11T23:12:43.261-0400] {dag.py:2693} INFO - Sync 3 DAGs
[2023-04-11T23:12:43.273-0400] {logging_mixin.py:137} INFO - [2023-04-11T23:12:43.273-0400] {dag.py:3444} INFO - Setting next_dagrun for example_subdag_operator to 2022-01-01T00:00:00+00:00, run_after=2022-01-01T00:00:00+00:00
[2023-04-11T23:12:43.275-0400] {logging_mixin.py:137} INFO - [2023-04-11T23:12:43.275-0400] {dag.py:3444} INFO - Setting next_dagrun for example_subdag_operator.section-1 to None, run_after=None
[2023-04-11T23:12:43.276-0400] {logging_mixin.py:137} INFO - [2023-04-11T23:12:43.276-0400] {dag.py:3444} INFO - Setting next_dagrun for example_subdag_operator.section-2 to None, run_after=None
[2023-04-11T23:12:43.279-0400] {logging_mixin.py:137} INFO - [2023-04-11T23:12:43.279-0400] {dag.py:2693} INFO - Sync 2 DAGs
[2023-04-11T23:12:43.282-0400] {logging_mixin.py:137} INFO - [2023-04-11T23:12:43.282-0400] {dag.py:3444} INFO - Setting next_dagrun for example_subdag_operator.section-1 to None, run_after=None
[2023-04-11T23:12:43.283-0400] {logging_mixin.py:137} INFO - [2023-04-11T23:12:43.282-0400] {dag.py:3444} INFO - Setting next_dagrun for example_subdag_operator.section-2 to None, run_after=None
[2023-04-11T23:12:43.290-0400] {processor.py:175} INFO - Processing /Users/srivardhan/opt/anaconda3/envs/kafka-pipeline/lib/python3.7/site-packages/airflow/example_dags/example_subdag_operator.py took 0.074 seconds
[2023-04-11T23:13:23.070-0400] {processor.py:153} INFO - Started process (PID=42261) to work on /Users/srivardhan/opt/anaconda3/envs/kafka-pipeline/lib/python3.7/site-packages/airflow/example_dags/example_subdag_operator.py
[2023-04-11T23:13:23.072-0400] {processor.py:743} INFO - Processing file /Users/srivardhan/opt/anaconda3/envs/kafka-pipeline/lib/python3.7/site-packages/airflow/example_dags/example_subdag_operator.py for tasks to queue
[2023-04-11T23:13:23.073-0400] {logging_mixin.py:137} INFO - [2023-04-11T23:13:23.072-0400] {dagbag.py:532} INFO - Filling up the DagBag from /Users/srivardhan/opt/anaconda3/envs/kafka-pipeline/lib/python3.7/site-packages/airflow/example_dags/example_subdag_operator.py
[2023-04-11T23:13:23.095-0400] {processor.py:753} INFO - DAG(s) dict_keys(['example_subdag_operator.section-1', 'example_subdag_operator.section-2', 'example_subdag_operator']) retrieved from /Users/srivardhan/opt/anaconda3/envs/kafka-pipeline/lib/python3.7/site-packages/airflow/example_dags/example_subdag_operator.py
[2023-04-11T23:13:23.109-0400] {logging_mixin.py:137} INFO - [2023-04-11T23:13:23.109-0400] {dag.py:2693} INFO - Sync 3 DAGs
[2023-04-11T23:13:23.121-0400] {logging_mixin.py:137} INFO - [2023-04-11T23:13:23.121-0400] {dag.py:3444} INFO - Setting next_dagrun for example_subdag_operator to 2022-01-01T00:00:00+00:00, run_after=2022-01-01T00:00:00+00:00
[2023-04-11T23:13:23.123-0400] {logging_mixin.py:137} INFO - [2023-04-11T23:13:23.122-0400] {dag.py:3444} INFO - Setting next_dagrun for example_subdag_operator.section-1 to None, run_after=None
[2023-04-11T23:13:23.123-0400] {logging_mixin.py:137} INFO - [2023-04-11T23:13:23.123-0400] {dag.py:3444} INFO - Setting next_dagrun for example_subdag_operator.section-2 to None, run_after=None
[2023-04-11T23:13:23.127-0400] {logging_mixin.py:137} INFO - [2023-04-11T23:13:23.127-0400] {dag.py:2693} INFO - Sync 2 DAGs
[2023-04-11T23:13:23.130-0400] {logging_mixin.py:137} INFO - [2023-04-11T23:13:23.129-0400] {dag.py:3444} INFO - Setting next_dagrun for example_subdag_operator.section-1 to None, run_after=None
[2023-04-11T23:13:23.130-0400] {logging_mixin.py:137} INFO - [2023-04-11T23:13:23.130-0400] {dag.py:3444} INFO - Setting next_dagrun for example_subdag_operator.section-2 to None, run_after=None
[2023-04-11T23:13:23.138-0400] {processor.py:175} INFO - Processing /Users/srivardhan/opt/anaconda3/envs/kafka-pipeline/lib/python3.7/site-packages/airflow/example_dags/example_subdag_operator.py took 0.073 seconds
