[2023-04-11T20:45:07.084-0400] {processor.py:153} INFO - Started process (PID=41084) to work on /Users/srivardhan/opt/anaconda3/envs/kafka-pipeline/lib/python3.7/site-packages/airflow/example_dags/example_nested_branch_dag.py
[2023-04-11T20:45:07.086-0400] {processor.py:743} INFO - Processing file /Users/srivardhan/opt/anaconda3/envs/kafka-pipeline/lib/python3.7/site-packages/airflow/example_dags/example_nested_branch_dag.py for tasks to queue
[2023-04-11T20:45:07.088-0400] {logging_mixin.py:137} INFO - [2023-04-11T20:45:07.087-0400] {dagbag.py:532} INFO - Filling up the DagBag from /Users/srivardhan/opt/anaconda3/envs/kafka-pipeline/lib/python3.7/site-packages/airflow/example_dags/example_nested_branch_dag.py
[2023-04-11T20:45:07.110-0400] {processor.py:753} INFO - DAG(s) dict_keys(['example_nested_branch_dag']) retrieved from /Users/srivardhan/opt/anaconda3/envs/kafka-pipeline/lib/python3.7/site-packages/airflow/example_dags/example_nested_branch_dag.py
[2023-04-11T20:45:07.127-0400] {logging_mixin.py:137} INFO - [2023-04-11T20:45:07.127-0400] {dag.py:2693} INFO - Sync 1 DAGs
[2023-04-11T20:45:07.140-0400] {logging_mixin.py:137} INFO - [2023-04-11T20:45:07.140-0400] {dag.py:3444} INFO - Setting next_dagrun for example_nested_branch_dag to 2023-04-11T00:00:00+00:00, run_after=2023-04-12T00:00:00+00:00
[2023-04-11T20:45:07.151-0400] {processor.py:175} INFO - Processing /Users/srivardhan/opt/anaconda3/envs/kafka-pipeline/lib/python3.7/site-packages/airflow/example_dags/example_nested_branch_dag.py took 0.072 seconds
[2023-04-11T21:47:12.909-0400] {processor.py:153} INFO - Started process (PID=41176) to work on /Users/srivardhan/opt/anaconda3/envs/kafka-pipeline/lib/python3.7/site-packages/airflow/example_dags/example_nested_branch_dag.py
[2023-04-11T21:47:12.910-0400] {processor.py:743} INFO - Processing file /Users/srivardhan/opt/anaconda3/envs/kafka-pipeline/lib/python3.7/site-packages/airflow/example_dags/example_nested_branch_dag.py for tasks to queue
[2023-04-11T21:47:12.912-0400] {logging_mixin.py:137} INFO - [2023-04-11T21:47:12.911-0400] {dagbag.py:532} INFO - Filling up the DagBag from /Users/srivardhan/opt/anaconda3/envs/kafka-pipeline/lib/python3.7/site-packages/airflow/example_dags/example_nested_branch_dag.py
[2023-04-11T21:47:12.933-0400] {processor.py:753} INFO - DAG(s) dict_keys(['example_nested_branch_dag']) retrieved from /Users/srivardhan/opt/anaconda3/envs/kafka-pipeline/lib/python3.7/site-packages/airflow/example_dags/example_nested_branch_dag.py
[2023-04-11T21:47:12.950-0400] {logging_mixin.py:137} INFO - [2023-04-11T21:47:12.949-0400] {dag.py:2693} INFO - Sync 1 DAGs
[2023-04-11T21:47:12.963-0400] {logging_mixin.py:137} INFO - [2023-04-11T21:47:12.963-0400] {dag.py:3444} INFO - Setting next_dagrun for example_nested_branch_dag to 2023-04-11T00:00:00+00:00, run_after=2023-04-12T00:00:00+00:00
[2023-04-11T21:47:12.973-0400] {processor.py:175} INFO - Processing /Users/srivardhan/opt/anaconda3/envs/kafka-pipeline/lib/python3.7/site-packages/airflow/example_dags/example_nested_branch_dag.py took 0.069 seconds
[2023-04-11T22:09:38.258-0400] {processor.py:153} INFO - Started process (PID=41281) to work on /Users/srivardhan/opt/anaconda3/envs/kafka-pipeline/lib/python3.7/site-packages/airflow/example_dags/example_nested_branch_dag.py
[2023-04-11T22:09:38.260-0400] {processor.py:743} INFO - Processing file /Users/srivardhan/opt/anaconda3/envs/kafka-pipeline/lib/python3.7/site-packages/airflow/example_dags/example_nested_branch_dag.py for tasks to queue
[2023-04-11T22:09:38.262-0400] {logging_mixin.py:137} INFO - [2023-04-11T22:09:38.261-0400] {dagbag.py:532} INFO - Filling up the DagBag from /Users/srivardhan/opt/anaconda3/envs/kafka-pipeline/lib/python3.7/site-packages/airflow/example_dags/example_nested_branch_dag.py
[2023-04-11T22:09:38.283-0400] {processor.py:753} INFO - DAG(s) dict_keys(['example_nested_branch_dag']) retrieved from /Users/srivardhan/opt/anaconda3/envs/kafka-pipeline/lib/python3.7/site-packages/airflow/example_dags/example_nested_branch_dag.py
[2023-04-11T22:09:38.299-0400] {logging_mixin.py:137} INFO - [2023-04-11T22:09:38.299-0400] {dag.py:2693} INFO - Sync 1 DAGs
[2023-04-11T22:09:38.312-0400] {logging_mixin.py:137} INFO - [2023-04-11T22:09:38.311-0400] {dag.py:3444} INFO - Setting next_dagrun for example_nested_branch_dag to 2023-04-11T00:00:00+00:00, run_after=2023-04-12T00:00:00+00:00
[2023-04-11T22:09:38.322-0400] {processor.py:175} INFO - Processing /Users/srivardhan/opt/anaconda3/envs/kafka-pipeline/lib/python3.7/site-packages/airflow/example_dags/example_nested_branch_dag.py took 0.069 seconds
[2023-04-11T22:34:56.258-0400] {processor.py:153} INFO - Started process (PID=41488) to work on /Users/srivardhan/opt/anaconda3/envs/kafka-pipeline/lib/python3.7/site-packages/airflow/example_dags/example_nested_branch_dag.py
[2023-04-11T22:34:56.260-0400] {processor.py:743} INFO - Processing file /Users/srivardhan/opt/anaconda3/envs/kafka-pipeline/lib/python3.7/site-packages/airflow/example_dags/example_nested_branch_dag.py for tasks to queue
[2023-04-11T22:34:56.262-0400] {logging_mixin.py:137} INFO - [2023-04-11T22:34:56.261-0400] {dagbag.py:532} INFO - Filling up the DagBag from /Users/srivardhan/opt/anaconda3/envs/kafka-pipeline/lib/python3.7/site-packages/airflow/example_dags/example_nested_branch_dag.py
[2023-04-11T22:34:56.283-0400] {processor.py:753} INFO - DAG(s) dict_keys(['example_nested_branch_dag']) retrieved from /Users/srivardhan/opt/anaconda3/envs/kafka-pipeline/lib/python3.7/site-packages/airflow/example_dags/example_nested_branch_dag.py
[2023-04-11T22:34:56.299-0400] {logging_mixin.py:137} INFO - [2023-04-11T22:34:56.299-0400] {dag.py:2693} INFO - Sync 1 DAGs
[2023-04-11T22:34:56.312-0400] {logging_mixin.py:137} INFO - [2023-04-11T22:34:56.312-0400] {dag.py:3444} INFO - Setting next_dagrun for example_nested_branch_dag to 2023-04-11T00:00:00+00:00, run_after=2023-04-12T00:00:00+00:00
[2023-04-11T22:34:56.323-0400] {processor.py:175} INFO - Processing /Users/srivardhan/opt/anaconda3/envs/kafka-pipeline/lib/python3.7/site-packages/airflow/example_dags/example_nested_branch_dag.py took 0.070 seconds
[2023-04-11T23:10:06.864-0400] {processor.py:153} INFO - Started process (PID=41677) to work on /Users/srivardhan/opt/anaconda3/envs/kafka-pipeline/lib/python3.7/site-packages/airflow/example_dags/example_nested_branch_dag.py
[2023-04-11T23:10:06.865-0400] {processor.py:743} INFO - Processing file /Users/srivardhan/opt/anaconda3/envs/kafka-pipeline/lib/python3.7/site-packages/airflow/example_dags/example_nested_branch_dag.py for tasks to queue
[2023-04-11T23:10:06.866-0400] {logging_mixin.py:137} INFO - [2023-04-11T23:10:06.866-0400] {dagbag.py:532} INFO - Filling up the DagBag from /Users/srivardhan/opt/anaconda3/envs/kafka-pipeline/lib/python3.7/site-packages/airflow/example_dags/example_nested_branch_dag.py
[2023-04-11T23:10:06.879-0400] {processor.py:753} INFO - DAG(s) dict_keys(['example_nested_branch_dag']) retrieved from /Users/srivardhan/opt/anaconda3/envs/kafka-pipeline/lib/python3.7/site-packages/airflow/example_dags/example_nested_branch_dag.py
[2023-04-11T23:10:06.893-0400] {logging_mixin.py:137} INFO - [2023-04-11T23:10:06.893-0400] {dag.py:2693} INFO - Sync 1 DAGs
[2023-04-11T23:10:06.913-0400] {logging_mixin.py:137} INFO - [2023-04-11T23:10:06.912-0400] {dag.py:3444} INFO - Setting next_dagrun for example_nested_branch_dag to 2023-04-11T00:00:00+00:00, run_after=2023-04-12T00:00:00+00:00
[2023-04-11T23:10:06.924-0400] {processor.py:175} INFO - Processing /Users/srivardhan/opt/anaconda3/envs/kafka-pipeline/lib/python3.7/site-packages/airflow/example_dags/example_nested_branch_dag.py took 0.063 seconds
[2023-04-11T23:10:50.778-0400] {processor.py:153} INFO - Started process (PID=41808) to work on /Users/srivardhan/opt/anaconda3/envs/kafka-pipeline/lib/python3.7/site-packages/airflow/example_dags/example_nested_branch_dag.py
[2023-04-11T23:10:50.780-0400] {processor.py:743} INFO - Processing file /Users/srivardhan/opt/anaconda3/envs/kafka-pipeline/lib/python3.7/site-packages/airflow/example_dags/example_nested_branch_dag.py for tasks to queue
[2023-04-11T23:10:50.782-0400] {logging_mixin.py:137} INFO - [2023-04-11T23:10:50.781-0400] {dagbag.py:532} INFO - Filling up the DagBag from /Users/srivardhan/opt/anaconda3/envs/kafka-pipeline/lib/python3.7/site-packages/airflow/example_dags/example_nested_branch_dag.py
[2023-04-11T23:10:50.803-0400] {processor.py:753} INFO - DAG(s) dict_keys(['example_nested_branch_dag']) retrieved from /Users/srivardhan/opt/anaconda3/envs/kafka-pipeline/lib/python3.7/site-packages/airflow/example_dags/example_nested_branch_dag.py
[2023-04-11T23:10:50.818-0400] {logging_mixin.py:137} INFO - [2023-04-11T23:10:50.818-0400] {dag.py:2693} INFO - Sync 1 DAGs
[2023-04-11T23:10:50.830-0400] {logging_mixin.py:137} INFO - [2023-04-11T23:10:50.830-0400] {dag.py:3444} INFO - Setting next_dagrun for example_nested_branch_dag to 2023-04-11T00:00:00+00:00, run_after=2023-04-12T00:00:00+00:00
[2023-04-11T23:10:50.841-0400] {processor.py:175} INFO - Processing /Users/srivardhan/opt/anaconda3/envs/kafka-pipeline/lib/python3.7/site-packages/airflow/example_dags/example_nested_branch_dag.py took 0.067 seconds
[2023-04-11T23:11:33.476-0400] {processor.py:153} INFO - Started process (PID=41899) to work on /Users/srivardhan/opt/anaconda3/envs/kafka-pipeline/lib/python3.7/site-packages/airflow/example_dags/example_nested_branch_dag.py
[2023-04-11T23:11:33.478-0400] {processor.py:743} INFO - Processing file /Users/srivardhan/opt/anaconda3/envs/kafka-pipeline/lib/python3.7/site-packages/airflow/example_dags/example_nested_branch_dag.py for tasks to queue
[2023-04-11T23:11:33.479-0400] {logging_mixin.py:137} INFO - [2023-04-11T23:11:33.479-0400] {dagbag.py:532} INFO - Filling up the DagBag from /Users/srivardhan/opt/anaconda3/envs/kafka-pipeline/lib/python3.7/site-packages/airflow/example_dags/example_nested_branch_dag.py
[2023-04-11T23:11:33.500-0400] {processor.py:753} INFO - DAG(s) dict_keys(['example_nested_branch_dag']) retrieved from /Users/srivardhan/opt/anaconda3/envs/kafka-pipeline/lib/python3.7/site-packages/airflow/example_dags/example_nested_branch_dag.py
[2023-04-11T23:11:33.516-0400] {logging_mixin.py:137} INFO - [2023-04-11T23:11:33.515-0400] {dag.py:2693} INFO - Sync 1 DAGs
[2023-04-11T23:11:33.529-0400] {logging_mixin.py:137} INFO - [2023-04-11T23:11:33.529-0400] {dag.py:3444} INFO - Setting next_dagrun for example_nested_branch_dag to 2023-04-11T00:00:00+00:00, run_after=2023-04-12T00:00:00+00:00
[2023-04-11T23:11:33.540-0400] {processor.py:175} INFO - Processing /Users/srivardhan/opt/anaconda3/envs/kafka-pipeline/lib/python3.7/site-packages/airflow/example_dags/example_nested_branch_dag.py took 0.068 seconds
[2023-04-11T23:12:13.624-0400] {processor.py:153} INFO - Started process (PID=41993) to work on /Users/srivardhan/opt/anaconda3/envs/kafka-pipeline/lib/python3.7/site-packages/airflow/example_dags/example_nested_branch_dag.py
[2023-04-11T23:12:13.626-0400] {processor.py:743} INFO - Processing file /Users/srivardhan/opt/anaconda3/envs/kafka-pipeline/lib/python3.7/site-packages/airflow/example_dags/example_nested_branch_dag.py for tasks to queue
[2023-04-11T23:12:13.627-0400] {logging_mixin.py:137} INFO - [2023-04-11T23:12:13.627-0400] {dagbag.py:532} INFO - Filling up the DagBag from /Users/srivardhan/opt/anaconda3/envs/kafka-pipeline/lib/python3.7/site-packages/airflow/example_dags/example_nested_branch_dag.py
[2023-04-11T23:12:13.647-0400] {processor.py:753} INFO - DAG(s) dict_keys(['example_nested_branch_dag']) retrieved from /Users/srivardhan/opt/anaconda3/envs/kafka-pipeline/lib/python3.7/site-packages/airflow/example_dags/example_nested_branch_dag.py
[2023-04-11T23:12:13.663-0400] {logging_mixin.py:137} INFO - [2023-04-11T23:12:13.663-0400] {dag.py:2693} INFO - Sync 1 DAGs
[2023-04-11T23:12:13.676-0400] {logging_mixin.py:137} INFO - [2023-04-11T23:12:13.676-0400] {dag.py:3444} INFO - Setting next_dagrun for example_nested_branch_dag to 2023-04-11T00:00:00+00:00, run_after=2023-04-12T00:00:00+00:00
[2023-04-11T23:12:13.687-0400] {processor.py:175} INFO - Processing /Users/srivardhan/opt/anaconda3/envs/kafka-pipeline/lib/python3.7/site-packages/airflow/example_dags/example_nested_branch_dag.py took 0.067 seconds
[2023-04-11T23:12:56.178-0400] {processor.py:153} INFO - Started process (PID=42206) to work on /Users/srivardhan/opt/anaconda3/envs/kafka-pipeline/lib/python3.7/site-packages/airflow/example_dags/example_nested_branch_dag.py
[2023-04-11T23:12:56.181-0400] {processor.py:743} INFO - Processing file /Users/srivardhan/opt/anaconda3/envs/kafka-pipeline/lib/python3.7/site-packages/airflow/example_dags/example_nested_branch_dag.py for tasks to queue
[2023-04-11T23:12:56.182-0400] {logging_mixin.py:137} INFO - [2023-04-11T23:12:56.182-0400] {dagbag.py:532} INFO - Filling up the DagBag from /Users/srivardhan/opt/anaconda3/envs/kafka-pipeline/lib/python3.7/site-packages/airflow/example_dags/example_nested_branch_dag.py
[2023-04-11T23:12:56.201-0400] {processor.py:753} INFO - DAG(s) dict_keys(['example_nested_branch_dag']) retrieved from /Users/srivardhan/opt/anaconda3/envs/kafka-pipeline/lib/python3.7/site-packages/airflow/example_dags/example_nested_branch_dag.py
[2023-04-11T23:12:56.217-0400] {logging_mixin.py:137} INFO - [2023-04-11T23:12:56.216-0400] {dag.py:2693} INFO - Sync 1 DAGs
[2023-04-11T23:12:56.230-0400] {logging_mixin.py:137} INFO - [2023-04-11T23:12:56.229-0400] {dag.py:3444} INFO - Setting next_dagrun for example_nested_branch_dag to 2023-04-11T00:00:00+00:00, run_after=2023-04-12T00:00:00+00:00
[2023-04-11T23:12:56.240-0400] {processor.py:175} INFO - Processing /Users/srivardhan/opt/anaconda3/envs/kafka-pipeline/lib/python3.7/site-packages/airflow/example_dags/example_nested_branch_dag.py took 0.066 seconds
[2023-04-11T23:13:36.367-0400] {processor.py:153} INFO - Started process (PID=42289) to work on /Users/srivardhan/opt/anaconda3/envs/kafka-pipeline/lib/python3.7/site-packages/airflow/example_dags/example_nested_branch_dag.py
[2023-04-11T23:13:36.368-0400] {processor.py:743} INFO - Processing file /Users/srivardhan/opt/anaconda3/envs/kafka-pipeline/lib/python3.7/site-packages/airflow/example_dags/example_nested_branch_dag.py for tasks to queue
[2023-04-11T23:13:36.370-0400] {logging_mixin.py:137} INFO - [2023-04-11T23:13:36.370-0400] {dagbag.py:532} INFO - Filling up the DagBag from /Users/srivardhan/opt/anaconda3/envs/kafka-pipeline/lib/python3.7/site-packages/airflow/example_dags/example_nested_branch_dag.py
[2023-04-11T23:13:36.392-0400] {processor.py:753} INFO - DAG(s) dict_keys(['example_nested_branch_dag']) retrieved from /Users/srivardhan/opt/anaconda3/envs/kafka-pipeline/lib/python3.7/site-packages/airflow/example_dags/example_nested_branch_dag.py
[2023-04-11T23:13:36.409-0400] {logging_mixin.py:137} INFO - [2023-04-11T23:13:36.409-0400] {dag.py:2693} INFO - Sync 1 DAGs
[2023-04-11T23:13:36.422-0400] {logging_mixin.py:137} INFO - [2023-04-11T23:13:36.422-0400] {dag.py:3444} INFO - Setting next_dagrun for example_nested_branch_dag to 2023-04-11T00:00:00+00:00, run_after=2023-04-12T00:00:00+00:00
[2023-04-11T23:13:36.437-0400] {processor.py:175} INFO - Processing /Users/srivardhan/opt/anaconda3/envs/kafka-pipeline/lib/python3.7/site-packages/airflow/example_dags/example_nested_branch_dag.py took 0.075 seconds
