[2023-04-11T21:52:33.027-0400] {processor.py:153} INFO - Started process (PID=41194) to work on /Users/srivardhan/opt/anaconda3/envs/kafka-pipeline/lib/python3.7/site-packages/airflow/example_dags/example_datasets.py
[2023-04-11T21:52:33.029-0400] {processor.py:743} INFO - Processing file /Users/srivardhan/opt/anaconda3/envs/kafka-pipeline/lib/python3.7/site-packages/airflow/example_dags/example_datasets.py for tasks to queue
[2023-04-11T21:52:33.030-0400] {logging_mixin.py:137} INFO - [2023-04-11T21:52:33.030-0400] {dagbag.py:532} INFO - Filling up the DagBag from /Users/srivardhan/opt/anaconda3/envs/kafka-pipeline/lib/python3.7/site-packages/airflow/example_dags/example_datasets.py
[2023-04-11T21:52:33.044-0400] {processor.py:753} INFO - DAG(s) dict_keys(['dataset_produces_2', 'dataset_consumes_1_and_2', 'dataset_produces_1', 'dataset_consumes_1', 'dataset_consumes_1_never_scheduled', 'dataset_consumes_unknown_never_scheduled']) retrieved from /Users/srivardhan/opt/anaconda3/envs/kafka-pipeline/lib/python3.7/site-packages/airflow/example_dags/example_datasets.py
[2023-04-11T21:52:33.072-0400] {logging_mixin.py:137} INFO - [2023-04-11T21:52:33.071-0400] {dag.py:2693} INFO - Sync 6 DAGs
[2023-04-11T21:52:33.085-0400] {logging_mixin.py:137} INFO - [2023-04-11T21:52:33.085-0400] {dag.py:3444} INFO - Setting next_dagrun for dataset_consumes_1 to None, run_after=None
[2023-04-11T21:52:33.087-0400] {logging_mixin.py:137} INFO - [2023-04-11T21:52:33.086-0400] {dag.py:3444} INFO - Setting next_dagrun for dataset_consumes_1_and_2 to None, run_after=None
[2023-04-11T21:52:33.087-0400] {logging_mixin.py:137} INFO - [2023-04-11T21:52:33.087-0400] {dag.py:3444} INFO - Setting next_dagrun for dataset_consumes_1_never_scheduled to None, run_after=None
[2023-04-11T21:52:33.088-0400] {logging_mixin.py:137} INFO - [2023-04-11T21:52:33.088-0400] {dag.py:3444} INFO - Setting next_dagrun for dataset_consumes_unknown_never_scheduled to None, run_after=None
[2023-04-11T21:52:33.090-0400] {logging_mixin.py:137} INFO - [2023-04-11T21:52:33.090-0400] {dag.py:3444} INFO - Setting next_dagrun for dataset_produces_1 to 2023-04-11T00:00:00+00:00, run_after=2023-04-12T00:00:00+00:00
[2023-04-11T21:52:33.091-0400] {logging_mixin.py:137} INFO - [2023-04-11T21:52:33.090-0400] {dag.py:3444} INFO - Setting next_dagrun for dataset_produces_2 to None, run_after=None
[2023-04-11T21:52:33.107-0400] {processor.py:175} INFO - Processing /Users/srivardhan/opt/anaconda3/envs/kafka-pipeline/lib/python3.7/site-packages/airflow/example_dags/example_datasets.py took 0.085 seconds
[2023-04-11T22:26:36.053-0400] {processor.py:153} INFO - Started process (PID=41352) to work on /Users/srivardhan/opt/anaconda3/envs/kafka-pipeline/lib/python3.7/site-packages/airflow/example_dags/example_datasets.py
[2023-04-11T22:26:36.055-0400] {processor.py:743} INFO - Processing file /Users/srivardhan/opt/anaconda3/envs/kafka-pipeline/lib/python3.7/site-packages/airflow/example_dags/example_datasets.py for tasks to queue
[2023-04-11T22:26:36.056-0400] {logging_mixin.py:137} INFO - [2023-04-11T22:26:36.056-0400] {dagbag.py:532} INFO - Filling up the DagBag from /Users/srivardhan/opt/anaconda3/envs/kafka-pipeline/lib/python3.7/site-packages/airflow/example_dags/example_datasets.py
[2023-04-11T22:26:36.066-0400] {processor.py:753} INFO - DAG(s) dict_keys(['dataset_consumes_1_and_2', 'dataset_produces_1', 'dataset_consumes_unknown_never_scheduled', 'dataset_produces_2', 'dataset_consumes_1_never_scheduled', 'dataset_consumes_1']) retrieved from /Users/srivardhan/opt/anaconda3/envs/kafka-pipeline/lib/python3.7/site-packages/airflow/example_dags/example_datasets.py
[2023-04-11T22:26:36.087-0400] {logging_mixin.py:137} INFO - [2023-04-11T22:26:36.086-0400] {dag.py:2693} INFO - Sync 6 DAGs
[2023-04-11T22:26:36.098-0400] {logging_mixin.py:137} INFO - [2023-04-11T22:26:36.098-0400] {dag.py:3444} INFO - Setting next_dagrun for dataset_consumes_1 to None, run_after=None
[2023-04-11T22:26:36.100-0400] {logging_mixin.py:137} INFO - [2023-04-11T22:26:36.100-0400] {dag.py:3444} INFO - Setting next_dagrun for dataset_consumes_1_and_2 to None, run_after=None
[2023-04-11T22:26:36.101-0400] {logging_mixin.py:137} INFO - [2023-04-11T22:26:36.101-0400] {dag.py:3444} INFO - Setting next_dagrun for dataset_consumes_1_never_scheduled to None, run_after=None
[2023-04-11T22:26:36.101-0400] {logging_mixin.py:137} INFO - [2023-04-11T22:26:36.101-0400] {dag.py:3444} INFO - Setting next_dagrun for dataset_consumes_unknown_never_scheduled to None, run_after=None
[2023-04-11T22:26:36.103-0400] {logging_mixin.py:137} INFO - [2023-04-11T22:26:36.103-0400] {dag.py:3444} INFO - Setting next_dagrun for dataset_produces_1 to 2023-04-11T00:00:00+00:00, run_after=2023-04-12T00:00:00+00:00
[2023-04-11T22:26:36.104-0400] {logging_mixin.py:137} INFO - [2023-04-11T22:26:36.104-0400] {dag.py:3444} INFO - Setting next_dagrun for dataset_produces_2 to None, run_after=None
[2023-04-11T22:26:36.121-0400] {processor.py:175} INFO - Processing /Users/srivardhan/opt/anaconda3/envs/kafka-pipeline/lib/python3.7/site-packages/airflow/example_dags/example_datasets.py took 0.071 seconds
[2023-04-11T22:35:02.224-0400] {processor.py:153} INFO - Started process (PID=41504) to work on /Users/srivardhan/opt/anaconda3/envs/kafka-pipeline/lib/python3.7/site-packages/airflow/example_dags/example_datasets.py
[2023-04-11T22:35:02.227-0400] {processor.py:743} INFO - Processing file /Users/srivardhan/opt/anaconda3/envs/kafka-pipeline/lib/python3.7/site-packages/airflow/example_dags/example_datasets.py for tasks to queue
[2023-04-11T22:35:02.228-0400] {logging_mixin.py:137} INFO - [2023-04-11T22:35:02.228-0400] {dagbag.py:532} INFO - Filling up the DagBag from /Users/srivardhan/opt/anaconda3/envs/kafka-pipeline/lib/python3.7/site-packages/airflow/example_dags/example_datasets.py
[2023-04-11T22:35:02.241-0400] {processor.py:753} INFO - DAG(s) dict_keys(['dataset_consumes_1', 'dataset_produces_1', 'dataset_consumes_1_and_2', 'dataset_produces_2', 'dataset_consumes_unknown_never_scheduled', 'dataset_consumes_1_never_scheduled']) retrieved from /Users/srivardhan/opt/anaconda3/envs/kafka-pipeline/lib/python3.7/site-packages/airflow/example_dags/example_datasets.py
[2023-04-11T22:35:02.267-0400] {logging_mixin.py:137} INFO - [2023-04-11T22:35:02.267-0400] {dag.py:2693} INFO - Sync 6 DAGs
[2023-04-11T22:35:02.280-0400] {logging_mixin.py:137} INFO - [2023-04-11T22:35:02.279-0400] {dag.py:3444} INFO - Setting next_dagrun for dataset_consumes_1 to None, run_after=None
[2023-04-11T22:35:02.281-0400] {logging_mixin.py:137} INFO - [2023-04-11T22:35:02.281-0400] {dag.py:3444} INFO - Setting next_dagrun for dataset_consumes_1_and_2 to None, run_after=None
[2023-04-11T22:35:02.282-0400] {logging_mixin.py:137} INFO - [2023-04-11T22:35:02.282-0400] {dag.py:3444} INFO - Setting next_dagrun for dataset_consumes_1_never_scheduled to None, run_after=None
[2023-04-11T22:35:02.283-0400] {logging_mixin.py:137} INFO - [2023-04-11T22:35:02.283-0400] {dag.py:3444} INFO - Setting next_dagrun for dataset_consumes_unknown_never_scheduled to None, run_after=None
[2023-04-11T22:35:02.284-0400] {logging_mixin.py:137} INFO - [2023-04-11T22:35:02.284-0400] {dag.py:3444} INFO - Setting next_dagrun for dataset_produces_1 to 2023-04-11T00:00:00+00:00, run_after=2023-04-12T00:00:00+00:00
[2023-04-11T22:35:02.285-0400] {logging_mixin.py:137} INFO - [2023-04-11T22:35:02.285-0400] {dag.py:3444} INFO - Setting next_dagrun for dataset_produces_2 to None, run_after=None
[2023-04-11T22:35:02.302-0400] {processor.py:175} INFO - Processing /Users/srivardhan/opt/anaconda3/envs/kafka-pipeline/lib/python3.7/site-packages/airflow/example_dags/example_datasets.py took 0.083 seconds
[2023-04-11T23:10:13.571-0400] {processor.py:153} INFO - Started process (PID=41691) to work on /Users/srivardhan/opt/anaconda3/envs/kafka-pipeline/lib/python3.7/site-packages/airflow/example_dags/example_datasets.py
[2023-04-11T23:10:13.573-0400] {processor.py:743} INFO - Processing file /Users/srivardhan/opt/anaconda3/envs/kafka-pipeline/lib/python3.7/site-packages/airflow/example_dags/example_datasets.py for tasks to queue
[2023-04-11T23:10:13.574-0400] {logging_mixin.py:137} INFO - [2023-04-11T23:10:13.574-0400] {dagbag.py:532} INFO - Filling up the DagBag from /Users/srivardhan/opt/anaconda3/envs/kafka-pipeline/lib/python3.7/site-packages/airflow/example_dags/example_datasets.py
[2023-04-11T23:10:13.581-0400] {processor.py:753} INFO - DAG(s) dict_keys(['dataset_produces_2', 'dataset_consumes_unknown_never_scheduled', 'dataset_produces_1', 'dataset_consumes_1_and_2', 'dataset_consumes_1_never_scheduled', 'dataset_consumes_1']) retrieved from /Users/srivardhan/opt/anaconda3/envs/kafka-pipeline/lib/python3.7/site-packages/airflow/example_dags/example_datasets.py
[2023-04-11T23:10:13.601-0400] {logging_mixin.py:137} INFO - [2023-04-11T23:10:13.601-0400] {dag.py:2693} INFO - Sync 6 DAGs
[2023-04-11T23:10:13.613-0400] {logging_mixin.py:137} INFO - [2023-04-11T23:10:13.613-0400] {dag.py:3444} INFO - Setting next_dagrun for dataset_consumes_1 to None, run_after=None
[2023-04-11T23:10:13.615-0400] {logging_mixin.py:137} INFO - [2023-04-11T23:10:13.615-0400] {dag.py:3444} INFO - Setting next_dagrun for dataset_consumes_1_and_2 to None, run_after=None
[2023-04-11T23:10:13.616-0400] {logging_mixin.py:137} INFO - [2023-04-11T23:10:13.616-0400] {dag.py:3444} INFO - Setting next_dagrun for dataset_consumes_1_never_scheduled to None, run_after=None
[2023-04-11T23:10:13.617-0400] {logging_mixin.py:137} INFO - [2023-04-11T23:10:13.616-0400] {dag.py:3444} INFO - Setting next_dagrun for dataset_consumes_unknown_never_scheduled to None, run_after=None
[2023-04-11T23:10:13.618-0400] {logging_mixin.py:137} INFO - [2023-04-11T23:10:13.618-0400] {dag.py:3444} INFO - Setting next_dagrun for dataset_produces_1 to 2023-04-11T00:00:00+00:00, run_after=2023-04-12T00:00:00+00:00
[2023-04-11T23:10:13.619-0400] {logging_mixin.py:137} INFO - [2023-04-11T23:10:13.619-0400] {dag.py:3444} INFO - Setting next_dagrun for dataset_produces_2 to None, run_after=None
[2023-04-11T23:10:13.636-0400] {processor.py:175} INFO - Processing /Users/srivardhan/opt/anaconda3/envs/kafka-pipeline/lib/python3.7/site-packages/airflow/example_dags/example_datasets.py took 0.068 seconds
[2023-04-11T23:10:58.300-0400] {processor.py:153} INFO - Started process (PID=41825) to work on /Users/srivardhan/opt/anaconda3/envs/kafka-pipeline/lib/python3.7/site-packages/airflow/example_dags/example_datasets.py
[2023-04-11T23:10:58.303-0400] {processor.py:743} INFO - Processing file /Users/srivardhan/opt/anaconda3/envs/kafka-pipeline/lib/python3.7/site-packages/airflow/example_dags/example_datasets.py for tasks to queue
[2023-04-11T23:10:58.304-0400] {logging_mixin.py:137} INFO - [2023-04-11T23:10:58.304-0400] {dagbag.py:532} INFO - Filling up the DagBag from /Users/srivardhan/opt/anaconda3/envs/kafka-pipeline/lib/python3.7/site-packages/airflow/example_dags/example_datasets.py
[2023-04-11T23:10:58.316-0400] {processor.py:753} INFO - DAG(s) dict_keys(['dataset_produces_2', 'dataset_consumes_1', 'dataset_consumes_unknown_never_scheduled', 'dataset_consumes_1_and_2', 'dataset_produces_1', 'dataset_consumes_1_never_scheduled']) retrieved from /Users/srivardhan/opt/anaconda3/envs/kafka-pipeline/lib/python3.7/site-packages/airflow/example_dags/example_datasets.py
[2023-04-11T23:10:58.340-0400] {logging_mixin.py:137} INFO - [2023-04-11T23:10:58.340-0400] {dag.py:2693} INFO - Sync 6 DAGs
[2023-04-11T23:10:58.352-0400] {logging_mixin.py:137} INFO - [2023-04-11T23:10:58.352-0400] {dag.py:3444} INFO - Setting next_dagrun for dataset_consumes_1 to None, run_after=None
[2023-04-11T23:10:58.354-0400] {logging_mixin.py:137} INFO - [2023-04-11T23:10:58.354-0400] {dag.py:3444} INFO - Setting next_dagrun for dataset_consumes_1_and_2 to None, run_after=None
[2023-04-11T23:10:58.355-0400] {logging_mixin.py:137} INFO - [2023-04-11T23:10:58.354-0400] {dag.py:3444} INFO - Setting next_dagrun for dataset_consumes_1_never_scheduled to None, run_after=None
[2023-04-11T23:10:58.355-0400] {logging_mixin.py:137} INFO - [2023-04-11T23:10:58.355-0400] {dag.py:3444} INFO - Setting next_dagrun for dataset_consumes_unknown_never_scheduled to None, run_after=None
[2023-04-11T23:10:58.357-0400] {logging_mixin.py:137} INFO - [2023-04-11T23:10:58.357-0400] {dag.py:3444} INFO - Setting next_dagrun for dataset_produces_1 to 2023-04-11T00:00:00+00:00, run_after=2023-04-12T00:00:00+00:00
[2023-04-11T23:10:58.358-0400] {logging_mixin.py:137} INFO - [2023-04-11T23:10:58.358-0400] {dag.py:3444} INFO - Setting next_dagrun for dataset_produces_2 to None, run_after=None
[2023-04-11T23:10:58.374-0400] {processor.py:175} INFO - Processing /Users/srivardhan/opt/anaconda3/envs/kafka-pipeline/lib/python3.7/site-packages/airflow/example_dags/example_datasets.py took 0.078 seconds
[2023-04-11T23:11:40.337-0400] {processor.py:153} INFO - Started process (PID=41913) to work on /Users/srivardhan/opt/anaconda3/envs/kafka-pipeline/lib/python3.7/site-packages/airflow/example_dags/example_datasets.py
[2023-04-11T23:11:40.338-0400] {processor.py:743} INFO - Processing file /Users/srivardhan/opt/anaconda3/envs/kafka-pipeline/lib/python3.7/site-packages/airflow/example_dags/example_datasets.py for tasks to queue
[2023-04-11T23:11:40.340-0400] {logging_mixin.py:137} INFO - [2023-04-11T23:11:40.339-0400] {dagbag.py:532} INFO - Filling up the DagBag from /Users/srivardhan/opt/anaconda3/envs/kafka-pipeline/lib/python3.7/site-packages/airflow/example_dags/example_datasets.py
[2023-04-11T23:11:40.351-0400] {processor.py:753} INFO - DAG(s) dict_keys(['dataset_consumes_1', 'dataset_consumes_1_and_2', 'dataset_produces_2', 'dataset_consumes_1_never_scheduled', 'dataset_produces_1', 'dataset_consumes_unknown_never_scheduled']) retrieved from /Users/srivardhan/opt/anaconda3/envs/kafka-pipeline/lib/python3.7/site-packages/airflow/example_dags/example_datasets.py
[2023-04-11T23:11:40.377-0400] {logging_mixin.py:137} INFO - [2023-04-11T23:11:40.376-0400] {dag.py:2693} INFO - Sync 6 DAGs
[2023-04-11T23:11:40.389-0400] {logging_mixin.py:137} INFO - [2023-04-11T23:11:40.389-0400] {dag.py:3444} INFO - Setting next_dagrun for dataset_consumes_1 to None, run_after=None
[2023-04-11T23:11:40.391-0400] {logging_mixin.py:137} INFO - [2023-04-11T23:11:40.391-0400] {dag.py:3444} INFO - Setting next_dagrun for dataset_consumes_1_and_2 to None, run_after=None
[2023-04-11T23:11:40.392-0400] {logging_mixin.py:137} INFO - [2023-04-11T23:11:40.392-0400] {dag.py:3444} INFO - Setting next_dagrun for dataset_consumes_1_never_scheduled to None, run_after=None
[2023-04-11T23:11:40.393-0400] {logging_mixin.py:137} INFO - [2023-04-11T23:11:40.392-0400] {dag.py:3444} INFO - Setting next_dagrun for dataset_consumes_unknown_never_scheduled to None, run_after=None
[2023-04-11T23:11:40.394-0400] {logging_mixin.py:137} INFO - [2023-04-11T23:11:40.394-0400] {dag.py:3444} INFO - Setting next_dagrun for dataset_produces_1 to 2023-04-11T00:00:00+00:00, run_after=2023-04-12T00:00:00+00:00
[2023-04-11T23:11:40.395-0400] {logging_mixin.py:137} INFO - [2023-04-11T23:11:40.395-0400] {dag.py:3444} INFO - Setting next_dagrun for dataset_produces_2 to None, run_after=None
[2023-04-11T23:11:40.411-0400] {processor.py:175} INFO - Processing /Users/srivardhan/opt/anaconda3/envs/kafka-pipeline/lib/python3.7/site-packages/airflow/example_dags/example_datasets.py took 0.079 seconds
[2023-04-11T23:12:20.981-0400] {processor.py:153} INFO - Started process (PID=42008) to work on /Users/srivardhan/opt/anaconda3/envs/kafka-pipeline/lib/python3.7/site-packages/airflow/example_dags/example_datasets.py
[2023-04-11T23:12:20.983-0400] {processor.py:743} INFO - Processing file /Users/srivardhan/opt/anaconda3/envs/kafka-pipeline/lib/python3.7/site-packages/airflow/example_dags/example_datasets.py for tasks to queue
[2023-04-11T23:12:20.984-0400] {logging_mixin.py:137} INFO - [2023-04-11T23:12:20.984-0400] {dagbag.py:532} INFO - Filling up the DagBag from /Users/srivardhan/opt/anaconda3/envs/kafka-pipeline/lib/python3.7/site-packages/airflow/example_dags/example_datasets.py
[2023-04-11T23:12:20.996-0400] {processor.py:753} INFO - DAG(s) dict_keys(['dataset_produces_2', 'dataset_produces_1', 'dataset_consumes_1', 'dataset_consumes_1_and_2', 'dataset_consumes_unknown_never_scheduled', 'dataset_consumes_1_never_scheduled']) retrieved from /Users/srivardhan/opt/anaconda3/envs/kafka-pipeline/lib/python3.7/site-packages/airflow/example_dags/example_datasets.py
[2023-04-11T23:12:21.022-0400] {logging_mixin.py:137} INFO - [2023-04-11T23:12:21.022-0400] {dag.py:2693} INFO - Sync 6 DAGs
[2023-04-11T23:12:21.035-0400] {logging_mixin.py:137} INFO - [2023-04-11T23:12:21.034-0400] {dag.py:3444} INFO - Setting next_dagrun for dataset_consumes_1 to None, run_after=None
[2023-04-11T23:12:21.037-0400] {logging_mixin.py:137} INFO - [2023-04-11T23:12:21.036-0400] {dag.py:3444} INFO - Setting next_dagrun for dataset_consumes_1_and_2 to None, run_after=None
[2023-04-11T23:12:21.037-0400] {logging_mixin.py:137} INFO - [2023-04-11T23:12:21.037-0400] {dag.py:3444} INFO - Setting next_dagrun for dataset_consumes_1_never_scheduled to None, run_after=None
[2023-04-11T23:12:21.038-0400] {logging_mixin.py:137} INFO - [2023-04-11T23:12:21.038-0400] {dag.py:3444} INFO - Setting next_dagrun for dataset_consumes_unknown_never_scheduled to None, run_after=None
[2023-04-11T23:12:21.040-0400] {logging_mixin.py:137} INFO - [2023-04-11T23:12:21.039-0400] {dag.py:3444} INFO - Setting next_dagrun for dataset_produces_1 to 2023-04-11T00:00:00+00:00, run_after=2023-04-12T00:00:00+00:00
[2023-04-11T23:12:21.040-0400] {logging_mixin.py:137} INFO - [2023-04-11T23:12:21.040-0400] {dag.py:3444} INFO - Setting next_dagrun for dataset_produces_2 to None, run_after=None
[2023-04-11T23:12:21.057-0400] {processor.py:175} INFO - Processing /Users/srivardhan/opt/anaconda3/envs/kafka-pipeline/lib/python3.7/site-packages/airflow/example_dags/example_datasets.py took 0.081 seconds
[2023-04-11T23:13:10.643-0400] {processor.py:153} INFO - Started process (PID=42236) to work on /Users/srivardhan/opt/anaconda3/envs/kafka-pipeline/lib/python3.7/site-packages/airflow/example_dags/example_datasets.py
[2023-04-11T23:13:10.644-0400] {processor.py:743} INFO - Processing file /Users/srivardhan/opt/anaconda3/envs/kafka-pipeline/lib/python3.7/site-packages/airflow/example_dags/example_datasets.py for tasks to queue
[2023-04-11T23:13:10.645-0400] {logging_mixin.py:137} INFO - [2023-04-11T23:13:10.645-0400] {dagbag.py:532} INFO - Filling up the DagBag from /Users/srivardhan/opt/anaconda3/envs/kafka-pipeline/lib/python3.7/site-packages/airflow/example_dags/example_datasets.py
[2023-04-11T23:13:10.655-0400] {processor.py:753} INFO - DAG(s) dict_keys(['dataset_consumes_1_never_scheduled', 'dataset_consumes_unknown_never_scheduled', 'dataset_produces_2', 'dataset_consumes_1_and_2', 'dataset_produces_1', 'dataset_consumes_1']) retrieved from /Users/srivardhan/opt/anaconda3/envs/kafka-pipeline/lib/python3.7/site-packages/airflow/example_dags/example_datasets.py
[2023-04-11T23:13:10.679-0400] {logging_mixin.py:137} INFO - [2023-04-11T23:13:10.679-0400] {dag.py:2693} INFO - Sync 6 DAGs
[2023-04-11T23:13:10.692-0400] {logging_mixin.py:137} INFO - [2023-04-11T23:13:10.692-0400] {dag.py:3444} INFO - Setting next_dagrun for dataset_consumes_1 to None, run_after=None
[2023-04-11T23:13:10.694-0400] {logging_mixin.py:137} INFO - [2023-04-11T23:13:10.694-0400] {dag.py:3444} INFO - Setting next_dagrun for dataset_consumes_1_and_2 to None, run_after=None
[2023-04-11T23:13:10.695-0400] {logging_mixin.py:137} INFO - [2023-04-11T23:13:10.694-0400] {dag.py:3444} INFO - Setting next_dagrun for dataset_consumes_1_never_scheduled to None, run_after=None
[2023-04-11T23:13:10.695-0400] {logging_mixin.py:137} INFO - [2023-04-11T23:13:10.695-0400] {dag.py:3444} INFO - Setting next_dagrun for dataset_consumes_unknown_never_scheduled to None, run_after=None
[2023-04-11T23:13:10.697-0400] {logging_mixin.py:137} INFO - [2023-04-11T23:13:10.697-0400] {dag.py:3444} INFO - Setting next_dagrun for dataset_produces_1 to 2023-04-11T00:00:00+00:00, run_after=2023-04-12T00:00:00+00:00
[2023-04-11T23:13:10.698-0400] {logging_mixin.py:137} INFO - [2023-04-11T23:13:10.698-0400] {dag.py:3444} INFO - Setting next_dagrun for dataset_produces_2 to None, run_after=None
[2023-04-11T23:13:10.715-0400] {processor.py:175} INFO - Processing /Users/srivardhan/opt/anaconda3/envs/kafka-pipeline/lib/python3.7/site-packages/airflow/example_dags/example_datasets.py took 0.075 seconds
