[2023-04-11T20:29:35.926-0400] {processor.py:153} INFO - Started process (PID=41058) to work on /Users/srivardhan/opt/anaconda3/envs/kafka-pipeline/lib/python3.7/site-packages/airflow/example_dags/example_short_circuit_decorator.py
[2023-04-11T20:29:35.928-0400] {processor.py:743} INFO - Processing file /Users/srivardhan/opt/anaconda3/envs/kafka-pipeline/lib/python3.7/site-packages/airflow/example_dags/example_short_circuit_decorator.py for tasks to queue
[2023-04-11T20:29:35.929-0400] {logging_mixin.py:137} INFO - [2023-04-11T20:29:35.929-0400] {dagbag.py:532} INFO - Filling up the DagBag from /Users/srivardhan/opt/anaconda3/envs/kafka-pipeline/lib/python3.7/site-packages/airflow/example_dags/example_short_circuit_decorator.py
[2023-04-11T20:29:35.947-0400] {processor.py:753} INFO - DAG(s) dict_keys(['example_short_circuit_decorator']) retrieved from /Users/srivardhan/opt/anaconda3/envs/kafka-pipeline/lib/python3.7/site-packages/airflow/example_dags/example_short_circuit_decorator.py
[2023-04-11T20:29:35.963-0400] {logging_mixin.py:137} INFO - [2023-04-11T20:29:35.963-0400] {dag.py:2693} INFO - Sync 1 DAGs
[2023-04-11T20:29:35.975-0400] {logging_mixin.py:137} INFO - [2023-04-11T20:29:35.974-0400] {dag.py:3444} INFO - Setting next_dagrun for example_short_circuit_decorator to 2023-04-11T00:29:35.974577+00:00, run_after=2023-04-12T00:29:35.974577+00:00
[2023-04-11T20:29:35.986-0400] {processor.py:175} INFO - Processing /Users/srivardhan/opt/anaconda3/envs/kafka-pipeline/lib/python3.7/site-packages/airflow/example_dags/example_short_circuit_decorator.py took 0.063 seconds
[2023-04-11T21:47:03.151-0400] {processor.py:153} INFO - Started process (PID=41162) to work on /Users/srivardhan/opt/anaconda3/envs/kafka-pipeline/lib/python3.7/site-packages/airflow/example_dags/example_short_circuit_decorator.py
[2023-04-11T21:47:03.152-0400] {processor.py:743} INFO - Processing file /Users/srivardhan/opt/anaconda3/envs/kafka-pipeline/lib/python3.7/site-packages/airflow/example_dags/example_short_circuit_decorator.py for tasks to queue
[2023-04-11T21:47:03.154-0400] {logging_mixin.py:137} INFO - [2023-04-11T21:47:03.153-0400] {dagbag.py:532} INFO - Filling up the DagBag from /Users/srivardhan/opt/anaconda3/envs/kafka-pipeline/lib/python3.7/site-packages/airflow/example_dags/example_short_circuit_decorator.py
[2023-04-11T21:47:03.175-0400] {processor.py:753} INFO - DAG(s) dict_keys(['example_short_circuit_decorator']) retrieved from /Users/srivardhan/opt/anaconda3/envs/kafka-pipeline/lib/python3.7/site-packages/airflow/example_dags/example_short_circuit_decorator.py
[2023-04-11T21:47:03.192-0400] {logging_mixin.py:137} INFO - [2023-04-11T21:47:03.192-0400] {dag.py:2693} INFO - Sync 1 DAGs
[2023-04-11T21:47:03.204-0400] {logging_mixin.py:137} INFO - [2023-04-11T21:47:03.204-0400] {dag.py:3444} INFO - Setting next_dagrun for example_short_circuit_decorator to 2023-04-11T01:47:03.204354+00:00, run_after=2023-04-12T01:47:03.204354+00:00
[2023-04-11T21:47:03.215-0400] {processor.py:175} INFO - Processing /Users/srivardhan/opt/anaconda3/envs/kafka-pipeline/lib/python3.7/site-packages/airflow/example_dags/example_short_circuit_decorator.py took 0.069 seconds
[2023-04-11T22:00:38.567-0400] {processor.py:153} INFO - Started process (PID=41266) to work on /Users/srivardhan/opt/anaconda3/envs/kafka-pipeline/lib/python3.7/site-packages/airflow/example_dags/example_short_circuit_decorator.py
[2023-04-11T22:00:38.570-0400] {processor.py:743} INFO - Processing file /Users/srivardhan/opt/anaconda3/envs/kafka-pipeline/lib/python3.7/site-packages/airflow/example_dags/example_short_circuit_decorator.py for tasks to queue
[2023-04-11T22:00:38.571-0400] {logging_mixin.py:137} INFO - [2023-04-11T22:00:38.571-0400] {dagbag.py:532} INFO - Filling up the DagBag from /Users/srivardhan/opt/anaconda3/envs/kafka-pipeline/lib/python3.7/site-packages/airflow/example_dags/example_short_circuit_decorator.py
[2023-04-11T22:00:38.591-0400] {processor.py:753} INFO - DAG(s) dict_keys(['example_short_circuit_decorator']) retrieved from /Users/srivardhan/opt/anaconda3/envs/kafka-pipeline/lib/python3.7/site-packages/airflow/example_dags/example_short_circuit_decorator.py
[2023-04-11T22:00:38.608-0400] {logging_mixin.py:137} INFO - [2023-04-11T22:00:38.608-0400] {dag.py:2693} INFO - Sync 1 DAGs
[2023-04-11T22:00:38.620-0400] {logging_mixin.py:137} INFO - [2023-04-11T22:00:38.620-0400] {dag.py:3444} INFO - Setting next_dagrun for example_short_circuit_decorator to 2023-04-11T02:00:38.620087+00:00, run_after=2023-04-12T02:00:38.620087+00:00
[2023-04-11T22:00:38.632-0400] {processor.py:175} INFO - Processing /Users/srivardhan/opt/anaconda3/envs/kafka-pipeline/lib/python3.7/site-packages/airflow/example_dags/example_short_circuit_decorator.py took 0.071 seconds
[2023-04-11T22:26:01.115-0400] {processor.py:153} INFO - Started process (PID=41337) to work on /Users/srivardhan/opt/anaconda3/envs/kafka-pipeline/lib/python3.7/site-packages/airflow/example_dags/example_short_circuit_decorator.py
[2023-04-11T22:26:01.116-0400] {processor.py:743} INFO - Processing file /Users/srivardhan/opt/anaconda3/envs/kafka-pipeline/lib/python3.7/site-packages/airflow/example_dags/example_short_circuit_decorator.py for tasks to queue
[2023-04-11T22:26:01.118-0400] {logging_mixin.py:137} INFO - [2023-04-11T22:26:01.117-0400] {dagbag.py:532} INFO - Filling up the DagBag from /Users/srivardhan/opt/anaconda3/envs/kafka-pipeline/lib/python3.7/site-packages/airflow/example_dags/example_short_circuit_decorator.py
[2023-04-11T22:26:01.138-0400] {processor.py:753} INFO - DAG(s) dict_keys(['example_short_circuit_decorator']) retrieved from /Users/srivardhan/opt/anaconda3/envs/kafka-pipeline/lib/python3.7/site-packages/airflow/example_dags/example_short_circuit_decorator.py
[2023-04-11T22:26:01.156-0400] {logging_mixin.py:137} INFO - [2023-04-11T22:26:01.156-0400] {dag.py:2693} INFO - Sync 1 DAGs
[2023-04-11T22:26:01.168-0400] {logging_mixin.py:137} INFO - [2023-04-11T22:26:01.168-0400] {dag.py:3444} INFO - Setting next_dagrun for example_short_circuit_decorator to 2023-04-11T02:26:01.168022+00:00, run_after=2023-04-12T02:26:01.168022+00:00
[2023-04-11T22:26:01.179-0400] {processor.py:175} INFO - Processing /Users/srivardhan/opt/anaconda3/envs/kafka-pipeline/lib/python3.7/site-packages/airflow/example_dags/example_short_circuit_decorator.py took 0.069 seconds
[2023-04-11T22:33:24.194-0400] {processor.py:153} INFO - Started process (PID=41462) to work on /Users/srivardhan/opt/anaconda3/envs/kafka-pipeline/lib/python3.7/site-packages/airflow/example_dags/example_short_circuit_decorator.py
[2023-04-11T22:33:24.196-0400] {processor.py:743} INFO - Processing file /Users/srivardhan/opt/anaconda3/envs/kafka-pipeline/lib/python3.7/site-packages/airflow/example_dags/example_short_circuit_decorator.py for tasks to queue
[2023-04-11T22:33:24.197-0400] {logging_mixin.py:137} INFO - [2023-04-11T22:33:24.197-0400] {dagbag.py:532} INFO - Filling up the DagBag from /Users/srivardhan/opt/anaconda3/envs/kafka-pipeline/lib/python3.7/site-packages/airflow/example_dags/example_short_circuit_decorator.py
[2023-04-11T22:33:24.216-0400] {processor.py:753} INFO - DAG(s) dict_keys(['example_short_circuit_decorator']) retrieved from /Users/srivardhan/opt/anaconda3/envs/kafka-pipeline/lib/python3.7/site-packages/airflow/example_dags/example_short_circuit_decorator.py
[2023-04-11T22:33:24.233-0400] {logging_mixin.py:137} INFO - [2023-04-11T22:33:24.233-0400] {dag.py:2693} INFO - Sync 1 DAGs
[2023-04-11T22:33:24.244-0400] {logging_mixin.py:137} INFO - [2023-04-11T22:33:24.244-0400] {dag.py:3444} INFO - Setting next_dagrun for example_short_circuit_decorator to 2023-04-11T02:33:24.244464+00:00, run_after=2023-04-12T02:33:24.244464+00:00
[2023-04-11T22:33:24.256-0400] {processor.py:175} INFO - Processing /Users/srivardhan/opt/anaconda3/envs/kafka-pipeline/lib/python3.7/site-packages/airflow/example_dags/example_short_circuit_decorator.py took 0.067 seconds
[2023-04-11T23:01:30.105-0400] {processor.py:153} INFO - Started process (PID=41585) to work on /Users/srivardhan/opt/anaconda3/envs/kafka-pipeline/lib/python3.7/site-packages/airflow/example_dags/example_short_circuit_decorator.py
[2023-04-11T23:01:30.106-0400] {processor.py:743} INFO - Processing file /Users/srivardhan/opt/anaconda3/envs/kafka-pipeline/lib/python3.7/site-packages/airflow/example_dags/example_short_circuit_decorator.py for tasks to queue
[2023-04-11T23:01:30.106-0400] {logging_mixin.py:137} INFO - [2023-04-11T23:01:30.106-0400] {dagbag.py:532} INFO - Filling up the DagBag from /Users/srivardhan/opt/anaconda3/envs/kafka-pipeline/lib/python3.7/site-packages/airflow/example_dags/example_short_circuit_decorator.py
[2023-04-11T23:01:30.120-0400] {processor.py:753} INFO - DAG(s) dict_keys(['example_short_circuit_decorator']) retrieved from /Users/srivardhan/opt/anaconda3/envs/kafka-pipeline/lib/python3.7/site-packages/airflow/example_dags/example_short_circuit_decorator.py
[2023-04-11T23:01:30.135-0400] {logging_mixin.py:137} INFO - [2023-04-11T23:01:30.135-0400] {dag.py:2693} INFO - Sync 1 DAGs
[2023-04-11T23:01:30.147-0400] {logging_mixin.py:137} INFO - [2023-04-11T23:01:30.147-0400] {dag.py:3444} INFO - Setting next_dagrun for example_short_circuit_decorator to 2023-04-11T03:01:30.147398+00:00, run_after=2023-04-12T03:01:30.147398+00:00
[2023-04-11T23:01:30.159-0400] {processor.py:175} INFO - Processing /Users/srivardhan/opt/anaconda3/envs/kafka-pipeline/lib/python3.7/site-packages/airflow/example_dags/example_short_circuit_decorator.py took 0.057 seconds
[2023-04-11T23:10:00.430-0400] {processor.py:153} INFO - Started process (PID=41664) to work on /Users/srivardhan/opt/anaconda3/envs/kafka-pipeline/lib/python3.7/site-packages/airflow/example_dags/example_short_circuit_decorator.py
[2023-04-11T23:10:00.431-0400] {processor.py:743} INFO - Processing file /Users/srivardhan/opt/anaconda3/envs/kafka-pipeline/lib/python3.7/site-packages/airflow/example_dags/example_short_circuit_decorator.py for tasks to queue
[2023-04-11T23:10:00.432-0400] {logging_mixin.py:137} INFO - [2023-04-11T23:10:00.432-0400] {dagbag.py:532} INFO - Filling up the DagBag from /Users/srivardhan/opt/anaconda3/envs/kafka-pipeline/lib/python3.7/site-packages/airflow/example_dags/example_short_circuit_decorator.py
[2023-04-11T23:10:00.445-0400] {processor.py:753} INFO - DAG(s) dict_keys(['example_short_circuit_decorator']) retrieved from /Users/srivardhan/opt/anaconda3/envs/kafka-pipeline/lib/python3.7/site-packages/airflow/example_dags/example_short_circuit_decorator.py
[2023-04-11T23:10:00.461-0400] {logging_mixin.py:137} INFO - [2023-04-11T23:10:00.460-0400] {dag.py:2693} INFO - Sync 1 DAGs
[2023-04-11T23:10:00.473-0400] {logging_mixin.py:137} INFO - [2023-04-11T23:10:00.473-0400] {dag.py:3444} INFO - Setting next_dagrun for example_short_circuit_decorator to 2023-04-11T03:10:00.472858+00:00, run_after=2023-04-12T03:10:00.472858+00:00
[2023-04-11T23:10:00.485-0400] {processor.py:175} INFO - Processing /Users/srivardhan/opt/anaconda3/envs/kafka-pipeline/lib/python3.7/site-packages/airflow/example_dags/example_short_circuit_decorator.py took 0.057 seconds
[2023-04-11T23:10:44.439-0400] {processor.py:153} INFO - Started process (PID=41788) to work on /Users/srivardhan/opt/anaconda3/envs/kafka-pipeline/lib/python3.7/site-packages/airflow/example_dags/example_short_circuit_decorator.py
[2023-04-11T23:10:44.441-0400] {processor.py:743} INFO - Processing file /Users/srivardhan/opt/anaconda3/envs/kafka-pipeline/lib/python3.7/site-packages/airflow/example_dags/example_short_circuit_decorator.py for tasks to queue
[2023-04-11T23:10:44.442-0400] {logging_mixin.py:137} INFO - [2023-04-11T23:10:44.442-0400] {dagbag.py:532} INFO - Filling up the DagBag from /Users/srivardhan/opt/anaconda3/envs/kafka-pipeline/lib/python3.7/site-packages/airflow/example_dags/example_short_circuit_decorator.py
[2023-04-11T23:10:44.463-0400] {processor.py:753} INFO - DAG(s) dict_keys(['example_short_circuit_decorator']) retrieved from /Users/srivardhan/opt/anaconda3/envs/kafka-pipeline/lib/python3.7/site-packages/airflow/example_dags/example_short_circuit_decorator.py
[2023-04-11T23:10:44.479-0400] {logging_mixin.py:137} INFO - [2023-04-11T23:10:44.478-0400] {dag.py:2693} INFO - Sync 1 DAGs
[2023-04-11T23:10:44.490-0400] {logging_mixin.py:137} INFO - [2023-04-11T23:10:44.490-0400] {dag.py:3444} INFO - Setting next_dagrun for example_short_circuit_decorator to 2023-04-11T03:10:44.490559+00:00, run_after=2023-04-12T03:10:44.490559+00:00
[2023-04-11T23:10:44.501-0400] {processor.py:175} INFO - Processing /Users/srivardhan/opt/anaconda3/envs/kafka-pipeline/lib/python3.7/site-packages/airflow/example_dags/example_short_circuit_decorator.py took 0.067 seconds
[2023-04-11T23:11:26.295-0400] {processor.py:153} INFO - Started process (PID=41885) to work on /Users/srivardhan/opt/anaconda3/envs/kafka-pipeline/lib/python3.7/site-packages/airflow/example_dags/example_short_circuit_decorator.py
[2023-04-11T23:11:26.297-0400] {processor.py:743} INFO - Processing file /Users/srivardhan/opt/anaconda3/envs/kafka-pipeline/lib/python3.7/site-packages/airflow/example_dags/example_short_circuit_decorator.py for tasks to queue
[2023-04-11T23:11:26.299-0400] {logging_mixin.py:137} INFO - [2023-04-11T23:11:26.298-0400] {dagbag.py:532} INFO - Filling up the DagBag from /Users/srivardhan/opt/anaconda3/envs/kafka-pipeline/lib/python3.7/site-packages/airflow/example_dags/example_short_circuit_decorator.py
[2023-04-11T23:11:26.321-0400] {processor.py:753} INFO - DAG(s) dict_keys(['example_short_circuit_decorator']) retrieved from /Users/srivardhan/opt/anaconda3/envs/kafka-pipeline/lib/python3.7/site-packages/airflow/example_dags/example_short_circuit_decorator.py
[2023-04-11T23:11:26.339-0400] {logging_mixin.py:137} INFO - [2023-04-11T23:11:26.338-0400] {dag.py:2693} INFO - Sync 1 DAGs
[2023-04-11T23:11:26.351-0400] {logging_mixin.py:137} INFO - [2023-04-11T23:11:26.351-0400] {dag.py:3444} INFO - Setting next_dagrun for example_short_circuit_decorator to 2023-04-11T03:11:26.351011+00:00, run_after=2023-04-12T03:11:26.351011+00:00
[2023-04-11T23:11:26.362-0400] {processor.py:175} INFO - Processing /Users/srivardhan/opt/anaconda3/envs/kafka-pipeline/lib/python3.7/site-packages/airflow/example_dags/example_short_circuit_decorator.py took 0.071 seconds
[2023-04-11T23:12:07.178-0400] {processor.py:153} INFO - Started process (PID=41979) to work on /Users/srivardhan/opt/anaconda3/envs/kafka-pipeline/lib/python3.7/site-packages/airflow/example_dags/example_short_circuit_decorator.py
[2023-04-11T23:12:07.179-0400] {processor.py:743} INFO - Processing file /Users/srivardhan/opt/anaconda3/envs/kafka-pipeline/lib/python3.7/site-packages/airflow/example_dags/example_short_circuit_decorator.py for tasks to queue
[2023-04-11T23:12:07.181-0400] {logging_mixin.py:137} INFO - [2023-04-11T23:12:07.180-0400] {dagbag.py:532} INFO - Filling up the DagBag from /Users/srivardhan/opt/anaconda3/envs/kafka-pipeline/lib/python3.7/site-packages/airflow/example_dags/example_short_circuit_decorator.py
[2023-04-11T23:12:07.200-0400] {processor.py:753} INFO - DAG(s) dict_keys(['example_short_circuit_decorator']) retrieved from /Users/srivardhan/opt/anaconda3/envs/kafka-pipeline/lib/python3.7/site-packages/airflow/example_dags/example_short_circuit_decorator.py
[2023-04-11T23:12:07.217-0400] {logging_mixin.py:137} INFO - [2023-04-11T23:12:07.217-0400] {dag.py:2693} INFO - Sync 1 DAGs
[2023-04-11T23:12:07.229-0400] {logging_mixin.py:137} INFO - [2023-04-11T23:12:07.229-0400] {dag.py:3444} INFO - Setting next_dagrun for example_short_circuit_decorator to 2023-04-11T03:12:07.229222+00:00, run_after=2023-04-12T03:12:07.229222+00:00
[2023-04-11T23:12:07.241-0400] {processor.py:175} INFO - Processing /Users/srivardhan/opt/anaconda3/envs/kafka-pipeline/lib/python3.7/site-packages/airflow/example_dags/example_short_circuit_decorator.py took 0.069 seconds
[2023-04-11T23:12:49.739-0400] {processor.py:153} INFO - Started process (PID=42192) to work on /Users/srivardhan/opt/anaconda3/envs/kafka-pipeline/lib/python3.7/site-packages/airflow/example_dags/example_short_circuit_decorator.py
[2023-04-11T23:12:49.742-0400] {processor.py:743} INFO - Processing file /Users/srivardhan/opt/anaconda3/envs/kafka-pipeline/lib/python3.7/site-packages/airflow/example_dags/example_short_circuit_decorator.py for tasks to queue
[2023-04-11T23:12:49.744-0400] {logging_mixin.py:137} INFO - [2023-04-11T23:12:49.743-0400] {dagbag.py:532} INFO - Filling up the DagBag from /Users/srivardhan/opt/anaconda3/envs/kafka-pipeline/lib/python3.7/site-packages/airflow/example_dags/example_short_circuit_decorator.py
[2023-04-11T23:12:49.764-0400] {processor.py:753} INFO - DAG(s) dict_keys(['example_short_circuit_decorator']) retrieved from /Users/srivardhan/opt/anaconda3/envs/kafka-pipeline/lib/python3.7/site-packages/airflow/example_dags/example_short_circuit_decorator.py
[2023-04-11T23:12:49.781-0400] {logging_mixin.py:137} INFO - [2023-04-11T23:12:49.781-0400] {dag.py:2693} INFO - Sync 1 DAGs
[2023-04-11T23:12:49.793-0400] {logging_mixin.py:137} INFO - [2023-04-11T23:12:49.793-0400] {dag.py:3444} INFO - Setting next_dagrun for example_short_circuit_decorator to 2023-04-11T03:12:49.793112+00:00, run_after=2023-04-12T03:12:49.793112+00:00
[2023-04-11T23:12:49.804-0400] {processor.py:175} INFO - Processing /Users/srivardhan/opt/anaconda3/envs/kafka-pipeline/lib/python3.7/site-packages/airflow/example_dags/example_short_circuit_decorator.py took 0.069 seconds
[2023-04-11T23:13:29.917-0400] {processor.py:153} INFO - Started process (PID=42275) to work on /Users/srivardhan/opt/anaconda3/envs/kafka-pipeline/lib/python3.7/site-packages/airflow/example_dags/example_short_circuit_decorator.py
[2023-04-11T23:13:29.919-0400] {processor.py:743} INFO - Processing file /Users/srivardhan/opt/anaconda3/envs/kafka-pipeline/lib/python3.7/site-packages/airflow/example_dags/example_short_circuit_decorator.py for tasks to queue
[2023-04-11T23:13:29.921-0400] {logging_mixin.py:137} INFO - [2023-04-11T23:13:29.920-0400] {dagbag.py:532} INFO - Filling up the DagBag from /Users/srivardhan/opt/anaconda3/envs/kafka-pipeline/lib/python3.7/site-packages/airflow/example_dags/example_short_circuit_decorator.py
[2023-04-11T23:13:29.942-0400] {processor.py:753} INFO - DAG(s) dict_keys(['example_short_circuit_decorator']) retrieved from /Users/srivardhan/opt/anaconda3/envs/kafka-pipeline/lib/python3.7/site-packages/airflow/example_dags/example_short_circuit_decorator.py
[2023-04-11T23:13:29.959-0400] {logging_mixin.py:137} INFO - [2023-04-11T23:13:29.959-0400] {dag.py:2693} INFO - Sync 1 DAGs
[2023-04-11T23:13:29.971-0400] {logging_mixin.py:137} INFO - [2023-04-11T23:13:29.971-0400] {dag.py:3444} INFO - Setting next_dagrun for example_short_circuit_decorator to 2023-04-11T03:13:29.971145+00:00, run_after=2023-04-12T03:13:29.971145+00:00
[2023-04-11T23:13:29.982-0400] {processor.py:175} INFO - Processing /Users/srivardhan/opt/anaconda3/envs/kafka-pipeline/lib/python3.7/site-packages/airflow/example_dags/example_short_circuit_decorator.py took 0.069 seconds
