[2023-04-11T20:29:40.283-0400] {processor.py:153} INFO - Started process (PID=41074) to work on /Users/srivardhan/opt/anaconda3/envs/kafka-pipeline/lib/python3.7/site-packages/airflow/example_dags/example_python_operator.py
[2023-04-11T20:29:40.285-0400] {processor.py:743} INFO - Processing file /Users/srivardhan/opt/anaconda3/envs/kafka-pipeline/lib/python3.7/site-packages/airflow/example_dags/example_python_operator.py for tasks to queue
[2023-04-11T20:29:40.286-0400] {logging_mixin.py:137} INFO - [2023-04-11T20:29:40.286-0400] {dagbag.py:532} INFO - Filling up the DagBag from /Users/srivardhan/opt/anaconda3/envs/kafka-pipeline/lib/python3.7/site-packages/airflow/example_dags/example_python_operator.py
[2023-04-11T20:29:40.305-0400] {logging_mixin.py:137} INFO - [2023-04-11T20:29:40.304-0400] {taskmixin.py:211} WARNING - Dependency <Task(_PythonDecoratedOperator): print_the_context>, log_sql_query already registered for DAG: example_python_operator
[2023-04-11T20:29:40.305-0400] {logging_mixin.py:137} INFO - [2023-04-11T20:29:40.305-0400] {taskmixin.py:211} WARNING - Dependency <Task(_PythonDecoratedOperator): log_sql_query>, print_the_context already registered for DAG: example_python_operator
[2023-04-11T20:29:40.306-0400] {logging_mixin.py:137} INFO - [2023-04-11T20:29:40.306-0400] {taskmixin.py:211} WARNING - Dependency <Task(_PythonDecoratedOperator): print_the_context>, log_sql_query already registered for DAG: example_python_operator
[2023-04-11T20:29:40.307-0400] {logging_mixin.py:137} INFO - [2023-04-11T20:29:40.306-0400] {taskmixin.py:211} WARNING - Dependency <Task(_PythonDecoratedOperator): log_sql_query>, print_the_context already registered for DAG: example_python_operator
[2023-04-11T20:29:40.307-0400] {logging_mixin.py:137} INFO - [2023-04-11T20:29:40.307-0400] {taskmixin.py:211} WARNING - Dependency <Task(_PythonDecoratedOperator): print_the_context>, log_sql_query already registered for DAG: example_python_operator
[2023-04-11T20:29:40.308-0400] {logging_mixin.py:137} INFO - [2023-04-11T20:29:40.308-0400] {taskmixin.py:211} WARNING - Dependency <Task(_PythonDecoratedOperator): log_sql_query>, print_the_context already registered for DAG: example_python_operator
[2023-04-11T20:29:40.309-0400] {logging_mixin.py:137} INFO - [2023-04-11T20:29:40.309-0400] {taskmixin.py:211} WARNING - Dependency <Task(_PythonDecoratedOperator): print_the_context>, log_sql_query already registered for DAG: example_python_operator
[2023-04-11T20:29:40.309-0400] {logging_mixin.py:137} INFO - [2023-04-11T20:29:40.309-0400] {taskmixin.py:211} WARNING - Dependency <Task(_PythonDecoratedOperator): log_sql_query>, print_the_context already registered for DAG: example_python_operator
[2023-04-11T20:29:40.310-0400] {logging_mixin.py:137} INFO - [2023-04-11T20:29:40.310-0400] {example_python_operator.py:90} WARNING - The virtalenv_python example task requires virtualenv, please install it.
[2023-04-11T20:29:40.310-0400] {processor.py:753} INFO - DAG(s) dict_keys(['example_python_operator']) retrieved from /Users/srivardhan/opt/anaconda3/envs/kafka-pipeline/lib/python3.7/site-packages/airflow/example_dags/example_python_operator.py
[2023-04-11T20:29:40.325-0400] {logging_mixin.py:137} INFO - [2023-04-11T20:29:40.325-0400] {dag.py:2693} INFO - Sync 1 DAGs
[2023-04-11T20:29:40.337-0400] {logging_mixin.py:137} INFO - [2023-04-11T20:29:40.337-0400] {dag.py:3444} INFO - Setting next_dagrun for example_python_operator to None, run_after=None
[2023-04-11T20:29:40.348-0400] {processor.py:175} INFO - Processing /Users/srivardhan/opt/anaconda3/envs/kafka-pipeline/lib/python3.7/site-packages/airflow/example_dags/example_python_operator.py took 0.069 seconds
[2023-04-11T21:47:06.239-0400] {processor.py:153} INFO - Started process (PID=41168) to work on /Users/srivardhan/opt/anaconda3/envs/kafka-pipeline/lib/python3.7/site-packages/airflow/example_dags/example_python_operator.py
[2023-04-11T21:47:06.241-0400] {processor.py:743} INFO - Processing file /Users/srivardhan/opt/anaconda3/envs/kafka-pipeline/lib/python3.7/site-packages/airflow/example_dags/example_python_operator.py for tasks to queue
[2023-04-11T21:47:06.243-0400] {logging_mixin.py:137} INFO - [2023-04-11T21:47:06.242-0400] {dagbag.py:532} INFO - Filling up the DagBag from /Users/srivardhan/opt/anaconda3/envs/kafka-pipeline/lib/python3.7/site-packages/airflow/example_dags/example_python_operator.py
[2023-04-11T21:47:06.265-0400] {logging_mixin.py:137} INFO - [2023-04-11T21:47:06.264-0400] {taskmixin.py:211} WARNING - Dependency <Task(_PythonDecoratedOperator): print_the_context>, log_sql_query already registered for DAG: example_python_operator
[2023-04-11T21:47:06.266-0400] {logging_mixin.py:137} INFO - [2023-04-11T21:47:06.265-0400] {taskmixin.py:211} WARNING - Dependency <Task(_PythonDecoratedOperator): log_sql_query>, print_the_context already registered for DAG: example_python_operator
[2023-04-11T21:47:06.267-0400] {logging_mixin.py:137} INFO - [2023-04-11T21:47:06.266-0400] {taskmixin.py:211} WARNING - Dependency <Task(_PythonDecoratedOperator): print_the_context>, log_sql_query already registered for DAG: example_python_operator
[2023-04-11T21:47:06.267-0400] {logging_mixin.py:137} INFO - [2023-04-11T21:47:06.267-0400] {taskmixin.py:211} WARNING - Dependency <Task(_PythonDecoratedOperator): log_sql_query>, print_the_context already registered for DAG: example_python_operator
[2023-04-11T21:47:06.268-0400] {logging_mixin.py:137} INFO - [2023-04-11T21:47:06.268-0400] {taskmixin.py:211} WARNING - Dependency <Task(_PythonDecoratedOperator): print_the_context>, log_sql_query already registered for DAG: example_python_operator
[2023-04-11T21:47:06.269-0400] {logging_mixin.py:137} INFO - [2023-04-11T21:47:06.269-0400] {taskmixin.py:211} WARNING - Dependency <Task(_PythonDecoratedOperator): log_sql_query>, print_the_context already registered for DAG: example_python_operator
[2023-04-11T21:47:06.270-0400] {logging_mixin.py:137} INFO - [2023-04-11T21:47:06.270-0400] {taskmixin.py:211} WARNING - Dependency <Task(_PythonDecoratedOperator): print_the_context>, log_sql_query already registered for DAG: example_python_operator
[2023-04-11T21:47:06.270-0400] {logging_mixin.py:137} INFO - [2023-04-11T21:47:06.270-0400] {taskmixin.py:211} WARNING - Dependency <Task(_PythonDecoratedOperator): log_sql_query>, print_the_context already registered for DAG: example_python_operator
[2023-04-11T21:47:06.271-0400] {logging_mixin.py:137} INFO - [2023-04-11T21:47:06.271-0400] {example_python_operator.py:90} WARNING - The virtalenv_python example task requires virtualenv, please install it.
[2023-04-11T21:47:06.272-0400] {processor.py:753} INFO - DAG(s) dict_keys(['example_python_operator']) retrieved from /Users/srivardhan/opt/anaconda3/envs/kafka-pipeline/lib/python3.7/site-packages/airflow/example_dags/example_python_operator.py
[2023-04-11T21:47:06.289-0400] {logging_mixin.py:137} INFO - [2023-04-11T21:47:06.289-0400] {dag.py:2693} INFO - Sync 1 DAGs
[2023-04-11T21:47:06.302-0400] {logging_mixin.py:137} INFO - [2023-04-11T21:47:06.302-0400] {dag.py:3444} INFO - Setting next_dagrun for example_python_operator to None, run_after=None
[2023-04-11T21:47:09.995-0400] {processor.py:175} INFO - Processing /Users/srivardhan/opt/anaconda3/envs/kafka-pipeline/lib/python3.7/site-packages/airflow/example_dags/example_python_operator.py took 0.457 seconds
[2023-04-11T22:00:42.089-0400] {processor.py:153} INFO - Started process (PID=41272) to work on /Users/srivardhan/opt/anaconda3/envs/kafka-pipeline/lib/python3.7/site-packages/airflow/example_dags/example_python_operator.py
[2023-04-11T22:00:42.091-0400] {processor.py:743} INFO - Processing file /Users/srivardhan/opt/anaconda3/envs/kafka-pipeline/lib/python3.7/site-packages/airflow/example_dags/example_python_operator.py for tasks to queue
[2023-04-11T22:00:42.093-0400] {logging_mixin.py:137} INFO - [2023-04-11T22:00:42.092-0400] {dagbag.py:532} INFO - Filling up the DagBag from /Users/srivardhan/opt/anaconda3/envs/kafka-pipeline/lib/python3.7/site-packages/airflow/example_dags/example_python_operator.py
[2023-04-11T22:00:42.112-0400] {logging_mixin.py:137} INFO - [2023-04-11T22:00:42.112-0400] {taskmixin.py:211} WARNING - Dependency <Task(_PythonDecoratedOperator): print_the_context>, log_sql_query already registered for DAG: example_python_operator
[2023-04-11T22:00:42.113-0400] {logging_mixin.py:137} INFO - [2023-04-11T22:00:42.112-0400] {taskmixin.py:211} WARNING - Dependency <Task(_PythonDecoratedOperator): log_sql_query>, print_the_context already registered for DAG: example_python_operator
[2023-04-11T22:00:42.114-0400] {logging_mixin.py:137} INFO - [2023-04-11T22:00:42.113-0400] {taskmixin.py:211} WARNING - Dependency <Task(_PythonDecoratedOperator): print_the_context>, log_sql_query already registered for DAG: example_python_operator
[2023-04-11T22:00:42.114-0400] {logging_mixin.py:137} INFO - [2023-04-11T22:00:42.114-0400] {taskmixin.py:211} WARNING - Dependency <Task(_PythonDecoratedOperator): log_sql_query>, print_the_context already registered for DAG: example_python_operator
[2023-04-11T22:00:42.115-0400] {logging_mixin.py:137} INFO - [2023-04-11T22:00:42.115-0400] {taskmixin.py:211} WARNING - Dependency <Task(_PythonDecoratedOperator): print_the_context>, log_sql_query already registered for DAG: example_python_operator
[2023-04-11T22:00:42.116-0400] {logging_mixin.py:137} INFO - [2023-04-11T22:00:42.115-0400] {taskmixin.py:211} WARNING - Dependency <Task(_PythonDecoratedOperator): log_sql_query>, print_the_context already registered for DAG: example_python_operator
[2023-04-11T22:00:42.116-0400] {logging_mixin.py:137} INFO - [2023-04-11T22:00:42.116-0400] {taskmixin.py:211} WARNING - Dependency <Task(_PythonDecoratedOperator): print_the_context>, log_sql_query already registered for DAG: example_python_operator
[2023-04-11T22:00:42.117-0400] {logging_mixin.py:137} INFO - [2023-04-11T22:00:42.117-0400] {taskmixin.py:211} WARNING - Dependency <Task(_PythonDecoratedOperator): log_sql_query>, print_the_context already registered for DAG: example_python_operator
[2023-04-11T22:00:42.118-0400] {logging_mixin.py:137} INFO - [2023-04-11T22:00:42.117-0400] {example_python_operator.py:90} WARNING - The virtalenv_python example task requires virtualenv, please install it.
[2023-04-11T22:00:42.118-0400] {processor.py:753} INFO - DAG(s) dict_keys(['example_python_operator']) retrieved from /Users/srivardhan/opt/anaconda3/envs/kafka-pipeline/lib/python3.7/site-packages/airflow/example_dags/example_python_operator.py
[2023-04-11T22:00:42.134-0400] {logging_mixin.py:137} INFO - [2023-04-11T22:00:42.133-0400] {dag.py:2693} INFO - Sync 1 DAGs
[2023-04-11T22:00:42.145-0400] {logging_mixin.py:137} INFO - [2023-04-11T22:00:42.145-0400] {dag.py:3444} INFO - Setting next_dagrun for example_python_operator to None, run_after=None
[2023-04-11T22:00:42.156-0400] {processor.py:175} INFO - Processing /Users/srivardhan/opt/anaconda3/envs/kafka-pipeline/lib/python3.7/site-packages/airflow/example_dags/example_python_operator.py took 0.072 seconds
[2023-04-11T22:26:07.602-0400] {processor.py:153} INFO - Started process (PID=41343) to work on /Users/srivardhan/opt/anaconda3/envs/kafka-pipeline/lib/python3.7/site-packages/airflow/example_dags/example_python_operator.py
[2023-04-11T22:26:07.603-0400] {processor.py:743} INFO - Processing file /Users/srivardhan/opt/anaconda3/envs/kafka-pipeline/lib/python3.7/site-packages/airflow/example_dags/example_python_operator.py for tasks to queue
[2023-04-11T22:26:07.605-0400] {logging_mixin.py:137} INFO - [2023-04-11T22:26:07.604-0400] {dagbag.py:532} INFO - Filling up the DagBag from /Users/srivardhan/opt/anaconda3/envs/kafka-pipeline/lib/python3.7/site-packages/airflow/example_dags/example_python_operator.py
[2023-04-11T22:26:07.624-0400] {logging_mixin.py:137} INFO - [2023-04-11T22:26:07.623-0400] {taskmixin.py:211} WARNING - Dependency <Task(_PythonDecoratedOperator): print_the_context>, log_sql_query already registered for DAG: example_python_operator
[2023-04-11T22:26:07.624-0400] {logging_mixin.py:137} INFO - [2023-04-11T22:26:07.624-0400] {taskmixin.py:211} WARNING - Dependency <Task(_PythonDecoratedOperator): log_sql_query>, print_the_context already registered for DAG: example_python_operator
[2023-04-11T22:26:07.625-0400] {logging_mixin.py:137} INFO - [2023-04-11T22:26:07.625-0400] {taskmixin.py:211} WARNING - Dependency <Task(_PythonDecoratedOperator): print_the_context>, log_sql_query already registered for DAG: example_python_operator
[2023-04-11T22:26:07.626-0400] {logging_mixin.py:137} INFO - [2023-04-11T22:26:07.626-0400] {taskmixin.py:211} WARNING - Dependency <Task(_PythonDecoratedOperator): log_sql_query>, print_the_context already registered for DAG: example_python_operator
[2023-04-11T22:26:07.627-0400] {logging_mixin.py:137} INFO - [2023-04-11T22:26:07.627-0400] {taskmixin.py:211} WARNING - Dependency <Task(_PythonDecoratedOperator): print_the_context>, log_sql_query already registered for DAG: example_python_operator
[2023-04-11T22:26:07.627-0400] {logging_mixin.py:137} INFO - [2023-04-11T22:26:07.627-0400] {taskmixin.py:211} WARNING - Dependency <Task(_PythonDecoratedOperator): log_sql_query>, print_the_context already registered for DAG: example_python_operator
[2023-04-11T22:26:07.628-0400] {logging_mixin.py:137} INFO - [2023-04-11T22:26:07.628-0400] {taskmixin.py:211} WARNING - Dependency <Task(_PythonDecoratedOperator): print_the_context>, log_sql_query already registered for DAG: example_python_operator
[2023-04-11T22:26:07.629-0400] {logging_mixin.py:137} INFO - [2023-04-11T22:26:07.628-0400] {taskmixin.py:211} WARNING - Dependency <Task(_PythonDecoratedOperator): log_sql_query>, print_the_context already registered for DAG: example_python_operator
[2023-04-11T22:26:07.629-0400] {logging_mixin.py:137} INFO - [2023-04-11T22:26:07.629-0400] {example_python_operator.py:90} WARNING - The virtalenv_python example task requires virtualenv, please install it.
[2023-04-11T22:26:07.630-0400] {processor.py:753} INFO - DAG(s) dict_keys(['example_python_operator']) retrieved from /Users/srivardhan/opt/anaconda3/envs/kafka-pipeline/lib/python3.7/site-packages/airflow/example_dags/example_python_operator.py
[2023-04-11T22:26:07.645-0400] {logging_mixin.py:137} INFO - [2023-04-11T22:26:07.645-0400] {dag.py:2693} INFO - Sync 1 DAGs
[2023-04-11T22:26:07.657-0400] {logging_mixin.py:137} INFO - [2023-04-11T22:26:07.656-0400] {dag.py:3444} INFO - Setting next_dagrun for example_python_operator to None, run_after=None
[2023-04-11T22:26:07.668-0400] {processor.py:175} INFO - Processing /Users/srivardhan/opt/anaconda3/envs/kafka-pipeline/lib/python3.7/site-packages/airflow/example_dags/example_python_operator.py took 0.071 seconds
[2023-04-11T22:34:52.668-0400] {processor.py:153} INFO - Started process (PID=41475) to work on /Users/srivardhan/opt/anaconda3/envs/kafka-pipeline/lib/python3.7/site-packages/airflow/example_dags/example_python_operator.py
[2023-04-11T22:34:52.670-0400] {processor.py:743} INFO - Processing file /Users/srivardhan/opt/anaconda3/envs/kafka-pipeline/lib/python3.7/site-packages/airflow/example_dags/example_python_operator.py for tasks to queue
[2023-04-11T22:34:52.672-0400] {logging_mixin.py:137} INFO - [2023-04-11T22:34:52.671-0400] {dagbag.py:532} INFO - Filling up the DagBag from /Users/srivardhan/opt/anaconda3/envs/kafka-pipeline/lib/python3.7/site-packages/airflow/example_dags/example_python_operator.py
[2023-04-11T22:34:52.693-0400] {logging_mixin.py:137} INFO - [2023-04-11T22:34:52.693-0400] {taskmixin.py:211} WARNING - Dependency <Task(_PythonDecoratedOperator): print_the_context>, log_sql_query already registered for DAG: example_python_operator
[2023-04-11T22:34:52.694-0400] {logging_mixin.py:137} INFO - [2023-04-11T22:34:52.693-0400] {taskmixin.py:211} WARNING - Dependency <Task(_PythonDecoratedOperator): log_sql_query>, print_the_context already registered for DAG: example_python_operator
[2023-04-11T22:34:52.694-0400] {logging_mixin.py:137} INFO - [2023-04-11T22:34:52.694-0400] {taskmixin.py:211} WARNING - Dependency <Task(_PythonDecoratedOperator): print_the_context>, log_sql_query already registered for DAG: example_python_operator
[2023-04-11T22:34:52.695-0400] {logging_mixin.py:137} INFO - [2023-04-11T22:34:52.695-0400] {taskmixin.py:211} WARNING - Dependency <Task(_PythonDecoratedOperator): log_sql_query>, print_the_context already registered for DAG: example_python_operator
[2023-04-11T22:34:52.696-0400] {logging_mixin.py:137} INFO - [2023-04-11T22:34:52.696-0400] {taskmixin.py:211} WARNING - Dependency <Task(_PythonDecoratedOperator): print_the_context>, log_sql_query already registered for DAG: example_python_operator
[2023-04-11T22:34:52.696-0400] {logging_mixin.py:137} INFO - [2023-04-11T22:34:52.696-0400] {taskmixin.py:211} WARNING - Dependency <Task(_PythonDecoratedOperator): log_sql_query>, print_the_context already registered for DAG: example_python_operator
[2023-04-11T22:34:52.697-0400] {logging_mixin.py:137} INFO - [2023-04-11T22:34:52.697-0400] {taskmixin.py:211} WARNING - Dependency <Task(_PythonDecoratedOperator): print_the_context>, log_sql_query already registered for DAG: example_python_operator
[2023-04-11T22:34:52.698-0400] {logging_mixin.py:137} INFO - [2023-04-11T22:34:52.697-0400] {taskmixin.py:211} WARNING - Dependency <Task(_PythonDecoratedOperator): log_sql_query>, print_the_context already registered for DAG: example_python_operator
[2023-04-11T22:34:52.698-0400] {logging_mixin.py:137} INFO - [2023-04-11T22:34:52.698-0400] {example_python_operator.py:90} WARNING - The virtalenv_python example task requires virtualenv, please install it.
[2023-04-11T22:34:52.699-0400] {processor.py:753} INFO - DAG(s) dict_keys(['example_python_operator']) retrieved from /Users/srivardhan/opt/anaconda3/envs/kafka-pipeline/lib/python3.7/site-packages/airflow/example_dags/example_python_operator.py
[2023-04-11T22:34:52.714-0400] {logging_mixin.py:137} INFO - [2023-04-11T22:34:52.714-0400] {dag.py:2693} INFO - Sync 1 DAGs
[2023-04-11T22:34:52.725-0400] {logging_mixin.py:137} INFO - [2023-04-11T22:34:52.725-0400] {dag.py:3444} INFO - Setting next_dagrun for example_python_operator to None, run_after=None
[2023-04-11T22:34:52.736-0400] {processor.py:175} INFO - Processing /Users/srivardhan/opt/anaconda3/envs/kafka-pipeline/lib/python3.7/site-packages/airflow/example_dags/example_python_operator.py took 0.072 seconds
[2023-04-11T23:10:03.282-0400] {processor.py:153} INFO - Started process (PID=41670) to work on /Users/srivardhan/opt/anaconda3/envs/kafka-pipeline/lib/python3.7/site-packages/airflow/example_dags/example_python_operator.py
[2023-04-11T23:10:03.284-0400] {processor.py:743} INFO - Processing file /Users/srivardhan/opt/anaconda3/envs/kafka-pipeline/lib/python3.7/site-packages/airflow/example_dags/example_python_operator.py for tasks to queue
[2023-04-11T23:10:03.284-0400] {logging_mixin.py:137} INFO - [2023-04-11T23:10:03.284-0400] {dagbag.py:532} INFO - Filling up the DagBag from /Users/srivardhan/opt/anaconda3/envs/kafka-pipeline/lib/python3.7/site-packages/airflow/example_dags/example_python_operator.py
[2023-04-11T23:10:03.296-0400] {logging_mixin.py:137} INFO - [2023-04-11T23:10:03.296-0400] {taskmixin.py:211} WARNING - Dependency <Task(_PythonDecoratedOperator): print_the_context>, log_sql_query already registered for DAG: example_python_operator
[2023-04-11T23:10:03.297-0400] {logging_mixin.py:137} INFO - [2023-04-11T23:10:03.297-0400] {taskmixin.py:211} WARNING - Dependency <Task(_PythonDecoratedOperator): log_sql_query>, print_the_context already registered for DAG: example_python_operator
[2023-04-11T23:10:03.297-0400] {logging_mixin.py:137} INFO - [2023-04-11T23:10:03.297-0400] {taskmixin.py:211} WARNING - Dependency <Task(_PythonDecoratedOperator): print_the_context>, log_sql_query already registered for DAG: example_python_operator
[2023-04-11T23:10:03.298-0400] {logging_mixin.py:137} INFO - [2023-04-11T23:10:03.298-0400] {taskmixin.py:211} WARNING - Dependency <Task(_PythonDecoratedOperator): log_sql_query>, print_the_context already registered for DAG: example_python_operator
[2023-04-11T23:10:03.298-0400] {logging_mixin.py:137} INFO - [2023-04-11T23:10:03.298-0400] {taskmixin.py:211} WARNING - Dependency <Task(_PythonDecoratedOperator): print_the_context>, log_sql_query already registered for DAG: example_python_operator
[2023-04-11T23:10:03.299-0400] {logging_mixin.py:137} INFO - [2023-04-11T23:10:03.299-0400] {taskmixin.py:211} WARNING - Dependency <Task(_PythonDecoratedOperator): log_sql_query>, print_the_context already registered for DAG: example_python_operator
[2023-04-11T23:10:03.299-0400] {logging_mixin.py:137} INFO - [2023-04-11T23:10:03.299-0400] {taskmixin.py:211} WARNING - Dependency <Task(_PythonDecoratedOperator): print_the_context>, log_sql_query already registered for DAG: example_python_operator
[2023-04-11T23:10:03.300-0400] {logging_mixin.py:137} INFO - [2023-04-11T23:10:03.300-0400] {taskmixin.py:211} WARNING - Dependency <Task(_PythonDecoratedOperator): log_sql_query>, print_the_context already registered for DAG: example_python_operator
[2023-04-11T23:10:03.300-0400] {logging_mixin.py:137} INFO - [2023-04-11T23:10:03.300-0400] {example_python_operator.py:90} WARNING - The virtalenv_python example task requires virtualenv, please install it.
[2023-04-11T23:10:03.301-0400] {processor.py:753} INFO - DAG(s) dict_keys(['example_python_operator']) retrieved from /Users/srivardhan/opt/anaconda3/envs/kafka-pipeline/lib/python3.7/site-packages/airflow/example_dags/example_python_operator.py
[2023-04-11T23:10:03.314-0400] {logging_mixin.py:137} INFO - [2023-04-11T23:10:03.314-0400] {dag.py:2693} INFO - Sync 1 DAGs
[2023-04-11T23:10:03.326-0400] {logging_mixin.py:137} INFO - [2023-04-11T23:10:03.326-0400] {dag.py:3444} INFO - Setting next_dagrun for example_python_operator to None, run_after=None
[2023-04-11T23:10:03.337-0400] {processor.py:175} INFO - Processing /Users/srivardhan/opt/anaconda3/envs/kafka-pipeline/lib/python3.7/site-packages/airflow/example_dags/example_python_operator.py took 0.058 seconds
[2023-04-11T23:10:47.170-0400] {processor.py:153} INFO - Started process (PID=41796) to work on /Users/srivardhan/opt/anaconda3/envs/kafka-pipeline/lib/python3.7/site-packages/airflow/example_dags/example_python_operator.py
[2023-04-11T23:10:47.172-0400] {processor.py:743} INFO - Processing file /Users/srivardhan/opt/anaconda3/envs/kafka-pipeline/lib/python3.7/site-packages/airflow/example_dags/example_python_operator.py for tasks to queue
[2023-04-11T23:10:47.174-0400] {logging_mixin.py:137} INFO - [2023-04-11T23:10:47.173-0400] {dagbag.py:532} INFO - Filling up the DagBag from /Users/srivardhan/opt/anaconda3/envs/kafka-pipeline/lib/python3.7/site-packages/airflow/example_dags/example_python_operator.py
[2023-04-11T23:10:47.196-0400] {logging_mixin.py:137} INFO - [2023-04-11T23:10:47.195-0400] {taskmixin.py:211} WARNING - Dependency <Task(_PythonDecoratedOperator): print_the_context>, log_sql_query already registered for DAG: example_python_operator
[2023-04-11T23:10:47.196-0400] {logging_mixin.py:137} INFO - [2023-04-11T23:10:47.196-0400] {taskmixin.py:211} WARNING - Dependency <Task(_PythonDecoratedOperator): log_sql_query>, print_the_context already registered for DAG: example_python_operator
[2023-04-11T23:10:47.197-0400] {logging_mixin.py:137} INFO - [2023-04-11T23:10:47.197-0400] {taskmixin.py:211} WARNING - Dependency <Task(_PythonDecoratedOperator): print_the_context>, log_sql_query already registered for DAG: example_python_operator
[2023-04-11T23:10:47.198-0400] {logging_mixin.py:137} INFO - [2023-04-11T23:10:47.197-0400] {taskmixin.py:211} WARNING - Dependency <Task(_PythonDecoratedOperator): log_sql_query>, print_the_context already registered for DAG: example_python_operator
[2023-04-11T23:10:47.199-0400] {logging_mixin.py:137} INFO - [2023-04-11T23:10:47.198-0400] {taskmixin.py:211} WARNING - Dependency <Task(_PythonDecoratedOperator): print_the_context>, log_sql_query already registered for DAG: example_python_operator
[2023-04-11T23:10:47.199-0400] {logging_mixin.py:137} INFO - [2023-04-11T23:10:47.199-0400] {taskmixin.py:211} WARNING - Dependency <Task(_PythonDecoratedOperator): log_sql_query>, print_the_context already registered for DAG: example_python_operator
[2023-04-11T23:10:47.200-0400] {logging_mixin.py:137} INFO - [2023-04-11T23:10:47.200-0400] {taskmixin.py:211} WARNING - Dependency <Task(_PythonDecoratedOperator): print_the_context>, log_sql_query already registered for DAG: example_python_operator
[2023-04-11T23:10:47.201-0400] {logging_mixin.py:137} INFO - [2023-04-11T23:10:47.201-0400] {taskmixin.py:211} WARNING - Dependency <Task(_PythonDecoratedOperator): log_sql_query>, print_the_context already registered for DAG: example_python_operator
[2023-04-11T23:10:47.202-0400] {logging_mixin.py:137} INFO - [2023-04-11T23:10:47.201-0400] {example_python_operator.py:90} WARNING - The virtalenv_python example task requires virtualenv, please install it.
[2023-04-11T23:10:47.202-0400] {processor.py:753} INFO - DAG(s) dict_keys(['example_python_operator']) retrieved from /Users/srivardhan/opt/anaconda3/envs/kafka-pipeline/lib/python3.7/site-packages/airflow/example_dags/example_python_operator.py
[2023-04-11T23:10:47.218-0400] {logging_mixin.py:137} INFO - [2023-04-11T23:10:47.218-0400] {dag.py:2693} INFO - Sync 1 DAGs
[2023-04-11T23:10:47.230-0400] {logging_mixin.py:137} INFO - [2023-04-11T23:10:47.230-0400] {dag.py:3444} INFO - Setting next_dagrun for example_python_operator to None, run_after=None
[2023-04-11T23:10:47.241-0400] {processor.py:175} INFO - Processing /Users/srivardhan/opt/anaconda3/envs/kafka-pipeline/lib/python3.7/site-packages/airflow/example_dags/example_python_operator.py took 0.076 seconds
[2023-04-11T23:11:29.003-0400] {processor.py:153} INFO - Started process (PID=41891) to work on /Users/srivardhan/opt/anaconda3/envs/kafka-pipeline/lib/python3.7/site-packages/airflow/example_dags/example_python_operator.py
[2023-04-11T23:11:29.005-0400] {processor.py:743} INFO - Processing file /Users/srivardhan/opt/anaconda3/envs/kafka-pipeline/lib/python3.7/site-packages/airflow/example_dags/example_python_operator.py for tasks to queue
[2023-04-11T23:11:29.006-0400] {logging_mixin.py:137} INFO - [2023-04-11T23:11:29.006-0400] {dagbag.py:532} INFO - Filling up the DagBag from /Users/srivardhan/opt/anaconda3/envs/kafka-pipeline/lib/python3.7/site-packages/airflow/example_dags/example_python_operator.py
[2023-04-11T23:11:29.025-0400] {logging_mixin.py:137} INFO - [2023-04-11T23:11:29.025-0400] {taskmixin.py:211} WARNING - Dependency <Task(_PythonDecoratedOperator): print_the_context>, log_sql_query already registered for DAG: example_python_operator
[2023-04-11T23:11:29.026-0400] {logging_mixin.py:137} INFO - [2023-04-11T23:11:29.026-0400] {taskmixin.py:211} WARNING - Dependency <Task(_PythonDecoratedOperator): log_sql_query>, print_the_context already registered for DAG: example_python_operator
[2023-04-11T23:11:29.027-0400] {logging_mixin.py:137} INFO - [2023-04-11T23:11:29.027-0400] {taskmixin.py:211} WARNING - Dependency <Task(_PythonDecoratedOperator): print_the_context>, log_sql_query already registered for DAG: example_python_operator
[2023-04-11T23:11:29.027-0400] {logging_mixin.py:137} INFO - [2023-04-11T23:11:29.027-0400] {taskmixin.py:211} WARNING - Dependency <Task(_PythonDecoratedOperator): log_sql_query>, print_the_context already registered for DAG: example_python_operator
[2023-04-11T23:11:29.028-0400] {logging_mixin.py:137} INFO - [2023-04-11T23:11:29.028-0400] {taskmixin.py:211} WARNING - Dependency <Task(_PythonDecoratedOperator): print_the_context>, log_sql_query already registered for DAG: example_python_operator
[2023-04-11T23:11:29.029-0400] {logging_mixin.py:137} INFO - [2023-04-11T23:11:29.029-0400] {taskmixin.py:211} WARNING - Dependency <Task(_PythonDecoratedOperator): log_sql_query>, print_the_context already registered for DAG: example_python_operator
[2023-04-11T23:11:29.030-0400] {logging_mixin.py:137} INFO - [2023-04-11T23:11:29.029-0400] {taskmixin.py:211} WARNING - Dependency <Task(_PythonDecoratedOperator): print_the_context>, log_sql_query already registered for DAG: example_python_operator
[2023-04-11T23:11:29.030-0400] {logging_mixin.py:137} INFO - [2023-04-11T23:11:29.030-0400] {taskmixin.py:211} WARNING - Dependency <Task(_PythonDecoratedOperator): log_sql_query>, print_the_context already registered for DAG: example_python_operator
[2023-04-11T23:11:29.031-0400] {logging_mixin.py:137} INFO - [2023-04-11T23:11:29.031-0400] {example_python_operator.py:90} WARNING - The virtalenv_python example task requires virtualenv, please install it.
[2023-04-11T23:11:29.031-0400] {processor.py:753} INFO - DAG(s) dict_keys(['example_python_operator']) retrieved from /Users/srivardhan/opt/anaconda3/envs/kafka-pipeline/lib/python3.7/site-packages/airflow/example_dags/example_python_operator.py
[2023-04-11T23:11:29.047-0400] {logging_mixin.py:137} INFO - [2023-04-11T23:11:29.046-0400] {dag.py:2693} INFO - Sync 1 DAGs
[2023-04-11T23:11:29.058-0400] {logging_mixin.py:137} INFO - [2023-04-11T23:11:29.058-0400] {dag.py:3444} INFO - Setting next_dagrun for example_python_operator to None, run_after=None
[2023-04-11T23:11:29.069-0400] {processor.py:175} INFO - Processing /Users/srivardhan/opt/anaconda3/envs/kafka-pipeline/lib/python3.7/site-packages/airflow/example_dags/example_python_operator.py took 0.073 seconds
[2023-04-11T23:12:09.636-0400] {processor.py:153} INFO - Started process (PID=41985) to work on /Users/srivardhan/opt/anaconda3/envs/kafka-pipeline/lib/python3.7/site-packages/airflow/example_dags/example_python_operator.py
[2023-04-11T23:12:09.637-0400] {processor.py:743} INFO - Processing file /Users/srivardhan/opt/anaconda3/envs/kafka-pipeline/lib/python3.7/site-packages/airflow/example_dags/example_python_operator.py for tasks to queue
[2023-04-11T23:12:09.637-0400] {logging_mixin.py:137} INFO - [2023-04-11T23:12:09.637-0400] {dagbag.py:532} INFO - Filling up the DagBag from /Users/srivardhan/opt/anaconda3/envs/kafka-pipeline/lib/python3.7/site-packages/airflow/example_dags/example_python_operator.py
[2023-04-11T23:12:09.648-0400] {logging_mixin.py:137} INFO - [2023-04-11T23:12:09.648-0400] {taskmixin.py:211} WARNING - Dependency <Task(_PythonDecoratedOperator): print_the_context>, log_sql_query already registered for DAG: example_python_operator
[2023-04-11T23:12:09.649-0400] {logging_mixin.py:137} INFO - [2023-04-11T23:12:09.649-0400] {taskmixin.py:211} WARNING - Dependency <Task(_PythonDecoratedOperator): log_sql_query>, print_the_context already registered for DAG: example_python_operator
[2023-04-11T23:12:09.649-0400] {logging_mixin.py:137} INFO - [2023-04-11T23:12:09.649-0400] {taskmixin.py:211} WARNING - Dependency <Task(_PythonDecoratedOperator): print_the_context>, log_sql_query already registered for DAG: example_python_operator
[2023-04-11T23:12:09.650-0400] {logging_mixin.py:137} INFO - [2023-04-11T23:12:09.650-0400] {taskmixin.py:211} WARNING - Dependency <Task(_PythonDecoratedOperator): log_sql_query>, print_the_context already registered for DAG: example_python_operator
[2023-04-11T23:12:09.650-0400] {logging_mixin.py:137} INFO - [2023-04-11T23:12:09.650-0400] {taskmixin.py:211} WARNING - Dependency <Task(_PythonDecoratedOperator): print_the_context>, log_sql_query already registered for DAG: example_python_operator
[2023-04-11T23:12:09.651-0400] {logging_mixin.py:137} INFO - [2023-04-11T23:12:09.650-0400] {taskmixin.py:211} WARNING - Dependency <Task(_PythonDecoratedOperator): log_sql_query>, print_the_context already registered for DAG: example_python_operator
[2023-04-11T23:12:09.651-0400] {logging_mixin.py:137} INFO - [2023-04-11T23:12:09.651-0400] {taskmixin.py:211} WARNING - Dependency <Task(_PythonDecoratedOperator): print_the_context>, log_sql_query already registered for DAG: example_python_operator
[2023-04-11T23:12:09.652-0400] {logging_mixin.py:137} INFO - [2023-04-11T23:12:09.651-0400] {taskmixin.py:211} WARNING - Dependency <Task(_PythonDecoratedOperator): log_sql_query>, print_the_context already registered for DAG: example_python_operator
[2023-04-11T23:12:09.652-0400] {logging_mixin.py:137} INFO - [2023-04-11T23:12:09.652-0400] {example_python_operator.py:90} WARNING - The virtalenv_python example task requires virtualenv, please install it.
[2023-04-11T23:12:09.652-0400] {processor.py:753} INFO - DAG(s) dict_keys(['example_python_operator']) retrieved from /Users/srivardhan/opt/anaconda3/envs/kafka-pipeline/lib/python3.7/site-packages/airflow/example_dags/example_python_operator.py
[2023-04-11T23:12:09.665-0400] {logging_mixin.py:137} INFO - [2023-04-11T23:12:09.665-0400] {dag.py:2693} INFO - Sync 1 DAGs
[2023-04-11T23:12:09.676-0400] {logging_mixin.py:137} INFO - [2023-04-11T23:12:09.676-0400] {dag.py:3444} INFO - Setting next_dagrun for example_python_operator to None, run_after=None
[2023-04-11T23:12:09.688-0400] {processor.py:175} INFO - Processing /Users/srivardhan/opt/anaconda3/envs/kafka-pipeline/lib/python3.7/site-packages/airflow/example_dags/example_python_operator.py took 0.054 seconds
[2023-04-11T23:12:52.657-0400] {processor.py:153} INFO - Started process (PID=42198) to work on /Users/srivardhan/opt/anaconda3/envs/kafka-pipeline/lib/python3.7/site-packages/airflow/example_dags/example_python_operator.py
[2023-04-11T23:12:52.660-0400] {processor.py:743} INFO - Processing file /Users/srivardhan/opt/anaconda3/envs/kafka-pipeline/lib/python3.7/site-packages/airflow/example_dags/example_python_operator.py for tasks to queue
[2023-04-11T23:12:52.661-0400] {logging_mixin.py:137} INFO - [2023-04-11T23:12:52.661-0400] {dagbag.py:532} INFO - Filling up the DagBag from /Users/srivardhan/opt/anaconda3/envs/kafka-pipeline/lib/python3.7/site-packages/airflow/example_dags/example_python_operator.py
[2023-04-11T23:12:52.681-0400] {logging_mixin.py:137} INFO - [2023-04-11T23:12:52.680-0400] {taskmixin.py:211} WARNING - Dependency <Task(_PythonDecoratedOperator): print_the_context>, log_sql_query already registered for DAG: example_python_operator
[2023-04-11T23:12:52.681-0400] {logging_mixin.py:137} INFO - [2023-04-11T23:12:52.681-0400] {taskmixin.py:211} WARNING - Dependency <Task(_PythonDecoratedOperator): log_sql_query>, print_the_context already registered for DAG: example_python_operator
[2023-04-11T23:12:52.682-0400] {logging_mixin.py:137} INFO - [2023-04-11T23:12:52.682-0400] {taskmixin.py:211} WARNING - Dependency <Task(_PythonDecoratedOperator): print_the_context>, log_sql_query already registered for DAG: example_python_operator
[2023-04-11T23:12:52.683-0400] {logging_mixin.py:137} INFO - [2023-04-11T23:12:52.683-0400] {taskmixin.py:211} WARNING - Dependency <Task(_PythonDecoratedOperator): log_sql_query>, print_the_context already registered for DAG: example_python_operator
[2023-04-11T23:12:52.684-0400] {logging_mixin.py:137} INFO - [2023-04-11T23:12:52.683-0400] {taskmixin.py:211} WARNING - Dependency <Task(_PythonDecoratedOperator): print_the_context>, log_sql_query already registered for DAG: example_python_operator
[2023-04-11T23:12:52.684-0400] {logging_mixin.py:137} INFO - [2023-04-11T23:12:52.684-0400] {taskmixin.py:211} WARNING - Dependency <Task(_PythonDecoratedOperator): log_sql_query>, print_the_context already registered for DAG: example_python_operator
[2023-04-11T23:12:52.685-0400] {logging_mixin.py:137} INFO - [2023-04-11T23:12:52.685-0400] {taskmixin.py:211} WARNING - Dependency <Task(_PythonDecoratedOperator): print_the_context>, log_sql_query already registered for DAG: example_python_operator
[2023-04-11T23:12:52.685-0400] {logging_mixin.py:137} INFO - [2023-04-11T23:12:52.685-0400] {taskmixin.py:211} WARNING - Dependency <Task(_PythonDecoratedOperator): log_sql_query>, print_the_context already registered for DAG: example_python_operator
[2023-04-11T23:12:52.687-0400] {logging_mixin.py:137} INFO - [2023-04-11T23:12:52.687-0400] {example_python_operator.py:90} WARNING - The virtalenv_python example task requires virtualenv, please install it.
[2023-04-11T23:12:52.687-0400] {processor.py:753} INFO - DAG(s) dict_keys(['example_python_operator']) retrieved from /Users/srivardhan/opt/anaconda3/envs/kafka-pipeline/lib/python3.7/site-packages/airflow/example_dags/example_python_operator.py
[2023-04-11T23:12:52.702-0400] {logging_mixin.py:137} INFO - [2023-04-11T23:12:52.702-0400] {dag.py:2693} INFO - Sync 1 DAGs
[2023-04-11T23:12:52.714-0400] {logging_mixin.py:137} INFO - [2023-04-11T23:12:52.714-0400] {dag.py:3444} INFO - Setting next_dagrun for example_python_operator to None, run_after=None
[2023-04-11T23:12:52.724-0400] {processor.py:175} INFO - Processing /Users/srivardhan/opt/anaconda3/envs/kafka-pipeline/lib/python3.7/site-packages/airflow/example_dags/example_python_operator.py took 0.072 seconds
[2023-04-11T23:13:33.243-0400] {processor.py:153} INFO - Started process (PID=42281) to work on /Users/srivardhan/opt/anaconda3/envs/kafka-pipeline/lib/python3.7/site-packages/airflow/example_dags/example_python_operator.py
[2023-04-11T23:13:33.245-0400] {processor.py:743} INFO - Processing file /Users/srivardhan/opt/anaconda3/envs/kafka-pipeline/lib/python3.7/site-packages/airflow/example_dags/example_python_operator.py for tasks to queue
[2023-04-11T23:13:33.247-0400] {logging_mixin.py:137} INFO - [2023-04-11T23:13:33.246-0400] {dagbag.py:532} INFO - Filling up the DagBag from /Users/srivardhan/opt/anaconda3/envs/kafka-pipeline/lib/python3.7/site-packages/airflow/example_dags/example_python_operator.py
[2023-04-11T23:13:33.266-0400] {logging_mixin.py:137} INFO - [2023-04-11T23:13:33.265-0400] {taskmixin.py:211} WARNING - Dependency <Task(_PythonDecoratedOperator): print_the_context>, log_sql_query already registered for DAG: example_python_operator
[2023-04-11T23:13:33.266-0400] {logging_mixin.py:137} INFO - [2023-04-11T23:13:33.266-0400] {taskmixin.py:211} WARNING - Dependency <Task(_PythonDecoratedOperator): log_sql_query>, print_the_context already registered for DAG: example_python_operator
[2023-04-11T23:13:33.267-0400] {logging_mixin.py:137} INFO - [2023-04-11T23:13:33.267-0400] {taskmixin.py:211} WARNING - Dependency <Task(_PythonDecoratedOperator): print_the_context>, log_sql_query already registered for DAG: example_python_operator
[2023-04-11T23:13:33.268-0400] {logging_mixin.py:137} INFO - [2023-04-11T23:13:33.268-0400] {taskmixin.py:211} WARNING - Dependency <Task(_PythonDecoratedOperator): log_sql_query>, print_the_context already registered for DAG: example_python_operator
[2023-04-11T23:13:33.269-0400] {logging_mixin.py:137} INFO - [2023-04-11T23:13:33.268-0400] {taskmixin.py:211} WARNING - Dependency <Task(_PythonDecoratedOperator): print_the_context>, log_sql_query already registered for DAG: example_python_operator
[2023-04-11T23:13:33.269-0400] {logging_mixin.py:137} INFO - [2023-04-11T23:13:33.269-0400] {taskmixin.py:211} WARNING - Dependency <Task(_PythonDecoratedOperator): log_sql_query>, print_the_context already registered for DAG: example_python_operator
[2023-04-11T23:13:33.270-0400] {logging_mixin.py:137} INFO - [2023-04-11T23:13:33.270-0400] {taskmixin.py:211} WARNING - Dependency <Task(_PythonDecoratedOperator): print_the_context>, log_sql_query already registered for DAG: example_python_operator
[2023-04-11T23:13:33.270-0400] {logging_mixin.py:137} INFO - [2023-04-11T23:13:33.270-0400] {taskmixin.py:211} WARNING - Dependency <Task(_PythonDecoratedOperator): log_sql_query>, print_the_context already registered for DAG: example_python_operator
[2023-04-11T23:13:33.271-0400] {logging_mixin.py:137} INFO - [2023-04-11T23:13:33.271-0400] {example_python_operator.py:90} WARNING - The virtalenv_python example task requires virtualenv, please install it.
[2023-04-11T23:13:33.272-0400] {processor.py:753} INFO - DAG(s) dict_keys(['example_python_operator']) retrieved from /Users/srivardhan/opt/anaconda3/envs/kafka-pipeline/lib/python3.7/site-packages/airflow/example_dags/example_python_operator.py
[2023-04-11T23:13:33.288-0400] {logging_mixin.py:137} INFO - [2023-04-11T23:13:33.288-0400] {dag.py:2693} INFO - Sync 1 DAGs
[2023-04-11T23:13:33.301-0400] {logging_mixin.py:137} INFO - [2023-04-11T23:13:33.301-0400] {dag.py:3444} INFO - Setting next_dagrun for example_python_operator to None, run_after=None
[2023-04-11T23:13:33.312-0400] {processor.py:175} INFO - Processing /Users/srivardhan/opt/anaconda3/envs/kafka-pipeline/lib/python3.7/site-packages/airflow/example_dags/example_python_operator.py took 0.074 seconds
