[2023-04-11T20:18:54.907-0400] {processor.py:153} INFO - Started process (PID=41045) to work on /Users/srivardhan/opt/anaconda3/envs/kafka-pipeline/lib/python3.7/site-packages/airflow/example_dags/example_task_group.py
[2023-04-11T20:18:54.908-0400] {processor.py:743} INFO - Processing file /Users/srivardhan/opt/anaconda3/envs/kafka-pipeline/lib/python3.7/site-packages/airflow/example_dags/example_task_group.py for tasks to queue
[2023-04-11T20:18:54.910-0400] {logging_mixin.py:137} INFO - [2023-04-11T20:18:54.909-0400] {dagbag.py:532} INFO - Filling up the DagBag from /Users/srivardhan/opt/anaconda3/envs/kafka-pipeline/lib/python3.7/site-packages/airflow/example_dags/example_task_group.py
[2023-04-11T20:18:54.921-0400] {processor.py:753} INFO - DAG(s) dict_keys(['example_task_group']) retrieved from /Users/srivardhan/opt/anaconda3/envs/kafka-pipeline/lib/python3.7/site-packages/airflow/example_dags/example_task_group.py
[2023-04-11T20:18:54.939-0400] {logging_mixin.py:137} INFO - [2023-04-11T20:18:54.939-0400] {dag.py:2693} INFO - Sync 1 DAGs
[2023-04-11T20:18:54.952-0400] {logging_mixin.py:137} INFO - [2023-04-11T20:18:54.951-0400] {dag.py:3444} INFO - Setting next_dagrun for example_task_group to 2023-04-11T00:18:54.951805+00:00, run_after=2023-04-12T00:18:54.951805+00:00
[2023-04-11T20:18:54.963-0400] {processor.py:175} INFO - Processing /Users/srivardhan/opt/anaconda3/envs/kafka-pipeline/lib/python3.7/site-packages/airflow/example_dags/example_task_group.py took 0.060 seconds
[2023-04-11T21:30:01.095-0400] {processor.py:153} INFO - Started process (PID=41148) to work on /Users/srivardhan/opt/anaconda3/envs/kafka-pipeline/lib/python3.7/site-packages/airflow/example_dags/example_task_group.py
[2023-04-11T21:30:01.097-0400] {processor.py:743} INFO - Processing file /Users/srivardhan/opt/anaconda3/envs/kafka-pipeline/lib/python3.7/site-packages/airflow/example_dags/example_task_group.py for tasks to queue
[2023-04-11T21:30:01.099-0400] {logging_mixin.py:137} INFO - [2023-04-11T21:30:01.098-0400] {dagbag.py:532} INFO - Filling up the DagBag from /Users/srivardhan/opt/anaconda3/envs/kafka-pipeline/lib/python3.7/site-packages/airflow/example_dags/example_task_group.py
[2023-04-11T21:30:01.112-0400] {processor.py:753} INFO - DAG(s) dict_keys(['example_task_group']) retrieved from /Users/srivardhan/opt/anaconda3/envs/kafka-pipeline/lib/python3.7/site-packages/airflow/example_dags/example_task_group.py
[2023-04-11T21:30:01.132-0400] {logging_mixin.py:137} INFO - [2023-04-11T21:30:01.132-0400] {dag.py:2693} INFO - Sync 1 DAGs
[2023-04-11T21:30:01.146-0400] {logging_mixin.py:137} INFO - [2023-04-11T21:30:01.146-0400] {dag.py:3444} INFO - Setting next_dagrun for example_task_group to 2023-04-11T01:30:01.146060+00:00, run_after=2023-04-12T01:30:01.146060+00:00
[2023-04-11T21:30:01.157-0400] {processor.py:175} INFO - Processing /Users/srivardhan/opt/anaconda3/envs/kafka-pipeline/lib/python3.7/site-packages/airflow/example_dags/example_task_group.py took 0.067 seconds
[2023-04-11T22:00:33.384-0400] {processor.py:153} INFO - Started process (PID=41252) to work on /Users/srivardhan/opt/anaconda3/envs/kafka-pipeline/lib/python3.7/site-packages/airflow/example_dags/example_task_group.py
[2023-04-11T22:00:33.387-0400] {processor.py:743} INFO - Processing file /Users/srivardhan/opt/anaconda3/envs/kafka-pipeline/lib/python3.7/site-packages/airflow/example_dags/example_task_group.py for tasks to queue
[2023-04-11T22:00:33.388-0400] {logging_mixin.py:137} INFO - [2023-04-11T22:00:33.387-0400] {dagbag.py:532} INFO - Filling up the DagBag from /Users/srivardhan/opt/anaconda3/envs/kafka-pipeline/lib/python3.7/site-packages/airflow/example_dags/example_task_group.py
[2023-04-11T22:00:33.399-0400] {processor.py:753} INFO - DAG(s) dict_keys(['example_task_group']) retrieved from /Users/srivardhan/opt/anaconda3/envs/kafka-pipeline/lib/python3.7/site-packages/airflow/example_dags/example_task_group.py
[2023-04-11T22:00:33.417-0400] {logging_mixin.py:137} INFO - [2023-04-11T22:00:33.417-0400] {dag.py:2693} INFO - Sync 1 DAGs
[2023-04-11T22:00:33.430-0400] {logging_mixin.py:137} INFO - [2023-04-11T22:00:33.429-0400] {dag.py:3444} INFO - Setting next_dagrun for example_task_group to 2023-04-11T02:00:33.429746+00:00, run_after=2023-04-12T02:00:33.429746+00:00
[2023-04-11T22:00:33.440-0400] {processor.py:175} INFO - Processing /Users/srivardhan/opt/anaconda3/envs/kafka-pipeline/lib/python3.7/site-packages/airflow/example_dags/example_task_group.py took 0.060 seconds
[2023-04-11T22:25:56.669-0400] {processor.py:153} INFO - Started process (PID=41328) to work on /Users/srivardhan/opt/anaconda3/envs/kafka-pipeline/lib/python3.7/site-packages/airflow/example_dags/example_task_group.py
[2023-04-11T22:25:56.672-0400] {processor.py:743} INFO - Processing file /Users/srivardhan/opt/anaconda3/envs/kafka-pipeline/lib/python3.7/site-packages/airflow/example_dags/example_task_group.py for tasks to queue
[2023-04-11T22:25:56.673-0400] {logging_mixin.py:137} INFO - [2023-04-11T22:25:56.673-0400] {dagbag.py:532} INFO - Filling up the DagBag from /Users/srivardhan/opt/anaconda3/envs/kafka-pipeline/lib/python3.7/site-packages/airflow/example_dags/example_task_group.py
[2023-04-11T22:25:56.686-0400] {processor.py:753} INFO - DAG(s) dict_keys(['example_task_group']) retrieved from /Users/srivardhan/opt/anaconda3/envs/kafka-pipeline/lib/python3.7/site-packages/airflow/example_dags/example_task_group.py
[2023-04-11T22:25:56.706-0400] {logging_mixin.py:137} INFO - [2023-04-11T22:25:56.705-0400] {dag.py:2693} INFO - Sync 1 DAGs
[2023-04-11T22:25:56.719-0400] {logging_mixin.py:137} INFO - [2023-04-11T22:25:56.718-0400] {dag.py:3444} INFO - Setting next_dagrun for example_task_group to 2023-04-11T02:25:56.718819+00:00, run_after=2023-04-12T02:25:56.718819+00:00
[2023-04-11T22:25:56.730-0400] {processor.py:175} INFO - Processing /Users/srivardhan/opt/anaconda3/envs/kafka-pipeline/lib/python3.7/site-packages/airflow/example_dags/example_task_group.py took 0.065 seconds
[2023-04-11T22:33:19.554-0400] {processor.py:153} INFO - Started process (PID=41445) to work on /Users/srivardhan/opt/anaconda3/envs/kafka-pipeline/lib/python3.7/site-packages/airflow/example_dags/example_task_group.py
[2023-04-11T22:33:19.557-0400] {processor.py:743} INFO - Processing file /Users/srivardhan/opt/anaconda3/envs/kafka-pipeline/lib/python3.7/site-packages/airflow/example_dags/example_task_group.py for tasks to queue
[2023-04-11T22:33:19.558-0400] {logging_mixin.py:137} INFO - [2023-04-11T22:33:19.558-0400] {dagbag.py:532} INFO - Filling up the DagBag from /Users/srivardhan/opt/anaconda3/envs/kafka-pipeline/lib/python3.7/site-packages/airflow/example_dags/example_task_group.py
[2023-04-11T22:33:19.569-0400] {processor.py:753} INFO - DAG(s) dict_keys(['example_task_group']) retrieved from /Users/srivardhan/opt/anaconda3/envs/kafka-pipeline/lib/python3.7/site-packages/airflow/example_dags/example_task_group.py
[2023-04-11T22:33:19.587-0400] {logging_mixin.py:137} INFO - [2023-04-11T22:33:19.587-0400] {dag.py:2693} INFO - Sync 1 DAGs
[2023-04-11T22:33:19.600-0400] {logging_mixin.py:137} INFO - [2023-04-11T22:33:19.600-0400] {dag.py:3444} INFO - Setting next_dagrun for example_task_group to 2023-04-11T02:33:19.600287+00:00, run_after=2023-04-12T02:33:19.600287+00:00
[2023-04-11T22:33:19.611-0400] {processor.py:175} INFO - Processing /Users/srivardhan/opt/anaconda3/envs/kafka-pipeline/lib/python3.7/site-packages/airflow/example_dags/example_task_group.py took 0.061 seconds
[2023-04-11T22:45:03.777-0400] {processor.py:153} INFO - Started process (PID=41564) to work on /Users/srivardhan/opt/anaconda3/envs/kafka-pipeline/lib/python3.7/site-packages/airflow/example_dags/example_task_group.py
[2023-04-11T22:45:03.779-0400] {processor.py:743} INFO - Processing file /Users/srivardhan/opt/anaconda3/envs/kafka-pipeline/lib/python3.7/site-packages/airflow/example_dags/example_task_group.py for tasks to queue
[2023-04-11T22:45:03.780-0400] {logging_mixin.py:137} INFO - [2023-04-11T22:45:03.780-0400] {dagbag.py:532} INFO - Filling up the DagBag from /Users/srivardhan/opt/anaconda3/envs/kafka-pipeline/lib/python3.7/site-packages/airflow/example_dags/example_task_group.py
[2023-04-11T22:45:03.791-0400] {processor.py:753} INFO - DAG(s) dict_keys(['example_task_group']) retrieved from /Users/srivardhan/opt/anaconda3/envs/kafka-pipeline/lib/python3.7/site-packages/airflow/example_dags/example_task_group.py
[2023-04-11T22:45:03.810-0400] {logging_mixin.py:137} INFO - [2023-04-11T22:45:03.810-0400] {dag.py:2693} INFO - Sync 1 DAGs
[2023-04-11T22:45:03.825-0400] {logging_mixin.py:137} INFO - [2023-04-11T22:45:03.825-0400] {dag.py:3444} INFO - Setting next_dagrun for example_task_group to 2023-04-11T02:45:03.825324+00:00, run_after=2023-04-12T02:45:03.825324+00:00
[2023-04-11T22:45:03.836-0400] {processor.py:175} INFO - Processing /Users/srivardhan/opt/anaconda3/envs/kafka-pipeline/lib/python3.7/site-packages/airflow/example_dags/example_task_group.py took 0.064 seconds
[2023-04-11T23:09:55.467-0400] {processor.py:153} INFO - Started process (PID=41654) to work on /Users/srivardhan/opt/anaconda3/envs/kafka-pipeline/lib/python3.7/site-packages/airflow/example_dags/example_task_group.py
[2023-04-11T23:09:55.468-0400] {processor.py:743} INFO - Processing file /Users/srivardhan/opt/anaconda3/envs/kafka-pipeline/lib/python3.7/site-packages/airflow/example_dags/example_task_group.py for tasks to queue
[2023-04-11T23:09:55.469-0400] {logging_mixin.py:137} INFO - [2023-04-11T23:09:55.469-0400] {dagbag.py:532} INFO - Filling up the DagBag from /Users/srivardhan/opt/anaconda3/envs/kafka-pipeline/lib/python3.7/site-packages/airflow/example_dags/example_task_group.py
[2023-04-11T23:09:55.476-0400] {processor.py:753} INFO - DAG(s) dict_keys(['example_task_group']) retrieved from /Users/srivardhan/opt/anaconda3/envs/kafka-pipeline/lib/python3.7/site-packages/airflow/example_dags/example_task_group.py
[2023-04-11T23:09:55.491-0400] {logging_mixin.py:137} INFO - [2023-04-11T23:09:55.491-0400] {dag.py:2693} INFO - Sync 1 DAGs
[2023-04-11T23:09:55.505-0400] {logging_mixin.py:137} INFO - [2023-04-11T23:09:55.504-0400] {dag.py:3444} INFO - Setting next_dagrun for example_task_group to 2023-04-11T03:09:55.504451+00:00, run_after=2023-04-12T03:09:55.504451+00:00
[2023-04-11T23:09:55.516-0400] {processor.py:175} INFO - Processing /Users/srivardhan/opt/anaconda3/envs/kafka-pipeline/lib/python3.7/site-packages/airflow/example_dags/example_task_group.py took 0.053 seconds
[2023-04-11T23:10:39.383-0400] {processor.py:153} INFO - Started process (PID=41774) to work on /Users/srivardhan/opt/anaconda3/envs/kafka-pipeline/lib/python3.7/site-packages/airflow/example_dags/example_task_group.py
[2023-04-11T23:10:39.384-0400] {processor.py:743} INFO - Processing file /Users/srivardhan/opt/anaconda3/envs/kafka-pipeline/lib/python3.7/site-packages/airflow/example_dags/example_task_group.py for tasks to queue
[2023-04-11T23:10:39.384-0400] {logging_mixin.py:137} INFO - [2023-04-11T23:10:39.384-0400] {dagbag.py:532} INFO - Filling up the DagBag from /Users/srivardhan/opt/anaconda3/envs/kafka-pipeline/lib/python3.7/site-packages/airflow/example_dags/example_task_group.py
[2023-04-11T23:10:39.392-0400] {processor.py:753} INFO - DAG(s) dict_keys(['example_task_group']) retrieved from /Users/srivardhan/opt/anaconda3/envs/kafka-pipeline/lib/python3.7/site-packages/airflow/example_dags/example_task_group.py
[2023-04-11T23:10:39.408-0400] {logging_mixin.py:137} INFO - [2023-04-11T23:10:39.407-0400] {dag.py:2693} INFO - Sync 1 DAGs
[2023-04-11T23:10:39.421-0400] {logging_mixin.py:137} INFO - [2023-04-11T23:10:39.421-0400] {dag.py:3444} INFO - Setting next_dagrun for example_task_group to 2023-04-11T03:10:39.420862+00:00, run_after=2023-04-12T03:10:39.420862+00:00
[2023-04-11T23:10:39.433-0400] {processor.py:175} INFO - Processing /Users/srivardhan/opt/anaconda3/envs/kafka-pipeline/lib/python3.7/site-packages/airflow/example_dags/example_task_group.py took 0.053 seconds
[2023-04-11T23:11:21.836-0400] {processor.py:153} INFO - Started process (PID=41875) to work on /Users/srivardhan/opt/anaconda3/envs/kafka-pipeline/lib/python3.7/site-packages/airflow/example_dags/example_task_group.py
[2023-04-11T23:11:21.838-0400] {processor.py:743} INFO - Processing file /Users/srivardhan/opt/anaconda3/envs/kafka-pipeline/lib/python3.7/site-packages/airflow/example_dags/example_task_group.py for tasks to queue
[2023-04-11T23:11:21.840-0400] {logging_mixin.py:137} INFO - [2023-04-11T23:11:21.839-0400] {dagbag.py:532} INFO - Filling up the DagBag from /Users/srivardhan/opt/anaconda3/envs/kafka-pipeline/lib/python3.7/site-packages/airflow/example_dags/example_task_group.py
[2023-04-11T23:11:21.851-0400] {processor.py:753} INFO - DAG(s) dict_keys(['example_task_group']) retrieved from /Users/srivardhan/opt/anaconda3/envs/kafka-pipeline/lib/python3.7/site-packages/airflow/example_dags/example_task_group.py
[2023-04-11T23:11:21.870-0400] {logging_mixin.py:137} INFO - [2023-04-11T23:11:21.870-0400] {dag.py:2693} INFO - Sync 1 DAGs
[2023-04-11T23:11:21.883-0400] {logging_mixin.py:137} INFO - [2023-04-11T23:11:21.883-0400] {dag.py:3444} INFO - Setting next_dagrun for example_task_group to 2023-04-11T03:11:21.882946+00:00, run_after=2023-04-12T03:11:21.882946+00:00
[2023-04-11T23:11:21.894-0400] {processor.py:175} INFO - Processing /Users/srivardhan/opt/anaconda3/envs/kafka-pipeline/lib/python3.7/site-packages/airflow/example_dags/example_task_group.py took 0.062 seconds
[2023-04-11T23:12:01.992-0400] {processor.py:153} INFO - Started process (PID=41968) to work on /Users/srivardhan/opt/anaconda3/envs/kafka-pipeline/lib/python3.7/site-packages/airflow/example_dags/example_task_group.py
[2023-04-11T23:12:01.993-0400] {processor.py:743} INFO - Processing file /Users/srivardhan/opt/anaconda3/envs/kafka-pipeline/lib/python3.7/site-packages/airflow/example_dags/example_task_group.py for tasks to queue
[2023-04-11T23:12:01.993-0400] {logging_mixin.py:137} INFO - [2023-04-11T23:12:01.993-0400] {dagbag.py:532} INFO - Filling up the DagBag from /Users/srivardhan/opt/anaconda3/envs/kafka-pipeline/lib/python3.7/site-packages/airflow/example_dags/example_task_group.py
[2023-04-11T23:12:01.999-0400] {processor.py:753} INFO - DAG(s) dict_keys(['example_task_group']) retrieved from /Users/srivardhan/opt/anaconda3/envs/kafka-pipeline/lib/python3.7/site-packages/airflow/example_dags/example_task_group.py
[2023-04-11T23:12:02.013-0400] {logging_mixin.py:137} INFO - [2023-04-11T23:12:02.012-0400] {dag.py:2693} INFO - Sync 1 DAGs
[2023-04-11T23:12:02.024-0400] {logging_mixin.py:137} INFO - [2023-04-11T23:12:02.024-0400] {dag.py:3444} INFO - Setting next_dagrun for example_task_group to 2023-04-11T03:12:02.024148+00:00, run_after=2023-04-12T03:12:02.024148+00:00
[2023-04-11T23:12:02.035-0400] {processor.py:175} INFO - Processing /Users/srivardhan/opt/anaconda3/envs/kafka-pipeline/lib/python3.7/site-packages/airflow/example_dags/example_task_group.py took 0.046 seconds
[2023-04-11T23:12:42.047-0400] {processor.py:153} INFO - Started process (PID=42172) to work on /Users/srivardhan/opt/anaconda3/envs/kafka-pipeline/lib/python3.7/site-packages/airflow/example_dags/example_task_group.py
[2023-04-11T23:12:42.049-0400] {processor.py:743} INFO - Processing file /Users/srivardhan/opt/anaconda3/envs/kafka-pipeline/lib/python3.7/site-packages/airflow/example_dags/example_task_group.py for tasks to queue
[2023-04-11T23:12:42.050-0400] {logging_mixin.py:137} INFO - [2023-04-11T23:12:42.050-0400] {dagbag.py:532} INFO - Filling up the DagBag from /Users/srivardhan/opt/anaconda3/envs/kafka-pipeline/lib/python3.7/site-packages/airflow/example_dags/example_task_group.py
[2023-04-11T23:12:42.062-0400] {processor.py:753} INFO - DAG(s) dict_keys(['example_task_group']) retrieved from /Users/srivardhan/opt/anaconda3/envs/kafka-pipeline/lib/python3.7/site-packages/airflow/example_dags/example_task_group.py
[2023-04-11T23:12:42.082-0400] {logging_mixin.py:137} INFO - [2023-04-11T23:12:42.082-0400] {dag.py:2693} INFO - Sync 1 DAGs
[2023-04-11T23:12:42.095-0400] {logging_mixin.py:137} INFO - [2023-04-11T23:12:42.095-0400] {dag.py:3444} INFO - Setting next_dagrun for example_task_group to 2023-04-11T03:12:42.095450+00:00, run_after=2023-04-12T03:12:42.095450+00:00
[2023-04-11T23:12:42.107-0400] {processor.py:175} INFO - Processing /Users/srivardhan/opt/anaconda3/envs/kafka-pipeline/lib/python3.7/site-packages/airflow/example_dags/example_task_group.py took 0.064 seconds
[2023-04-11T23:13:21.902-0400] {processor.py:153} INFO - Started process (PID=42259) to work on /Users/srivardhan/opt/anaconda3/envs/kafka-pipeline/lib/python3.7/site-packages/airflow/example_dags/example_task_group.py
[2023-04-11T23:13:21.904-0400] {processor.py:743} INFO - Processing file /Users/srivardhan/opt/anaconda3/envs/kafka-pipeline/lib/python3.7/site-packages/airflow/example_dags/example_task_group.py for tasks to queue
[2023-04-11T23:13:21.905-0400] {logging_mixin.py:137} INFO - [2023-04-11T23:13:21.905-0400] {dagbag.py:532} INFO - Filling up the DagBag from /Users/srivardhan/opt/anaconda3/envs/kafka-pipeline/lib/python3.7/site-packages/airflow/example_dags/example_task_group.py
[2023-04-11T23:13:21.917-0400] {processor.py:753} INFO - DAG(s) dict_keys(['example_task_group']) retrieved from /Users/srivardhan/opt/anaconda3/envs/kafka-pipeline/lib/python3.7/site-packages/airflow/example_dags/example_task_group.py
[2023-04-11T23:13:21.937-0400] {logging_mixin.py:137} INFO - [2023-04-11T23:13:21.937-0400] {dag.py:2693} INFO - Sync 1 DAGs
[2023-04-11T23:13:21.950-0400] {logging_mixin.py:137} INFO - [2023-04-11T23:13:21.950-0400] {dag.py:3444} INFO - Setting next_dagrun for example_task_group to 2023-04-11T03:13:21.950004+00:00, run_after=2023-04-12T03:13:21.950004+00:00
[2023-04-11T23:13:21.961-0400] {processor.py:175} INFO - Processing /Users/srivardhan/opt/anaconda3/envs/kafka-pipeline/lib/python3.7/site-packages/airflow/example_dags/example_task_group.py took 0.065 seconds
