[2023-04-11T21:13:01.687-0400] {processor.py:153} INFO - Started process (PID=41128) to work on /Users/srivardhan/opt/anaconda3/envs/kafka-pipeline/lib/python3.7/site-packages/airflow/example_dags/tutorial.py
[2023-04-11T21:13:01.689-0400] {processor.py:743} INFO - Processing file /Users/srivardhan/opt/anaconda3/envs/kafka-pipeline/lib/python3.7/site-packages/airflow/example_dags/tutorial.py for tasks to queue
[2023-04-11T21:13:01.690-0400] {logging_mixin.py:137} INFO - [2023-04-11T21:13:01.690-0400] {dagbag.py:532} INFO - Filling up the DagBag from /Users/srivardhan/opt/anaconda3/envs/kafka-pipeline/lib/python3.7/site-packages/airflow/example_dags/tutorial.py
[2023-04-11T21:13:01.701-0400] {processor.py:753} INFO - DAG(s) dict_keys(['tutorial']) retrieved from /Users/srivardhan/opt/anaconda3/envs/kafka-pipeline/lib/python3.7/site-packages/airflow/example_dags/tutorial.py
[2023-04-11T21:13:01.718-0400] {logging_mixin.py:137} INFO - [2023-04-11T21:13:01.718-0400] {dag.py:2693} INFO - Sync 1 DAGs
[2023-04-11T21:13:01.731-0400] {logging_mixin.py:137} INFO - [2023-04-11T21:13:01.730-0400] {dag.py:3444} INFO - Setting next_dagrun for tutorial to 2023-04-11T01:13:01.730766+00:00, run_after=2023-04-12T01:13:01.730766+00:00
[2023-04-11T21:13:01.742-0400] {processor.py:175} INFO - Processing /Users/srivardhan/opt/anaconda3/envs/kafka-pipeline/lib/python3.7/site-packages/airflow/example_dags/tutorial.py took 0.059 seconds
[2023-04-11T22:00:27.386-0400] {processor.py:153} INFO - Started process (PID=41240) to work on /Users/srivardhan/opt/anaconda3/envs/kafka-pipeline/lib/python3.7/site-packages/airflow/example_dags/tutorial.py
[2023-04-11T22:00:27.389-0400] {processor.py:743} INFO - Processing file /Users/srivardhan/opt/anaconda3/envs/kafka-pipeline/lib/python3.7/site-packages/airflow/example_dags/tutorial.py for tasks to queue
[2023-04-11T22:00:27.390-0400] {logging_mixin.py:137} INFO - [2023-04-11T22:00:27.390-0400] {dagbag.py:532} INFO - Filling up the DagBag from /Users/srivardhan/opt/anaconda3/envs/kafka-pipeline/lib/python3.7/site-packages/airflow/example_dags/tutorial.py
[2023-04-11T22:00:27.401-0400] {processor.py:753} INFO - DAG(s) dict_keys(['tutorial']) retrieved from /Users/srivardhan/opt/anaconda3/envs/kafka-pipeline/lib/python3.7/site-packages/airflow/example_dags/tutorial.py
[2023-04-11T22:00:27.418-0400] {logging_mixin.py:137} INFO - [2023-04-11T22:00:27.418-0400] {dag.py:2693} INFO - Sync 1 DAGs
[2023-04-11T22:00:27.432-0400] {logging_mixin.py:137} INFO - [2023-04-11T22:00:27.431-0400] {dag.py:3444} INFO - Setting next_dagrun for tutorial to 2023-04-11T02:00:27.431639+00:00, run_after=2023-04-12T02:00:27.431639+00:00
[2023-04-11T22:00:27.442-0400] {processor.py:175} INFO - Processing /Users/srivardhan/opt/anaconda3/envs/kafka-pipeline/lib/python3.7/site-packages/airflow/example_dags/tutorial.py took 0.060 seconds
[2023-04-11T22:21:57.956-0400] {processor.py:153} INFO - Started process (PID=41312) to work on /Users/srivardhan/opt/anaconda3/envs/kafka-pipeline/lib/python3.7/site-packages/airflow/example_dags/tutorial.py
[2023-04-11T22:21:57.958-0400] {processor.py:743} INFO - Processing file /Users/srivardhan/opt/anaconda3/envs/kafka-pipeline/lib/python3.7/site-packages/airflow/example_dags/tutorial.py for tasks to queue
[2023-04-11T22:21:57.960-0400] {logging_mixin.py:137} INFO - [2023-04-11T22:21:57.959-0400] {dagbag.py:532} INFO - Filling up the DagBag from /Users/srivardhan/opt/anaconda3/envs/kafka-pipeline/lib/python3.7/site-packages/airflow/example_dags/tutorial.py
[2023-04-11T22:21:57.971-0400] {processor.py:753} INFO - DAG(s) dict_keys(['tutorial']) retrieved from /Users/srivardhan/opt/anaconda3/envs/kafka-pipeline/lib/python3.7/site-packages/airflow/example_dags/tutorial.py
[2023-04-11T22:21:57.987-0400] {logging_mixin.py:137} INFO - [2023-04-11T22:21:57.987-0400] {dag.py:2693} INFO - Sync 1 DAGs
[2023-04-11T22:21:58.000-0400] {logging_mixin.py:137} INFO - [2023-04-11T22:21:58.000-0400] {dag.py:3444} INFO - Setting next_dagrun for tutorial to 2023-04-11T02:21:58.000007+00:00, run_after=2023-04-12T02:21:58.000007+00:00
[2023-04-11T22:21:58.011-0400] {processor.py:175} INFO - Processing /Users/srivardhan/opt/anaconda3/envs/kafka-pipeline/lib/python3.7/site-packages/airflow/example_dags/tutorial.py took 0.059 seconds
[2023-04-11T22:27:36.475-0400] {processor.py:153} INFO - Started process (PID=41421) to work on /Users/srivardhan/opt/anaconda3/envs/kafka-pipeline/lib/python3.7/site-packages/airflow/example_dags/tutorial.py
[2023-04-11T22:27:36.477-0400] {processor.py:743} INFO - Processing file /Users/srivardhan/opt/anaconda3/envs/kafka-pipeline/lib/python3.7/site-packages/airflow/example_dags/tutorial.py for tasks to queue
[2023-04-11T22:27:36.478-0400] {logging_mixin.py:137} INFO - [2023-04-11T22:27:36.478-0400] {dagbag.py:532} INFO - Filling up the DagBag from /Users/srivardhan/opt/anaconda3/envs/kafka-pipeline/lib/python3.7/site-packages/airflow/example_dags/tutorial.py
[2023-04-11T22:27:36.490-0400] {processor.py:753} INFO - DAG(s) dict_keys(['tutorial']) retrieved from /Users/srivardhan/opt/anaconda3/envs/kafka-pipeline/lib/python3.7/site-packages/airflow/example_dags/tutorial.py
[2023-04-11T22:27:36.507-0400] {logging_mixin.py:137} INFO - [2023-04-11T22:27:36.506-0400] {dag.py:2693} INFO - Sync 1 DAGs
[2023-04-11T22:27:36.520-0400] {logging_mixin.py:137} INFO - [2023-04-11T22:27:36.519-0400] {dag.py:3444} INFO - Setting next_dagrun for tutorial to 2023-04-11T02:27:36.519637+00:00, run_after=2023-04-12T02:27:36.519637+00:00
[2023-04-11T22:27:36.530-0400] {processor.py:175} INFO - Processing /Users/srivardhan/opt/anaconda3/envs/kafka-pipeline/lib/python3.7/site-packages/airflow/example_dags/tutorial.py took 0.061 seconds
[2023-04-11T22:35:14.611-0400] {processor.py:153} INFO - Started process (PID=41537) to work on /Users/srivardhan/opt/anaconda3/envs/kafka-pipeline/lib/python3.7/site-packages/airflow/example_dags/tutorial.py
[2023-04-11T22:35:14.614-0400] {processor.py:743} INFO - Processing file /Users/srivardhan/opt/anaconda3/envs/kafka-pipeline/lib/python3.7/site-packages/airflow/example_dags/tutorial.py for tasks to queue
[2023-04-11T22:35:14.615-0400] {logging_mixin.py:137} INFO - [2023-04-11T22:35:14.615-0400] {dagbag.py:532} INFO - Filling up the DagBag from /Users/srivardhan/opt/anaconda3/envs/kafka-pipeline/lib/python3.7/site-packages/airflow/example_dags/tutorial.py
[2023-04-11T22:35:14.626-0400] {processor.py:753} INFO - DAG(s) dict_keys(['tutorial']) retrieved from /Users/srivardhan/opt/anaconda3/envs/kafka-pipeline/lib/python3.7/site-packages/airflow/example_dags/tutorial.py
[2023-04-11T22:35:14.643-0400] {logging_mixin.py:137} INFO - [2023-04-11T22:35:14.643-0400] {dag.py:2693} INFO - Sync 1 DAGs
[2023-04-11T22:35:14.655-0400] {logging_mixin.py:137} INFO - [2023-04-11T22:35:14.655-0400] {dag.py:3444} INFO - Setting next_dagrun for tutorial to 2023-04-11T02:35:14.655472+00:00, run_after=2023-04-12T02:35:14.655472+00:00
[2023-04-11T22:35:14.667-0400] {processor.py:175} INFO - Processing /Users/srivardhan/opt/anaconda3/envs/kafka-pipeline/lib/python3.7/site-packages/airflow/example_dags/tutorial.py took 0.061 seconds
[2023-04-11T23:09:48.965-0400] {processor.py:153} INFO - Started process (PID=41632) to work on /Users/srivardhan/opt/anaconda3/envs/kafka-pipeline/lib/python3.7/site-packages/airflow/example_dags/tutorial.py
[2023-04-11T23:09:48.967-0400] {processor.py:743} INFO - Processing file /Users/srivardhan/opt/anaconda3/envs/kafka-pipeline/lib/python3.7/site-packages/airflow/example_dags/tutorial.py for tasks to queue
[2023-04-11T23:09:48.968-0400] {logging_mixin.py:137} INFO - [2023-04-11T23:09:48.967-0400] {dagbag.py:532} INFO - Filling up the DagBag from /Users/srivardhan/opt/anaconda3/envs/kafka-pipeline/lib/python3.7/site-packages/airflow/example_dags/tutorial.py
[2023-04-11T23:09:48.974-0400] {processor.py:753} INFO - DAG(s) dict_keys(['tutorial']) retrieved from /Users/srivardhan/opt/anaconda3/envs/kafka-pipeline/lib/python3.7/site-packages/airflow/example_dags/tutorial.py
[2023-04-11T23:09:48.987-0400] {logging_mixin.py:137} INFO - [2023-04-11T23:09:48.987-0400] {dag.py:2693} INFO - Sync 1 DAGs
[2023-04-11T23:09:48.999-0400] {logging_mixin.py:137} INFO - [2023-04-11T23:09:48.999-0400] {dag.py:3444} INFO - Setting next_dagrun for tutorial to 2023-04-11T03:09:48.999240+00:00, run_after=2023-04-12T03:09:48.999240+00:00
[2023-04-11T23:09:49.010-0400] {processor.py:175} INFO - Processing /Users/srivardhan/opt/anaconda3/envs/kafka-pipeline/lib/python3.7/site-packages/airflow/example_dags/tutorial.py took 0.047 seconds
[2023-04-11T23:10:31.353-0400] {processor.py:153} INFO - Started process (PID=41738) to work on /Users/srivardhan/opt/anaconda3/envs/kafka-pipeline/lib/python3.7/site-packages/airflow/example_dags/tutorial.py
[2023-04-11T23:10:31.355-0400] {processor.py:743} INFO - Processing file /Users/srivardhan/opt/anaconda3/envs/kafka-pipeline/lib/python3.7/site-packages/airflow/example_dags/tutorial.py for tasks to queue
[2023-04-11T23:10:31.355-0400] {logging_mixin.py:137} INFO - [2023-04-11T23:10:31.355-0400] {dagbag.py:532} INFO - Filling up the DagBag from /Users/srivardhan/opt/anaconda3/envs/kafka-pipeline/lib/python3.7/site-packages/airflow/example_dags/tutorial.py
[2023-04-11T23:10:31.364-0400] {processor.py:753} INFO - DAG(s) dict_keys(['tutorial']) retrieved from /Users/srivardhan/opt/anaconda3/envs/kafka-pipeline/lib/python3.7/site-packages/airflow/example_dags/tutorial.py
[2023-04-11T23:10:31.382-0400] {logging_mixin.py:137} INFO - [2023-04-11T23:10:31.381-0400] {dag.py:2693} INFO - Sync 1 DAGs
[2023-04-11T23:10:31.399-0400] {logging_mixin.py:137} INFO - [2023-04-11T23:10:31.399-0400] {dag.py:3444} INFO - Setting next_dagrun for tutorial to 2023-04-11T03:10:31.398783+00:00, run_after=2023-04-12T03:10:31.398783+00:00
[2023-04-11T23:10:31.415-0400] {processor.py:175} INFO - Processing /Users/srivardhan/opt/anaconda3/envs/kafka-pipeline/lib/python3.7/site-packages/airflow/example_dags/tutorial.py took 0.064 seconds
[2023-04-11T23:11:13.468-0400] {processor.py:153} INFO - Started process (PID=41856) to work on /Users/srivardhan/opt/anaconda3/envs/kafka-pipeline/lib/python3.7/site-packages/airflow/example_dags/tutorial.py
[2023-04-11T23:11:13.470-0400] {processor.py:743} INFO - Processing file /Users/srivardhan/opt/anaconda3/envs/kafka-pipeline/lib/python3.7/site-packages/airflow/example_dags/tutorial.py for tasks to queue
[2023-04-11T23:11:13.471-0400] {logging_mixin.py:137} INFO - [2023-04-11T23:11:13.471-0400] {dagbag.py:532} INFO - Filling up the DagBag from /Users/srivardhan/opt/anaconda3/envs/kafka-pipeline/lib/python3.7/site-packages/airflow/example_dags/tutorial.py
[2023-04-11T23:11:13.482-0400] {processor.py:753} INFO - DAG(s) dict_keys(['tutorial']) retrieved from /Users/srivardhan/opt/anaconda3/envs/kafka-pipeline/lib/python3.7/site-packages/airflow/example_dags/tutorial.py
[2023-04-11T23:11:13.499-0400] {logging_mixin.py:137} INFO - [2023-04-11T23:11:13.499-0400] {dag.py:2693} INFO - Sync 1 DAGs
[2023-04-11T23:11:13.512-0400] {logging_mixin.py:137} INFO - [2023-04-11T23:11:13.512-0400] {dag.py:3444} INFO - Setting next_dagrun for tutorial to 2023-04-11T03:11:13.512364+00:00, run_after=2023-04-12T03:11:13.512364+00:00
[2023-04-11T23:11:13.524-0400] {processor.py:175} INFO - Processing /Users/srivardhan/opt/anaconda3/envs/kafka-pipeline/lib/python3.7/site-packages/airflow/example_dags/tutorial.py took 0.059 seconds
[2023-04-11T23:11:54.002-0400] {processor.py:153} INFO - Started process (PID=41949) to work on /Users/srivardhan/opt/anaconda3/envs/kafka-pipeline/lib/python3.7/site-packages/airflow/example_dags/tutorial.py
[2023-04-11T23:11:54.004-0400] {processor.py:743} INFO - Processing file /Users/srivardhan/opt/anaconda3/envs/kafka-pipeline/lib/python3.7/site-packages/airflow/example_dags/tutorial.py for tasks to queue
[2023-04-11T23:11:54.006-0400] {logging_mixin.py:137} INFO - [2023-04-11T23:11:54.005-0400] {dagbag.py:532} INFO - Filling up the DagBag from /Users/srivardhan/opt/anaconda3/envs/kafka-pipeline/lib/python3.7/site-packages/airflow/example_dags/tutorial.py
[2023-04-11T23:11:54.019-0400] {processor.py:753} INFO - DAG(s) dict_keys(['tutorial']) retrieved from /Users/srivardhan/opt/anaconda3/envs/kafka-pipeline/lib/python3.7/site-packages/airflow/example_dags/tutorial.py
[2023-04-11T23:11:54.039-0400] {logging_mixin.py:137} INFO - [2023-04-11T23:11:54.039-0400] {dag.py:2693} INFO - Sync 1 DAGs
[2023-04-11T23:11:54.054-0400] {logging_mixin.py:137} INFO - [2023-04-11T23:11:54.053-0400] {dag.py:3444} INFO - Setting next_dagrun for tutorial to 2023-04-11T03:11:54.053494+00:00, run_after=2023-04-12T03:11:54.053494+00:00
[2023-04-11T23:11:54.065-0400] {processor.py:175} INFO - Processing /Users/srivardhan/opt/anaconda3/envs/kafka-pipeline/lib/python3.7/site-packages/airflow/example_dags/tutorial.py took 0.069 seconds
[2023-04-11T23:12:35.472-0400] {processor.py:153} INFO - Started process (PID=42143) to work on /Users/srivardhan/opt/anaconda3/envs/kafka-pipeline/lib/python3.7/site-packages/airflow/example_dags/tutorial.py
[2023-04-11T23:12:35.474-0400] {processor.py:743} INFO - Processing file /Users/srivardhan/opt/anaconda3/envs/kafka-pipeline/lib/python3.7/site-packages/airflow/example_dags/tutorial.py for tasks to queue
[2023-04-11T23:12:35.476-0400] {logging_mixin.py:137} INFO - [2023-04-11T23:12:35.475-0400] {dagbag.py:532} INFO - Filling up the DagBag from /Users/srivardhan/opt/anaconda3/envs/kafka-pipeline/lib/python3.7/site-packages/airflow/example_dags/tutorial.py
[2023-04-11T23:12:35.488-0400] {processor.py:753} INFO - DAG(s) dict_keys(['tutorial']) retrieved from /Users/srivardhan/opt/anaconda3/envs/kafka-pipeline/lib/python3.7/site-packages/airflow/example_dags/tutorial.py
[2023-04-11T23:12:35.507-0400] {logging_mixin.py:137} INFO - [2023-04-11T23:12:35.507-0400] {dag.py:2693} INFO - Sync 1 DAGs
[2023-04-11T23:12:35.524-0400] {logging_mixin.py:137} INFO - [2023-04-11T23:12:35.524-0400] {dag.py:3444} INFO - Setting next_dagrun for tutorial to 2023-04-11T03:12:35.524004+00:00, run_after=2023-04-12T03:12:35.524004+00:00
[2023-04-11T23:12:35.541-0400] {processor.py:175} INFO - Processing /Users/srivardhan/opt/anaconda3/envs/kafka-pipeline/lib/python3.7/site-packages/airflow/example_dags/tutorial.py took 0.071 seconds
[2023-04-11T23:13:14.403-0400] {processor.py:153} INFO - Started process (PID=42244) to work on /Users/srivardhan/opt/anaconda3/envs/kafka-pipeline/lib/python3.7/site-packages/airflow/example_dags/tutorial.py
[2023-04-11T23:13:14.405-0400] {processor.py:743} INFO - Processing file /Users/srivardhan/opt/anaconda3/envs/kafka-pipeline/lib/python3.7/site-packages/airflow/example_dags/tutorial.py for tasks to queue
[2023-04-11T23:13:14.406-0400] {logging_mixin.py:137} INFO - [2023-04-11T23:13:14.406-0400] {dagbag.py:532} INFO - Filling up the DagBag from /Users/srivardhan/opt/anaconda3/envs/kafka-pipeline/lib/python3.7/site-packages/airflow/example_dags/tutorial.py
[2023-04-11T23:13:14.418-0400] {processor.py:753} INFO - DAG(s) dict_keys(['tutorial']) retrieved from /Users/srivardhan/opt/anaconda3/envs/kafka-pipeline/lib/python3.7/site-packages/airflow/example_dags/tutorial.py
[2023-04-11T23:13:14.436-0400] {logging_mixin.py:137} INFO - [2023-04-11T23:13:14.435-0400] {dag.py:2693} INFO - Sync 1 DAGs
[2023-04-11T23:13:14.449-0400] {logging_mixin.py:137} INFO - [2023-04-11T23:13:14.449-0400] {dag.py:3444} INFO - Setting next_dagrun for tutorial to 2023-04-11T03:13:14.449109+00:00, run_after=2023-04-12T03:13:14.449109+00:00
[2023-04-11T23:13:14.460-0400] {processor.py:175} INFO - Processing /Users/srivardhan/opt/anaconda3/envs/kafka-pipeline/lib/python3.7/site-packages/airflow/example_dags/tutorial.py took 0.061 seconds
