[2023-04-11T21:12:59.748-0400] {processor.py:153} INFO - Started process (PID=41123) to work on /Users/srivardhan/opt/anaconda3/envs/kafka-pipeline/lib/python3.7/site-packages/airflow/example_dags/tutorial_taskflow_api.py
[2023-04-11T21:12:59.749-0400] {processor.py:743} INFO - Processing file /Users/srivardhan/opt/anaconda3/envs/kafka-pipeline/lib/python3.7/site-packages/airflow/example_dags/tutorial_taskflow_api.py for tasks to queue
[2023-04-11T21:12:59.750-0400] {logging_mixin.py:137} INFO - [2023-04-11T21:12:59.750-0400] {dagbag.py:532} INFO - Filling up the DagBag from /Users/srivardhan/opt/anaconda3/envs/kafka-pipeline/lib/python3.7/site-packages/airflow/example_dags/tutorial_taskflow_api.py
[2023-04-11T21:12:59.767-0400] {processor.py:753} INFO - DAG(s) dict_keys(['tutorial_taskflow_api']) retrieved from /Users/srivardhan/opt/anaconda3/envs/kafka-pipeline/lib/python3.7/site-packages/airflow/example_dags/tutorial_taskflow_api.py
[2023-04-11T21:12:59.782-0400] {logging_mixin.py:137} INFO - [2023-04-11T21:12:59.782-0400] {dag.py:2693} INFO - Sync 1 DAGs
[2023-04-11T21:12:59.794-0400] {logging_mixin.py:137} INFO - [2023-04-11T21:12:59.794-0400] {dag.py:3444} INFO - Setting next_dagrun for tutorial_taskflow_api to None, run_after=None
[2023-04-11T21:12:59.806-0400] {processor.py:175} INFO - Processing /Users/srivardhan/opt/anaconda3/envs/kafka-pipeline/lib/python3.7/site-packages/airflow/example_dags/tutorial_taskflow_api.py took 0.062 seconds
[2023-04-11T22:00:25.052-0400] {processor.py:153} INFO - Started process (PID=41233) to work on /Users/srivardhan/opt/anaconda3/envs/kafka-pipeline/lib/python3.7/site-packages/airflow/example_dags/tutorial_taskflow_api.py
[2023-04-11T22:00:25.054-0400] {processor.py:743} INFO - Processing file /Users/srivardhan/opt/anaconda3/envs/kafka-pipeline/lib/python3.7/site-packages/airflow/example_dags/tutorial_taskflow_api.py for tasks to queue
[2023-04-11T22:00:25.055-0400] {logging_mixin.py:137} INFO - [2023-04-11T22:00:25.055-0400] {dagbag.py:532} INFO - Filling up the DagBag from /Users/srivardhan/opt/anaconda3/envs/kafka-pipeline/lib/python3.7/site-packages/airflow/example_dags/tutorial_taskflow_api.py
[2023-04-11T22:00:25.073-0400] {processor.py:753} INFO - DAG(s) dict_keys(['tutorial_taskflow_api']) retrieved from /Users/srivardhan/opt/anaconda3/envs/kafka-pipeline/lib/python3.7/site-packages/airflow/example_dags/tutorial_taskflow_api.py
[2023-04-11T22:00:25.089-0400] {logging_mixin.py:137} INFO - [2023-04-11T22:00:25.089-0400] {dag.py:2693} INFO - Sync 1 DAGs
[2023-04-11T22:00:25.102-0400] {logging_mixin.py:137} INFO - [2023-04-11T22:00:25.102-0400] {dag.py:3444} INFO - Setting next_dagrun for tutorial_taskflow_api to None, run_after=None
[2023-04-11T22:00:25.113-0400] {processor.py:175} INFO - Processing /Users/srivardhan/opt/anaconda3/envs/kafka-pipeline/lib/python3.7/site-packages/airflow/example_dags/tutorial_taskflow_api.py took 0.065 seconds
[2023-04-11T22:21:48.234-0400] {processor.py:153} INFO - Started process (PID=41308) to work on /Users/srivardhan/opt/anaconda3/envs/kafka-pipeline/lib/python3.7/site-packages/airflow/example_dags/tutorial_taskflow_api.py
[2023-04-11T22:21:48.237-0400] {processor.py:743} INFO - Processing file /Users/srivardhan/opt/anaconda3/envs/kafka-pipeline/lib/python3.7/site-packages/airflow/example_dags/tutorial_taskflow_api.py for tasks to queue
[2023-04-11T22:21:48.238-0400] {logging_mixin.py:137} INFO - [2023-04-11T22:21:48.238-0400] {dagbag.py:532} INFO - Filling up the DagBag from /Users/srivardhan/opt/anaconda3/envs/kafka-pipeline/lib/python3.7/site-packages/airflow/example_dags/tutorial_taskflow_api.py
[2023-04-11T22:21:48.256-0400] {processor.py:753} INFO - DAG(s) dict_keys(['tutorial_taskflow_api']) retrieved from /Users/srivardhan/opt/anaconda3/envs/kafka-pipeline/lib/python3.7/site-packages/airflow/example_dags/tutorial_taskflow_api.py
[2023-04-11T22:21:48.271-0400] {logging_mixin.py:137} INFO - [2023-04-11T22:21:48.270-0400] {dag.py:2693} INFO - Sync 1 DAGs
[2023-04-11T22:21:48.282-0400] {logging_mixin.py:137} INFO - [2023-04-11T22:21:48.282-0400] {dag.py:3444} INFO - Setting next_dagrun for tutorial_taskflow_api to None, run_after=None
[2023-04-11T22:21:48.293-0400] {processor.py:175} INFO - Processing /Users/srivardhan/opt/anaconda3/envs/kafka-pipeline/lib/python3.7/site-packages/airflow/example_dags/tutorial_taskflow_api.py took 0.063 seconds
[2023-04-11T22:27:34.829-0400] {processor.py:153} INFO - Started process (PID=41416) to work on /Users/srivardhan/opt/anaconda3/envs/kafka-pipeline/lib/python3.7/site-packages/airflow/example_dags/tutorial_taskflow_api.py
[2023-04-11T22:27:34.830-0400] {processor.py:743} INFO - Processing file /Users/srivardhan/opt/anaconda3/envs/kafka-pipeline/lib/python3.7/site-packages/airflow/example_dags/tutorial_taskflow_api.py for tasks to queue
[2023-04-11T22:27:34.832-0400] {logging_mixin.py:137} INFO - [2023-04-11T22:27:34.831-0400] {dagbag.py:532} INFO - Filling up the DagBag from /Users/srivardhan/opt/anaconda3/envs/kafka-pipeline/lib/python3.7/site-packages/airflow/example_dags/tutorial_taskflow_api.py
[2023-04-11T22:27:34.850-0400] {processor.py:753} INFO - DAG(s) dict_keys(['tutorial_taskflow_api']) retrieved from /Users/srivardhan/opt/anaconda3/envs/kafka-pipeline/lib/python3.7/site-packages/airflow/example_dags/tutorial_taskflow_api.py
[2023-04-11T22:27:34.865-0400] {logging_mixin.py:137} INFO - [2023-04-11T22:27:34.864-0400] {dag.py:2693} INFO - Sync 1 DAGs
[2023-04-11T22:27:34.876-0400] {logging_mixin.py:137} INFO - [2023-04-11T22:27:34.876-0400] {dag.py:3444} INFO - Setting next_dagrun for tutorial_taskflow_api to None, run_after=None
[2023-04-11T22:27:34.887-0400] {processor.py:175} INFO - Processing /Users/srivardhan/opt/anaconda3/envs/kafka-pipeline/lib/python3.7/site-packages/airflow/example_dags/tutorial_taskflow_api.py took 0.063 seconds
[2023-04-11T22:35:13.228-0400] {processor.py:153} INFO - Started process (PID=41533) to work on /Users/srivardhan/opt/anaconda3/envs/kafka-pipeline/lib/python3.7/site-packages/airflow/example_dags/tutorial_taskflow_api.py
[2023-04-11T22:35:13.230-0400] {processor.py:743} INFO - Processing file /Users/srivardhan/opt/anaconda3/envs/kafka-pipeline/lib/python3.7/site-packages/airflow/example_dags/tutorial_taskflow_api.py for tasks to queue
[2023-04-11T22:35:13.232-0400] {logging_mixin.py:137} INFO - [2023-04-11T22:35:13.231-0400] {dagbag.py:532} INFO - Filling up the DagBag from /Users/srivardhan/opt/anaconda3/envs/kafka-pipeline/lib/python3.7/site-packages/airflow/example_dags/tutorial_taskflow_api.py
[2023-04-11T22:35:13.249-0400] {processor.py:753} INFO - DAG(s) dict_keys(['tutorial_taskflow_api']) retrieved from /Users/srivardhan/opt/anaconda3/envs/kafka-pipeline/lib/python3.7/site-packages/airflow/example_dags/tutorial_taskflow_api.py
[2023-04-11T22:35:13.264-0400] {logging_mixin.py:137} INFO - [2023-04-11T22:35:13.264-0400] {dag.py:2693} INFO - Sync 1 DAGs
[2023-04-11T22:35:13.276-0400] {logging_mixin.py:137} INFO - [2023-04-11T22:35:13.276-0400] {dag.py:3444} INFO - Setting next_dagrun for tutorial_taskflow_api to None, run_after=None
[2023-04-11T22:35:13.287-0400] {processor.py:175} INFO - Processing /Users/srivardhan/opt/anaconda3/envs/kafka-pipeline/lib/python3.7/site-packages/airflow/example_dags/tutorial_taskflow_api.py took 0.064 seconds
[2023-04-11T23:09:47.604-0400] {processor.py:153} INFO - Started process (PID=41628) to work on /Users/srivardhan/opt/anaconda3/envs/kafka-pipeline/lib/python3.7/site-packages/airflow/example_dags/tutorial_taskflow_api.py
[2023-04-11T23:09:47.605-0400] {processor.py:743} INFO - Processing file /Users/srivardhan/opt/anaconda3/envs/kafka-pipeline/lib/python3.7/site-packages/airflow/example_dags/tutorial_taskflow_api.py for tasks to queue
[2023-04-11T23:09:47.606-0400] {logging_mixin.py:137} INFO - [2023-04-11T23:09:47.605-0400] {dagbag.py:532} INFO - Filling up the DagBag from /Users/srivardhan/opt/anaconda3/envs/kafka-pipeline/lib/python3.7/site-packages/airflow/example_dags/tutorial_taskflow_api.py
[2023-04-11T23:09:47.617-0400] {processor.py:753} INFO - DAG(s) dict_keys(['tutorial_taskflow_api']) retrieved from /Users/srivardhan/opt/anaconda3/envs/kafka-pipeline/lib/python3.7/site-packages/airflow/example_dags/tutorial_taskflow_api.py
[2023-04-11T23:09:47.631-0400] {logging_mixin.py:137} INFO - [2023-04-11T23:09:47.630-0400] {dag.py:2693} INFO - Sync 1 DAGs
[2023-04-11T23:09:47.643-0400] {logging_mixin.py:137} INFO - [2023-04-11T23:09:47.642-0400] {dag.py:3444} INFO - Setting next_dagrun for tutorial_taskflow_api to None, run_after=None
[2023-04-11T23:09:47.654-0400] {processor.py:175} INFO - Processing /Users/srivardhan/opt/anaconda3/envs/kafka-pipeline/lib/python3.7/site-packages/airflow/example_dags/tutorial_taskflow_api.py took 0.052 seconds
[2023-04-11T23:10:29.038-0400] {processor.py:153} INFO - Started process (PID=41725) to work on /Users/srivardhan/opt/anaconda3/envs/kafka-pipeline/lib/python3.7/site-packages/airflow/example_dags/tutorial_taskflow_api.py
[2023-04-11T23:10:29.039-0400] {processor.py:743} INFO - Processing file /Users/srivardhan/opt/anaconda3/envs/kafka-pipeline/lib/python3.7/site-packages/airflow/example_dags/tutorial_taskflow_api.py for tasks to queue
[2023-04-11T23:10:29.040-0400] {logging_mixin.py:137} INFO - [2023-04-11T23:10:29.040-0400] {dagbag.py:532} INFO - Filling up the DagBag from /Users/srivardhan/opt/anaconda3/envs/kafka-pipeline/lib/python3.7/site-packages/airflow/example_dags/tutorial_taskflow_api.py
[2023-04-11T23:10:29.052-0400] {processor.py:753} INFO - DAG(s) dict_keys(['tutorial_taskflow_api']) retrieved from /Users/srivardhan/opt/anaconda3/envs/kafka-pipeline/lib/python3.7/site-packages/airflow/example_dags/tutorial_taskflow_api.py
[2023-04-11T23:10:29.065-0400] {logging_mixin.py:137} INFO - [2023-04-11T23:10:29.065-0400] {dag.py:2693} INFO - Sync 1 DAGs
[2023-04-11T23:10:29.078-0400] {logging_mixin.py:137} INFO - [2023-04-11T23:10:29.078-0400] {dag.py:3444} INFO - Setting next_dagrun for tutorial_taskflow_api to None, run_after=None
[2023-04-11T23:10:29.089-0400] {processor.py:175} INFO - Processing /Users/srivardhan/opt/anaconda3/envs/kafka-pipeline/lib/python3.7/site-packages/airflow/example_dags/tutorial_taskflow_api.py took 0.054 seconds
[2023-04-11T23:11:11.136-0400] {processor.py:153} INFO - Started process (PID=41852) to work on /Users/srivardhan/opt/anaconda3/envs/kafka-pipeline/lib/python3.7/site-packages/airflow/example_dags/tutorial_taskflow_api.py
[2023-04-11T23:11:11.138-0400] {processor.py:743} INFO - Processing file /Users/srivardhan/opt/anaconda3/envs/kafka-pipeline/lib/python3.7/site-packages/airflow/example_dags/tutorial_taskflow_api.py for tasks to queue
[2023-04-11T23:11:11.139-0400] {logging_mixin.py:137} INFO - [2023-04-11T23:11:11.139-0400] {dagbag.py:532} INFO - Filling up the DagBag from /Users/srivardhan/opt/anaconda3/envs/kafka-pipeline/lib/python3.7/site-packages/airflow/example_dags/tutorial_taskflow_api.py
[2023-04-11T23:11:11.156-0400] {processor.py:753} INFO - DAG(s) dict_keys(['tutorial_taskflow_api']) retrieved from /Users/srivardhan/opt/anaconda3/envs/kafka-pipeline/lib/python3.7/site-packages/airflow/example_dags/tutorial_taskflow_api.py
[2023-04-11T23:11:11.171-0400] {logging_mixin.py:137} INFO - [2023-04-11T23:11:11.171-0400] {dag.py:2693} INFO - Sync 1 DAGs
[2023-04-11T23:11:11.183-0400] {logging_mixin.py:137} INFO - [2023-04-11T23:11:11.183-0400] {dag.py:3444} INFO - Setting next_dagrun for tutorial_taskflow_api to None, run_after=None
[2023-04-11T23:11:11.194-0400] {processor.py:175} INFO - Processing /Users/srivardhan/opt/anaconda3/envs/kafka-pipeline/lib/python3.7/site-packages/airflow/example_dags/tutorial_taskflow_api.py took 0.063 seconds
[2023-04-11T23:11:51.675-0400] {processor.py:153} INFO - Started process (PID=41945) to work on /Users/srivardhan/opt/anaconda3/envs/kafka-pipeline/lib/python3.7/site-packages/airflow/example_dags/tutorial_taskflow_api.py
[2023-04-11T23:11:51.677-0400] {processor.py:743} INFO - Processing file /Users/srivardhan/opt/anaconda3/envs/kafka-pipeline/lib/python3.7/site-packages/airflow/example_dags/tutorial_taskflow_api.py for tasks to queue
[2023-04-11T23:11:51.678-0400] {logging_mixin.py:137} INFO - [2023-04-11T23:11:51.678-0400] {dagbag.py:532} INFO - Filling up the DagBag from /Users/srivardhan/opt/anaconda3/envs/kafka-pipeline/lib/python3.7/site-packages/airflow/example_dags/tutorial_taskflow_api.py
[2023-04-11T23:11:51.699-0400] {processor.py:753} INFO - DAG(s) dict_keys(['tutorial_taskflow_api']) retrieved from /Users/srivardhan/opt/anaconda3/envs/kafka-pipeline/lib/python3.7/site-packages/airflow/example_dags/tutorial_taskflow_api.py
[2023-04-11T23:11:51.717-0400] {logging_mixin.py:137} INFO - [2023-04-11T23:11:51.716-0400] {dag.py:2693} INFO - Sync 1 DAGs
[2023-04-11T23:11:51.730-0400] {logging_mixin.py:137} INFO - [2023-04-11T23:11:51.730-0400] {dag.py:3444} INFO - Setting next_dagrun for tutorial_taskflow_api to None, run_after=None
[2023-04-11T23:11:51.742-0400] {processor.py:175} INFO - Processing /Users/srivardhan/opt/anaconda3/envs/kafka-pipeline/lib/python3.7/site-packages/airflow/example_dags/tutorial_taskflow_api.py took 0.071 seconds
[2023-04-11T23:12:29.960-0400] {processor.py:153} INFO - Started process (PID=42034) to work on /Users/srivardhan/opt/anaconda3/envs/kafka-pipeline/lib/python3.7/site-packages/airflow/example_dags/tutorial_taskflow_api.py
[2023-04-11T23:12:29.961-0400] {processor.py:743} INFO - Processing file /Users/srivardhan/opt/anaconda3/envs/kafka-pipeline/lib/python3.7/site-packages/airflow/example_dags/tutorial_taskflow_api.py for tasks to queue
[2023-04-11T23:12:29.962-0400] {logging_mixin.py:137} INFO - [2023-04-11T23:12:29.961-0400] {dagbag.py:532} INFO - Filling up the DagBag from /Users/srivardhan/opt/anaconda3/envs/kafka-pipeline/lib/python3.7/site-packages/airflow/example_dags/tutorial_taskflow_api.py
[2023-04-11T23:12:29.973-0400] {processor.py:753} INFO - DAG(s) dict_keys(['tutorial_taskflow_api']) retrieved from /Users/srivardhan/opt/anaconda3/envs/kafka-pipeline/lib/python3.7/site-packages/airflow/example_dags/tutorial_taskflow_api.py
[2023-04-11T23:12:29.989-0400] {logging_mixin.py:137} INFO - [2023-04-11T23:12:29.989-0400] {dag.py:2693} INFO - Sync 1 DAGs
[2023-04-11T23:12:30.017-0400] {logging_mixin.py:137} INFO - [2023-04-11T23:12:30.016-0400] {dag.py:3444} INFO - Setting next_dagrun for tutorial_taskflow_api to None, run_after=None
[2023-04-11T23:12:30.038-0400] {processor.py:175} INFO - Processing /Users/srivardhan/opt/anaconda3/envs/kafka-pipeline/lib/python3.7/site-packages/airflow/example_dags/tutorial_taskflow_api.py took 0.080 seconds
[2023-04-11T23:13:07.576-0400] {processor.py:153} INFO - Started process (PID=42229) to work on /Users/srivardhan/opt/anaconda3/envs/kafka-pipeline/lib/python3.7/site-packages/airflow/example_dags/tutorial_taskflow_api.py
[2023-04-11T23:13:07.579-0400] {processor.py:743} INFO - Processing file /Users/srivardhan/opt/anaconda3/envs/kafka-pipeline/lib/python3.7/site-packages/airflow/example_dags/tutorial_taskflow_api.py for tasks to queue
[2023-04-11T23:13:07.581-0400] {logging_mixin.py:137} INFO - [2023-04-11T23:13:07.580-0400] {dagbag.py:532} INFO - Filling up the DagBag from /Users/srivardhan/opt/anaconda3/envs/kafka-pipeline/lib/python3.7/site-packages/airflow/example_dags/tutorial_taskflow_api.py
[2023-04-11T23:13:07.600-0400] {processor.py:753} INFO - DAG(s) dict_keys(['tutorial_taskflow_api']) retrieved from /Users/srivardhan/opt/anaconda3/envs/kafka-pipeline/lib/python3.7/site-packages/airflow/example_dags/tutorial_taskflow_api.py
[2023-04-11T23:13:07.617-0400] {logging_mixin.py:137} INFO - [2023-04-11T23:13:07.617-0400] {dag.py:2693} INFO - Sync 1 DAGs
[2023-04-11T23:13:07.630-0400] {logging_mixin.py:137} INFO - [2023-04-11T23:13:07.630-0400] {dag.py:3444} INFO - Setting next_dagrun for tutorial_taskflow_api to None, run_after=None
[2023-04-11T23:13:07.641-0400] {processor.py:175} INFO - Processing /Users/srivardhan/opt/anaconda3/envs/kafka-pipeline/lib/python3.7/site-packages/airflow/example_dags/tutorial_taskflow_api.py took 0.070 seconds
[2023-04-11T23:13:45.529-0400] {processor.py:153} INFO - Started process (PID=42404) to work on /Users/srivardhan/opt/anaconda3/envs/kafka-pipeline/lib/python3.7/site-packages/airflow/example_dags/tutorial_taskflow_api.py
[2023-04-11T23:13:45.531-0400] {processor.py:743} INFO - Processing file /Users/srivardhan/opt/anaconda3/envs/kafka-pipeline/lib/python3.7/site-packages/airflow/example_dags/tutorial_taskflow_api.py for tasks to queue
[2023-04-11T23:13:45.532-0400] {logging_mixin.py:137} INFO - [2023-04-11T23:13:45.532-0400] {dagbag.py:532} INFO - Filling up the DagBag from /Users/srivardhan/opt/anaconda3/envs/kafka-pipeline/lib/python3.7/site-packages/airflow/example_dags/tutorial_taskflow_api.py
[2023-04-11T23:13:45.548-0400] {processor.py:753} INFO - DAG(s) dict_keys(['tutorial_taskflow_api']) retrieved from /Users/srivardhan/opt/anaconda3/envs/kafka-pipeline/lib/python3.7/site-packages/airflow/example_dags/tutorial_taskflow_api.py
[2023-04-11T23:13:45.575-0400] {logging_mixin.py:137} INFO - [2023-04-11T23:13:45.575-0400] {dag.py:2693} INFO - Sync 1 DAGs
[2023-04-11T23:13:45.592-0400] {logging_mixin.py:137} INFO - [2023-04-11T23:13:45.592-0400] {dag.py:3444} INFO - Setting next_dagrun for tutorial_taskflow_api to None, run_after=None
[2023-04-11T23:13:45.614-0400] {processor.py:175} INFO - Processing /Users/srivardhan/opt/anaconda3/envs/kafka-pipeline/lib/python3.7/site-packages/airflow/example_dags/tutorial_taskflow_api.py took 0.089 seconds
