[2023-04-05T18:56:30.808-0400] {taskinstance.py:1084} INFO - Dependencies all met for dep_context=non-requeueable deps ti=<TaskInstance: air_quality_pipeline.run_consumer manual__2023-04-05T22:56:00.618025+00:00 [queued]>
[2023-04-05T18:56:30.816-0400] {taskinstance.py:1084} INFO - Dependencies all met for dep_context=requeueable deps ti=<TaskInstance: air_quality_pipeline.run_consumer manual__2023-04-05T22:56:00.618025+00:00 [queued]>
[2023-04-05T18:56:30.816-0400] {taskinstance.py:1282} INFO - 
--------------------------------------------------------------------------------
[2023-04-05T18:56:30.816-0400] {taskinstance.py:1283} INFO - Starting attempt 1 of 2
[2023-04-05T18:56:30.816-0400] {taskinstance.py:1284} INFO - 
--------------------------------------------------------------------------------
[2023-04-05T18:56:30.824-0400] {taskinstance.py:1303} INFO - Executing <Task(BashOperator): run_consumer> on 2023-04-05 22:56:00.618025+00:00
[2023-04-05T18:56:30.830-0400] {standard_task_runner.py:55} INFO - Started process 18019 to run task
[2023-04-05T18:56:30.834-0400] {standard_task_runner.py:82} INFO - Running: ['airflow', 'tasks', 'run', 'air_quality_pipeline', 'run_consumer', 'manual__2023-04-05T22:56:00.618025+00:00', '--job-id', '100', '--raw', '--subdir', 'DAGS_FOLDER/__pycache__/pipeline.py', '--cfg-path', '/var/folders/8z/pwbx6b3n3mnd1g1f397fv1100000gn/T/tmp9iwuy4tl']
[2023-04-05T18:56:30.835-0400] {standard_task_runner.py:83} INFO - Job 100: Subtask run_consumer
[2023-04-05T18:56:30.871-0400] {task_command.py:388} INFO - Running <TaskInstance: air_quality_pipeline.run_consumer manual__2023-04-05T22:56:00.618025+00:00 [running]> on host srivardhans-air.starry-inc.net
[2023-04-05T18:56:30.908-0400] {taskinstance.py:1511} INFO - Exporting the following env vars:
AIRFLOW_CTX_DAG_OWNER=yourname
AIRFLOW_CTX_DAG_ID=air_quality_pipeline
AIRFLOW_CTX_TASK_ID=run_consumer
AIRFLOW_CTX_EXECUTION_DATE=2023-04-05T22:56:00.618025+00:00
AIRFLOW_CTX_TRY_NUMBER=1
AIRFLOW_CTX_DAG_RUN_ID=manual__2023-04-05T22:56:00.618025+00:00
[2023-04-05T18:56:30.909-0400] {subprocess.py:63} INFO - Tmp dir root location: 
 /var/folders/8z/pwbx6b3n3mnd1g1f397fv1100000gn/T
[2023-04-05T18:56:30.910-0400] {subprocess.py:75} INFO - Running command: ['/bin/bash', '-c', 'python3 "/Users/srivardhan/Desktop/Masters/Masters Project/Kafka Implementation/kafka-pipeline-examples/producer-consumer/consumer.py"']
[2023-04-05T18:56:30.919-0400] {subprocess.py:86} INFO - Output:
[2023-04-05T18:56:43.939-0400] {subprocess.py:93} INFO - Setting default log level to "WARN".
[2023-04-05T18:56:43.950-0400] {subprocess.py:93} INFO - To adjust logging level use sc.setLogLevel(newLevel). For SparkR, use setLogLevel(newLevel).
[2023-04-05T18:56:44.176-0400] {subprocess.py:93} INFO - 23/04/05 18:56:44 WARN NativeCodeLoader: Unable to load native-hadoop library for your platform... using builtin-java classes where applicable
[2023-04-05T18:56:47.689-0400] {subprocess.py:93} INFO - [Stage 0:>                                                          (0 + 8) / 8]                                                                                23/04/05 18:56:47 WARN package: Truncated the string representation of a plan since it was too large. This behavior can be adjusted by setting 'spark.sql.debug.maxToStringFields'.
[2023-04-05T18:56:50.468-0400] {subprocess.py:93} INFO - Connecting to consumer ...
[2023-04-05T18:56:50.470-0400] {subprocess.py:93} INFO - Start of kafka session
[2023-04-05T18:56:50.470-0400] {subprocess.py:93} INFO - No messages received, stopping consumer
[2023-04-05T18:56:50.470-0400] {subprocess.py:93} INFO - Start of spark session
[2023-04-05T18:56:50.470-0400] {subprocess.py:93} INFO - root
[2023-04-05T18:56:50.471-0400] {subprocess.py:93} INFO -  |-- _corrupt_record: string (nullable = true)
[2023-04-05T18:56:50.471-0400] {subprocess.py:93} INFO -  |-- api_version: string (nullable = true)
[2023-04-05T18:56:50.471-0400] {subprocess.py:93} INFO -  |-- data_time_stamp: long (nullable = true)
[2023-04-05T18:56:50.471-0400] {subprocess.py:93} INFO -  |-- sensor: struct (nullable = true)
[2023-04-05T18:56:50.471-0400] {subprocess.py:93} INFO -  |    |-- 0.3_um_count: long (nullable = true)
[2023-04-05T18:56:50.472-0400] {subprocess.py:93} INFO -  |    |-- 0.3_um_count_a: long (nullable = true)
[2023-04-05T18:56:50.472-0400] {subprocess.py:93} INFO -  |    |-- 0.3_um_count_b: long (nullable = true)
[2023-04-05T18:56:50.472-0400] {subprocess.py:93} INFO -  |    |-- 0.5_um_count: long (nullable = true)
[2023-04-05T18:56:50.472-0400] {subprocess.py:93} INFO -  |    |-- 0.5_um_count_a: long (nullable = true)
[2023-04-05T18:56:50.472-0400] {subprocess.py:93} INFO -  |    |-- 0.5_um_count_b: long (nullable = true)
[2023-04-05T18:56:50.472-0400] {subprocess.py:93} INFO -  |    |-- 1.0_um_count: long (nullable = true)
[2023-04-05T18:56:50.473-0400] {subprocess.py:93} INFO -  |    |-- 1.0_um_count_a: long (nullable = true)
[2023-04-05T18:56:50.473-0400] {subprocess.py:93} INFO -  |    |-- 1.0_um_count_b: long (nullable = true)
[2023-04-05T18:56:50.473-0400] {subprocess.py:93} INFO -  |    |-- 10.0_um_count: long (nullable = true)
[2023-04-05T18:56:50.473-0400] {subprocess.py:93} INFO -  |    |-- 10.0_um_count_a: long (nullable = true)
[2023-04-05T18:56:50.473-0400] {subprocess.py:93} INFO -  |    |-- 10.0_um_count_b: long (nullable = true)
[2023-04-05T18:56:50.474-0400] {subprocess.py:93} INFO -  |    |-- 2.5_um_count: long (nullable = true)
[2023-04-05T18:56:50.474-0400] {subprocess.py:93} INFO -  |    |-- 2.5_um_count_a: long (nullable = true)
[2023-04-05T18:56:50.474-0400] {subprocess.py:93} INFO -  |    |-- 2.5_um_count_b: long (nullable = true)
[2023-04-05T18:56:50.474-0400] {subprocess.py:93} INFO -  |    |-- 5.0_um_count: long (nullable = true)
[2023-04-05T18:56:50.474-0400] {subprocess.py:93} INFO -  |    |-- 5.0_um_count_a: long (nullable = true)
[2023-04-05T18:56:50.474-0400] {subprocess.py:93} INFO -  |    |-- 5.0_um_count_b: long (nullable = true)
[2023-04-05T18:56:50.475-0400] {subprocess.py:93} INFO -  |    |-- altitude: long (nullable = true)
[2023-04-05T18:56:50.475-0400] {subprocess.py:93} INFO -  |    |-- analog_input: double (nullable = true)
[2023-04-05T18:56:50.475-0400] {subprocess.py:93} INFO -  |    |-- channel_flags: long (nullable = true)
[2023-04-05T18:56:50.475-0400] {subprocess.py:93} INFO -  |    |-- channel_flags_auto: long (nullable = true)
[2023-04-05T18:56:50.475-0400] {subprocess.py:93} INFO -  |    |-- channel_flags_manual: long (nullable = true)
[2023-04-05T18:56:50.475-0400] {subprocess.py:93} INFO -  |    |-- channel_state: long (nullable = true)
[2023-04-05T18:56:50.476-0400] {subprocess.py:93} INFO -  |    |-- confidence: long (nullable = true)
[2023-04-05T18:56:50.476-0400] {subprocess.py:93} INFO -  |    |-- confidence_auto: long (nullable = true)
[2023-04-05T18:56:50.476-0400] {subprocess.py:93} INFO -  |    |-- confidence_manual: long (nullable = true)
[2023-04-05T18:56:50.476-0400] {subprocess.py:93} INFO -  |    |-- date_created: long (nullable = true)
[2023-04-05T18:56:50.476-0400] {subprocess.py:93} INFO -  |    |-- deciviews: double (nullable = true)
[2023-04-05T18:56:50.477-0400] {subprocess.py:93} INFO -  |    |-- deciviews_a: double (nullable = true)
[2023-04-05T18:56:50.477-0400] {subprocess.py:93} INFO -  |    |-- deciviews_b: double (nullable = true)
[2023-04-05T18:56:50.477-0400] {subprocess.py:93} INFO -  |    |-- firmware_version: string (nullable = true)
[2023-04-05T18:56:50.477-0400] {subprocess.py:93} INFO -  |    |-- hardware: string (nullable = true)
[2023-04-05T18:56:50.477-0400] {subprocess.py:93} INFO -  |    |-- humidity: long (nullable = true)
[2023-04-05T18:56:50.477-0400] {subprocess.py:93} INFO -  |    |-- humidity_a: long (nullable = true)
[2023-04-05T18:56:50.478-0400] {subprocess.py:93} INFO -  |    |-- icon: long (nullable = true)
[2023-04-05T18:56:50.478-0400] {subprocess.py:93} INFO -  |    |-- is_owner: long (nullable = true)
[2023-04-05T18:56:50.478-0400] {subprocess.py:93} INFO -  |    |-- last_modified: long (nullable = true)
[2023-04-05T18:56:50.478-0400] {subprocess.py:93} INFO -  |    |-- last_seen: long (nullable = true)
[2023-04-05T18:56:50.478-0400] {subprocess.py:93} INFO -  |    |-- latitude: double (nullable = true)
[2023-04-05T18:56:50.479-0400] {subprocess.py:93} INFO -  |    |-- led_brightness: long (nullable = true)
[2023-04-05T18:56:50.479-0400] {subprocess.py:93} INFO -  |    |-- location_type: long (nullable = true)
[2023-04-05T18:56:50.479-0400] {subprocess.py:93} INFO -  |    |-- longitude: double (nullable = true)
[2023-04-05T18:56:50.479-0400] {subprocess.py:93} INFO -  |    |-- memory: long (nullable = true)
[2023-04-05T18:56:50.479-0400] {subprocess.py:93} INFO -  |    |-- model: string (nullable = true)
[2023-04-05T18:56:50.479-0400] {subprocess.py:93} INFO -  |    |-- name: string (nullable = true)
[2023-04-05T18:56:50.480-0400] {subprocess.py:93} INFO -  |    |-- pa_latency: long (nullable = true)
[2023-04-05T18:56:50.480-0400] {subprocess.py:93} INFO -  |    |-- pm1.0: double (nullable = true)
[2023-04-05T18:56:50.480-0400] {subprocess.py:93} INFO -  |    |-- pm1.0_a: double (nullable = true)
[2023-04-05T18:56:50.480-0400] {subprocess.py:93} INFO -  |    |-- pm1.0_atm: double (nullable = true)
[2023-04-05T18:56:50.480-0400] {subprocess.py:93} INFO -  |    |-- pm1.0_atm_a: double (nullable = true)
[2023-04-05T18:56:50.480-0400] {subprocess.py:93} INFO -  |    |-- pm1.0_atm_b: double (nullable = true)
[2023-04-05T18:56:50.481-0400] {subprocess.py:93} INFO -  |    |-- pm1.0_b: double (nullable = true)
[2023-04-05T18:56:50.481-0400] {subprocess.py:93} INFO -  |    |-- pm1.0_cf_1: double (nullable = true)
[2023-04-05T18:56:50.481-0400] {subprocess.py:93} INFO -  |    |-- pm1.0_cf_1_a: double (nullable = true)
[2023-04-05T18:56:50.481-0400] {subprocess.py:93} INFO -  |    |-- pm1.0_cf_1_b: double (nullable = true)
[2023-04-05T18:56:50.481-0400] {subprocess.py:93} INFO -  |    |-- pm10.0: double (nullable = true)
[2023-04-05T18:56:50.482-0400] {subprocess.py:93} INFO -  |    |-- pm10.0_a: double (nullable = true)
[2023-04-05T18:56:50.482-0400] {subprocess.py:93} INFO -  |    |-- pm10.0_atm: double (nullable = true)
[2023-04-05T18:56:50.482-0400] {subprocess.py:93} INFO -  |    |-- pm10.0_atm_a: double (nullable = true)
[2023-04-05T18:56:50.482-0400] {subprocess.py:93} INFO -  |    |-- pm10.0_atm_b: double (nullable = true)
[2023-04-05T18:56:50.482-0400] {subprocess.py:93} INFO -  |    |-- pm10.0_b: double (nullable = true)
[2023-04-05T18:56:50.482-0400] {subprocess.py:93} INFO -  |    |-- pm10.0_cf_1: double (nullable = true)
[2023-04-05T18:56:50.483-0400] {subprocess.py:93} INFO -  |    |-- pm10.0_cf_1_a: double (nullable = true)
[2023-04-05T18:56:50.484-0400] {subprocess.py:93} INFO -  |    |-- pm10.0_cf_1_b: double (nullable = true)
[2023-04-05T18:56:50.484-0400] {subprocess.py:93} INFO -  |    |-- pm2.5: double (nullable = true)
[2023-04-05T18:56:50.485-0400] {subprocess.py:93} INFO -  |    |-- pm2.5_a: double (nullable = true)
[2023-04-05T18:56:50.485-0400] {subprocess.py:93} INFO -  |    |-- pm2.5_alt: double (nullable = true)
[2023-04-05T18:56:50.485-0400] {subprocess.py:93} INFO -  |    |-- pm2.5_alt_a: double (nullable = true)
[2023-04-05T18:56:50.485-0400] {subprocess.py:93} INFO -  |    |-- pm2.5_alt_b: double (nullable = true)
[2023-04-05T18:56:50.485-0400] {subprocess.py:93} INFO -  |    |-- pm2.5_atm: double (nullable = true)
[2023-04-05T18:56:50.485-0400] {subprocess.py:93} INFO -  |    |-- pm2.5_atm_a: double (nullable = true)
[2023-04-05T18:56:50.486-0400] {subprocess.py:93} INFO -  |    |-- pm2.5_atm_b: double (nullable = true)
[2023-04-05T18:56:50.486-0400] {subprocess.py:93} INFO -  |    |-- pm2.5_b: double (nullable = true)
[2023-04-05T18:56:50.486-0400] {subprocess.py:93} INFO -  |    |-- pm2.5_cf_1: double (nullable = true)
[2023-04-05T18:56:50.486-0400] {subprocess.py:93} INFO -  |    |-- pm2.5_cf_1_a: double (nullable = true)
[2023-04-05T18:56:50.486-0400] {subprocess.py:93} INFO -  |    |-- pm2.5_cf_1_b: double (nullable = true)
[2023-04-05T18:56:50.487-0400] {subprocess.py:93} INFO -  |    |-- position_rating: long (nullable = true)
[2023-04-05T18:56:50.487-0400] {subprocess.py:93} INFO -  |    |-- pressure: double (nullable = true)
[2023-04-05T18:56:50.487-0400] {subprocess.py:93} INFO -  |    |-- pressure_a: double (nullable = true)
[2023-04-05T18:56:50.487-0400] {subprocess.py:93} INFO -  |    |-- primary_id_a: long (nullable = true)
[2023-04-05T18:56:50.487-0400] {subprocess.py:93} INFO -  |    |-- primary_id_b: long (nullable = true)
[2023-04-05T18:56:50.487-0400] {subprocess.py:93} INFO -  |    |-- primary_key_a: string (nullable = true)
[2023-04-05T18:56:50.488-0400] {subprocess.py:93} INFO -  |    |-- primary_key_b: string (nullable = true)
[2023-04-05T18:56:50.488-0400] {subprocess.py:93} INFO -  |    |-- private: long (nullable = true)
[2023-04-05T18:56:50.488-0400] {subprocess.py:93} INFO -  |    |-- rssi: long (nullable = true)
[2023-04-05T18:56:50.488-0400] {subprocess.py:93} INFO -  |    |-- scattering_coefficient: double (nullable = true)
[2023-04-05T18:56:50.488-0400] {subprocess.py:93} INFO -  |    |-- scattering_coefficient_a: double (nullable = true)
[2023-04-05T18:56:50.489-0400] {subprocess.py:93} INFO -  |    |-- scattering_coefficient_b: double (nullable = true)
[2023-04-05T18:56:50.489-0400] {subprocess.py:93} INFO -  |    |-- secondary_id_a: long (nullable = true)
[2023-04-05T18:56:50.489-0400] {subprocess.py:93} INFO -  |    |-- secondary_id_b: long (nullable = true)
[2023-04-05T18:56:50.489-0400] {subprocess.py:93} INFO -  |    |-- secondary_key_a: string (nullable = true)
[2023-04-05T18:56:50.489-0400] {subprocess.py:93} INFO -  |    |-- secondary_key_b: string (nullable = true)
[2023-04-05T18:56:50.489-0400] {subprocess.py:93} INFO -  |    |-- sensor_index: long (nullable = true)
[2023-04-05T18:56:50.490-0400] {subprocess.py:93} INFO -  |    |-- stats: struct (nullable = true)
[2023-04-05T18:56:50.490-0400] {subprocess.py:93} INFO -  |    |    |-- pm2.5: double (nullable = true)
[2023-04-05T18:56:50.490-0400] {subprocess.py:93} INFO -  |    |    |-- pm2.5_10minute: double (nullable = true)
[2023-04-05T18:56:50.490-0400] {subprocess.py:93} INFO -  |    |    |-- pm2.5_1week: double (nullable = true)
[2023-04-05T18:56:50.490-0400] {subprocess.py:93} INFO -  |    |    |-- pm2.5_24hour: double (nullable = true)
[2023-04-05T18:56:50.491-0400] {subprocess.py:93} INFO -  |    |    |-- pm2.5_30minute: double (nullable = true)
[2023-04-05T18:56:50.491-0400] {subprocess.py:93} INFO -  |    |    |-- pm2.5_60minute: double (nullable = true)
[2023-04-05T18:56:50.491-0400] {subprocess.py:93} INFO -  |    |    |-- pm2.5_6hour: double (nullable = true)
[2023-04-05T18:56:50.491-0400] {subprocess.py:93} INFO -  |    |    |-- time_stamp: long (nullable = true)
[2023-04-05T18:56:50.491-0400] {subprocess.py:93} INFO -  |    |-- stats_a: struct (nullable = true)
[2023-04-05T18:56:50.491-0400] {subprocess.py:93} INFO -  |    |    |-- pm2.5: double (nullable = true)
[2023-04-05T18:56:50.492-0400] {subprocess.py:93} INFO -  |    |    |-- pm2.5_10minute: double (nullable = true)
[2023-04-05T18:56:50.492-0400] {subprocess.py:93} INFO -  |    |    |-- pm2.5_1week: double (nullable = true)
[2023-04-05T18:56:50.492-0400] {subprocess.py:93} INFO -  |    |    |-- pm2.5_24hour: double (nullable = true)
[2023-04-05T18:56:50.492-0400] {subprocess.py:93} INFO -  |    |    |-- pm2.5_30minute: double (nullable = true)
[2023-04-05T18:56:50.492-0400] {subprocess.py:93} INFO -  |    |    |-- pm2.5_60minute: double (nullable = true)
[2023-04-05T18:56:50.493-0400] {subprocess.py:93} INFO -  |    |    |-- pm2.5_6hour: double (nullable = true)
[2023-04-05T18:56:50.493-0400] {subprocess.py:93} INFO -  |    |    |-- time_stamp: long (nullable = true)
[2023-04-05T18:56:50.493-0400] {subprocess.py:93} INFO -  |    |-- stats_b: struct (nullable = true)
[2023-04-05T18:56:50.493-0400] {subprocess.py:93} INFO -  |    |    |-- pm2.5: double (nullable = true)
[2023-04-05T18:56:50.493-0400] {subprocess.py:93} INFO -  |    |    |-- pm2.5_10minute: double (nullable = true)
[2023-04-05T18:56:50.493-0400] {subprocess.py:93} INFO -  |    |    |-- pm2.5_1week: double (nullable = true)
[2023-04-05T18:56:50.494-0400] {subprocess.py:93} INFO -  |    |    |-- pm2.5_24hour: double (nullable = true)
[2023-04-05T18:56:50.494-0400] {subprocess.py:93} INFO -  |    |    |-- pm2.5_30minute: double (nullable = true)
[2023-04-05T18:56:50.494-0400] {subprocess.py:93} INFO -  |    |    |-- pm2.5_60minute: double (nullable = true)
[2023-04-05T18:56:50.494-0400] {subprocess.py:93} INFO -  |    |    |-- pm2.5_6hour: double (nullable = true)
[2023-04-05T18:56:50.494-0400] {subprocess.py:93} INFO -  |    |    |-- time_stamp: long (nullable = true)
[2023-04-05T18:56:50.494-0400] {subprocess.py:93} INFO -  |    |-- temperature: long (nullable = true)
[2023-04-05T18:56:50.495-0400] {subprocess.py:93} INFO -  |    |-- temperature_a: long (nullable = true)
[2023-04-05T18:56:50.495-0400] {subprocess.py:93} INFO -  |    |-- uptime: long (nullable = true)
[2023-04-05T18:56:50.495-0400] {subprocess.py:93} INFO -  |    |-- visual_range: double (nullable = true)
[2023-04-05T18:56:50.495-0400] {subprocess.py:93} INFO -  |    |-- visual_range_a: double (nullable = true)
[2023-04-05T18:56:50.495-0400] {subprocess.py:93} INFO -  |    |-- visual_range_b: double (nullable = true)
[2023-04-05T18:56:50.496-0400] {subprocess.py:93} INFO -  |-- time_stamp: long (nullable = true)
[2023-04-05T18:56:50.496-0400] {subprocess.py:93} INFO - 
[2023-04-05T18:56:50.496-0400] {subprocess.py:93} INFO - +--------------------+--------------+---------------+--------------------+----------+
[2023-04-05T18:56:50.496-0400] {subprocess.py:93} INFO - |     _corrupt_record|   api_version|data_time_stamp|              sensor|time_stamp|
[2023-04-05T18:56:50.496-0400] {subprocess.py:93} INFO - +--------------------+--------------+---------------+--------------------+----------+
[2023-04-05T18:56:50.496-0400] {subprocess.py:93} INFO - |                null|V1.0.11-0.0.42|     1680735302|{2467, 2562, 2373...|1680735364|
[2023-04-05T18:56:50.497-0400] {subprocess.py:93} INFO - |                null|V1.0.11-0.0.42|     1680735309|{599, 634, 564, 1...|1680735366|
[2023-04-05T18:56:50.497-0400] {subprocess.py:93} INFO - |                null|V1.0.11-0.0.42|     1680735314|{413, 400, 427, 1...|1680735368|
[2023-04-05T18:56:50.497-0400] {subprocess.py:93} INFO - |                null|V1.0.11-0.0.42|     1680735314|{477, 443, 512, 1...|1680735370|
[2023-04-05T18:56:50.497-0400] {subprocess.py:93} INFO - |                null|V1.0.11-0.0.42|     1680735362|{577, 571, 583, 1...|1680735372|
[2023-04-05T18:56:50.497-0400] {subprocess.py:93} INFO - |                null|V1.0.11-0.0.42|     1680735366|{954, 954, 26135,...|1680735373|
[2023-04-05T18:56:50.498-0400] {subprocess.py:93} INFO - |                null|V1.0.11-0.0.42|     1680735314|{3566, 3588, 3544...|1680735375|
[2023-04-05T18:56:50.498-0400] {subprocess.py:93} INFO - |                null|V1.0.11-0.0.42|     1680735362|{671, 718, 624, 5...|1680735376|
[2023-04-05T18:56:50.498-0400] {subprocess.py:93} INFO - |                null|V1.0.11-0.0.42|     1680735362|{583, 547, 619, 1...|1680735377|
[2023-04-05T18:56:50.498-0400] {subprocess.py:93} INFO - |                null|V1.0.11-0.0.42|     1680735366|{498, 498, 2701, ...|1680735379|
[2023-04-05T18:56:50.498-0400] {subprocess.py:93} INFO - |                null|V1.0.11-0.0.42|     1680735362|{102, 83, 122, 89...|1680735380|
[2023-04-05T18:56:50.498-0400] {subprocess.py:93} INFO - |                null|V1.0.11-0.0.42|     1680735374|{517, 457, 577, 1...|1680735382|
[2023-04-05T18:56:50.499-0400] {subprocess.py:93} INFO - |                null|V1.0.11-0.0.42|     1680735362|{583, 547, 619, 1...|1680735383|
[2023-04-05T18:56:50.499-0400] {subprocess.py:93} INFO - |{'api_version': '...|V1.0.11-0.0.42|     1680735362|                null|1680735385|
[2023-04-05T18:56:50.499-0400] {subprocess.py:93} INFO - |                null|V1.0.11-0.0.42|     1680735369|{566, 511, 621, 1...|1680735386|
[2023-04-05T18:56:50.499-0400] {subprocess.py:93} INFO - |                null|V1.0.11-0.0.42|     1680735374|{652, 639, 666, 1...|1680735387|
[2023-04-05T18:56:50.499-0400] {subprocess.py:93} INFO - +--------------------+--------------+---------------+--------------------+----------+
[2023-04-05T18:56:51.564-0400] {subprocess.py:93} INFO - 
[2023-04-05T18:56:51.566-0400] {subprocess.py:93} INFO - +------------+---------+----------+--------+-----------+-----------+----------+-------------+-------------+-----------+-----------+------------------------+------------------------+
[2023-04-05T18:56:51.567-0400] {subprocess.py:93} INFO - |sensor_index| latitude| longitude|pressure|pm2.5_atm_a|pm2.5_atm_b|humidity_a|temperature_a|location_type|pm1.0_atm_a|pm1.0_atm_b|scattering_coefficient_a|scattering_coefficient_b|
[2023-04-05T18:56:51.568-0400] {subprocess.py:93} INFO - +------------+---------+----------+--------+-----------+-----------+----------+-------------+-------------+-----------+-----------+------------------------+------------------------+
[2023-04-05T18:56:51.569-0400] {subprocess.py:93} INFO - |      128679|40.070442| -83.01968|  642.66|       24.9|      25.62|        51|           72|            0|      15.33|      14.29|                    38.4|                    35.6|
[2023-04-05T18:56:51.569-0400] {subprocess.py:93} INFO - |       42145|40.045116|  -82.9947|  986.55|       5.98|       3.68|        72|           68|            0|       2.18|       2.24|                     9.5|                     8.5|
[2023-04-05T18:56:51.570-0400] {subprocess.py:93} INFO - |      103092| 40.10328| -83.04084|  987.64|       2.45|       2.83|        73|           66|            0|       1.65|       1.55|                     6.0|                     6.4|
[2023-04-05T18:56:51.571-0400] {subprocess.py:93} INFO - |       33861|40.021294|-82.990456|  986.85|       4.09|       3.02|        77|           65|            0|       1.91|       1.93|                     6.6|                     7.7|
[2023-04-05T18:56:51.572-0400] {subprocess.py:93} INFO - |       72009|40.057014| -83.00535|  986.63|       3.61|       3.09|        67|           68|            0|       2.02|       2.07|                     8.6|                     8.7|
[2023-04-05T18:56:51.573-0400] {subprocess.py:93} INFO - |      149716|39.974773| -82.88287|  987.55|       7.08|     179.72|        35|           56|            0|        4.2|      133.3|                    14.3|                   392.0|
[2023-04-05T18:56:51.574-0400] {subprocess.py:93} INFO - |      147691|39.962215| -83.07883|  982.97|      29.42|      28.59|       100|           70|            0|      20.27|      20.55|                    53.8|                    53.2|
[2023-04-05T18:56:51.575-0400] {subprocess.py:93} INFO - |      120351|40.170296| -82.77792|  973.91|      15.89|        9.7|        49|           78|            0|       7.79|       5.63|                    null|                    null|
[2023-04-05T18:56:51.576-0400] {subprocess.py:93} INFO - |      158823|39.878136| -83.08927|  987.87|       3.68|       4.27|        71|           68|            0|       1.98|       2.73|                     8.2|                     9.3|
[2023-04-05T18:56:51.577-0400] {subprocess.py:93} INFO - |      142906|39.839783| -83.07625|    null|       3.51|      23.19|      null|         null|            0|       1.71|       14.2|                     7.5|                    40.5|
[2023-04-05T18:56:51.578-0400] {subprocess.py:93} INFO - |      133099| 40.00742| -83.05926|  987.67|        0.0|        0.0|        68|           67|            0|        0.0|        0.0|                    null|                    null|
[2023-04-05T18:56:51.578-0400] {subprocess.py:93} INFO - |      103358|40.030293| -83.02833|  989.88|       3.16|       3.47|       100|           66|            0|       1.86|       2.14|                     6.9|                     8.7|
[2023-04-05T18:56:51.579-0400] {subprocess.py:93} INFO - |      158823|39.878136| -83.08927|  987.87|       3.68|       4.27|        71|           68|            0|       1.98|       2.73|                     8.2|                     9.3|
[2023-04-05T18:56:51.580-0400] {subprocess.py:93} INFO - |        null|     null|      null|    null|       null|       null|      null|         null|         null|       null|       null|                    null|                    null|
[2023-04-05T18:56:51.580-0400] {subprocess.py:93} INFO - |      128591|39.933132| -82.96611|  991.05|       4.12|       4.28|        78|           66|            0|       2.16|       2.66|                     7.7|                     9.3|
[2023-04-05T18:56:51.581-0400] {subprocess.py:93} INFO - |      131379| 39.96028|-83.006294|  992.38|       4.14|        5.3|        71|           67|            0|       2.25|       2.64|                     9.6|                    10.0|
[2023-04-05T18:56:51.582-0400] {subprocess.py:93} INFO - +------------+---------+----------+--------+-----------+-----------+----------+-------------+-------------+-----------+-----------+------------------------+------------------------+
[2023-04-05T18:56:51.582-0400] {subprocess.py:93} INFO - 
[2023-04-05T18:56:51.583-0400] {subprocess.py:93} INFO - +------------+---------+----------+--------+-----------+-----------+----------+-------------+-------------+-----------+-----------+------------------------+------------------------+
[2023-04-05T18:56:51.584-0400] {subprocess.py:93} INFO - |sensor_index| latitude| longitude|pressure|pm2_5_atm_a|pm2_5_atm_b|humidity_a|temperature_a|location_type|pm1_0_atm_a|pm1_0_atm_b|scattering_coefficient_a|scattering_coefficient_b|
[2023-04-05T18:56:51.584-0400] {subprocess.py:93} INFO - +------------+---------+----------+--------+-----------+-----------+----------+-------------+-------------+-----------+-----------+------------------------+------------------------+
[2023-04-05T18:56:51.585-0400] {subprocess.py:93} INFO - |      128679|40.070442| -83.01968|  642.66|       24.9|      25.62|        51|           72|            0|      15.33|      14.29|                    38.4|                    35.6|
[2023-04-05T18:56:51.585-0400] {subprocess.py:93} INFO - |       42145|40.045116|  -82.9947|  986.55|       5.98|       3.68|        72|           68|            0|       2.18|       2.24|                     9.5|                     8.5|
[2023-04-05T18:56:51.585-0400] {subprocess.py:93} INFO - |      103092| 40.10328| -83.04084|  987.64|       2.45|       2.83|        73|           66|            0|       1.65|       1.55|                     6.0|                     6.4|
[2023-04-05T18:56:51.585-0400] {subprocess.py:93} INFO - |       33861|40.021294|-82.990456|  986.85|       4.09|       3.02|        77|           65|            0|       1.91|       1.93|                     6.6|                     7.7|
[2023-04-05T18:56:51.585-0400] {subprocess.py:93} INFO - |       72009|40.057014| -83.00535|  986.63|       3.61|       3.09|        67|           68|            0|       2.02|       2.07|                     8.6|                     8.7|
[2023-04-05T18:56:51.585-0400] {subprocess.py:93} INFO - |      149716|39.974773| -82.88287|  987.55|       7.08|     179.72|        35|           56|            0|        4.2|      133.3|                    14.3|                   392.0|
[2023-04-05T18:56:51.586-0400] {subprocess.py:93} INFO - |      147691|39.962215| -83.07883|  982.97|      29.42|      28.59|       100|           70|            0|      20.27|      20.55|                    53.8|                    53.2|
[2023-04-05T18:56:51.586-0400] {subprocess.py:93} INFO - |      120351|40.170296| -82.77792|  973.91|      15.89|        9.7|        49|           78|            0|       7.79|       5.63|                    null|                    null|
[2023-04-05T18:56:51.586-0400] {subprocess.py:93} INFO - |      158823|39.878136| -83.08927|  987.87|       3.68|       4.27|        71|           68|            0|       1.98|       2.73|                     8.2|                     9.3|
[2023-04-05T18:56:51.586-0400] {subprocess.py:93} INFO - |      142906|39.839783| -83.07625|    null|       3.51|      23.19|      null|         null|            0|       1.71|       14.2|                     7.5|                    40.5|
[2023-04-05T18:56:51.586-0400] {subprocess.py:93} INFO - |      133099| 40.00742| -83.05926|  987.67|        0.0|        0.0|        68|           67|            0|        0.0|        0.0|                    null|                    null|
[2023-04-05T18:56:51.587-0400] {subprocess.py:93} INFO - |      103358|40.030293| -83.02833|  989.88|       3.16|       3.47|       100|           66|            0|       1.86|       2.14|                     6.9|                     8.7|
[2023-04-05T18:56:51.587-0400] {subprocess.py:93} INFO - |      158823|39.878136| -83.08927|  987.87|       3.68|       4.27|        71|           68|            0|       1.98|       2.73|                     8.2|                     9.3|
[2023-04-05T18:56:51.587-0400] {subprocess.py:93} INFO - |        null|     null|      null|    null|       null|       null|      null|         null|         null|       null|       null|                    null|                    null|
[2023-04-05T18:56:51.587-0400] {subprocess.py:93} INFO - |      128591|39.933132| -82.96611|  991.05|       4.12|       4.28|        78|           66|            0|       2.16|       2.66|                     7.7|                     9.3|
[2023-04-05T18:56:51.587-0400] {subprocess.py:93} INFO - |      131379| 39.96028|-83.006294|  992.38|       4.14|        5.3|        71|           67|            0|       2.25|       2.64|                     9.6|                    10.0|
[2023-04-05T18:56:51.587-0400] {subprocess.py:93} INFO - +------------+---------+----------+--------+-----------+-----------+----------+-------------+-------------+-----------+-----------+------------------------+------------------------+
[2023-04-05T18:56:51.588-0400] {subprocess.py:93} INFO - 
[2023-04-05T18:56:51.588-0400] {subprocess.py:93} INFO - Writing to CSV file named sensors.csv
[2023-04-05T18:56:51.588-0400] {subprocess.py:93} INFO - Loading the pre-trained Regression Models
[2023-04-05T18:56:51.588-0400] {subprocess.py:93} INFO - Linear Regression Predictions:
[2023-04-05T18:56:51.588-0400] {subprocess.py:93} INFO - 85.827470238665
[2023-04-05T18:56:51.589-0400] {subprocess.py:93} INFO - 55.97636653724166
[2023-04-05T18:56:51.589-0400] {subprocess.py:93} INFO - 54.71122483523392
[2023-04-05T18:56:51.589-0400] {subprocess.py:93} INFO - 55.74031153135597
[2023-04-05T18:56:51.589-0400] {subprocess.py:93} INFO - 55.08989956184647
[2023-04-05T18:56:51.589-0400] {subprocess.py:93} INFO - 64.68155058533915
[2023-04-05T18:56:51.589-0400] {subprocess.py:93} INFO - 101.42064696103685
[2023-04-05T18:56:51.590-0400] {subprocess.py:93} INFO - 55.40661185378862
[2023-04-05T18:56:51.590-0400] {subprocess.py:93} INFO - 58.23624183769378
[2023-04-05T18:56:51.590-0400] {subprocess.py:93} INFO - 55.40661185378862
[2023-04-05T18:56:51.590-0400] {subprocess.py:93} INFO - 56.474993757181124
[2023-04-05T18:56:51.590-0400] {subprocess.py:93} INFO - 55.97153225432113
[2023-04-05T18:56:51.591-0400] {subprocess.py:93} INFO - Random Forest Regression Predictions:
[2023-04-05T18:56:51.591-0400] {subprocess.py:93} INFO - 50.5712
[2023-04-05T18:56:51.591-0400] {subprocess.py:93} INFO - 56.183200000000014
[2023-04-05T18:56:51.591-0400] {subprocess.py:93} INFO - 55.93680000000001
[2023-04-05T18:56:51.591-0400] {subprocess.py:93} INFO - 56.46580000000001
[2023-04-05T18:56:51.592-0400] {subprocess.py:93} INFO - 56.183200000000014
[2023-04-05T18:56:51.592-0400] {subprocess.py:93} INFO - 48.64320000000002
[2023-04-05T18:56:51.592-0400] {subprocess.py:93} INFO - 47.86940000000001
[2023-04-05T18:56:51.592-0400] {subprocess.py:93} INFO - 55.72600000000001
[2023-04-05T18:56:51.592-0400] {subprocess.py:93} INFO - 55.84920000000001
[2023-04-05T18:56:51.592-0400] {subprocess.py:93} INFO - 55.72600000000001
[2023-04-05T18:56:51.593-0400] {subprocess.py:93} INFO - 55.456800000000015
[2023-04-05T18:56:51.593-0400] {subprocess.py:93} INFO - 55.547000000000004
[2023-04-05T18:56:51.593-0400] {subprocess.py:93} INFO - Linear Regression Predictions:
[2023-04-05T18:56:51.593-0400] {subprocess.py:93} INFO - +------------------+
[2023-04-05T18:56:51.593-0400] {subprocess.py:93} INFO - |        prediction|
[2023-04-05T18:56:51.593-0400] {subprocess.py:93} INFO - +------------------+
[2023-04-05T18:56:51.594-0400] {subprocess.py:93} INFO - |   85.827470238665|
[2023-04-05T18:56:51.594-0400] {subprocess.py:93} INFO - | 55.97636653724166|
[2023-04-05T18:56:51.594-0400] {subprocess.py:93} INFO - | 54.71122483523392|
[2023-04-05T18:56:51.594-0400] {subprocess.py:93} INFO - | 55.74031153135597|
[2023-04-05T18:56:51.594-0400] {subprocess.py:93} INFO - | 55.08989956184647|
[2023-04-05T18:56:51.595-0400] {subprocess.py:93} INFO - | 64.68155058533915|
[2023-04-05T18:56:51.595-0400] {subprocess.py:93} INFO - |101.42064696103685|
[2023-04-05T18:56:51.595-0400] {subprocess.py:93} INFO - | 55.40661185378862|
[2023-04-05T18:56:51.595-0400] {subprocess.py:93} INFO - | 58.23624183769378|
[2023-04-05T18:56:51.595-0400] {subprocess.py:93} INFO - | 55.40661185378862|
[2023-04-05T18:56:51.596-0400] {subprocess.py:93} INFO - |56.474993757181124|
[2023-04-05T18:56:51.596-0400] {subprocess.py:93} INFO - | 55.97153225432113|
[2023-04-05T18:56:51.596-0400] {subprocess.py:93} INFO - +------------------+
[2023-04-05T18:56:51.596-0400] {subprocess.py:93} INFO - 
[2023-04-05T18:56:51.596-0400] {subprocess.py:93} INFO - Random Forest Regression Predictions:
[2023-04-05T18:56:51.597-0400] {subprocess.py:93} INFO - +------------------+
[2023-04-05T18:56:51.597-0400] {subprocess.py:93} INFO - |        prediction|
[2023-04-05T18:56:51.597-0400] {subprocess.py:93} INFO - +------------------+
[2023-04-05T18:56:51.597-0400] {subprocess.py:93} INFO - |           50.5712|
[2023-04-05T18:56:51.597-0400] {subprocess.py:93} INFO - |56.183200000000014|
[2023-04-05T18:56:51.597-0400] {subprocess.py:93} INFO - | 55.93680000000001|
[2023-04-05T18:56:51.598-0400] {subprocess.py:93} INFO - | 56.46580000000001|
[2023-04-05T18:56:51.598-0400] {subprocess.py:93} INFO - |56.183200000000014|
[2023-04-05T18:56:51.598-0400] {subprocess.py:93} INFO - | 48.64320000000002|
[2023-04-05T18:56:51.598-0400] {subprocess.py:93} INFO - | 47.86940000000001|
[2023-04-05T18:56:51.598-0400] {subprocess.py:93} INFO - | 55.72600000000001|
[2023-04-05T18:56:51.599-0400] {subprocess.py:93} INFO - | 55.84920000000001|
[2023-04-05T18:56:51.599-0400] {subprocess.py:93} INFO - | 55.72600000000001|
[2023-04-05T18:56:51.599-0400] {subprocess.py:93} INFO - |55.456800000000015|
[2023-04-05T18:56:51.599-0400] {subprocess.py:93} INFO - |55.547000000000004|
[2023-04-05T18:56:51.599-0400] {subprocess.py:93} INFO - +------------------+
[2023-04-05T18:56:51.599-0400] {subprocess.py:93} INFO - 
[2023-04-05T18:56:51.600-0400] {subprocess.py:93} INFO - End of spark session
[2023-04-05T18:56:52.133-0400] {subprocess.py:97} INFO - Command exited with return code 0
[2023-04-05T18:56:52.151-0400] {taskinstance.py:1326} INFO - Marking task as SUCCESS. dag_id=air_quality_pipeline, task_id=run_consumer, execution_date=20230405T225600, start_date=20230405T225630, end_date=20230405T225652
[2023-04-05T18:56:52.176-0400] {local_task_job.py:212} INFO - Task exited with return code 0
[2023-04-05T18:56:52.188-0400] {taskinstance.py:2585} INFO - 0 downstream tasks scheduled from follow-on schedule check
