[2023-04-05T19:00:33.500-0400] {taskinstance.py:1084} INFO - Dependencies all met for dep_context=non-requeueable deps ti=<TaskInstance: air_quality_pipeline.run_consumer manual__2023-04-05T22:59:49.736080+00:00 [queued]>
[2023-04-05T19:00:33.508-0400] {taskinstance.py:1084} INFO - Dependencies all met for dep_context=requeueable deps ti=<TaskInstance: air_quality_pipeline.run_consumer manual__2023-04-05T22:59:49.736080+00:00 [queued]>
[2023-04-05T19:00:33.508-0400] {taskinstance.py:1282} INFO - 
--------------------------------------------------------------------------------
[2023-04-05T19:00:33.508-0400] {taskinstance.py:1283} INFO - Starting attempt 1 of 2
[2023-04-05T19:00:33.508-0400] {taskinstance.py:1284} INFO - 
--------------------------------------------------------------------------------
[2023-04-05T19:00:33.516-0400] {taskinstance.py:1303} INFO - Executing <Task(BashOperator): run_consumer> on 2023-04-05 22:59:49.736080+00:00
[2023-04-05T19:00:33.522-0400] {standard_task_runner.py:55} INFO - Started process 18508 to run task
[2023-04-05T19:00:33.528-0400] {standard_task_runner.py:82} INFO - Running: ['airflow', 'tasks', 'run', 'air_quality_pipeline', 'run_consumer', 'manual__2023-04-05T22:59:49.736080+00:00', '--job-id', '102', '--raw', '--subdir', 'DAGS_FOLDER/__pycache__/pipeline.py', '--cfg-path', '/var/folders/8z/pwbx6b3n3mnd1g1f397fv1100000gn/T/tmpzcmushxm']
[2023-04-05T19:00:33.530-0400] {standard_task_runner.py:83} INFO - Job 102: Subtask run_consumer
[2023-04-05T19:00:33.563-0400] {task_command.py:388} INFO - Running <TaskInstance: air_quality_pipeline.run_consumer manual__2023-04-05T22:59:49.736080+00:00 [running]> on host srivardhans-air.starry-inc.net
[2023-04-05T19:00:33.598-0400] {taskinstance.py:1511} INFO - Exporting the following env vars:
AIRFLOW_CTX_DAG_OWNER=yourname
AIRFLOW_CTX_DAG_ID=air_quality_pipeline
AIRFLOW_CTX_TASK_ID=run_consumer
AIRFLOW_CTX_EXECUTION_DATE=2023-04-05T22:59:49.736080+00:00
AIRFLOW_CTX_TRY_NUMBER=1
AIRFLOW_CTX_DAG_RUN_ID=manual__2023-04-05T22:59:49.736080+00:00
[2023-04-05T19:00:33.599-0400] {subprocess.py:63} INFO - Tmp dir root location: 
 /var/folders/8z/pwbx6b3n3mnd1g1f397fv1100000gn/T
[2023-04-05T19:00:33.600-0400] {subprocess.py:75} INFO - Running command: ['/bin/bash', '-c', 'python3 "/Users/srivardhan/Desktop/Masters/Masters Project/Kafka Implementation/kafka-pipeline-examples/producer-consumer/consumer.py"']
[2023-04-05T19:00:33.620-0400] {subprocess.py:86} INFO - Output:
[2023-04-05T19:00:46.169-0400] {subprocess.py:93} INFO - Setting default log level to "WARN".
[2023-04-05T19:00:46.170-0400] {subprocess.py:93} INFO - To adjust logging level use sc.setLogLevel(newLevel). For SparkR, use setLogLevel(newLevel).
[2023-04-05T19:00:46.374-0400] {subprocess.py:93} INFO - 23/04/05 19:00:46 WARN NativeCodeLoader: Unable to load native-hadoop library for your platform... using builtin-java classes where applicable
[2023-04-05T19:00:49.746-0400] {subprocess.py:93} INFO - [Stage 0:>                                                          (0 + 8) / 8]                                                                                23/04/05 19:00:49 WARN package: Truncated the string representation of a plan since it was too large. This behavior can be adjusted by setting 'spark.sql.debug.maxToStringFields'.
[2023-04-05T19:00:52.085-0400] {subprocess.py:93} INFO - Connecting to consumer ...
[2023-04-05T19:00:52.086-0400] {subprocess.py:93} INFO - Start of kafka session
[2023-04-05T19:00:52.086-0400] {subprocess.py:93} INFO - No messages received, stopping consumer
[2023-04-05T19:00:52.086-0400] {subprocess.py:93} INFO - Start of spark session
[2023-04-05T19:00:52.087-0400] {subprocess.py:93} INFO - root
[2023-04-05T19:00:52.087-0400] {subprocess.py:93} INFO -  |-- _corrupt_record: string (nullable = true)
[2023-04-05T19:00:52.087-0400] {subprocess.py:93} INFO -  |-- api_version: string (nullable = true)
[2023-04-05T19:00:52.087-0400] {subprocess.py:93} INFO -  |-- data_time_stamp: long (nullable = true)
[2023-04-05T19:00:52.087-0400] {subprocess.py:93} INFO -  |-- sensor: struct (nullable = true)
[2023-04-05T19:00:52.087-0400] {subprocess.py:93} INFO -  |    |-- 0.3_um_count: long (nullable = true)
[2023-04-05T19:00:52.088-0400] {subprocess.py:93} INFO -  |    |-- 0.3_um_count_a: long (nullable = true)
[2023-04-05T19:00:52.088-0400] {subprocess.py:93} INFO -  |    |-- 0.3_um_count_b: long (nullable = true)
[2023-04-05T19:00:52.088-0400] {subprocess.py:93} INFO -  |    |-- 0.5_um_count: long (nullable = true)
[2023-04-05T19:00:52.088-0400] {subprocess.py:93} INFO -  |    |-- 0.5_um_count_a: long (nullable = true)
[2023-04-05T19:00:52.088-0400] {subprocess.py:93} INFO -  |    |-- 0.5_um_count_b: long (nullable = true)
[2023-04-05T19:00:52.089-0400] {subprocess.py:93} INFO -  |    |-- 1.0_um_count: long (nullable = true)
[2023-04-05T19:00:52.089-0400] {subprocess.py:93} INFO -  |    |-- 1.0_um_count_a: long (nullable = true)
[2023-04-05T19:00:52.089-0400] {subprocess.py:93} INFO -  |    |-- 1.0_um_count_b: long (nullable = true)
[2023-04-05T19:00:52.089-0400] {subprocess.py:93} INFO -  |    |-- 10.0_um_count: long (nullable = true)
[2023-04-05T19:00:52.089-0400] {subprocess.py:93} INFO -  |    |-- 10.0_um_count_a: long (nullable = true)
[2023-04-05T19:00:52.089-0400] {subprocess.py:93} INFO -  |    |-- 10.0_um_count_b: long (nullable = true)
[2023-04-05T19:00:52.090-0400] {subprocess.py:93} INFO -  |    |-- 2.5_um_count: long (nullable = true)
[2023-04-05T19:00:52.090-0400] {subprocess.py:93} INFO -  |    |-- 2.5_um_count_a: long (nullable = true)
[2023-04-05T19:00:52.090-0400] {subprocess.py:93} INFO -  |    |-- 2.5_um_count_b: long (nullable = true)
[2023-04-05T19:00:52.090-0400] {subprocess.py:93} INFO -  |    |-- 5.0_um_count: long (nullable = true)
[2023-04-05T19:00:52.090-0400] {subprocess.py:93} INFO -  |    |-- 5.0_um_count_a: long (nullable = true)
[2023-04-05T19:00:52.091-0400] {subprocess.py:93} INFO -  |    |-- 5.0_um_count_b: long (nullable = true)
[2023-04-05T19:00:52.091-0400] {subprocess.py:93} INFO -  |    |-- altitude: long (nullable = true)
[2023-04-05T19:00:52.091-0400] {subprocess.py:93} INFO -  |    |-- analog_input: double (nullable = true)
[2023-04-05T19:00:52.091-0400] {subprocess.py:93} INFO -  |    |-- channel_flags: long (nullable = true)
[2023-04-05T19:00:52.091-0400] {subprocess.py:93} INFO -  |    |-- channel_flags_auto: long (nullable = true)
[2023-04-05T19:00:52.091-0400] {subprocess.py:93} INFO -  |    |-- channel_flags_manual: long (nullable = true)
[2023-04-05T19:00:52.092-0400] {subprocess.py:93} INFO -  |    |-- channel_state: long (nullable = true)
[2023-04-05T19:00:52.092-0400] {subprocess.py:93} INFO -  |    |-- confidence: long (nullable = true)
[2023-04-05T19:00:52.092-0400] {subprocess.py:93} INFO -  |    |-- confidence_auto: long (nullable = true)
[2023-04-05T19:00:52.092-0400] {subprocess.py:93} INFO -  |    |-- confidence_manual: long (nullable = true)
[2023-04-05T19:00:52.092-0400] {subprocess.py:93} INFO -  |    |-- date_created: long (nullable = true)
[2023-04-05T19:00:52.092-0400] {subprocess.py:93} INFO -  |    |-- deciviews: double (nullable = true)
[2023-04-05T19:00:52.093-0400] {subprocess.py:93} INFO -  |    |-- deciviews_a: double (nullable = true)
[2023-04-05T19:00:52.093-0400] {subprocess.py:93} INFO -  |    |-- deciviews_b: double (nullable = true)
[2023-04-05T19:00:52.093-0400] {subprocess.py:93} INFO -  |    |-- firmware_version: string (nullable = true)
[2023-04-05T19:00:52.093-0400] {subprocess.py:93} INFO -  |    |-- hardware: string (nullable = true)
[2023-04-05T19:00:52.093-0400] {subprocess.py:93} INFO -  |    |-- humidity: long (nullable = true)
[2023-04-05T19:00:52.094-0400] {subprocess.py:93} INFO -  |    |-- humidity_a: long (nullable = true)
[2023-04-05T19:00:52.094-0400] {subprocess.py:93} INFO -  |    |-- icon: long (nullable = true)
[2023-04-05T19:00:52.094-0400] {subprocess.py:93} INFO -  |    |-- is_owner: long (nullable = true)
[2023-04-05T19:00:52.094-0400] {subprocess.py:93} INFO -  |    |-- last_modified: long (nullable = true)
[2023-04-05T19:00:52.094-0400] {subprocess.py:93} INFO -  |    |-- last_seen: long (nullable = true)
[2023-04-05T19:00:52.094-0400] {subprocess.py:93} INFO -  |    |-- latitude: double (nullable = true)
[2023-04-05T19:00:52.095-0400] {subprocess.py:93} INFO -  |    |-- led_brightness: long (nullable = true)
[2023-04-05T19:00:52.095-0400] {subprocess.py:93} INFO -  |    |-- location_type: long (nullable = true)
[2023-04-05T19:00:52.095-0400] {subprocess.py:93} INFO -  |    |-- longitude: double (nullable = true)
[2023-04-05T19:00:52.095-0400] {subprocess.py:93} INFO -  |    |-- memory: long (nullable = true)
[2023-04-05T19:00:52.095-0400] {subprocess.py:93} INFO -  |    |-- model: string (nullable = true)
[2023-04-05T19:00:52.095-0400] {subprocess.py:93} INFO -  |    |-- name: string (nullable = true)
[2023-04-05T19:00:52.096-0400] {subprocess.py:93} INFO -  |    |-- pa_latency: long (nullable = true)
[2023-04-05T19:00:52.096-0400] {subprocess.py:93} INFO -  |    |-- pm1.0: double (nullable = true)
[2023-04-05T19:00:52.096-0400] {subprocess.py:93} INFO -  |    |-- pm1.0_a: double (nullable = true)
[2023-04-05T19:00:52.096-0400] {subprocess.py:93} INFO -  |    |-- pm1.0_atm: double (nullable = true)
[2023-04-05T19:00:52.096-0400] {subprocess.py:93} INFO -  |    |-- pm1.0_atm_a: double (nullable = true)
[2023-04-05T19:00:52.097-0400] {subprocess.py:93} INFO -  |    |-- pm1.0_atm_b: double (nullable = true)
[2023-04-05T19:00:52.097-0400] {subprocess.py:93} INFO -  |    |-- pm1.0_b: double (nullable = true)
[2023-04-05T19:00:52.097-0400] {subprocess.py:93} INFO -  |    |-- pm1.0_cf_1: double (nullable = true)
[2023-04-05T19:00:52.097-0400] {subprocess.py:93} INFO -  |    |-- pm1.0_cf_1_a: double (nullable = true)
[2023-04-05T19:00:52.097-0400] {subprocess.py:93} INFO -  |    |-- pm1.0_cf_1_b: double (nullable = true)
[2023-04-05T19:00:52.097-0400] {subprocess.py:93} INFO -  |    |-- pm10.0: double (nullable = true)
[2023-04-05T19:00:52.098-0400] {subprocess.py:93} INFO -  |    |-- pm10.0_a: double (nullable = true)
[2023-04-05T19:00:52.098-0400] {subprocess.py:93} INFO -  |    |-- pm10.0_atm: double (nullable = true)
[2023-04-05T19:00:52.098-0400] {subprocess.py:93} INFO -  |    |-- pm10.0_atm_a: double (nullable = true)
[2023-04-05T19:00:52.098-0400] {subprocess.py:93} INFO -  |    |-- pm10.0_atm_b: double (nullable = true)
[2023-04-05T19:00:52.098-0400] {subprocess.py:93} INFO -  |    |-- pm10.0_b: double (nullable = true)
[2023-04-05T19:00:52.099-0400] {subprocess.py:93} INFO -  |    |-- pm10.0_cf_1: double (nullable = true)
[2023-04-05T19:00:52.099-0400] {subprocess.py:93} INFO -  |    |-- pm10.0_cf_1_a: double (nullable = true)
[2023-04-05T19:00:52.099-0400] {subprocess.py:93} INFO -  |    |-- pm10.0_cf_1_b: double (nullable = true)
[2023-04-05T19:00:52.099-0400] {subprocess.py:93} INFO -  |    |-- pm2.5: double (nullable = true)
[2023-04-05T19:00:52.099-0400] {subprocess.py:93} INFO -  |    |-- pm2.5_a: double (nullable = true)
[2023-04-05T19:00:52.099-0400] {subprocess.py:93} INFO -  |    |-- pm2.5_alt: double (nullable = true)
[2023-04-05T19:00:52.100-0400] {subprocess.py:93} INFO -  |    |-- pm2.5_alt_a: double (nullable = true)
[2023-04-05T19:00:52.100-0400] {subprocess.py:93} INFO -  |    |-- pm2.5_alt_b: double (nullable = true)
[2023-04-05T19:00:52.100-0400] {subprocess.py:93} INFO -  |    |-- pm2.5_atm: double (nullable = true)
[2023-04-05T19:00:52.100-0400] {subprocess.py:93} INFO -  |    |-- pm2.5_atm_a: double (nullable = true)
[2023-04-05T19:00:52.100-0400] {subprocess.py:93} INFO -  |    |-- pm2.5_atm_b: double (nullable = true)
[2023-04-05T19:00:52.100-0400] {subprocess.py:93} INFO -  |    |-- pm2.5_b: double (nullable = true)
[2023-04-05T19:00:52.101-0400] {subprocess.py:93} INFO -  |    |-- pm2.5_cf_1: double (nullable = true)
[2023-04-05T19:00:52.101-0400] {subprocess.py:93} INFO -  |    |-- pm2.5_cf_1_a: double (nullable = true)
[2023-04-05T19:00:52.101-0400] {subprocess.py:93} INFO -  |    |-- pm2.5_cf_1_b: double (nullable = true)
[2023-04-05T19:00:52.101-0400] {subprocess.py:93} INFO -  |    |-- position_rating: long (nullable = true)
[2023-04-05T19:00:52.101-0400] {subprocess.py:93} INFO -  |    |-- pressure: double (nullable = true)
[2023-04-05T19:00:52.102-0400] {subprocess.py:93} INFO -  |    |-- pressure_a: double (nullable = true)
[2023-04-05T19:00:52.102-0400] {subprocess.py:93} INFO -  |    |-- primary_id_a: long (nullable = true)
[2023-04-05T19:00:52.102-0400] {subprocess.py:93} INFO -  |    |-- primary_id_b: long (nullable = true)
[2023-04-05T19:00:52.102-0400] {subprocess.py:93} INFO -  |    |-- primary_key_a: string (nullable = true)
[2023-04-05T19:00:52.102-0400] {subprocess.py:93} INFO -  |    |-- primary_key_b: string (nullable = true)
[2023-04-05T19:00:52.102-0400] {subprocess.py:93} INFO -  |    |-- private: long (nullable = true)
[2023-04-05T19:00:52.103-0400] {subprocess.py:93} INFO -  |    |-- rssi: long (nullable = true)
[2023-04-05T19:00:52.103-0400] {subprocess.py:93} INFO -  |    |-- scattering_coefficient: double (nullable = true)
[2023-04-05T19:00:52.103-0400] {subprocess.py:93} INFO -  |    |-- scattering_coefficient_a: double (nullable = true)
[2023-04-05T19:00:52.103-0400] {subprocess.py:93} INFO -  |    |-- scattering_coefficient_b: double (nullable = true)
[2023-04-05T19:00:52.103-0400] {subprocess.py:93} INFO -  |    |-- secondary_id_a: long (nullable = true)
[2023-04-05T19:00:52.104-0400] {subprocess.py:93} INFO -  |    |-- secondary_id_b: long (nullable = true)
[2023-04-05T19:00:52.104-0400] {subprocess.py:93} INFO -  |    |-- secondary_key_a: string (nullable = true)
[2023-04-05T19:00:52.104-0400] {subprocess.py:93} INFO -  |    |-- secondary_key_b: string (nullable = true)
[2023-04-05T19:00:52.104-0400] {subprocess.py:93} INFO -  |    |-- sensor_index: long (nullable = true)
[2023-04-05T19:00:52.104-0400] {subprocess.py:93} INFO -  |    |-- stats: struct (nullable = true)
[2023-04-05T19:00:52.104-0400] {subprocess.py:93} INFO -  |    |    |-- pm2.5: double (nullable = true)
[2023-04-05T19:00:52.105-0400] {subprocess.py:93} INFO -  |    |    |-- pm2.5_10minute: double (nullable = true)
[2023-04-05T19:00:52.105-0400] {subprocess.py:93} INFO -  |    |    |-- pm2.5_1week: double (nullable = true)
[2023-04-05T19:00:52.105-0400] {subprocess.py:93} INFO -  |    |    |-- pm2.5_24hour: double (nullable = true)
[2023-04-05T19:00:52.105-0400] {subprocess.py:93} INFO -  |    |    |-- pm2.5_30minute: double (nullable = true)
[2023-04-05T19:00:52.106-0400] {subprocess.py:93} INFO -  |    |    |-- pm2.5_60minute: double (nullable = true)
[2023-04-05T19:00:52.107-0400] {subprocess.py:93} INFO -  |    |    |-- pm2.5_6hour: double (nullable = true)
[2023-04-05T19:00:52.108-0400] {subprocess.py:93} INFO -  |    |    |-- time_stamp: long (nullable = true)
[2023-04-05T19:00:52.108-0400] {subprocess.py:93} INFO -  |    |-- stats_a: struct (nullable = true)
[2023-04-05T19:00:52.108-0400] {subprocess.py:93} INFO -  |    |    |-- pm2.5: double (nullable = true)
[2023-04-05T19:00:52.108-0400] {subprocess.py:93} INFO -  |    |    |-- pm2.5_10minute: double (nullable = true)
[2023-04-05T19:00:52.108-0400] {subprocess.py:93} INFO -  |    |    |-- pm2.5_1week: double (nullable = true)
[2023-04-05T19:00:52.109-0400] {subprocess.py:93} INFO -  |    |    |-- pm2.5_24hour: double (nullable = true)
[2023-04-05T19:00:52.109-0400] {subprocess.py:93} INFO -  |    |    |-- pm2.5_30minute: double (nullable = true)
[2023-04-05T19:00:52.109-0400] {subprocess.py:93} INFO -  |    |    |-- pm2.5_60minute: double (nullable = true)
[2023-04-05T19:00:52.109-0400] {subprocess.py:93} INFO -  |    |    |-- pm2.5_6hour: double (nullable = true)
[2023-04-05T19:00:52.109-0400] {subprocess.py:93} INFO -  |    |    |-- time_stamp: long (nullable = true)
[2023-04-05T19:00:52.109-0400] {subprocess.py:93} INFO -  |    |-- stats_b: struct (nullable = true)
[2023-04-05T19:00:52.110-0400] {subprocess.py:93} INFO -  |    |    |-- pm2.5: double (nullable = true)
[2023-04-05T19:00:52.110-0400] {subprocess.py:93} INFO -  |    |    |-- pm2.5_10minute: double (nullable = true)
[2023-04-05T19:00:52.110-0400] {subprocess.py:93} INFO -  |    |    |-- pm2.5_1week: double (nullable = true)
[2023-04-05T19:00:52.110-0400] {subprocess.py:93} INFO -  |    |    |-- pm2.5_24hour: double (nullable = true)
[2023-04-05T19:00:52.110-0400] {subprocess.py:93} INFO -  |    |    |-- pm2.5_30minute: double (nullable = true)
[2023-04-05T19:00:52.111-0400] {subprocess.py:93} INFO -  |    |    |-- pm2.5_60minute: double (nullable = true)
[2023-04-05T19:00:52.111-0400] {subprocess.py:93} INFO -  |    |    |-- pm2.5_6hour: double (nullable = true)
[2023-04-05T19:00:52.111-0400] {subprocess.py:93} INFO -  |    |    |-- time_stamp: long (nullable = true)
[2023-04-05T19:00:52.111-0400] {subprocess.py:93} INFO -  |    |-- temperature: long (nullable = true)
[2023-04-05T19:00:52.111-0400] {subprocess.py:93} INFO -  |    |-- temperature_a: long (nullable = true)
[2023-04-05T19:00:52.111-0400] {subprocess.py:93} INFO -  |    |-- uptime: long (nullable = true)
[2023-04-05T19:00:52.112-0400] {subprocess.py:93} INFO -  |    |-- visual_range: double (nullable = true)
[2023-04-05T19:00:52.112-0400] {subprocess.py:93} INFO -  |    |-- visual_range_a: double (nullable = true)
[2023-04-05T19:00:52.112-0400] {subprocess.py:93} INFO -  |    |-- visual_range_b: double (nullable = true)
[2023-04-05T19:00:52.112-0400] {subprocess.py:93} INFO -  |-- time_stamp: long (nullable = true)
[2023-04-05T19:00:52.112-0400] {subprocess.py:93} INFO - 
[2023-04-05T19:00:52.113-0400] {subprocess.py:93} INFO - +--------------------+--------------+---------------+--------------------+----------+
[2023-04-05T19:00:52.113-0400] {subprocess.py:93} INFO - |     _corrupt_record|   api_version|data_time_stamp|              sensor|time_stamp|
[2023-04-05T19:00:52.113-0400] {subprocess.py:93} INFO - +--------------------+--------------+---------------+--------------------+----------+
[2023-04-05T19:00:52.113-0400] {subprocess.py:93} INFO - |                null|V1.0.11-0.0.42|     1680735546|{2467, 2562, 2373...|1680735593|
[2023-04-05T19:00:52.113-0400] {subprocess.py:93} INFO - |                null|V1.0.11-0.0.42|     1680735549|{580, 594, 567, 1...|1680735595|
[2023-04-05T19:00:52.113-0400] {subprocess.py:93} INFO - |                null|V1.0.11-0.0.42|     1680735546|{424, 423, 425, 1...|1680735596|
[2023-04-05T19:00:52.114-0400] {subprocess.py:93} INFO - |                null|V1.0.11-0.0.42|     1680735549|{513, 445, 581, 1...|1680735597|
[2023-04-05T19:00:52.114-0400] {subprocess.py:93} INFO - |                null|V1.0.11-0.0.42|     1680735542|{565, 539, 591, 1...|1680735598|
[2023-04-05T19:00:52.114-0400] {subprocess.py:93} INFO - |                null|V1.0.11-0.0.42|     1680735549|{954, 954, 26135,...|1680735600|
[2023-04-05T19:00:52.114-0400] {subprocess.py:93} INFO - |                null|V1.0.11-0.0.42|     1680735545|{3566, 3588, 3544...|1680735602|
[2023-04-05T19:00:52.114-0400] {subprocess.py:93} INFO - |                null|V1.0.11-0.0.42|     1680735603|{671, 718, 624, 5...|1680735609|
[2023-04-05T19:00:52.115-0400] {subprocess.py:93} INFO - |                null|V1.0.11-0.0.42|     1680735606|{1416, 1300, 1532...|1680735610|
[2023-04-05T19:00:52.115-0400] {subprocess.py:93} INFO - |                null|V1.0.11-0.0.42|     1680735600|{498, 498, 2701, ...|1680735621|
[2023-04-05T19:00:52.115-0400] {subprocess.py:93} INFO - |                null|V1.0.11-0.0.42|     1680735602|{89, 81, 97, 78, ...|1680735622|
[2023-04-05T19:00:52.115-0400] {subprocess.py:93} INFO - |                null|V1.0.11-0.0.42|     1680735606|{529, 485, 573, 1...|1680735624|
[2023-04-05T19:00:52.115-0400] {subprocess.py:93} INFO - |                null|V1.0.11-0.0.42|     1680735610|{1416, 1300, 1532...|1680735625|
[2023-04-05T19:00:52.115-0400] {subprocess.py:93} INFO - |{'api_version': '...|V1.0.11-0.0.42|     1680735610|                null|1680735626|
[2023-04-05T19:00:52.116-0400] {subprocess.py:93} INFO - |                null|V1.0.11-0.0.42|     1680735603|{501, 463, 540, 1...|1680735628|
[2023-04-05T19:00:52.116-0400] {subprocess.py:93} INFO - |                null|V1.0.11-0.0.42|     1680735606|{635, 658, 613, 1...|1680735630|
[2023-04-05T19:00:52.116-0400] {subprocess.py:93} INFO - +--------------------+--------------+---------------+--------------------+----------+
[2023-04-05T19:00:53.180-0400] {subprocess.py:93} INFO - 
[2023-04-05T19:00:53.193-0400] {subprocess.py:93} INFO - +------------+---------+----------+--------+-----------+-----------+----------+-------------+-------------+-----------+-----------+------------------------+------------------------+
[2023-04-05T19:00:53.195-0400] {subprocess.py:93} INFO - |sensor_index| latitude| longitude|pressure|pm2.5_atm_a|pm2.5_atm_b|humidity_a|temperature_a|location_type|pm1.0_atm_a|pm1.0_atm_b|scattering_coefficient_a|scattering_coefficient_b|
[2023-04-05T19:00:53.195-0400] {subprocess.py:93} INFO - +------------+---------+----------+--------+-----------+-----------+----------+-------------+-------------+-----------+-----------+------------------------+------------------------+
[2023-04-05T19:00:53.196-0400] {subprocess.py:93} INFO - |      128679|40.070442| -83.01968|  642.66|       24.9|      25.62|        51|           72|            0|      15.33|      14.29|                    38.4|                    35.6|
[2023-04-05T19:00:53.196-0400] {subprocess.py:93} INFO - |       42145|40.045116|  -82.9947|  986.74|       3.92|       4.18|        72|           68|            0|       2.25|       2.26|                     8.9|                     8.5|
[2023-04-05T19:00:53.197-0400] {subprocess.py:93} INFO - |      103092| 40.10328| -83.04084|  987.61|       2.91|       2.68|        73|           66|            0|       1.79|       1.67|                     6.3|                     6.4|
[2023-04-05T19:00:53.198-0400] {subprocess.py:93} INFO - |       33861|40.021294|-82.990456|  986.75|       3.95|       3.96|        77|           65|            0|       1.95|       2.36|                     6.7|                     8.7|
[2023-04-05T19:00:53.198-0400] {subprocess.py:93} INFO - |       72009|40.057014| -83.00535|  986.79|       3.48|       2.25|        67|           68|            0|       2.22|       1.36|                     8.1|                     8.9|
[2023-04-05T19:00:53.198-0400] {subprocess.py:93} INFO - |      149716|39.974773| -82.88287|  987.55|       7.08|     179.72|        35|           56|            0|        4.2|      133.3|                    14.3|                   392.0|
[2023-04-05T19:00:53.198-0400] {subprocess.py:93} INFO - |      147691|39.962215| -83.07883|  982.97|      29.42|      28.59|       100|           70|            0|      20.27|      20.55|                    53.8|                    53.2|
[2023-04-05T19:00:53.198-0400] {subprocess.py:93} INFO - |      120351|40.170296| -82.77792|  973.91|      15.89|        9.7|        49|           78|            0|       7.79|       5.63|                    null|                    null|
[2023-04-05T19:00:53.199-0400] {subprocess.py:93} INFO - |      158823|39.878136| -83.08927|  987.82|       8.64|      11.11|        72|           68|            0|        5.5|       7.36|                    19.5|                    23.0|
[2023-04-05T19:00:53.199-0400] {subprocess.py:93} INFO - |      142906|39.839783| -83.07625|    null|       3.51|      23.19|      null|         null|            0|       1.71|       14.2|                     7.5|                    40.5|
[2023-04-05T19:00:53.199-0400] {subprocess.py:93} INFO - |      133099| 40.00742| -83.05926|  987.57|        0.0|       0.13|        69|           67|            0|        0.0|        0.0|                    null|                    null|
[2023-04-05T19:00:53.199-0400] {subprocess.py:93} INFO - |      103358|40.030293| -83.02833|  989.83|       3.33|       3.95|       100|           66|            0|       1.55|       2.36|                     7.3|                     8.6|
[2023-04-05T19:00:53.199-0400] {subprocess.py:93} INFO - |      158823|39.878136| -83.08927|  987.82|       8.64|      11.11|        72|           68|            0|        5.5|       7.36|                    19.5|                    23.0|
[2023-04-05T19:00:53.199-0400] {subprocess.py:93} INFO - |        null|     null|      null|    null|       null|       null|      null|         null|         null|       null|       null|                    null|                    null|
[2023-04-05T19:00:53.200-0400] {subprocess.py:93} INFO - |      128591|39.933132| -82.96611|  991.18|       3.02|       4.33|        78|           66|            0|       1.36|       2.02|                     6.9|                     8.1|
[2023-04-05T19:00:53.200-0400] {subprocess.py:93} INFO - |      131379| 39.96028|-83.006294|  992.38|       4.61|       4.33|        70|           67|            0|       2.37|       2.18|                     9.9|                     9.2|
[2023-04-05T19:00:53.200-0400] {subprocess.py:93} INFO - +------------+---------+----------+--------+-----------+-----------+----------+-------------+-------------+-----------+-----------+------------------------+------------------------+
[2023-04-05T19:00:53.200-0400] {subprocess.py:93} INFO - 
[2023-04-05T19:00:53.200-0400] {subprocess.py:93} INFO - +------------+---------+----------+--------+-----------+-----------+----------+-------------+-------------+-----------+-----------+------------------------+------------------------+
[2023-04-05T19:00:53.201-0400] {subprocess.py:93} INFO - |sensor_index| latitude| longitude|pressure|pm2_5_atm_a|pm2_5_atm_b|humidity_a|temperature_a|location_type|pm1_0_atm_a|pm1_0_atm_b|scattering_coefficient_a|scattering_coefficient_b|
[2023-04-05T19:00:53.201-0400] {subprocess.py:93} INFO - +------------+---------+----------+--------+-----------+-----------+----------+-------------+-------------+-----------+-----------+------------------------+------------------------+
[2023-04-05T19:00:53.201-0400] {subprocess.py:93} INFO - |      128679|40.070442| -83.01968|  642.66|       24.9|      25.62|        51|           72|            0|      15.33|      14.29|                    38.4|                    35.6|
[2023-04-05T19:00:53.201-0400] {subprocess.py:93} INFO - |       42145|40.045116|  -82.9947|  986.74|       3.92|       4.18|        72|           68|            0|       2.25|       2.26|                     8.9|                     8.5|
[2023-04-05T19:00:53.201-0400] {subprocess.py:93} INFO - |      103092| 40.10328| -83.04084|  987.61|       2.91|       2.68|        73|           66|            0|       1.79|       1.67|                     6.3|                     6.4|
[2023-04-05T19:00:53.202-0400] {subprocess.py:93} INFO - |       33861|40.021294|-82.990456|  986.75|       3.95|       3.96|        77|           65|            0|       1.95|       2.36|                     6.7|                     8.7|
[2023-04-05T19:00:53.203-0400] {subprocess.py:93} INFO - |       72009|40.057014| -83.00535|  986.79|       3.48|       2.25|        67|           68|            0|       2.22|       1.36|                     8.1|                     8.9|
[2023-04-05T19:00:53.203-0400] {subprocess.py:93} INFO - |      149716|39.974773| -82.88287|  987.55|       7.08|     179.72|        35|           56|            0|        4.2|      133.3|                    14.3|                   392.0|
[2023-04-05T19:00:53.203-0400] {subprocess.py:93} INFO - |      147691|39.962215| -83.07883|  982.97|      29.42|      28.59|       100|           70|            0|      20.27|      20.55|                    53.8|                    53.2|
[2023-04-05T19:00:53.203-0400] {subprocess.py:93} INFO - |      120351|40.170296| -82.77792|  973.91|      15.89|        9.7|        49|           78|            0|       7.79|       5.63|                    null|                    null|
[2023-04-05T19:00:53.203-0400] {subprocess.py:93} INFO - |      158823|39.878136| -83.08927|  987.82|       8.64|      11.11|        72|           68|            0|        5.5|       7.36|                    19.5|                    23.0|
[2023-04-05T19:00:53.203-0400] {subprocess.py:93} INFO - |      142906|39.839783| -83.07625|    null|       3.51|      23.19|      null|         null|            0|       1.71|       14.2|                     7.5|                    40.5|
[2023-04-05T19:00:53.204-0400] {subprocess.py:93} INFO - |      133099| 40.00742| -83.05926|  987.57|        0.0|       0.13|        69|           67|            0|        0.0|        0.0|                    null|                    null|
[2023-04-05T19:00:53.204-0400] {subprocess.py:93} INFO - |      103358|40.030293| -83.02833|  989.83|       3.33|       3.95|       100|           66|            0|       1.55|       2.36|                     7.3|                     8.6|
[2023-04-05T19:00:53.204-0400] {subprocess.py:93} INFO - |      158823|39.878136| -83.08927|  987.82|       8.64|      11.11|        72|           68|            0|        5.5|       7.36|                    19.5|                    23.0|
[2023-04-05T19:00:53.204-0400] {subprocess.py:93} INFO - |        null|     null|      null|    null|       null|       null|      null|         null|         null|       null|       null|                    null|                    null|
[2023-04-05T19:00:53.204-0400] {subprocess.py:93} INFO - |      128591|39.933132| -82.96611|  991.18|       3.02|       4.33|        78|           66|            0|       1.36|       2.02|                     6.9|                     8.1|
[2023-04-05T19:00:53.205-0400] {subprocess.py:93} INFO - |      131379| 39.96028|-83.006294|  992.38|       4.61|       4.33|        70|           67|            0|       2.37|       2.18|                     9.9|                     9.2|
[2023-04-05T19:00:53.205-0400] {subprocess.py:93} INFO - +------------+---------+----------+--------+-----------+-----------+----------+-------------+-------------+-----------+-----------+------------------------+------------------------+
[2023-04-05T19:00:53.205-0400] {subprocess.py:93} INFO - 
[2023-04-05T19:00:53.205-0400] {subprocess.py:93} INFO - Writing to CSV file named sensors.csv
[2023-04-05T19:00:53.205-0400] {subprocess.py:93} INFO - Loading the pre-trained Regression Models
[2023-04-05T19:00:53.205-0400] {subprocess.py:93} INFO - Linear Regression Predictions:
[2023-04-05T19:00:53.206-0400] {subprocess.py:93} INFO - 85.827470238665
[2023-04-05T19:00:53.206-0400] {subprocess.py:93} INFO - 56.12532929961549
[2023-04-05T19:00:53.206-0400] {subprocess.py:93} INFO - 55.0295213784686
[2023-04-05T19:00:53.206-0400] {subprocess.py:93} INFO - 55.84123318528255
[2023-04-05T19:00:53.206-0400] {subprocess.py:93} INFO - 55.60113790591839
[2023-04-05T19:00:53.207-0400] {subprocess.py:93} INFO - 64.68155058533915
[2023-04-05T19:00:53.207-0400] {subprocess.py:93} INFO - 101.42064696103685
[2023-04-05T19:00:53.207-0400] {subprocess.py:93} INFO - 63.89588656703271
[2023-04-05T19:00:53.207-0400] {subprocess.py:93} INFO - 57.506123392836834
[2023-04-05T19:00:53.207-0400] {subprocess.py:93} INFO - 63.89588656703271
[2023-04-05T19:00:53.207-0400] {subprocess.py:93} INFO - 54.6165215298816
[2023-04-05T19:00:53.208-0400] {subprocess.py:93} INFO - 56.13820169337986
[2023-04-05T19:00:53.208-0400] {subprocess.py:93} INFO - Random Forest Regression Predictions:
[2023-04-05T19:00:53.208-0400] {subprocess.py:93} INFO - 50.5712
[2023-04-05T19:00:53.208-0400] {subprocess.py:93} INFO - 55.93130000000001
[2023-04-05T19:00:53.208-0400] {subprocess.py:93} INFO - 55.93680000000001
[2023-04-05T19:00:53.208-0400] {subprocess.py:93} INFO - 56.205700000000014
[2023-04-05T19:00:53.209-0400] {subprocess.py:93} INFO - 55.67820000000002
[2023-04-05T19:00:53.209-0400] {subprocess.py:93} INFO - 48.64320000000002
[2023-04-05T19:00:53.209-0400] {subprocess.py:93} INFO - 47.86940000000001
[2023-04-05T19:00:53.209-0400] {subprocess.py:93} INFO - 58.0982
[2023-04-05T19:00:53.209-0400] {subprocess.py:93} INFO - 55.456800000000015
[2023-04-05T19:00:53.210-0400] {subprocess.py:93} INFO - 58.0982
[2023-04-05T19:00:53.210-0400] {subprocess.py:93} INFO - 53.816600000000015
[2023-04-05T19:00:53.210-0400] {subprocess.py:93} INFO - 56.56880000000001
[2023-04-05T19:00:53.210-0400] {subprocess.py:93} INFO - Linear Regression Predictions:
[2023-04-05T19:00:53.210-0400] {subprocess.py:93} INFO - +------------------+
[2023-04-05T19:00:53.210-0400] {subprocess.py:93} INFO - |        prediction|
[2023-04-05T19:00:53.211-0400] {subprocess.py:93} INFO - +------------------+
[2023-04-05T19:00:53.211-0400] {subprocess.py:93} INFO - |   85.827470238665|
[2023-04-05T19:00:53.211-0400] {subprocess.py:93} INFO - | 56.12532929961549|
[2023-04-05T19:00:53.211-0400] {subprocess.py:93} INFO - |  55.0295213784686|
[2023-04-05T19:00:53.211-0400] {subprocess.py:93} INFO - | 55.84123318528255|
[2023-04-05T19:00:53.212-0400] {subprocess.py:93} INFO - | 55.60113790591839|
[2023-04-05T19:00:53.212-0400] {subprocess.py:93} INFO - | 64.68155058533915|
[2023-04-05T19:00:53.212-0400] {subprocess.py:93} INFO - |101.42064696103685|
[2023-04-05T19:00:53.212-0400] {subprocess.py:93} INFO - | 63.89588656703271|
[2023-04-05T19:00:53.212-0400] {subprocess.py:93} INFO - |57.506123392836834|
[2023-04-05T19:00:53.212-0400] {subprocess.py:93} INFO - | 63.89588656703271|
[2023-04-05T19:00:53.213-0400] {subprocess.py:93} INFO - |  54.6165215298816|
[2023-04-05T19:00:53.213-0400] {subprocess.py:93} INFO - | 56.13820169337986|
[2023-04-05T19:00:53.213-0400] {subprocess.py:93} INFO - +------------------+
[2023-04-05T19:00:53.213-0400] {subprocess.py:93} INFO - 
[2023-04-05T19:00:53.213-0400] {subprocess.py:93} INFO - Random Forest Regression Predictions:
[2023-04-05T19:00:53.213-0400] {subprocess.py:93} INFO - +------------------+
[2023-04-05T19:00:53.214-0400] {subprocess.py:93} INFO - |        prediction|
[2023-04-05T19:00:53.214-0400] {subprocess.py:93} INFO - +------------------+
[2023-04-05T19:00:53.214-0400] {subprocess.py:93} INFO - |           50.5712|
[2023-04-05T19:00:53.214-0400] {subprocess.py:93} INFO - | 55.93130000000001|
[2023-04-05T19:00:53.214-0400] {subprocess.py:93} INFO - | 55.93680000000001|
[2023-04-05T19:00:53.215-0400] {subprocess.py:93} INFO - |56.205700000000014|
[2023-04-05T19:00:53.215-0400] {subprocess.py:93} INFO - | 55.67820000000002|
[2023-04-05T19:00:53.215-0400] {subprocess.py:93} INFO - | 48.64320000000002|
[2023-04-05T19:00:53.215-0400] {subprocess.py:93} INFO - | 47.86940000000001|
[2023-04-05T19:00:53.215-0400] {subprocess.py:93} INFO - |           58.0982|
[2023-04-05T19:00:53.215-0400] {subprocess.py:93} INFO - |55.456800000000015|
[2023-04-05T19:00:53.216-0400] {subprocess.py:93} INFO - |           58.0982|
[2023-04-05T19:00:53.216-0400] {subprocess.py:93} INFO - |53.816600000000015|
[2023-04-05T19:00:53.216-0400] {subprocess.py:93} INFO - | 56.56880000000001|
[2023-04-05T19:00:53.216-0400] {subprocess.py:93} INFO - +------------------+
[2023-04-05T19:00:53.216-0400] {subprocess.py:93} INFO - 
[2023-04-05T19:00:53.217-0400] {subprocess.py:93} INFO - End of spark session
[2023-04-05T19:00:53.748-0400] {subprocess.py:97} INFO - Command exited with return code 0
[2023-04-05T19:00:53.766-0400] {taskinstance.py:1326} INFO - Marking task as SUCCESS. dag_id=air_quality_pipeline, task_id=run_consumer, execution_date=20230405T225949, start_date=20230405T230033, end_date=20230405T230053
[2023-04-05T19:00:53.776-0400] {local_task_job.py:212} INFO - Task exited with return code 0
[2023-04-05T19:00:53.787-0400] {taskinstance.py:2585} INFO - 0 downstream tasks scheduled from follow-on schedule check
