[2023-03-28T14:50:01.639-0400] {taskinstance.py:1084} INFO - Dependencies all met for dep_context=non-requeueable deps ti=<TaskInstance: air_quality_pipeline.run_consumer manual__2023-03-28T18:49:35.196312+00:00 [queued]>
[2023-03-28T14:50:01.647-0400] {taskinstance.py:1084} INFO - Dependencies all met for dep_context=requeueable deps ti=<TaskInstance: air_quality_pipeline.run_consumer manual__2023-03-28T18:49:35.196312+00:00 [queued]>
[2023-03-28T14:50:01.647-0400] {taskinstance.py:1282} INFO - 
--------------------------------------------------------------------------------
[2023-03-28T14:50:01.647-0400] {taskinstance.py:1283} INFO - Starting attempt 1 of 2
[2023-03-28T14:50:01.647-0400] {taskinstance.py:1284} INFO - 
--------------------------------------------------------------------------------
[2023-03-28T14:50:01.654-0400] {taskinstance.py:1303} INFO - Executing <Task(BashOperator): run_consumer> on 2023-03-28 18:49:35.196312+00:00
[2023-03-28T14:50:01.661-0400] {standard_task_runner.py:55} INFO - Started process 48717 to run task
[2023-03-28T14:50:01.665-0400] {standard_task_runner.py:82} INFO - Running: ['airflow', 'tasks', 'run', 'air_quality_pipeline', 'run_consumer', 'manual__2023-03-28T18:49:35.196312+00:00', '--job-id', '58', '--raw', '--subdir', 'DAGS_FOLDER/__pycache__/pipeline.py', '--cfg-path', '/var/folders/8z/pwbx6b3n3mnd1g1f397fv1100000gn/T/tmph0wor6xw']
[2023-03-28T14:50:01.667-0400] {standard_task_runner.py:83} INFO - Job 58: Subtask run_consumer
[2023-03-28T14:50:01.717-0400] {task_command.py:388} INFO - Running <TaskInstance: air_quality_pipeline.run_consumer manual__2023-03-28T18:49:35.196312+00:00 [running]> on host srivardhans-air.starry-inc.net
[2023-03-28T14:50:01.758-0400] {taskinstance.py:1511} INFO - Exporting the following env vars:
AIRFLOW_CTX_DAG_OWNER=yourname
AIRFLOW_CTX_DAG_ID=air_quality_pipeline
AIRFLOW_CTX_TASK_ID=run_consumer
AIRFLOW_CTX_EXECUTION_DATE=2023-03-28T18:49:35.196312+00:00
AIRFLOW_CTX_TRY_NUMBER=1
AIRFLOW_CTX_DAG_RUN_ID=manual__2023-03-28T18:49:35.196312+00:00
[2023-03-28T14:50:01.759-0400] {subprocess.py:63} INFO - Tmp dir root location: 
 /var/folders/8z/pwbx6b3n3mnd1g1f397fv1100000gn/T
[2023-03-28T14:50:01.760-0400] {subprocess.py:75} INFO - Running command: ['/bin/bash', '-c', 'python3 "/Users/srivardhan/Desktop/Masters/Masters Project/Kafka Implementation/kafka-pipeline-examples/producer-consumer/consumer.py"']
[2023-03-28T14:50:01.776-0400] {subprocess.py:86} INFO - Output:
[2023-03-28T14:50:24.493-0400] {subprocess.py:93} INFO - 23/03/28 14:50:24 WARN NativeCodeLoader: Unable to load native-hadoop library for your platform... using builtin-java classes where applicable
[2023-03-28T14:50:24.596-0400] {subprocess.py:93} INFO - Using Spark's default log4j profile: org/apache/spark/log4j-defaults.properties
[2023-03-28T14:50:24.597-0400] {subprocess.py:93} INFO - Setting default log level to "WARN".
[2023-03-28T14:50:24.597-0400] {subprocess.py:93} INFO - To adjust logging level use sc.setLogLevel(newLevel). For SparkR, use setLogLevel(newLevel).
[2023-03-28T14:50:27.685-0400] {subprocess.py:93} INFO - [Stage 0:>                                                          (0 + 8) / 8]                                                                                23/03/28 14:50:27 WARN Utils: Truncated the string representation of a plan since it was too large. This behavior can be adjusted by setting 'spark.debug.maxToStringFields' in SparkEnv.conf.
[2023-03-28T14:50:28.859-0400] {subprocess.py:93} INFO - 23/03/28 14:50:28 WARN TaskSetManager: Stage 10 contains a task of very large size (111 KB). The maximum recommended task size is 100 KB.
[2023-03-28T14:50:29.119-0400] {subprocess.py:93} INFO - Connecting to consumer ...
[2023-03-28T14:50:29.120-0400] {subprocess.py:93} INFO - Start of kafka session
[2023-03-28T14:50:29.120-0400] {subprocess.py:93} INFO - No messages received, stopping consumer
[2023-03-28T14:50:29.121-0400] {subprocess.py:93} INFO - Start of spark session
[2023-03-28T14:50:29.121-0400] {subprocess.py:93} INFO - Start of spark session
[2023-03-28T14:50:29.121-0400] {subprocess.py:93} INFO - root
[2023-03-28T14:50:29.121-0400] {subprocess.py:93} INFO -  |-- _corrupt_record: string (nullable = true)
[2023-03-28T14:50:29.121-0400] {subprocess.py:93} INFO -  |-- api_version: string (nullable = true)
[2023-03-28T14:50:29.122-0400] {subprocess.py:93} INFO -  |-- data_time_stamp: long (nullable = true)
[2023-03-28T14:50:29.122-0400] {subprocess.py:93} INFO -  |-- sensor: struct (nullable = true)
[2023-03-28T14:50:29.122-0400] {subprocess.py:93} INFO -  |    |-- 0.3_um_count: long (nullable = true)
[2023-03-28T14:50:29.122-0400] {subprocess.py:93} INFO -  |    |-- 0.3_um_count_a: long (nullable = true)
[2023-03-28T14:50:29.122-0400] {subprocess.py:93} INFO -  |    |-- 0.3_um_count_b: long (nullable = true)
[2023-03-28T14:50:29.123-0400] {subprocess.py:93} INFO -  |    |-- 0.5_um_count: long (nullable = true)
[2023-03-28T14:50:29.123-0400] {subprocess.py:93} INFO -  |    |-- 0.5_um_count_a: long (nullable = true)
[2023-03-28T14:50:29.123-0400] {subprocess.py:93} INFO -  |    |-- 0.5_um_count_b: long (nullable = true)
[2023-03-28T14:50:29.123-0400] {subprocess.py:93} INFO -  |    |-- 1.0_um_count: long (nullable = true)
[2023-03-28T14:50:29.123-0400] {subprocess.py:93} INFO -  |    |-- 1.0_um_count_a: long (nullable = true)
[2023-03-28T14:50:29.124-0400] {subprocess.py:93} INFO -  |    |-- 1.0_um_count_b: long (nullable = true)
[2023-03-28T14:50:29.124-0400] {subprocess.py:93} INFO -  |    |-- 10.0_um_count: long (nullable = true)
[2023-03-28T14:50:29.124-0400] {subprocess.py:93} INFO -  |    |-- 10.0_um_count_a: long (nullable = true)
[2023-03-28T14:50:29.124-0400] {subprocess.py:93} INFO -  |    |-- 10.0_um_count_b: long (nullable = true)
[2023-03-28T14:50:29.125-0400] {subprocess.py:93} INFO -  |    |-- 2.5_um_count: long (nullable = true)
[2023-03-28T14:50:29.125-0400] {subprocess.py:93} INFO -  |    |-- 2.5_um_count_a: long (nullable = true)
[2023-03-28T14:50:29.125-0400] {subprocess.py:93} INFO -  |    |-- 2.5_um_count_b: long (nullable = true)
[2023-03-28T14:50:29.125-0400] {subprocess.py:93} INFO -  |    |-- 5.0_um_count: long (nullable = true)
[2023-03-28T14:50:29.125-0400] {subprocess.py:93} INFO -  |    |-- 5.0_um_count_a: long (nullable = true)
[2023-03-28T14:50:29.125-0400] {subprocess.py:93} INFO -  |    |-- 5.0_um_count_b: long (nullable = true)
[2023-03-28T14:50:29.126-0400] {subprocess.py:93} INFO -  |    |-- altitude: long (nullable = true)
[2023-03-28T14:50:29.126-0400] {subprocess.py:93} INFO -  |    |-- analog_input: double (nullable = true)
[2023-03-28T14:50:29.126-0400] {subprocess.py:93} INFO -  |    |-- channel_flags: long (nullable = true)
[2023-03-28T14:50:29.126-0400] {subprocess.py:93} INFO -  |    |-- channel_flags_auto: long (nullable = true)
[2023-03-28T14:50:29.126-0400] {subprocess.py:93} INFO -  |    |-- channel_flags_manual: long (nullable = true)
[2023-03-28T14:50:29.127-0400] {subprocess.py:93} INFO -  |    |-- channel_state: long (nullable = true)
[2023-03-28T14:50:29.127-0400] {subprocess.py:93} INFO -  |    |-- confidence: long (nullable = true)
[2023-03-28T14:50:29.127-0400] {subprocess.py:93} INFO -  |    |-- confidence_auto: long (nullable = true)
[2023-03-28T14:50:29.127-0400] {subprocess.py:93} INFO -  |    |-- confidence_manual: long (nullable = true)
[2023-03-28T14:50:29.127-0400] {subprocess.py:93} INFO -  |    |-- date_created: long (nullable = true)
[2023-03-28T14:50:29.127-0400] {subprocess.py:93} INFO -  |    |-- deciviews: double (nullable = true)
[2023-03-28T14:50:29.128-0400] {subprocess.py:93} INFO -  |    |-- deciviews_a: double (nullable = true)
[2023-03-28T14:50:29.128-0400] {subprocess.py:93} INFO -  |    |-- deciviews_b: double (nullable = true)
[2023-03-28T14:50:29.128-0400] {subprocess.py:93} INFO -  |    |-- firmware_version: string (nullable = true)
[2023-03-28T14:50:29.128-0400] {subprocess.py:93} INFO -  |    |-- hardware: string (nullable = true)
[2023-03-28T14:50:29.128-0400] {subprocess.py:93} INFO -  |    |-- humidity: long (nullable = true)
[2023-03-28T14:50:29.129-0400] {subprocess.py:93} INFO -  |    |-- humidity_a: long (nullable = true)
[2023-03-28T14:50:29.129-0400] {subprocess.py:93} INFO -  |    |-- icon: long (nullable = true)
[2023-03-28T14:50:29.129-0400] {subprocess.py:93} INFO -  |    |-- is_owner: long (nullable = true)
[2023-03-28T14:50:29.129-0400] {subprocess.py:93} INFO -  |    |-- last_modified: long (nullable = true)
[2023-03-28T14:50:29.129-0400] {subprocess.py:93} INFO -  |    |-- last_seen: long (nullable = true)
[2023-03-28T14:50:29.129-0400] {subprocess.py:93} INFO -  |    |-- latitude: double (nullable = true)
[2023-03-28T14:50:29.130-0400] {subprocess.py:93} INFO -  |    |-- led_brightness: long (nullable = true)
[2023-03-28T14:50:29.130-0400] {subprocess.py:93} INFO -  |    |-- location_type: long (nullable = true)
[2023-03-28T14:50:29.130-0400] {subprocess.py:93} INFO -  |    |-- longitude: double (nullable = true)
[2023-03-28T14:50:29.130-0400] {subprocess.py:93} INFO -  |    |-- memory: long (nullable = true)
[2023-03-28T14:50:29.130-0400] {subprocess.py:93} INFO -  |    |-- model: string (nullable = true)
[2023-03-28T14:50:29.131-0400] {subprocess.py:93} INFO -  |    |-- name: string (nullable = true)
[2023-03-28T14:50:29.131-0400] {subprocess.py:93} INFO -  |    |-- pa_latency: long (nullable = true)
[2023-03-28T14:50:29.131-0400] {subprocess.py:93} INFO -  |    |-- pm1.0: double (nullable = true)
[2023-03-28T14:50:29.131-0400] {subprocess.py:93} INFO -  |    |-- pm1.0_a: double (nullable = true)
[2023-03-28T14:50:29.131-0400] {subprocess.py:93} INFO -  |    |-- pm1.0_atm: double (nullable = true)
[2023-03-28T14:50:29.131-0400] {subprocess.py:93} INFO -  |    |-- pm1.0_atm_a: double (nullable = true)
[2023-03-28T14:50:29.132-0400] {subprocess.py:93} INFO -  |    |-- pm1.0_atm_b: double (nullable = true)
[2023-03-28T14:50:29.132-0400] {subprocess.py:93} INFO -  |    |-- pm1.0_b: double (nullable = true)
[2023-03-28T14:50:29.132-0400] {subprocess.py:93} INFO -  |    |-- pm1.0_cf_1: double (nullable = true)
[2023-03-28T14:50:29.132-0400] {subprocess.py:93} INFO -  |    |-- pm1.0_cf_1_a: double (nullable = true)
[2023-03-28T14:50:29.132-0400] {subprocess.py:93} INFO -  |    |-- pm1.0_cf_1_b: double (nullable = true)
[2023-03-28T14:50:29.133-0400] {subprocess.py:93} INFO -  |    |-- pm10.0: double (nullable = true)
[2023-03-28T14:50:29.133-0400] {subprocess.py:93} INFO -  |    |-- pm10.0_a: double (nullable = true)
[2023-03-28T14:50:29.133-0400] {subprocess.py:93} INFO -  |    |-- pm10.0_atm: double (nullable = true)
[2023-03-28T14:50:29.133-0400] {subprocess.py:93} INFO -  |    |-- pm10.0_atm_a: double (nullable = true)
[2023-03-28T14:50:29.133-0400] {subprocess.py:93} INFO -  |    |-- pm10.0_atm_b: double (nullable = true)
[2023-03-28T14:50:29.133-0400] {subprocess.py:93} INFO -  |    |-- pm10.0_b: double (nullable = true)
[2023-03-28T14:50:29.134-0400] {subprocess.py:93} INFO -  |    |-- pm10.0_cf_1: double (nullable = true)
[2023-03-28T14:50:29.134-0400] {subprocess.py:93} INFO -  |    |-- pm10.0_cf_1_a: double (nullable = true)
[2023-03-28T14:50:29.134-0400] {subprocess.py:93} INFO -  |    |-- pm10.0_cf_1_b: double (nullable = true)
[2023-03-28T14:50:29.134-0400] {subprocess.py:93} INFO -  |    |-- pm2.5: double (nullable = true)
[2023-03-28T14:50:29.134-0400] {subprocess.py:93} INFO -  |    |-- pm2.5_a: double (nullable = true)
[2023-03-28T14:50:29.135-0400] {subprocess.py:93} INFO -  |    |-- pm2.5_alt: double (nullable = true)
[2023-03-28T14:50:29.135-0400] {subprocess.py:93} INFO -  |    |-- pm2.5_alt_a: double (nullable = true)
[2023-03-28T14:50:29.135-0400] {subprocess.py:93} INFO -  |    |-- pm2.5_alt_b: double (nullable = true)
[2023-03-28T14:50:29.135-0400] {subprocess.py:93} INFO -  |    |-- pm2.5_atm: double (nullable = true)
[2023-03-28T14:50:29.135-0400] {subprocess.py:93} INFO -  |    |-- pm2.5_atm_a: double (nullable = true)
[2023-03-28T14:50:29.135-0400] {subprocess.py:93} INFO -  |    |-- pm2.5_atm_b: double (nullable = true)
[2023-03-28T14:50:29.136-0400] {subprocess.py:93} INFO -  |    |-- pm2.5_b: double (nullable = true)
[2023-03-28T14:50:29.136-0400] {subprocess.py:93} INFO -  |    |-- pm2.5_cf_1: double (nullable = true)
[2023-03-28T14:50:29.136-0400] {subprocess.py:93} INFO -  |    |-- pm2.5_cf_1_a: double (nullable = true)
[2023-03-28T14:50:29.136-0400] {subprocess.py:93} INFO -  |    |-- pm2.5_cf_1_b: double (nullable = true)
[2023-03-28T14:50:29.136-0400] {subprocess.py:93} INFO -  |    |-- position_rating: long (nullable = true)
[2023-03-28T14:50:29.136-0400] {subprocess.py:93} INFO -  |    |-- pressure: double (nullable = true)
[2023-03-28T14:50:29.137-0400] {subprocess.py:93} INFO -  |    |-- pressure_a: double (nullable = true)
[2023-03-28T14:50:29.137-0400] {subprocess.py:93} INFO -  |    |-- primary_id_a: long (nullable = true)
[2023-03-28T14:50:29.137-0400] {subprocess.py:93} INFO -  |    |-- primary_id_b: long (nullable = true)
[2023-03-28T14:50:29.137-0400] {subprocess.py:93} INFO -  |    |-- primary_key_a: string (nullable = true)
[2023-03-28T14:50:29.137-0400] {subprocess.py:93} INFO -  |    |-- primary_key_b: string (nullable = true)
[2023-03-28T14:50:29.138-0400] {subprocess.py:93} INFO -  |    |-- private: long (nullable = true)
[2023-03-28T14:50:29.138-0400] {subprocess.py:93} INFO -  |    |-- rssi: long (nullable = true)
[2023-03-28T14:50:29.138-0400] {subprocess.py:93} INFO -  |    |-- scattering_coefficient: double (nullable = true)
[2023-03-28T14:50:29.138-0400] {subprocess.py:93} INFO -  |    |-- scattering_coefficient_a: double (nullable = true)
[2023-03-28T14:50:29.138-0400] {subprocess.py:93} INFO -  |    |-- scattering_coefficient_b: double (nullable = true)
[2023-03-28T14:50:29.138-0400] {subprocess.py:93} INFO -  |    |-- secondary_id_a: long (nullable = true)
[2023-03-28T14:50:29.139-0400] {subprocess.py:93} INFO -  |    |-- secondary_id_b: long (nullable = true)
[2023-03-28T14:50:29.139-0400] {subprocess.py:93} INFO -  |    |-- secondary_key_a: string (nullable = true)
[2023-03-28T14:50:29.139-0400] {subprocess.py:93} INFO -  |    |-- secondary_key_b: string (nullable = true)
[2023-03-28T14:50:29.139-0400] {subprocess.py:93} INFO -  |    |-- sensor_index: long (nullable = true)
[2023-03-28T14:50:29.139-0400] {subprocess.py:93} INFO -  |    |-- stats: struct (nullable = true)
[2023-03-28T14:50:29.140-0400] {subprocess.py:93} INFO -  |    |    |-- pm2.5: double (nullable = true)
[2023-03-28T14:50:29.140-0400] {subprocess.py:93} INFO -  |    |    |-- pm2.5_10minute: double (nullable = true)
[2023-03-28T14:50:29.140-0400] {subprocess.py:93} INFO -  |    |    |-- pm2.5_1week: double (nullable = true)
[2023-03-28T14:50:29.141-0400] {subprocess.py:93} INFO -  |    |    |-- pm2.5_24hour: double (nullable = true)
[2023-03-28T14:50:29.141-0400] {subprocess.py:93} INFO -  |    |    |-- pm2.5_30minute: double (nullable = true)
[2023-03-28T14:50:29.141-0400] {subprocess.py:93} INFO -  |    |    |-- pm2.5_60minute: double (nullable = true)
[2023-03-28T14:50:29.141-0400] {subprocess.py:93} INFO -  |    |    |-- pm2.5_6hour: double (nullable = true)
[2023-03-28T14:50:29.141-0400] {subprocess.py:93} INFO -  |    |    |-- time_stamp: long (nullable = true)
[2023-03-28T14:50:29.142-0400] {subprocess.py:93} INFO -  |    |-- stats_a: struct (nullable = true)
[2023-03-28T14:50:29.142-0400] {subprocess.py:93} INFO -  |    |    |-- pm2.5: double (nullable = true)
[2023-03-28T14:50:29.142-0400] {subprocess.py:93} INFO -  |    |    |-- pm2.5_10minute: double (nullable = true)
[2023-03-28T14:50:29.142-0400] {subprocess.py:93} INFO -  |    |    |-- pm2.5_1week: double (nullable = true)
[2023-03-28T14:50:29.142-0400] {subprocess.py:93} INFO -  |    |    |-- pm2.5_24hour: double (nullable = true)
[2023-03-28T14:50:29.142-0400] {subprocess.py:93} INFO -  |    |    |-- pm2.5_30minute: double (nullable = true)
[2023-03-28T14:50:29.143-0400] {subprocess.py:93} INFO -  |    |    |-- pm2.5_60minute: double (nullable = true)
[2023-03-28T14:50:29.143-0400] {subprocess.py:93} INFO -  |    |    |-- pm2.5_6hour: double (nullable = true)
[2023-03-28T14:50:29.143-0400] {subprocess.py:93} INFO -  |    |    |-- time_stamp: long (nullable = true)
[2023-03-28T14:50:29.143-0400] {subprocess.py:93} INFO -  |    |-- stats_b: struct (nullable = true)
[2023-03-28T14:50:29.143-0400] {subprocess.py:93} INFO -  |    |    |-- pm2.5: double (nullable = true)
[2023-03-28T14:50:29.144-0400] {subprocess.py:93} INFO -  |    |    |-- pm2.5_10minute: double (nullable = true)
[2023-03-28T14:50:29.144-0400] {subprocess.py:93} INFO -  |    |    |-- pm2.5_1week: double (nullable = true)
[2023-03-28T14:50:29.144-0400] {subprocess.py:93} INFO -  |    |    |-- pm2.5_24hour: double (nullable = true)
[2023-03-28T14:50:29.144-0400] {subprocess.py:93} INFO -  |    |    |-- pm2.5_30minute: double (nullable = true)
[2023-03-28T14:50:29.144-0400] {subprocess.py:93} INFO -  |    |    |-- pm2.5_60minute: double (nullable = true)
[2023-03-28T14:50:29.145-0400] {subprocess.py:93} INFO -  |    |    |-- pm2.5_6hour: double (nullable = true)
[2023-03-28T14:50:29.145-0400] {subprocess.py:93} INFO -  |    |    |-- time_stamp: long (nullable = true)
[2023-03-28T14:50:29.145-0400] {subprocess.py:93} INFO -  |    |-- temperature: long (nullable = true)
[2023-03-28T14:50:29.145-0400] {subprocess.py:93} INFO -  |    |-- temperature_a: long (nullable = true)
[2023-03-28T14:50:29.145-0400] {subprocess.py:93} INFO -  |    |-- uptime: long (nullable = true)
[2023-03-28T14:50:29.145-0400] {subprocess.py:93} INFO -  |    |-- visual_range: double (nullable = true)
[2023-03-28T14:50:29.146-0400] {subprocess.py:93} INFO -  |    |-- visual_range_a: double (nullable = true)
[2023-03-28T14:50:29.146-0400] {subprocess.py:93} INFO -  |    |-- visual_range_b: double (nullable = true)
[2023-03-28T14:50:29.146-0400] {subprocess.py:93} INFO -  |-- time_stamp: long (nullable = true)
[2023-03-28T14:50:29.146-0400] {subprocess.py:93} INFO - 
[2023-03-28T14:50:29.146-0400] {subprocess.py:93} INFO - +---------------+--------------+---------------+--------------------+----------+
[2023-03-28T14:50:29.147-0400] {subprocess.py:93} INFO - |_corrupt_record|   api_version|data_time_stamp|              sensor|time_stamp|
[2023-03-28T14:50:29.147-0400] {subprocess.py:93} INFO - +---------------+--------------+---------------+--------------------+----------+
[2023-03-28T14:50:29.147-0400] {subprocess.py:93} INFO - |           null|V1.0.11-0.0.42|     1680029186|[2467, 2562, 2373...|1680029238|
[2023-03-28T14:50:29.147-0400] {subprocess.py:93} INFO - |           null|V1.0.11-0.0.42|     1680029228|[801, 800, 803, 2...|1680029264|
[2023-03-28T14:50:29.147-0400] {subprocess.py:93} INFO - |           null|V1.0.11-0.0.42|     1680029228|[612, 592, 632, 1...|1680029265|
[2023-03-28T14:50:29.147-0400] {subprocess.py:93} INFO - |           null|V1.0.11-0.0.42|     1680029228|[663, 589, 738, 1...|1680029266|
[2023-03-28T14:50:29.148-0400] {subprocess.py:93} INFO - |           null|V1.0.11-0.0.42|     1680029215|[854, 867, 841, 2...|1680029267|
[2023-03-28T14:50:29.148-0400] {subprocess.py:93} INFO - |           null|V1.0.11-0.0.42|     1680029319|[2467, 2562, 2373...|1680029379|
[2023-03-28T14:50:29.148-0400] {subprocess.py:93} INFO - |           null|V1.0.11-0.0.42|     1680029350|[849, 853, 846, 2...|1680029380|
[2023-03-28T14:50:29.148-0400] {subprocess.py:93} INFO - |           null|V1.0.11-0.0.42|     1680029339|[565, 557, 573, 1...|1680029381|
[2023-03-28T14:50:29.148-0400] {subprocess.py:93} INFO - |           null|V1.0.11-0.0.42|     1680029350|[678, 627, 730, 1...|1680029383|
[2023-03-28T14:50:29.148-0400] {subprocess.py:93} INFO - |           null|V1.0.11-0.0.42|     1680029367|[977, 942, 1013, ...|1680029384|
[2023-03-28T14:50:29.149-0400] {subprocess.py:93} INFO - |           null|V1.0.11-0.0.42|     1680029350|[954, 954, 26135,...|1680029385|
[2023-03-28T14:50:29.149-0400] {subprocess.py:93} INFO - |           null|V1.0.11-0.0.42|     1680029339|[1034, 1026, 1043...|1680029386|
[2023-03-28T14:50:29.149-0400] {subprocess.py:93} INFO - |           null|V1.0.11-0.0.42|     1680029367|[266, 278, 255, 2...|1680029388|
[2023-03-28T14:50:29.149-0400] {subprocess.py:93} INFO - |           null|V1.0.11-0.0.42|     1680029339|[1075, 1015, 1135...|1680029389|
[2023-03-28T14:50:29.149-0400] {subprocess.py:93} INFO - |           null|V1.0.11-0.0.42|     1680029339|[2467, 2562, 2373...|1680029389|
[2023-03-28T14:50:29.150-0400] {subprocess.py:93} INFO - |           null|V1.0.11-0.0.42|     1680029379|[498, 498, 2701, ...|1680029390|
[2023-03-28T14:50:29.150-0400] {subprocess.py:93} INFO - |           null|V1.0.11-0.0.42|     1680029339|[849, 853, 846, 2...|1680029390|
[2023-03-28T14:50:29.150-0400] {subprocess.py:93} INFO - |           null|V1.0.11-0.0.42|     1680029379|[188, 179, 197, 1...|1680029392|
[2023-03-28T14:50:29.150-0400] {subprocess.py:93} INFO - |           null|V1.0.11-0.0.42|     1680029339|[565, 557, 573, 1...|1680029392|
[2023-03-28T14:50:29.150-0400] {subprocess.py:93} INFO - |           null|V1.0.11-0.0.42|     1680029339|[772, 728, 817, 2...|1680029393|
[2023-03-28T14:50:29.150-0400] {subprocess.py:93} INFO - +---------------+--------------+---------------+--------------------+----------+
[2023-03-28T14:50:29.151-0400] {subprocess.py:93} INFO - only showing top 20 rows
[2023-03-28T14:50:29.151-0400] {subprocess.py:93} INFO - 
[2023-03-28T14:50:29.151-0400] {subprocess.py:93} INFO - +------------+---------+----------+--------+-----------+-----------+----------+-------------+
[2023-03-28T14:50:29.151-0400] {subprocess.py:93} INFO - |sensor_index| latitude| longitude|pressure|pm2.5_atm_a|pm2.5_atm_b|humidity_a|temperature_a|
[2023-03-28T14:50:29.151-0400] {subprocess.py:93} INFO - +------------+---------+----------+--------+-----------+-----------+----------+-------------+
[2023-03-28T14:50:29.152-0400] {subprocess.py:93} INFO - |      128679|40.070442| -83.01968|  642.66|       24.9|      25.62|        51|           72|
[2023-03-28T14:50:29.152-0400] {subprocess.py:93} INFO - |       42145|40.045116|  -82.9947|  991.77|       6.03|       5.67|        29|           58|
[2023-03-28T14:50:29.152-0400] {subprocess.py:93} INFO - |      103092| 40.10328| -83.04084|  993.01|       3.55|       4.02|        25|           63|
[2023-03-28T14:50:29.152-0400] {subprocess.py:93} INFO - |       33861|40.021294|-82.990456|  991.65|       4.67|        5.0|        31|           59|
[2023-03-28T14:50:29.152-0400] {subprocess.py:93} INFO - |       72009|40.057014| -83.00535|  991.74|       5.61|       4.11|        30|           56|
[2023-03-28T14:50:29.152-0400] {subprocess.py:93} INFO - |      128679|40.070442| -83.01968|  642.66|       24.9|      25.62|        51|           72|
[2023-03-28T14:50:29.153-0400] {subprocess.py:93} INFO - |       42145|40.045116|  -82.9947|  991.71|        6.2|       5.92|        29|           58|
[2023-03-28T14:50:29.153-0400] {subprocess.py:93} INFO - |      103092| 40.10328| -83.04084|  992.97|       3.63|       3.84|        26|           63|
[2023-03-28T14:50:29.153-0400] {subprocess.py:93} INFO - |       33861|40.021294|-82.990456|  991.61|        4.9|       4.89|        31|           59|
[2023-03-28T14:50:29.153-0400] {subprocess.py:93} INFO - |       72009|40.057014| -83.00535|  991.77|        6.8|       6.34|        30|           56|
[2023-03-28T14:50:29.153-0400] {subprocess.py:93} INFO - |      149716|39.974773| -82.88287|  987.55|       7.08|     179.72|        35|           56|
[2023-03-28T14:50:29.154-0400] {subprocess.py:93} INFO - |      147691|39.962215| -83.07883|  993.78|       7.87|       7.38|        30|           55|
[2023-03-28T14:50:29.154-0400] {subprocess.py:93} INFO - |      120351|40.170296| -82.77792|  986.33|       1.39|       1.04|        31|           42|
[2023-03-28T14:50:29.154-0400] {subprocess.py:93} INFO - |      158823|39.878136| -83.08927|  993.38|       6.65|       7.36|        27|           61|
[2023-03-28T14:50:29.154-0400] {subprocess.py:93} INFO - |      128679|40.070442| -83.01968|  642.66|       24.9|      25.62|        51|           72|
[2023-03-28T14:50:29.154-0400] {subprocess.py:93} INFO - |      142906|39.839783| -83.07625|    null|       3.51|      23.19|      null|         null|
[2023-03-28T14:50:29.154-0400] {subprocess.py:93} INFO - |       42145|40.045116|  -82.9947|  991.71|        6.2|       5.92|        29|           58|
[2023-03-28T14:50:29.155-0400] {subprocess.py:93} INFO - |      133099| 40.00742| -83.05926|  992.73|       0.34|       0.78|        25|           63|
[2023-03-28T14:50:29.155-0400] {subprocess.py:93} INFO - |      103092| 40.10328| -83.04084|  992.97|       3.63|       3.84|        26|           63|
[2023-03-28T14:50:29.155-0400] {subprocess.py:93} INFO - |      103358|40.030293| -83.02833|  995.07|       5.34|       5.67|        32|           53|
[2023-03-28T14:50:29.155-0400] {subprocess.py:93} INFO - +------------+---------+----------+--------+-----------+-----------+----------+-------------+
[2023-03-28T14:50:29.155-0400] {subprocess.py:93} INFO - only showing top 20 rows
[2023-03-28T14:50:29.156-0400] {subprocess.py:93} INFO - 
[2023-03-28T14:50:29.156-0400] {subprocess.py:93} INFO - +------------+---------+----------+--------+-----------+-----------+----------+-------------+
[2023-03-28T14:50:29.156-0400] {subprocess.py:93} INFO - |sensor_index| latitude| longitude|pressure|pm2_5_atm_a|pm2_5_atm_b|humidity_a|temperature_a|
[2023-03-28T14:50:29.156-0400] {subprocess.py:93} INFO - +------------+---------+----------+--------+-----------+-----------+----------+-------------+
[2023-03-28T14:50:29.156-0400] {subprocess.py:93} INFO - |      128679|40.070442| -83.01968|  642.66|       24.9|      25.62|        51|           72|
[2023-03-28T14:50:29.156-0400] {subprocess.py:93} INFO - |       42145|40.045116|  -82.9947|  991.77|       6.03|       5.67|        29|           58|
[2023-03-28T14:50:29.157-0400] {subprocess.py:93} INFO - |      103092| 40.10328| -83.04084|  993.01|       3.55|       4.02|        25|           63|
[2023-03-28T14:50:29.157-0400] {subprocess.py:93} INFO - |       33861|40.021294|-82.990456|  991.65|       4.67|        5.0|        31|           59|
[2023-03-28T14:50:29.157-0400] {subprocess.py:93} INFO - |       72009|40.057014| -83.00535|  991.74|       5.61|       4.11|        30|           56|
[2023-03-28T14:50:29.157-0400] {subprocess.py:93} INFO - |      128679|40.070442| -83.01968|  642.66|       24.9|      25.62|        51|           72|
[2023-03-28T14:50:29.157-0400] {subprocess.py:93} INFO - |       42145|40.045116|  -82.9947|  991.71|        6.2|       5.92|        29|           58|
[2023-03-28T14:50:29.157-0400] {subprocess.py:93} INFO - |      103092| 40.10328| -83.04084|  992.97|       3.63|       3.84|        26|           63|
[2023-03-28T14:50:29.158-0400] {subprocess.py:93} INFO - |       33861|40.021294|-82.990456|  991.61|        4.9|       4.89|        31|           59|
[2023-03-28T14:50:29.158-0400] {subprocess.py:93} INFO - |       72009|40.057014| -83.00535|  991.77|        6.8|       6.34|        30|           56|
[2023-03-28T14:50:29.158-0400] {subprocess.py:93} INFO - |      149716|39.974773| -82.88287|  987.55|       7.08|     179.72|        35|           56|
[2023-03-28T14:50:29.158-0400] {subprocess.py:93} INFO - |      147691|39.962215| -83.07883|  993.78|       7.87|       7.38|        30|           55|
[2023-03-28T14:50:29.158-0400] {subprocess.py:93} INFO - |      120351|40.170296| -82.77792|  986.33|       1.39|       1.04|        31|           42|
[2023-03-28T14:50:29.159-0400] {subprocess.py:93} INFO - |      158823|39.878136| -83.08927|  993.38|       6.65|       7.36|        27|           61|
[2023-03-28T14:50:29.159-0400] {subprocess.py:93} INFO - |      128679|40.070442| -83.01968|  642.66|       24.9|      25.62|        51|           72|
[2023-03-28T14:50:29.159-0400] {subprocess.py:93} INFO - |      142906|39.839783| -83.07625|    null|       3.51|      23.19|      null|         null|
[2023-03-28T14:50:29.159-0400] {subprocess.py:93} INFO - |       42145|40.045116|  -82.9947|  991.71|        6.2|       5.92|        29|           58|
[2023-03-28T14:50:29.159-0400] {subprocess.py:93} INFO - |      133099| 40.00742| -83.05926|  992.73|       0.34|       0.78|        25|           63|
[2023-03-28T14:50:29.159-0400] {subprocess.py:93} INFO - |      103092| 40.10328| -83.04084|  992.97|       3.63|       3.84|        26|           63|
[2023-03-28T14:50:29.160-0400] {subprocess.py:93} INFO - |      103358|40.030293| -83.02833|  995.07|       5.34|       5.67|        32|           53|
[2023-03-28T14:50:29.160-0400] {subprocess.py:93} INFO - +------------+---------+----------+--------+-----------+-----------+----------+-------------+
[2023-03-28T14:50:29.160-0400] {subprocess.py:93} INFO - only showing top 20 rows
[2023-03-28T14:50:29.160-0400] {subprocess.py:93} INFO - 
[2023-03-28T14:50:29.160-0400] {subprocess.py:93} INFO - Writing to CSV file named sensors.csv
[2023-03-28T14:50:29.161-0400] {subprocess.py:93} INFO - End of spark session
[2023-03-28T14:50:29.669-0400] {subprocess.py:97} INFO - Command exited with return code 0
[2023-03-28T14:50:29.691-0400] {taskinstance.py:1326} INFO - Marking task as SUCCESS. dag_id=air_quality_pipeline, task_id=run_consumer, execution_date=20230328T184935, start_date=20230328T185001, end_date=20230328T185029
[2023-03-28T14:50:29.717-0400] {local_task_job.py:212} INFO - Task exited with return code 0
[2023-03-28T14:50:29.740-0400] {taskinstance.py:2585} INFO - 1 downstream tasks scheduled from follow-on schedule check
