[2023-03-27T18:33:10.024-0400] {taskinstance.py:1084} INFO - Dependencies all met for dep_context=non-requeueable deps ti=<TaskInstance: air_quality_pipeline.run_consumer manual__2023-03-27T22:32:44.126284+00:00 [queued]>
[2023-03-27T18:33:10.032-0400] {taskinstance.py:1084} INFO - Dependencies all met for dep_context=requeueable deps ti=<TaskInstance: air_quality_pipeline.run_consumer manual__2023-03-27T22:32:44.126284+00:00 [queued]>
[2023-03-27T18:33:10.032-0400] {taskinstance.py:1282} INFO - 
--------------------------------------------------------------------------------
[2023-03-27T18:33:10.032-0400] {taskinstance.py:1283} INFO - Starting attempt 1 of 2
[2023-03-27T18:33:10.032-0400] {taskinstance.py:1284} INFO - 
--------------------------------------------------------------------------------
[2023-03-27T18:33:10.039-0400] {taskinstance.py:1303} INFO - Executing <Task(BashOperator): run_consumer> on 2023-03-27 22:32:44.126284+00:00
[2023-03-27T18:33:10.048-0400] {standard_task_runner.py:55} INFO - Started process 10576 to run task
[2023-03-27T18:33:10.054-0400] {standard_task_runner.py:82} INFO - Running: ['airflow', 'tasks', 'run', 'air_quality_pipeline', 'run_consumer', 'manual__2023-03-27T22:32:44.126284+00:00', '--job-id', '33', '--raw', '--subdir', 'DAGS_FOLDER/__pycache__/pipeline.py', '--cfg-path', '/var/folders/8z/pwbx6b3n3mnd1g1f397fv1100000gn/T/tmpfioekpxp']
[2023-03-27T18:33:10.056-0400] {standard_task_runner.py:83} INFO - Job 33: Subtask run_consumer
[2023-03-27T18:33:10.101-0400] {task_command.py:388} INFO - Running <TaskInstance: air_quality_pipeline.run_consumer manual__2023-03-27T22:32:44.126284+00:00 [running]> on host srivardhans-air.starry-inc.net
[2023-03-27T18:33:10.143-0400] {taskinstance.py:1511} INFO - Exporting the following env vars:
AIRFLOW_CTX_DAG_OWNER=yourname
AIRFLOW_CTX_DAG_ID=air_quality_pipeline
AIRFLOW_CTX_TASK_ID=run_consumer
AIRFLOW_CTX_EXECUTION_DATE=2023-03-27T22:32:44.126284+00:00
AIRFLOW_CTX_TRY_NUMBER=1
AIRFLOW_CTX_DAG_RUN_ID=manual__2023-03-27T22:32:44.126284+00:00
[2023-03-27T18:33:10.145-0400] {subprocess.py:63} INFO - Tmp dir root location: 
 /var/folders/8z/pwbx6b3n3mnd1g1f397fv1100000gn/T
[2023-03-27T18:33:10.145-0400] {subprocess.py:75} INFO - Running command: ['/bin/bash', '-c', 'python3 "/Users/srivardhan/Desktop/Masters/Masters Project/Kafka Implementation/kafka-pipeline-examples/producer-consumer/consumer.py"']
[2023-03-27T18:33:10.162-0400] {subprocess.py:86} INFO - Output:
[2023-03-27T18:33:22.311-0400] {subprocess.py:93} INFO - 23/03/27 18:33:22 WARN NativeCodeLoader: Unable to load native-hadoop library for your platform... using builtin-java classes where applicable
[2023-03-27T18:33:22.396-0400] {subprocess.py:93} INFO - Using Spark's default log4j profile: org/apache/spark/log4j-defaults.properties
[2023-03-27T18:33:22.396-0400] {subprocess.py:93} INFO - Setting default log level to "WARN".
[2023-03-27T18:33:22.397-0400] {subprocess.py:93} INFO - To adjust logging level use sc.setLogLevel(newLevel). For SparkR, use setLogLevel(newLevel).
[2023-03-27T18:33:24.788-0400] {subprocess.py:93} INFO - [Stage 0:>                                                          (0 + 8) / 8]                                                                                23/03/27 18:33:24 WARN Utils: Truncated the string representation of a plan since it was too large. This behavior can be adjusted by setting 'spark.debug.maxToStringFields' in SparkEnv.conf.
[2023-03-27T18:33:25.856-0400] {subprocess.py:93} INFO - Connecting to consumer ...
[2023-03-27T18:33:25.858-0400] {subprocess.py:93} INFO - Start of kafka session
[2023-03-27T18:33:25.858-0400] {subprocess.py:93} INFO - No messages received, stopping consumer
[2023-03-27T18:33:25.858-0400] {subprocess.py:93} INFO - Start of spark session
[2023-03-27T18:33:25.858-0400] {subprocess.py:93} INFO - Start of spark session
[2023-03-27T18:33:25.858-0400] {subprocess.py:93} INFO - root
[2023-03-27T18:33:25.859-0400] {subprocess.py:93} INFO -  |-- _corrupt_record: string (nullable = true)
[2023-03-27T18:33:25.859-0400] {subprocess.py:93} INFO -  |-- api_version: string (nullable = true)
[2023-03-27T18:33:25.859-0400] {subprocess.py:93} INFO -  |-- data_time_stamp: long (nullable = true)
[2023-03-27T18:33:25.859-0400] {subprocess.py:93} INFO -  |-- sensor: struct (nullable = true)
[2023-03-27T18:33:25.859-0400] {subprocess.py:93} INFO -  |    |-- 0.3_um_count: long (nullable = true)
[2023-03-27T18:33:25.860-0400] {subprocess.py:93} INFO -  |    |-- 0.3_um_count_a: long (nullable = true)
[2023-03-27T18:33:25.860-0400] {subprocess.py:93} INFO -  |    |-- 0.3_um_count_b: long (nullable = true)
[2023-03-27T18:33:25.860-0400] {subprocess.py:93} INFO -  |    |-- 0.5_um_count: long (nullable = true)
[2023-03-27T18:33:25.860-0400] {subprocess.py:93} INFO -  |    |-- 0.5_um_count_a: long (nullable = true)
[2023-03-27T18:33:25.860-0400] {subprocess.py:93} INFO -  |    |-- 0.5_um_count_b: long (nullable = true)
[2023-03-27T18:33:25.860-0400] {subprocess.py:93} INFO -  |    |-- 1.0_um_count: long (nullable = true)
[2023-03-27T18:33:25.861-0400] {subprocess.py:93} INFO -  |    |-- 1.0_um_count_a: long (nullable = true)
[2023-03-27T18:33:25.861-0400] {subprocess.py:93} INFO -  |    |-- 1.0_um_count_b: long (nullable = true)
[2023-03-27T18:33:25.861-0400] {subprocess.py:93} INFO -  |    |-- 10.0_um_count: long (nullable = true)
[2023-03-27T18:33:25.861-0400] {subprocess.py:93} INFO -  |    |-- 10.0_um_count_a: long (nullable = true)
[2023-03-27T18:33:25.861-0400] {subprocess.py:93} INFO -  |    |-- 10.0_um_count_b: long (nullable = true)
[2023-03-27T18:33:25.862-0400] {subprocess.py:93} INFO -  |    |-- 2.5_um_count: long (nullable = true)
[2023-03-27T18:33:25.862-0400] {subprocess.py:93} INFO -  |    |-- 2.5_um_count_a: long (nullable = true)
[2023-03-27T18:33:25.862-0400] {subprocess.py:93} INFO -  |    |-- 2.5_um_count_b: long (nullable = true)
[2023-03-27T18:33:25.862-0400] {subprocess.py:93} INFO -  |    |-- 5.0_um_count: long (nullable = true)
[2023-03-27T18:33:25.862-0400] {subprocess.py:93} INFO -  |    |-- 5.0_um_count_a: long (nullable = true)
[2023-03-27T18:33:25.862-0400] {subprocess.py:93} INFO -  |    |-- 5.0_um_count_b: long (nullable = true)
[2023-03-27T18:33:25.863-0400] {subprocess.py:93} INFO -  |    |-- altitude: long (nullable = true)
[2023-03-27T18:33:25.863-0400] {subprocess.py:93} INFO -  |    |-- analog_input: double (nullable = true)
[2023-03-27T18:33:25.863-0400] {subprocess.py:93} INFO -  |    |-- channel_flags: long (nullable = true)
[2023-03-27T18:33:25.863-0400] {subprocess.py:93} INFO -  |    |-- channel_flags_auto: long (nullable = true)
[2023-03-27T18:33:25.863-0400] {subprocess.py:93} INFO -  |    |-- channel_flags_manual: long (nullable = true)
[2023-03-27T18:33:25.864-0400] {subprocess.py:93} INFO -  |    |-- channel_state: long (nullable = true)
[2023-03-27T18:33:25.864-0400] {subprocess.py:93} INFO -  |    |-- confidence: long (nullable = true)
[2023-03-27T18:33:25.864-0400] {subprocess.py:93} INFO -  |    |-- confidence_auto: long (nullable = true)
[2023-03-27T18:33:25.864-0400] {subprocess.py:93} INFO -  |    |-- confidence_manual: long (nullable = true)
[2023-03-27T18:33:25.864-0400] {subprocess.py:93} INFO -  |    |-- date_created: long (nullable = true)
[2023-03-27T18:33:25.864-0400] {subprocess.py:93} INFO -  |    |-- deciviews: double (nullable = true)
[2023-03-27T18:33:25.865-0400] {subprocess.py:93} INFO -  |    |-- deciviews_a: double (nullable = true)
[2023-03-27T18:33:25.865-0400] {subprocess.py:93} INFO -  |    |-- deciviews_b: double (nullable = true)
[2023-03-27T18:33:25.865-0400] {subprocess.py:93} INFO -  |    |-- firmware_version: string (nullable = true)
[2023-03-27T18:33:25.865-0400] {subprocess.py:93} INFO -  |    |-- hardware: string (nullable = true)
[2023-03-27T18:33:25.865-0400] {subprocess.py:93} INFO -  |    |-- humidity: long (nullable = true)
[2023-03-27T18:33:25.866-0400] {subprocess.py:93} INFO -  |    |-- humidity_a: long (nullable = true)
[2023-03-27T18:33:25.866-0400] {subprocess.py:93} INFO -  |    |-- icon: long (nullable = true)
[2023-03-27T18:33:25.866-0400] {subprocess.py:93} INFO -  |    |-- is_owner: long (nullable = true)
[2023-03-27T18:33:25.866-0400] {subprocess.py:93} INFO -  |    |-- last_modified: long (nullable = true)
[2023-03-27T18:33:25.866-0400] {subprocess.py:93} INFO -  |    |-- last_seen: long (nullable = true)
[2023-03-27T18:33:25.867-0400] {subprocess.py:93} INFO -  |    |-- latitude: double (nullable = true)
[2023-03-27T18:33:25.867-0400] {subprocess.py:93} INFO -  |    |-- led_brightness: long (nullable = true)
[2023-03-27T18:33:25.867-0400] {subprocess.py:93} INFO -  |    |-- location_type: long (nullable = true)
[2023-03-27T18:33:25.867-0400] {subprocess.py:93} INFO -  |    |-- longitude: double (nullable = true)
[2023-03-27T18:33:25.867-0400] {subprocess.py:93} INFO -  |    |-- memory: long (nullable = true)
[2023-03-27T18:33:25.867-0400] {subprocess.py:93} INFO -  |    |-- model: string (nullable = true)
[2023-03-27T18:33:25.868-0400] {subprocess.py:93} INFO -  |    |-- name: string (nullable = true)
[2023-03-27T18:33:25.868-0400] {subprocess.py:93} INFO -  |    |-- pa_latency: long (nullable = true)
[2023-03-27T18:33:25.868-0400] {subprocess.py:93} INFO -  |    |-- pm1.0: double (nullable = true)
[2023-03-27T18:33:25.868-0400] {subprocess.py:93} INFO -  |    |-- pm1.0_a: double (nullable = true)
[2023-03-27T18:33:25.868-0400] {subprocess.py:93} INFO -  |    |-- pm1.0_atm: double (nullable = true)
[2023-03-27T18:33:25.869-0400] {subprocess.py:93} INFO -  |    |-- pm1.0_atm_a: double (nullable = true)
[2023-03-27T18:33:25.869-0400] {subprocess.py:93} INFO -  |    |-- pm1.0_atm_b: double (nullable = true)
[2023-03-27T18:33:25.869-0400] {subprocess.py:93} INFO -  |    |-- pm1.0_b: double (nullable = true)
[2023-03-27T18:33:25.869-0400] {subprocess.py:93} INFO -  |    |-- pm1.0_cf_1: double (nullable = true)
[2023-03-27T18:33:25.869-0400] {subprocess.py:93} INFO -  |    |-- pm1.0_cf_1_a: double (nullable = true)
[2023-03-27T18:33:25.869-0400] {subprocess.py:93} INFO -  |    |-- pm1.0_cf_1_b: double (nullable = true)
[2023-03-27T18:33:25.871-0400] {subprocess.py:93} INFO -  |    |-- pm10.0: double (nullable = true)
[2023-03-27T18:33:25.872-0400] {subprocess.py:93} INFO -  |    |-- pm10.0_a: double (nullable = true)
[2023-03-27T18:33:25.873-0400] {subprocess.py:93} INFO -  |    |-- pm10.0_atm: double (nullable = true)
[2023-03-27T18:33:25.873-0400] {subprocess.py:93} INFO -  |    |-- pm10.0_atm_a: double (nullable = true)
[2023-03-27T18:33:25.874-0400] {subprocess.py:93} INFO -  |    |-- pm10.0_atm_b: double (nullable = true)
[2023-03-27T18:33:25.874-0400] {subprocess.py:93} INFO -  |    |-- pm10.0_b: double (nullable = true)
[2023-03-27T18:33:25.874-0400] {subprocess.py:93} INFO -  |    |-- pm10.0_cf_1: double (nullable = true)
[2023-03-27T18:33:25.875-0400] {subprocess.py:93} INFO -  |    |-- pm10.0_cf_1_a: double (nullable = true)
[2023-03-27T18:33:25.875-0400] {subprocess.py:93} INFO -  |    |-- pm10.0_cf_1_b: double (nullable = true)
[2023-03-27T18:33:25.875-0400] {subprocess.py:93} INFO -  |    |-- pm2.5: double (nullable = true)
[2023-03-27T18:33:25.876-0400] {subprocess.py:93} INFO -  |    |-- pm2.5_a: double (nullable = true)
[2023-03-27T18:33:25.876-0400] {subprocess.py:93} INFO -  |    |-- pm2.5_alt: double (nullable = true)
[2023-03-27T18:33:25.876-0400] {subprocess.py:93} INFO -  |    |-- pm2.5_alt_a: double (nullable = true)
[2023-03-27T18:33:25.877-0400] {subprocess.py:93} INFO -  |    |-- pm2.5_alt_b: double (nullable = true)
[2023-03-27T18:33:25.877-0400] {subprocess.py:93} INFO -  |    |-- pm2.5_atm: double (nullable = true)
[2023-03-27T18:33:25.878-0400] {subprocess.py:93} INFO -  |    |-- pm2.5_atm_a: double (nullable = true)
[2023-03-27T18:33:25.878-0400] {subprocess.py:93} INFO -  |    |-- pm2.5_atm_b: double (nullable = true)
[2023-03-27T18:33:25.878-0400] {subprocess.py:93} INFO -  |    |-- pm2.5_b: double (nullable = true)
[2023-03-27T18:33:25.879-0400] {subprocess.py:93} INFO -  |    |-- pm2.5_cf_1: double (nullable = true)
[2023-03-27T18:33:25.879-0400] {subprocess.py:93} INFO -  |    |-- pm2.5_cf_1_a: double (nullable = true)
[2023-03-27T18:33:25.880-0400] {subprocess.py:93} INFO -  |    |-- pm2.5_cf_1_b: double (nullable = true)
[2023-03-27T18:33:25.880-0400] {subprocess.py:93} INFO -  |    |-- position_rating: long (nullable = true)
[2023-03-27T18:33:25.880-0400] {subprocess.py:93} INFO -  |    |-- pressure: double (nullable = true)
[2023-03-27T18:33:25.881-0400] {subprocess.py:93} INFO -  |    |-- pressure_a: double (nullable = true)
[2023-03-27T18:33:25.881-0400] {subprocess.py:93} INFO -  |    |-- primary_id_a: long (nullable = true)
[2023-03-27T18:33:25.881-0400] {subprocess.py:93} INFO -  |    |-- primary_id_b: long (nullable = true)
[2023-03-27T18:33:25.881-0400] {subprocess.py:93} INFO -  |    |-- primary_key_a: string (nullable = true)
[2023-03-27T18:33:25.882-0400] {subprocess.py:93} INFO -  |    |-- primary_key_b: string (nullable = true)
[2023-03-27T18:33:25.882-0400] {subprocess.py:93} INFO -  |    |-- private: long (nullable = true)
[2023-03-27T18:33:25.883-0400] {subprocess.py:93} INFO -  |    |-- rssi: long (nullable = true)
[2023-03-27T18:33:25.883-0400] {subprocess.py:93} INFO -  |    |-- scattering_coefficient: double (nullable = true)
[2023-03-27T18:33:25.883-0400] {subprocess.py:93} INFO -  |    |-- scattering_coefficient_a: double (nullable = true)
[2023-03-27T18:33:25.884-0400] {subprocess.py:93} INFO -  |    |-- scattering_coefficient_b: double (nullable = true)
[2023-03-27T18:33:25.884-0400] {subprocess.py:93} INFO -  |    |-- secondary_id_a: long (nullable = true)
[2023-03-27T18:33:25.884-0400] {subprocess.py:93} INFO -  |    |-- secondary_id_b: long (nullable = true)
[2023-03-27T18:33:25.884-0400] {subprocess.py:93} INFO -  |    |-- secondary_key_a: string (nullable = true)
[2023-03-27T18:33:25.885-0400] {subprocess.py:93} INFO -  |    |-- secondary_key_b: string (nullable = true)
[2023-03-27T18:33:25.885-0400] {subprocess.py:93} INFO -  |    |-- sensor_index: long (nullable = true)
[2023-03-27T18:33:25.885-0400] {subprocess.py:93} INFO -  |    |-- stats: struct (nullable = true)
[2023-03-27T18:33:25.885-0400] {subprocess.py:93} INFO -  |    |    |-- pm2.5: double (nullable = true)
[2023-03-27T18:33:25.886-0400] {subprocess.py:93} INFO -  |    |    |-- pm2.5_10minute: double (nullable = true)
[2023-03-27T18:33:25.886-0400] {subprocess.py:93} INFO -  |    |    |-- pm2.5_1week: double (nullable = true)
[2023-03-27T18:33:25.886-0400] {subprocess.py:93} INFO -  |    |    |-- pm2.5_24hour: double (nullable = true)
[2023-03-27T18:33:25.886-0400] {subprocess.py:93} INFO -  |    |    |-- pm2.5_30minute: double (nullable = true)
[2023-03-27T18:33:25.887-0400] {subprocess.py:93} INFO -  |    |    |-- pm2.5_60minute: double (nullable = true)
[2023-03-27T18:33:25.887-0400] {subprocess.py:93} INFO -  |    |    |-- pm2.5_6hour: double (nullable = true)
[2023-03-27T18:33:25.887-0400] {subprocess.py:93} INFO -  |    |    |-- time_stamp: long (nullable = true)
[2023-03-27T18:33:25.888-0400] {subprocess.py:93} INFO -  |    |-- stats_a: struct (nullable = true)
[2023-03-27T18:33:25.888-0400] {subprocess.py:93} INFO -  |    |    |-- pm2.5: double (nullable = true)
[2023-03-27T18:33:25.888-0400] {subprocess.py:93} INFO -  |    |    |-- pm2.5_10minute: double (nullable = true)
[2023-03-27T18:33:25.888-0400] {subprocess.py:93} INFO -  |    |    |-- pm2.5_1week: double (nullable = true)
[2023-03-27T18:33:25.888-0400] {subprocess.py:93} INFO -  |    |    |-- pm2.5_24hour: double (nullable = true)
[2023-03-27T18:33:25.889-0400] {subprocess.py:93} INFO -  |    |    |-- pm2.5_30minute: double (nullable = true)
[2023-03-27T18:33:25.889-0400] {subprocess.py:93} INFO -  |    |    |-- pm2.5_60minute: double (nullable = true)
[2023-03-27T18:33:25.889-0400] {subprocess.py:93} INFO -  |    |    |-- pm2.5_6hour: double (nullable = true)
[2023-03-27T18:33:25.889-0400] {subprocess.py:93} INFO -  |    |    |-- time_stamp: long (nullable = true)
[2023-03-27T18:33:25.889-0400] {subprocess.py:93} INFO -  |    |-- stats_b: struct (nullable = true)
[2023-03-27T18:33:25.890-0400] {subprocess.py:93} INFO -  |    |    |-- pm2.5: double (nullable = true)
[2023-03-27T18:33:25.890-0400] {subprocess.py:93} INFO -  |    |    |-- pm2.5_10minute: double (nullable = true)
[2023-03-27T18:33:25.890-0400] {subprocess.py:93} INFO -  |    |    |-- pm2.5_1week: double (nullable = true)
[2023-03-27T18:33:25.890-0400] {subprocess.py:93} INFO -  |    |    |-- pm2.5_24hour: double (nullable = true)
[2023-03-27T18:33:25.890-0400] {subprocess.py:93} INFO -  |    |    |-- pm2.5_30minute: double (nullable = true)
[2023-03-27T18:33:25.890-0400] {subprocess.py:93} INFO -  |    |    |-- pm2.5_60minute: double (nullable = true)
[2023-03-27T18:33:25.891-0400] {subprocess.py:93} INFO -  |    |    |-- pm2.5_6hour: double (nullable = true)
[2023-03-27T18:33:25.891-0400] {subprocess.py:93} INFO -  |    |    |-- time_stamp: long (nullable = true)
[2023-03-27T18:33:25.891-0400] {subprocess.py:93} INFO -  |    |-- temperature: long (nullable = true)
[2023-03-27T18:33:25.891-0400] {subprocess.py:93} INFO -  |    |-- temperature_a: long (nullable = true)
[2023-03-27T18:33:25.891-0400] {subprocess.py:93} INFO -  |    |-- uptime: long (nullable = true)
[2023-03-27T18:33:25.891-0400] {subprocess.py:93} INFO -  |    |-- visual_range: double (nullable = true)
[2023-03-27T18:33:25.892-0400] {subprocess.py:93} INFO -  |    |-- visual_range_a: double (nullable = true)
[2023-03-27T18:33:25.892-0400] {subprocess.py:93} INFO -  |    |-- visual_range_b: double (nullable = true)
[2023-03-27T18:33:25.892-0400] {subprocess.py:93} INFO -  |-- time_stamp: long (nullable = true)
[2023-03-27T18:33:25.892-0400] {subprocess.py:93} INFO - 
[2023-03-27T18:33:25.892-0400] {subprocess.py:93} INFO - +--------------------+--------------+---------------+--------------------+----------+
[2023-03-27T18:33:25.893-0400] {subprocess.py:93} INFO - |     _corrupt_record|   api_version|data_time_stamp|              sensor|time_stamp|
[2023-03-27T18:33:25.893-0400] {subprocess.py:93} INFO - +--------------------+--------------+---------------+--------------------+----------+
[2023-03-27T18:33:25.893-0400] {subprocess.py:93} INFO - |                null|V1.0.11-0.0.42|     1679956358|[2467, 2562, 2373...|1679956368|
[2023-03-27T18:33:25.893-0400] {subprocess.py:93} INFO - |                null|V1.0.11-0.0.42|     1679956329|[4085, 5045, 3125...|1679956369|
[2023-03-27T18:33:25.893-0400] {subprocess.py:93} INFO - |                null|V1.0.11-0.0.42|     1679956332|[3167, 2864, 3471...|1679956370|
[2023-03-27T18:33:25.893-0400] {subprocess.py:93} INFO - |                null|V1.0.11-0.0.42|     1679956342|[2694, 2568, 2821...|1679956371|
[2023-03-27T18:33:25.894-0400] {subprocess.py:93} INFO - |                null|V1.0.11-0.0.42|     1679956342|[3496, 3574, 3419...|1679956373|
[2023-03-27T18:33:25.894-0400] {subprocess.py:93} INFO - |                null|V1.0.11-0.0.42|     1679956342|[954, 954, 26135,...|1679956374|
[2023-03-27T18:33:25.894-0400] {subprocess.py:93} INFO - |                null|V1.0.11-0.0.42|     1679956320|[3479, 3763, 3195...|1679956375|
[2023-03-27T18:33:25.894-0400] {subprocess.py:93} INFO - |                null|V1.0.11-0.0.42|     1679956321|[266, 278, 255, 2...|1679956376|
[2023-03-27T18:33:25.894-0400] {subprocess.py:93} INFO - |                null|V1.0.11-0.0.42|     1679956329|[3062, 2790, 3334...|1679956378|
[2023-03-27T18:33:25.894-0400] {subprocess.py:93} INFO - |                null|V1.0.11-0.0.42|     1679956342|[498, 498, 2701, ...|1679956379|
[2023-03-27T18:33:25.895-0400] {subprocess.py:93} INFO - |                null|V1.0.11-0.0.42|     1679956320|[842, 792, 893, 7...|1679956380|
[2023-03-27T18:33:25.895-0400] {subprocess.py:93} INFO - |                null|V1.0.11-0.0.42|     1679956358|[2979, 2822, 3136...|1679956381|
[2023-03-27T18:33:25.895-0400] {subprocess.py:93} INFO - |                null|V1.0.11-0.0.42|     1679956342|[3062, 2790, 3334...|1679956382|
[2023-03-27T18:33:25.895-0400] {subprocess.py:93} INFO - |{'api_version': '...|          null|           null|                null|      null|
[2023-03-27T18:33:25.895-0400] {subprocess.py:93} INFO - |                null|V1.0.11-0.0.42|     1679956342|[2354, 2172, 2537...|1679956385|
[2023-03-27T18:33:25.896-0400] {subprocess.py:93} INFO - |                null|V1.0.11-0.0.42|     1679956355|[2981, 3053, 2909...|1679956386|
[2023-03-27T18:33:25.896-0400] {subprocess.py:93} INFO - +--------------------+--------------+---------------+--------------------+----------+
[2023-03-27T18:33:25.896-0400] {subprocess.py:93} INFO - 
[2023-03-27T18:33:25.896-0400] {subprocess.py:93} INFO - +------------+---------+----------+--------+-----------+-----------+----------+-------------+
[2023-03-27T18:33:25.896-0400] {subprocess.py:93} INFO - |sensor_index| latitude| longitude|pressure|pm2.5_atm_a|pm2.5_atm_b|humidity_a|temperature_a|
[2023-03-27T18:33:25.896-0400] {subprocess.py:93} INFO - +------------+---------+----------+--------+-----------+-----------+----------+-------------+
[2023-03-27T18:33:25.897-0400] {subprocess.py:93} INFO - |      128679|40.070442| -83.01968|  642.66|       24.9|      25.62|        51|           72|
[2023-03-27T18:33:25.897-0400] {subprocess.py:93} INFO - |       42145|40.045116|  -82.9947|  987.94|      35.02|       28.6|        48|           57|
[2023-03-27T18:33:25.897-0400] {subprocess.py:93} INFO - |      103092| 40.10328| -83.04084|  989.37|      37.29|      33.37|        51|           57|
[2023-03-27T18:33:25.897-0400] {subprocess.py:93} INFO - |       33861|40.021294|-82.990456|  987.98|      32.82|      26.95|        52|           57|
[2023-03-27T18:33:25.897-0400] {subprocess.py:93} INFO - |       72009|40.057014| -83.00535|  988.16|      30.34|      28.07|        49|           56|
[2023-03-27T18:33:25.898-0400] {subprocess.py:93} INFO - |      149716|39.974773| -82.88287|  987.55|       7.08|     179.72|        35|           56|
[2023-03-27T18:33:25.898-0400] {subprocess.py:93} INFO - |      147691|39.962215| -83.07883|  989.84|      32.93|      28.87|        62|           52|
[2023-03-27T18:33:25.898-0400] {subprocess.py:93} INFO - |      120351|40.170296| -82.77792|  986.33|       1.39|       1.04|        31|           42|
[2023-03-27T18:33:25.898-0400] {subprocess.py:93} INFO - |      158823|39.878136| -83.08927|  989.18|      26.66|      30.45|        45|           60|
[2023-03-27T18:33:25.898-0400] {subprocess.py:93} INFO - |      142906|39.839783| -83.07625|    null|       3.51|      23.19|      null|         null|
[2023-03-27T18:33:25.898-0400] {subprocess.py:93} INFO - |      133099| 40.00742| -83.05926|  989.05|      24.18|      25.53|        48|           58|
[2023-03-27T18:33:25.899-0400] {subprocess.py:93} INFO - |      103358|40.030293| -83.02833|  991.21|      27.44|      30.78|        53|           54|
[2023-03-27T18:33:25.899-0400] {subprocess.py:93} INFO - |      158823|39.878136| -83.08927|  989.18|      26.66|      30.45|        45|           60|
[2023-03-27T18:33:25.899-0400] {subprocess.py:93} INFO - |        null|     null|      null|    null|       null|       null|      null|         null|
[2023-03-27T18:33:25.899-0400] {subprocess.py:93} INFO - |      128591|39.933132| -82.96611|  992.18|      21.67|      24.05|        50|           58|
[2023-03-27T18:33:25.900-0400] {subprocess.py:93} INFO - |      131379| 39.96028|-83.006294|   993.7|      28.24|       26.2|        45|           59|
[2023-03-27T18:33:25.900-0400] {subprocess.py:93} INFO - +------------+---------+----------+--------+-----------+-----------+----------+-------------+
[2023-03-27T18:33:25.900-0400] {subprocess.py:93} INFO - 
[2023-03-27T18:33:25.900-0400] {subprocess.py:93} INFO - +------------+---------+----------+--------+-----------+-----------+----------+-------------+
[2023-03-27T18:33:25.900-0400] {subprocess.py:93} INFO - |sensor_index| latitude| longitude|pressure|pm2_5_atm_a|pm2_5_atm_b|humidity_a|temperature_a|
[2023-03-27T18:33:25.900-0400] {subprocess.py:93} INFO - +------------+---------+----------+--------+-----------+-----------+----------+-------------+
[2023-03-27T18:33:25.901-0400] {subprocess.py:93} INFO - |      128679|40.070442| -83.01968|  642.66|       24.9|      25.62|        51|           72|
[2023-03-27T18:33:25.901-0400] {subprocess.py:93} INFO - |       42145|40.045116|  -82.9947|  987.94|      35.02|       28.6|        48|           57|
[2023-03-27T18:33:25.901-0400] {subprocess.py:93} INFO - |      103092| 40.10328| -83.04084|  989.37|      37.29|      33.37|        51|           57|
[2023-03-27T18:33:25.901-0400] {subprocess.py:93} INFO - |       33861|40.021294|-82.990456|  987.98|      32.82|      26.95|        52|           57|
[2023-03-27T18:33:25.901-0400] {subprocess.py:93} INFO - |       72009|40.057014| -83.00535|  988.16|      30.34|      28.07|        49|           56|
[2023-03-27T18:33:25.902-0400] {subprocess.py:93} INFO - |      149716|39.974773| -82.88287|  987.55|       7.08|     179.72|        35|           56|
[2023-03-27T18:33:25.902-0400] {subprocess.py:93} INFO - |      147691|39.962215| -83.07883|  989.84|      32.93|      28.87|        62|           52|
[2023-03-27T18:33:25.902-0400] {subprocess.py:93} INFO - |      120351|40.170296| -82.77792|  986.33|       1.39|       1.04|        31|           42|
[2023-03-27T18:33:25.902-0400] {subprocess.py:93} INFO - |      158823|39.878136| -83.08927|  989.18|      26.66|      30.45|        45|           60|
[2023-03-27T18:33:25.902-0400] {subprocess.py:93} INFO - |      142906|39.839783| -83.07625|    null|       3.51|      23.19|      null|         null|
[2023-03-27T18:33:25.902-0400] {subprocess.py:93} INFO - |      133099| 40.00742| -83.05926|  989.05|      24.18|      25.53|        48|           58|
[2023-03-27T18:33:25.903-0400] {subprocess.py:93} INFO - |      103358|40.030293| -83.02833|  991.21|      27.44|      30.78|        53|           54|
[2023-03-27T18:33:25.903-0400] {subprocess.py:93} INFO - |      158823|39.878136| -83.08927|  989.18|      26.66|      30.45|        45|           60|
[2023-03-27T18:33:25.903-0400] {subprocess.py:93} INFO - |        null|     null|      null|    null|       null|       null|      null|         null|
[2023-03-27T18:33:25.903-0400] {subprocess.py:93} INFO - |      128591|39.933132| -82.96611|  992.18|      21.67|      24.05|        50|           58|
[2023-03-27T18:33:25.903-0400] {subprocess.py:93} INFO - |      131379| 39.96028|-83.006294|   993.7|      28.24|       26.2|        45|           59|
[2023-03-27T18:33:25.903-0400] {subprocess.py:93} INFO - +------------+---------+----------+--------+-----------+-----------+----------+-------------+
[2023-03-27T18:33:25.904-0400] {subprocess.py:93} INFO - 
[2023-03-27T18:33:25.904-0400] {subprocess.py:93} INFO - End of spark session
[2023-03-27T18:33:26.405-0400] {subprocess.py:97} INFO - Command exited with return code 0
[2023-03-27T18:33:26.427-0400] {taskinstance.py:1326} INFO - Marking task as SUCCESS. dag_id=air_quality_pipeline, task_id=run_consumer, execution_date=20230327T223244, start_date=20230327T223310, end_date=20230327T223326
[2023-03-27T18:33:26.474-0400] {local_task_job.py:212} INFO - Task exited with return code 0
[2023-03-27T18:33:26.493-0400] {taskinstance.py:2585} INFO - 1 downstream tasks scheduled from follow-on schedule check
