[2023-03-28T15:17:47.713-0400] {taskinstance.py:1084} INFO - Dependencies all met for dep_context=non-requeueable deps ti=<TaskInstance: air_quality_pipeline.run_consumer manual__2023-03-28T19:17:21.024294+00:00 [queued]>
[2023-03-28T15:17:47.720-0400] {taskinstance.py:1084} INFO - Dependencies all met for dep_context=requeueable deps ti=<TaskInstance: air_quality_pipeline.run_consumer manual__2023-03-28T19:17:21.024294+00:00 [queued]>
[2023-03-28T15:17:47.720-0400] {taskinstance.py:1282} INFO - 
--------------------------------------------------------------------------------
[2023-03-28T15:17:47.720-0400] {taskinstance.py:1283} INFO - Starting attempt 1 of 2
[2023-03-28T15:17:47.720-0400] {taskinstance.py:1284} INFO - 
--------------------------------------------------------------------------------
[2023-03-28T15:17:47.728-0400] {taskinstance.py:1303} INFO - Executing <Task(BashOperator): run_consumer> on 2023-03-28 19:17:21.024294+00:00
[2023-03-28T15:17:47.733-0400] {standard_task_runner.py:55} INFO - Started process 52255 to run task
[2023-03-28T15:17:47.738-0400] {standard_task_runner.py:82} INFO - Running: ['airflow', 'tasks', 'run', 'air_quality_pipeline', 'run_consumer', 'manual__2023-03-28T19:17:21.024294+00:00', '--job-id', '64', '--raw', '--subdir', 'DAGS_FOLDER/__pycache__/pipeline.py', '--cfg-path', '/var/folders/8z/pwbx6b3n3mnd1g1f397fv1100000gn/T/tmpxchw8ho7']
[2023-03-28T15:17:47.740-0400] {standard_task_runner.py:83} INFO - Job 64: Subtask run_consumer
[2023-03-28T15:17:47.783-0400] {task_command.py:388} INFO - Running <TaskInstance: air_quality_pipeline.run_consumer manual__2023-03-28T19:17:21.024294+00:00 [running]> on host srivardhans-air.starry-inc.net
[2023-03-28T15:17:47.817-0400] {taskinstance.py:1511} INFO - Exporting the following env vars:
AIRFLOW_CTX_DAG_OWNER=yourname
AIRFLOW_CTX_DAG_ID=air_quality_pipeline
AIRFLOW_CTX_TASK_ID=run_consumer
AIRFLOW_CTX_EXECUTION_DATE=2023-03-28T19:17:21.024294+00:00
AIRFLOW_CTX_TRY_NUMBER=1
AIRFLOW_CTX_DAG_RUN_ID=manual__2023-03-28T19:17:21.024294+00:00
[2023-03-28T15:17:47.818-0400] {subprocess.py:63} INFO - Tmp dir root location: 
 /var/folders/8z/pwbx6b3n3mnd1g1f397fv1100000gn/T
[2023-03-28T15:17:47.818-0400] {subprocess.py:75} INFO - Running command: ['/bin/bash', '-c', 'python3 "/Users/srivardhan/Desktop/Masters/Masters Project/Kafka Implementation/kafka-pipeline-examples/producer-consumer/consumer.py"']
[2023-03-28T15:17:47.833-0400] {subprocess.py:86} INFO - Output:
[2023-03-28T15:18:00.169-0400] {subprocess.py:93} INFO - 23/03/28 15:18:00 WARN NativeCodeLoader: Unable to load native-hadoop library for your platform... using builtin-java classes where applicable
[2023-03-28T15:18:00.264-0400] {subprocess.py:93} INFO - Using Spark's default log4j profile: org/apache/spark/log4j-defaults.properties
[2023-03-28T15:18:00.265-0400] {subprocess.py:93} INFO - Setting default log level to "WARN".
[2023-03-28T15:18:00.265-0400] {subprocess.py:93} INFO - To adjust logging level use sc.setLogLevel(newLevel). For SparkR, use setLogLevel(newLevel).
[2023-03-28T15:18:03.123-0400] {subprocess.py:93} INFO - [Stage 0:>                                                          (0 + 8) / 8]                                                                                23/03/28 15:18:03 WARN Utils: Truncated the string representation of a plan since it was too large. This behavior can be adjusted by setting 'spark.debug.maxToStringFields' in SparkEnv.conf.
[2023-03-28T15:18:04.460-0400] {subprocess.py:93} INFO - Connecting to consumer ...
[2023-03-28T15:18:04.461-0400] {subprocess.py:93} INFO - Start of kafka session
[2023-03-28T15:18:04.461-0400] {subprocess.py:93} INFO - No messages received, stopping consumer
[2023-03-28T15:18:04.461-0400] {subprocess.py:93} INFO - Start of spark session
[2023-03-28T15:18:04.462-0400] {subprocess.py:93} INFO - Start of spark session
[2023-03-28T15:18:04.462-0400] {subprocess.py:93} INFO - root
[2023-03-28T15:18:04.462-0400] {subprocess.py:93} INFO -  |-- _corrupt_record: string (nullable = true)
[2023-03-28T15:18:04.463-0400] {subprocess.py:93} INFO -  |-- api_version: string (nullable = true)
[2023-03-28T15:18:04.463-0400] {subprocess.py:93} INFO -  |-- data_time_stamp: long (nullable = true)
[2023-03-28T15:18:04.463-0400] {subprocess.py:93} INFO -  |-- sensor: struct (nullable = true)
[2023-03-28T15:18:04.463-0400] {subprocess.py:93} INFO -  |    |-- 0.3_um_count: long (nullable = true)
[2023-03-28T15:18:04.463-0400] {subprocess.py:93} INFO -  |    |-- 0.3_um_count_a: long (nullable = true)
[2023-03-28T15:18:04.464-0400] {subprocess.py:93} INFO -  |    |-- 0.3_um_count_b: long (nullable = true)
[2023-03-28T15:18:04.464-0400] {subprocess.py:93} INFO -  |    |-- 0.5_um_count: long (nullable = true)
[2023-03-28T15:18:04.464-0400] {subprocess.py:93} INFO -  |    |-- 0.5_um_count_a: long (nullable = true)
[2023-03-28T15:18:04.464-0400] {subprocess.py:93} INFO -  |    |-- 0.5_um_count_b: long (nullable = true)
[2023-03-28T15:18:04.464-0400] {subprocess.py:93} INFO -  |    |-- 1.0_um_count: long (nullable = true)
[2023-03-28T15:18:04.464-0400] {subprocess.py:93} INFO -  |    |-- 1.0_um_count_a: long (nullable = true)
[2023-03-28T15:18:04.465-0400] {subprocess.py:93} INFO -  |    |-- 1.0_um_count_b: long (nullable = true)
[2023-03-28T15:18:04.465-0400] {subprocess.py:93} INFO -  |    |-- 10.0_um_count: long (nullable = true)
[2023-03-28T15:18:04.465-0400] {subprocess.py:93} INFO -  |    |-- 10.0_um_count_a: long (nullable = true)
[2023-03-28T15:18:04.465-0400] {subprocess.py:93} INFO -  |    |-- 10.0_um_count_b: long (nullable = true)
[2023-03-28T15:18:04.465-0400] {subprocess.py:93} INFO -  |    |-- 2.5_um_count: long (nullable = true)
[2023-03-28T15:18:04.466-0400] {subprocess.py:93} INFO -  |    |-- 2.5_um_count_a: long (nullable = true)
[2023-03-28T15:18:04.466-0400] {subprocess.py:93} INFO -  |    |-- 2.5_um_count_b: long (nullable = true)
[2023-03-28T15:18:04.466-0400] {subprocess.py:93} INFO -  |    |-- 5.0_um_count: long (nullable = true)
[2023-03-28T15:18:04.466-0400] {subprocess.py:93} INFO -  |    |-- 5.0_um_count_a: long (nullable = true)
[2023-03-28T15:18:04.466-0400] {subprocess.py:93} INFO -  |    |-- 5.0_um_count_b: long (nullable = true)
[2023-03-28T15:18:04.466-0400] {subprocess.py:93} INFO -  |    |-- altitude: long (nullable = true)
[2023-03-28T15:18:04.467-0400] {subprocess.py:93} INFO -  |    |-- analog_input: double (nullable = true)
[2023-03-28T15:18:04.467-0400] {subprocess.py:93} INFO -  |    |-- channel_flags: long (nullable = true)
[2023-03-28T15:18:04.467-0400] {subprocess.py:93} INFO -  |    |-- channel_flags_auto: long (nullable = true)
[2023-03-28T15:18:04.467-0400] {subprocess.py:93} INFO -  |    |-- channel_flags_manual: long (nullable = true)
[2023-03-28T15:18:04.467-0400] {subprocess.py:93} INFO -  |    |-- channel_state: long (nullable = true)
[2023-03-28T15:18:04.468-0400] {subprocess.py:93} INFO -  |    |-- confidence: long (nullable = true)
[2023-03-28T15:18:04.468-0400] {subprocess.py:93} INFO -  |    |-- confidence_auto: long (nullable = true)
[2023-03-28T15:18:04.468-0400] {subprocess.py:93} INFO -  |    |-- confidence_manual: long (nullable = true)
[2023-03-28T15:18:04.469-0400] {subprocess.py:93} INFO -  |    |-- date_created: long (nullable = true)
[2023-03-28T15:18:04.469-0400] {subprocess.py:93} INFO -  |    |-- deciviews: double (nullable = true)
[2023-03-28T15:18:04.469-0400] {subprocess.py:93} INFO -  |    |-- deciviews_a: double (nullable = true)
[2023-03-28T15:18:04.469-0400] {subprocess.py:93} INFO -  |    |-- deciviews_b: double (nullable = true)
[2023-03-28T15:18:04.470-0400] {subprocess.py:93} INFO -  |    |-- firmware_version: string (nullable = true)
[2023-03-28T15:18:04.470-0400] {subprocess.py:93} INFO -  |    |-- hardware: string (nullable = true)
[2023-03-28T15:18:04.471-0400] {subprocess.py:93} INFO -  |    |-- humidity: long (nullable = true)
[2023-03-28T15:18:04.471-0400] {subprocess.py:93} INFO -  |    |-- humidity_a: long (nullable = true)
[2023-03-28T15:18:04.471-0400] {subprocess.py:93} INFO -  |    |-- icon: long (nullable = true)
[2023-03-28T15:18:04.471-0400] {subprocess.py:93} INFO -  |    |-- is_owner: long (nullable = true)
[2023-03-28T15:18:04.471-0400] {subprocess.py:93} INFO -  |    |-- last_modified: long (nullable = true)
[2023-03-28T15:18:04.472-0400] {subprocess.py:93} INFO -  |    |-- last_seen: long (nullable = true)
[2023-03-28T15:18:04.472-0400] {subprocess.py:93} INFO -  |    |-- latitude: double (nullable = true)
[2023-03-28T15:18:04.472-0400] {subprocess.py:93} INFO -  |    |-- led_brightness: long (nullable = true)
[2023-03-28T15:18:04.472-0400] {subprocess.py:93} INFO -  |    |-- location_type: long (nullable = true)
[2023-03-28T15:18:04.472-0400] {subprocess.py:93} INFO -  |    |-- longitude: double (nullable = true)
[2023-03-28T15:18:04.473-0400] {subprocess.py:93} INFO -  |    |-- memory: long (nullable = true)
[2023-03-28T15:18:04.473-0400] {subprocess.py:93} INFO -  |    |-- model: string (nullable = true)
[2023-03-28T15:18:04.473-0400] {subprocess.py:93} INFO -  |    |-- name: string (nullable = true)
[2023-03-28T15:18:04.473-0400] {subprocess.py:93} INFO -  |    |-- pa_latency: long (nullable = true)
[2023-03-28T15:18:04.473-0400] {subprocess.py:93} INFO -  |    |-- pm1.0: double (nullable = true)
[2023-03-28T15:18:04.473-0400] {subprocess.py:93} INFO -  |    |-- pm1.0_a: double (nullable = true)
[2023-03-28T15:18:04.474-0400] {subprocess.py:93} INFO -  |    |-- pm1.0_atm: double (nullable = true)
[2023-03-28T15:18:04.474-0400] {subprocess.py:93} INFO -  |    |-- pm1.0_atm_a: double (nullable = true)
[2023-03-28T15:18:04.474-0400] {subprocess.py:93} INFO -  |    |-- pm1.0_atm_b: double (nullable = true)
[2023-03-28T15:18:04.474-0400] {subprocess.py:93} INFO -  |    |-- pm1.0_b: double (nullable = true)
[2023-03-28T15:18:04.474-0400] {subprocess.py:93} INFO -  |    |-- pm1.0_cf_1: double (nullable = true)
[2023-03-28T15:18:04.475-0400] {subprocess.py:93} INFO -  |    |-- pm1.0_cf_1_a: double (nullable = true)
[2023-03-28T15:18:04.475-0400] {subprocess.py:93} INFO -  |    |-- pm1.0_cf_1_b: double (nullable = true)
[2023-03-28T15:18:04.475-0400] {subprocess.py:93} INFO -  |    |-- pm10.0: double (nullable = true)
[2023-03-28T15:18:04.475-0400] {subprocess.py:93} INFO -  |    |-- pm10.0_a: double (nullable = true)
[2023-03-28T15:18:04.475-0400] {subprocess.py:93} INFO -  |    |-- pm10.0_atm: double (nullable = true)
[2023-03-28T15:18:04.476-0400] {subprocess.py:93} INFO -  |    |-- pm10.0_atm_a: double (nullable = true)
[2023-03-28T15:18:04.477-0400] {subprocess.py:93} INFO -  |    |-- pm10.0_atm_b: double (nullable = true)
[2023-03-28T15:18:04.477-0400] {subprocess.py:93} INFO -  |    |-- pm10.0_b: double (nullable = true)
[2023-03-28T15:18:04.477-0400] {subprocess.py:93} INFO -  |    |-- pm10.0_cf_1: double (nullable = true)
[2023-03-28T15:18:04.477-0400] {subprocess.py:93} INFO -  |    |-- pm10.0_cf_1_a: double (nullable = true)
[2023-03-28T15:18:04.478-0400] {subprocess.py:93} INFO -  |    |-- pm10.0_cf_1_b: double (nullable = true)
[2023-03-28T15:18:04.478-0400] {subprocess.py:93} INFO -  |    |-- pm2.5: double (nullable = true)
[2023-03-28T15:18:04.478-0400] {subprocess.py:93} INFO -  |    |-- pm2.5_a: double (nullable = true)
[2023-03-28T15:18:04.478-0400] {subprocess.py:93} INFO -  |    |-- pm2.5_alt: double (nullable = true)
[2023-03-28T15:18:04.479-0400] {subprocess.py:93} INFO -  |    |-- pm2.5_alt_a: double (nullable = true)
[2023-03-28T15:18:04.479-0400] {subprocess.py:93} INFO -  |    |-- pm2.5_alt_b: double (nullable = true)
[2023-03-28T15:18:04.479-0400] {subprocess.py:93} INFO -  |    |-- pm2.5_atm: double (nullable = true)
[2023-03-28T15:18:04.479-0400] {subprocess.py:93} INFO -  |    |-- pm2.5_atm_a: double (nullable = true)
[2023-03-28T15:18:04.480-0400] {subprocess.py:93} INFO -  |    |-- pm2.5_atm_b: double (nullable = true)
[2023-03-28T15:18:04.480-0400] {subprocess.py:93} INFO -  |    |-- pm2.5_b: double (nullable = true)
[2023-03-28T15:18:04.480-0400] {subprocess.py:93} INFO -  |    |-- pm2.5_cf_1: double (nullable = true)
[2023-03-28T15:18:04.481-0400] {subprocess.py:93} INFO -  |    |-- pm2.5_cf_1_a: double (nullable = true)
[2023-03-28T15:18:04.481-0400] {subprocess.py:93} INFO -  |    |-- pm2.5_cf_1_b: double (nullable = true)
[2023-03-28T15:18:04.481-0400] {subprocess.py:93} INFO -  |    |-- position_rating: long (nullable = true)
[2023-03-28T15:18:04.481-0400] {subprocess.py:93} INFO -  |    |-- pressure: double (nullable = true)
[2023-03-28T15:18:04.482-0400] {subprocess.py:93} INFO -  |    |-- pressure_a: double (nullable = true)
[2023-03-28T15:18:04.482-0400] {subprocess.py:93} INFO -  |    |-- primary_id_a: long (nullable = true)
[2023-03-28T15:18:04.482-0400] {subprocess.py:93} INFO -  |    |-- primary_id_b: long (nullable = true)
[2023-03-28T15:18:04.483-0400] {subprocess.py:93} INFO -  |    |-- primary_key_a: string (nullable = true)
[2023-03-28T15:18:04.483-0400] {subprocess.py:93} INFO -  |    |-- primary_key_b: string (nullable = true)
[2023-03-28T15:18:04.483-0400] {subprocess.py:93} INFO -  |    |-- private: long (nullable = true)
[2023-03-28T15:18:04.484-0400] {subprocess.py:93} INFO -  |    |-- rssi: long (nullable = true)
[2023-03-28T15:18:04.484-0400] {subprocess.py:93} INFO -  |    |-- scattering_coefficient: double (nullable = true)
[2023-03-28T15:18:04.484-0400] {subprocess.py:93} INFO -  |    |-- scattering_coefficient_a: double (nullable = true)
[2023-03-28T15:18:04.484-0400] {subprocess.py:93} INFO -  |    |-- scattering_coefficient_b: double (nullable = true)
[2023-03-28T15:18:04.485-0400] {subprocess.py:93} INFO -  |    |-- secondary_id_a: long (nullable = true)
[2023-03-28T15:18:04.485-0400] {subprocess.py:93} INFO -  |    |-- secondary_id_b: long (nullable = true)
[2023-03-28T15:18:04.485-0400] {subprocess.py:93} INFO -  |    |-- secondary_key_a: string (nullable = true)
[2023-03-28T15:18:04.486-0400] {subprocess.py:93} INFO -  |    |-- secondary_key_b: string (nullable = true)
[2023-03-28T15:18:04.486-0400] {subprocess.py:93} INFO -  |    |-- sensor_index: long (nullable = true)
[2023-03-28T15:18:04.486-0400] {subprocess.py:93} INFO -  |    |-- stats: struct (nullable = true)
[2023-03-28T15:18:04.486-0400] {subprocess.py:93} INFO -  |    |    |-- pm2.5: double (nullable = true)
[2023-03-28T15:18:04.487-0400] {subprocess.py:93} INFO -  |    |    |-- pm2.5_10minute: double (nullable = true)
[2023-03-28T15:18:04.487-0400] {subprocess.py:93} INFO -  |    |    |-- pm2.5_1week: double (nullable = true)
[2023-03-28T15:18:04.487-0400] {subprocess.py:93} INFO -  |    |    |-- pm2.5_24hour: double (nullable = true)
[2023-03-28T15:18:04.488-0400] {subprocess.py:93} INFO -  |    |    |-- pm2.5_30minute: double (nullable = true)
[2023-03-28T15:18:04.488-0400] {subprocess.py:93} INFO -  |    |    |-- pm2.5_60minute: double (nullable = true)
[2023-03-28T15:18:04.488-0400] {subprocess.py:93} INFO -  |    |    |-- pm2.5_6hour: double (nullable = true)
[2023-03-28T15:18:04.489-0400] {subprocess.py:93} INFO -  |    |    |-- time_stamp: long (nullable = true)
[2023-03-28T15:18:04.489-0400] {subprocess.py:93} INFO -  |    |-- stats_a: struct (nullable = true)
[2023-03-28T15:18:04.489-0400] {subprocess.py:93} INFO -  |    |    |-- pm2.5: double (nullable = true)
[2023-03-28T15:18:04.490-0400] {subprocess.py:93} INFO -  |    |    |-- pm2.5_10minute: double (nullable = true)
[2023-03-28T15:18:04.491-0400] {subprocess.py:93} INFO -  |    |    |-- pm2.5_1week: double (nullable = true)
[2023-03-28T15:18:04.491-0400] {subprocess.py:93} INFO -  |    |    |-- pm2.5_24hour: double (nullable = true)
[2023-03-28T15:18:04.492-0400] {subprocess.py:93} INFO -  |    |    |-- pm2.5_30minute: double (nullable = true)
[2023-03-28T15:18:04.492-0400] {subprocess.py:93} INFO -  |    |    |-- pm2.5_60minute: double (nullable = true)
[2023-03-28T15:18:04.492-0400] {subprocess.py:93} INFO -  |    |    |-- pm2.5_6hour: double (nullable = true)
[2023-03-28T15:18:04.493-0400] {subprocess.py:93} INFO -  |    |    |-- time_stamp: long (nullable = true)
[2023-03-28T15:18:04.493-0400] {subprocess.py:93} INFO -  |    |-- stats_b: struct (nullable = true)
[2023-03-28T15:18:04.493-0400] {subprocess.py:93} INFO -  |    |    |-- pm2.5: double (nullable = true)
[2023-03-28T15:18:04.493-0400] {subprocess.py:93} INFO -  |    |    |-- pm2.5_10minute: double (nullable = true)
[2023-03-28T15:18:04.494-0400] {subprocess.py:93} INFO -  |    |    |-- pm2.5_1week: double (nullable = true)
[2023-03-28T15:18:04.495-0400] {subprocess.py:93} INFO -  |    |    |-- pm2.5_24hour: double (nullable = true)
[2023-03-28T15:18:04.495-0400] {subprocess.py:93} INFO -  |    |    |-- pm2.5_30minute: double (nullable = true)
[2023-03-28T15:18:04.497-0400] {subprocess.py:93} INFO -  |    |    |-- pm2.5_60minute: double (nullable = true)
[2023-03-28T15:18:04.498-0400] {subprocess.py:93} INFO -  |    |    |-- pm2.5_6hour: double (nullable = true)
[2023-03-28T15:18:04.499-0400] {subprocess.py:93} INFO -  |    |    |-- time_stamp: long (nullable = true)
[2023-03-28T15:18:04.499-0400] {subprocess.py:93} INFO -  |    |-- temperature: long (nullable = true)
[2023-03-28T15:18:04.499-0400] {subprocess.py:93} INFO -  |    |-- temperature_a: long (nullable = true)
[2023-03-28T15:18:04.500-0400] {subprocess.py:93} INFO -  |    |-- uptime: long (nullable = true)
[2023-03-28T15:18:04.500-0400] {subprocess.py:93} INFO -  |    |-- visual_range: double (nullable = true)
[2023-03-28T15:18:04.501-0400] {subprocess.py:93} INFO -  |    |-- visual_range_a: double (nullable = true)
[2023-03-28T15:18:04.501-0400] {subprocess.py:93} INFO -  |    |-- visual_range_b: double (nullable = true)
[2023-03-28T15:18:04.501-0400] {subprocess.py:93} INFO -  |-- time_stamp: long (nullable = true)
[2023-03-28T15:18:04.503-0400] {subprocess.py:93} INFO - 
[2023-03-28T15:18:04.504-0400] {subprocess.py:93} INFO - +--------------------+--------------+---------------+--------------------+----------+
[2023-03-28T15:18:04.504-0400] {subprocess.py:93} INFO - |     _corrupt_record|   api_version|data_time_stamp|              sensor|time_stamp|
[2023-03-28T15:18:04.504-0400] {subprocess.py:93} INFO - +--------------------+--------------+---------------+--------------------+----------+
[2023-03-28T15:18:04.505-0400] {subprocess.py:93} INFO - |                null|V1.0.11-0.0.42|     1680031025|[2467, 2562, 2373...|1680031045|
[2023-03-28T15:18:04.505-0400] {subprocess.py:93} INFO - |                null|V1.0.11-0.0.42|     1680031040|[765, 750, 780, 2...|1680031046|
[2023-03-28T15:18:04.505-0400] {subprocess.py:93} INFO - |                null|V1.0.11-0.0.42|     1680031024|[675, 675, 676, 1...|1680031047|
[2023-03-28T15:18:04.505-0400] {subprocess.py:93} INFO - |                null|V1.0.11-0.0.42|     1680031035|[636, 601, 672, 1...|1680031049|
[2023-03-28T15:18:04.505-0400] {subprocess.py:93} INFO - |                null|V1.0.11-0.0.42|     1680031025|[823, 850, 796, 2...|1680031050|
[2023-03-28T15:18:04.506-0400] {subprocess.py:93} INFO - |                null|V1.0.11-0.0.42|     1680031024|[954, 954, 26135,...|1680031051|
[2023-03-28T15:18:04.506-0400] {subprocess.py:93} INFO - |                null|V1.0.11-0.0.42|     1680031024|[833, 847, 820, 2...|1680031053|
[2023-03-28T15:18:04.507-0400] {subprocess.py:93} INFO - |                null|V1.0.11-0.0.42|     1680031025|[266, 278, 255, 2...|1680031054|
[2023-03-28T15:18:04.507-0400] {subprocess.py:93} INFO - |                null|V1.0.11-0.0.42|     1680031024|[869, 851, 887, 2...|1680031055|
[2023-03-28T15:18:04.507-0400] {subprocess.py:93} INFO - |                null|V1.0.11-0.0.42|     1680031035|[498, 498, 2701, ...|1680031056|
[2023-03-28T15:18:04.507-0400] {subprocess.py:93} INFO - |                null|V1.0.11-0.0.42|     1680031025|[170, 160, 180, 1...|1680031058|
[2023-03-28T15:18:04.507-0400] {subprocess.py:93} INFO - |                null|V1.0.11-0.0.42|     1680031040|[670, 611, 729, 1...|1680031059|
[2023-03-28T15:18:04.508-0400] {subprocess.py:93} INFO - |                null|V1.0.11-0.0.42|     1680031035|[869, 851, 887, 2...|1680031060|
[2023-03-28T15:18:04.508-0400] {subprocess.py:93} INFO - |{'api_version': '...|          null|           null|                null|      null|
[2023-03-28T15:18:04.508-0400] {subprocess.py:93} INFO - |                null|V1.0.11-0.0.42|     1680031035|[839, 695, 984, 2...|1680031063|
[2023-03-28T15:18:04.508-0400] {subprocess.py:93} INFO - |                null|V1.0.11-0.0.42|     1680031040|[895, 937, 853, 2...|1680031064|
[2023-03-28T15:18:04.508-0400] {subprocess.py:93} INFO - +--------------------+--------------+---------------+--------------------+----------+
[2023-03-28T15:18:04.509-0400] {subprocess.py:93} INFO - 
[2023-03-28T15:18:04.509-0400] {subprocess.py:93} INFO - +------------+---------+----------+--------+-----------+-----------+----------+-------------+
[2023-03-28T15:18:04.509-0400] {subprocess.py:93} INFO - |sensor_index| latitude| longitude|pressure|pm2.5_atm_a|pm2.5_atm_b|humidity_a|temperature_a|
[2023-03-28T15:18:04.510-0400] {subprocess.py:93} INFO - +------------+---------+----------+--------+-----------+-----------+----------+-------------+
[2023-03-28T15:18:04.510-0400] {subprocess.py:93} INFO - |      128679|40.070442| -83.01968|  642.66|       24.9|      25.62|        51|           72|
[2023-03-28T15:18:04.510-0400] {subprocess.py:93} INFO - |       42145|40.045116|  -82.9947|  991.78|       5.35|       5.12|        29|           57|
[2023-03-28T15:18:04.510-0400] {subprocess.py:93} INFO - |      103092| 40.10328| -83.04084|  992.97|        5.7|       4.39|        27|           62|
[2023-03-28T15:18:04.510-0400] {subprocess.py:93} INFO - |       33861|40.021294|-82.990456|   991.6|       5.04|        4.2|        32|           56|
[2023-03-28T15:18:04.511-0400] {subprocess.py:93} INFO - |       72009|40.057014| -83.00535|  991.69|       5.32|       4.13|        29|           56|
[2023-03-28T15:18:04.511-0400] {subprocess.py:93} INFO - |      149716|39.974773| -82.88287|  987.55|       7.08|     179.72|        35|           56|
[2023-03-28T15:18:04.512-0400] {subprocess.py:93} INFO - |      147691|39.962215| -83.07883|  986.87|       6.28|       5.73|        32|           47|
[2023-03-28T15:18:04.512-0400] {subprocess.py:93} INFO - |      120351|40.170296| -82.77792|  986.33|       1.39|       1.04|        31|           42|
[2023-03-28T15:18:04.512-0400] {subprocess.py:93} INFO - |      158823|39.878136| -83.08927|   993.0|       5.59|       6.16|        26|           61|
[2023-03-28T15:18:04.512-0400] {subprocess.py:93} INFO - |      142906|39.839783| -83.07625|    null|       3.51|      23.19|      null|         null|
[2023-03-28T15:18:04.512-0400] {subprocess.py:93} INFO - |      133099| 40.00742| -83.05926|  992.64|        0.0|        0.0|        27|           61|
[2023-03-28T15:18:04.513-0400] {subprocess.py:93} INFO - |      103358|40.030293| -83.02833|  994.93|        4.5|        5.0|        32|           51|
[2023-03-28T15:18:04.513-0400] {subprocess.py:93} INFO - |      158823|39.878136| -83.08927|   993.0|       5.59|       6.16|        26|           61|
[2023-03-28T15:18:04.513-0400] {subprocess.py:93} INFO - |        null|     null|      null|    null|       null|       null|      null|         null|
[2023-03-28T15:18:04.514-0400] {subprocess.py:93} INFO - |      128591|39.933132| -82.96611|  995.92|       5.46|       7.64|        30|           59|
[2023-03-28T15:18:04.514-0400] {subprocess.py:93} INFO - |      131379| 39.96028|-83.006294|   997.4|        6.3|       6.17|        26|           58|
[2023-03-28T15:18:04.514-0400] {subprocess.py:93} INFO - +------------+---------+----------+--------+-----------+-----------+----------+-------------+
[2023-03-28T15:18:04.515-0400] {subprocess.py:93} INFO - 
[2023-03-28T15:18:04.515-0400] {subprocess.py:93} INFO - +------------+---------+----------+--------+-----------+-----------+----------+-------------+
[2023-03-28T15:18:04.515-0400] {subprocess.py:93} INFO - |sensor_index| latitude| longitude|pressure|pm2_5_atm_a|pm2_5_atm_b|humidity_a|temperature_a|
[2023-03-28T15:18:04.515-0400] {subprocess.py:93} INFO - +------------+---------+----------+--------+-----------+-----------+----------+-------------+
[2023-03-28T15:18:04.515-0400] {subprocess.py:93} INFO - |      128679|40.070442| -83.01968|  642.66|       24.9|      25.62|        51|           72|
[2023-03-28T15:18:04.515-0400] {subprocess.py:93} INFO - |       42145|40.045116|  -82.9947|  991.78|       5.35|       5.12|        29|           57|
[2023-03-28T15:18:04.516-0400] {subprocess.py:93} INFO - |      103092| 40.10328| -83.04084|  992.97|        5.7|       4.39|        27|           62|
[2023-03-28T15:18:04.516-0400] {subprocess.py:93} INFO - |       33861|40.021294|-82.990456|   991.6|       5.04|        4.2|        32|           56|
[2023-03-28T15:18:04.516-0400] {subprocess.py:93} INFO - |       72009|40.057014| -83.00535|  991.69|       5.32|       4.13|        29|           56|
[2023-03-28T15:18:04.516-0400] {subprocess.py:93} INFO - |      149716|39.974773| -82.88287|  987.55|       7.08|     179.72|        35|           56|
[2023-03-28T15:18:04.516-0400] {subprocess.py:93} INFO - |      147691|39.962215| -83.07883|  986.87|       6.28|       5.73|        32|           47|
[2023-03-28T15:18:04.517-0400] {subprocess.py:93} INFO - |      120351|40.170296| -82.77792|  986.33|       1.39|       1.04|        31|           42|
[2023-03-28T15:18:04.517-0400] {subprocess.py:93} INFO - |      158823|39.878136| -83.08927|   993.0|       5.59|       6.16|        26|           61|
[2023-03-28T15:18:04.517-0400] {subprocess.py:93} INFO - |      142906|39.839783| -83.07625|    null|       3.51|      23.19|      null|         null|
[2023-03-28T15:18:04.517-0400] {subprocess.py:93} INFO - |      133099| 40.00742| -83.05926|  992.64|        0.0|        0.0|        27|           61|
[2023-03-28T15:18:04.517-0400] {subprocess.py:93} INFO - |      103358|40.030293| -83.02833|  994.93|        4.5|        5.0|        32|           51|
[2023-03-28T15:18:04.517-0400] {subprocess.py:93} INFO - |      158823|39.878136| -83.08927|   993.0|       5.59|       6.16|        26|           61|
[2023-03-28T15:18:04.518-0400] {subprocess.py:93} INFO - |        null|     null|      null|    null|       null|       null|      null|         null|
[2023-03-28T15:18:04.518-0400] {subprocess.py:93} INFO - |      128591|39.933132| -82.96611|  995.92|       5.46|       7.64|        30|           59|
[2023-03-28T15:18:04.518-0400] {subprocess.py:93} INFO - |      131379| 39.96028|-83.006294|   997.4|        6.3|       6.17|        26|           58|
[2023-03-28T15:18:04.518-0400] {subprocess.py:93} INFO - +------------+---------+----------+--------+-----------+-----------+----------+-------------+
[2023-03-28T15:18:04.518-0400] {subprocess.py:93} INFO - 
[2023-03-28T15:18:04.518-0400] {subprocess.py:93} INFO - Writing to CSV file named sensors.csv
[2023-03-28T15:18:04.519-0400] {subprocess.py:93} INFO - End of spark session
[2023-03-28T15:18:05.023-0400] {subprocess.py:97} INFO - Command exited with return code 0
[2023-03-28T15:18:05.041-0400] {taskinstance.py:1326} INFO - Marking task as SUCCESS. dag_id=air_quality_pipeline, task_id=run_consumer, execution_date=20230328T191721, start_date=20230328T191747, end_date=20230328T191805
[2023-03-28T15:18:05.073-0400] {local_task_job.py:212} INFO - Task exited with return code 0
[2023-03-28T15:18:05.094-0400] {taskinstance.py:2585} INFO - 1 downstream tasks scheduled from follow-on schedule check
