[2023-04-05T18:59:53.038-0400] {taskinstance.py:1084} INFO - Dependencies all met for dep_context=non-requeueable deps ti=<TaskInstance: air_quality_pipeline.run_producer manual__2023-04-05T22:59:49.736080+00:00 [queued]>
[2023-04-05T18:59:53.046-0400] {taskinstance.py:1084} INFO - Dependencies all met for dep_context=requeueable deps ti=<TaskInstance: air_quality_pipeline.run_producer manual__2023-04-05T22:59:49.736080+00:00 [queued]>
[2023-04-05T18:59:53.046-0400] {taskinstance.py:1282} INFO - 
--------------------------------------------------------------------------------
[2023-04-05T18:59:53.046-0400] {taskinstance.py:1283} INFO - Starting attempt 1 of 2
[2023-04-05T18:59:53.047-0400] {taskinstance.py:1284} INFO - 
--------------------------------------------------------------------------------
[2023-04-05T18:59:53.054-0400] {taskinstance.py:1303} INFO - Executing <Task(BashOperator): run_producer> on 2023-04-05 22:59:49.736080+00:00
[2023-04-05T18:59:53.060-0400] {standard_task_runner.py:55} INFO - Started process 18464 to run task
[2023-04-05T18:59:53.065-0400] {standard_task_runner.py:82} INFO - Running: ['airflow', 'tasks', 'run', 'air_quality_pipeline', 'run_producer', 'manual__2023-04-05T22:59:49.736080+00:00', '--job-id', '101', '--raw', '--subdir', 'DAGS_FOLDER/__pycache__/pipeline.py', '--cfg-path', '/var/folders/8z/pwbx6b3n3mnd1g1f397fv1100000gn/T/tmpkc076kw5']
[2023-04-05T18:59:53.065-0400] {standard_task_runner.py:83} INFO - Job 101: Subtask run_producer
[2023-04-05T18:59:53.105-0400] {task_command.py:388} INFO - Running <TaskInstance: air_quality_pipeline.run_producer manual__2023-04-05T22:59:49.736080+00:00 [running]> on host srivardhans-air.starry-inc.net
[2023-04-05T18:59:53.142-0400] {taskinstance.py:1511} INFO - Exporting the following env vars:
AIRFLOW_CTX_DAG_OWNER=yourname
AIRFLOW_CTX_DAG_ID=air_quality_pipeline
AIRFLOW_CTX_TASK_ID=run_producer
AIRFLOW_CTX_EXECUTION_DATE=2023-04-05T22:59:49.736080+00:00
AIRFLOW_CTX_TRY_NUMBER=1
AIRFLOW_CTX_DAG_RUN_ID=manual__2023-04-05T22:59:49.736080+00:00
[2023-04-05T18:59:53.143-0400] {subprocess.py:63} INFO - Tmp dir root location: 
 /var/folders/8z/pwbx6b3n3mnd1g1f397fv1100000gn/T
[2023-04-05T18:59:53.143-0400] {subprocess.py:75} INFO - Running command: ['/bin/bash', '-c', 'python3 "/Users/srivardhan/Desktop/Masters/Masters Project/Kafka Implementation/kafka-pipeline-examples/producer-consumer/producer.py"']
[2023-04-05T18:59:53.156-0400] {subprocess.py:86} INFO - Output:
[2023-04-05T19:00:31.270-0400] {subprocess.py:93} INFO - Fetching Data from Purple Air sensors
[2023-04-05T19:00:31.274-0400] {subprocess.py:93} INFO - Sending sensor data : 128679
[2023-04-05T19:00:31.275-0400] {subprocess.py:93} INFO - Sending sensor data : 42145
[2023-04-05T19:00:31.275-0400] {subprocess.py:93} INFO - Sending sensor data : 103092
[2023-04-05T19:00:31.276-0400] {subprocess.py:93} INFO - Sending sensor data : 33861
[2023-04-05T19:00:31.277-0400] {subprocess.py:93} INFO - Sending sensor data : 72009
[2023-04-05T19:00:31.278-0400] {subprocess.py:93} INFO - Sending sensor data : 149716
[2023-04-05T19:00:31.278-0400] {subprocess.py:93} INFO - Sending sensor data : 147691
[2023-04-05T19:00:31.279-0400] {subprocess.py:93} INFO - Sending sensor data : 120351
[2023-04-05T19:00:31.279-0400] {subprocess.py:93} INFO - Sending sensor data : 158823
[2023-04-05T19:00:31.280-0400] {subprocess.py:93} INFO - Sending sensor data : 142906
[2023-04-05T19:00:31.281-0400] {subprocess.py:93} INFO - Sending sensor data : 133099
[2023-04-05T19:00:31.282-0400] {subprocess.py:93} INFO - Sending sensor data : 103358
[2023-04-05T19:00:31.282-0400] {subprocess.py:93} INFO - Sending sensor data : 158823
[2023-04-05T19:00:31.283-0400] {subprocess.py:93} INFO - Sending sensor data : 137008
[2023-04-05T19:00:31.284-0400] {subprocess.py:93} INFO - Sending sensor data : 128591
[2023-04-05T19:00:31.285-0400] {subprocess.py:93} INFO - Sending sensor data : 131379
[2023-04-05T19:00:31.301-0400] {subprocess.py:97} INFO - Command exited with return code 0
[2023-04-05T19:00:31.324-0400] {taskinstance.py:1326} INFO - Marking task as SUCCESS. dag_id=air_quality_pipeline, task_id=run_producer, execution_date=20230405T225949, start_date=20230405T225953, end_date=20230405T230031
[2023-04-05T19:00:31.362-0400] {local_task_job.py:212} INFO - Task exited with return code 0
[2023-04-05T19:00:31.380-0400] {taskinstance.py:2585} INFO - 1 downstream tasks scheduled from follow-on schedule check
