[2023-03-28T15:54:07.383-0400] {taskinstance.py:1084} INFO - Dependencies all met for dep_context=non-requeueable deps ti=<TaskInstance: air_quality_pipeline.run_consumer manual__2023-03-28T19:53:39.045826+00:00 [queued]>
[2023-03-28T15:54:07.394-0400] {taskinstance.py:1084} INFO - Dependencies all met for dep_context=requeueable deps ti=<TaskInstance: air_quality_pipeline.run_consumer manual__2023-03-28T19:53:39.045826+00:00 [queued]>
[2023-03-28T15:54:07.394-0400] {taskinstance.py:1282} INFO - 
--------------------------------------------------------------------------------
[2023-03-28T15:54:07.394-0400] {taskinstance.py:1283} INFO - Starting attempt 1 of 2
[2023-03-28T15:54:07.394-0400] {taskinstance.py:1284} INFO - 
--------------------------------------------------------------------------------
[2023-03-28T15:54:07.406-0400] {taskinstance.py:1303} INFO - Executing <Task(BashOperator): run_consumer> on 2023-03-28 19:53:39.045826+00:00
[2023-03-28T15:54:07.419-0400] {standard_task_runner.py:55} INFO - Started process 57269 to run task
[2023-03-28T15:54:07.424-0400] {standard_task_runner.py:82} INFO - Running: ['airflow', 'tasks', 'run', 'air_quality_pipeline', 'run_consumer', 'manual__2023-03-28T19:53:39.045826+00:00', '--job-id', '67', '--raw', '--subdir', 'DAGS_FOLDER/__pycache__/pipeline.py', '--cfg-path', '/var/folders/8z/pwbx6b3n3mnd1g1f397fv1100000gn/T/tmpcxprf808']
[2023-03-28T15:54:07.425-0400] {standard_task_runner.py:83} INFO - Job 67: Subtask run_consumer
[2023-03-28T15:54:07.469-0400] {task_command.py:388} INFO - Running <TaskInstance: air_quality_pipeline.run_consumer manual__2023-03-28T19:53:39.045826+00:00 [running]> on host srivardhans-air.starry-inc.net
[2023-03-28T15:54:07.516-0400] {taskinstance.py:1511} INFO - Exporting the following env vars:
AIRFLOW_CTX_DAG_OWNER=yourname
AIRFLOW_CTX_DAG_ID=air_quality_pipeline
AIRFLOW_CTX_TASK_ID=run_consumer
AIRFLOW_CTX_EXECUTION_DATE=2023-03-28T19:53:39.045826+00:00
AIRFLOW_CTX_TRY_NUMBER=1
AIRFLOW_CTX_DAG_RUN_ID=manual__2023-03-28T19:53:39.045826+00:00
[2023-03-28T15:54:07.517-0400] {subprocess.py:63} INFO - Tmp dir root location: 
 /var/folders/8z/pwbx6b3n3mnd1g1f397fv1100000gn/T
[2023-03-28T15:54:07.518-0400] {subprocess.py:75} INFO - Running command: ['/bin/bash', '-c', 'python3 "/Users/srivardhan/Desktop/Masters/Masters Project/Kafka Implementation/kafka-pipeline-examples/producer-consumer/consumer.py"']
[2023-03-28T15:54:07.529-0400] {subprocess.py:86} INFO - Output:
[2023-03-28T15:54:21.226-0400] {subprocess.py:93} INFO - 23/03/28 15:54:21 WARN NativeCodeLoader: Unable to load native-hadoop library for your platform... using builtin-java classes where applicable
[2023-03-28T15:54:21.353-0400] {subprocess.py:93} INFO - Using Spark's default log4j profile: org/apache/spark/log4j-defaults.properties
[2023-03-28T15:54:21.355-0400] {subprocess.py:93} INFO - Setting default log level to "WARN".
[2023-03-28T15:54:21.355-0400] {subprocess.py:93} INFO - To adjust logging level use sc.setLogLevel(newLevel). For SparkR, use setLogLevel(newLevel).
[2023-03-28T15:54:24.960-0400] {subprocess.py:93} INFO - [Stage 0:>                                                          (0 + 8) / 8]                                                                                23/03/28 15:54:24 WARN Utils: Truncated the string representation of a plan since it was too large. This behavior can be adjusted by setting 'spark.debug.maxToStringFields' in SparkEnv.conf.
[2023-03-28T15:54:26.515-0400] {subprocess.py:93} INFO - Connecting to consumer ...
[2023-03-28T15:54:26.534-0400] {subprocess.py:93} INFO - Start of kafka session
[2023-03-28T15:54:26.534-0400] {subprocess.py:93} INFO - No messages received, stopping consumer
[2023-03-28T15:54:26.535-0400] {subprocess.py:93} INFO - Start of spark session
[2023-03-28T15:54:26.535-0400] {subprocess.py:93} INFO - Start of spark session
[2023-03-28T15:54:26.535-0400] {subprocess.py:93} INFO - root
[2023-03-28T15:54:26.536-0400] {subprocess.py:93} INFO -  |-- _corrupt_record: string (nullable = true)
[2023-03-28T15:54:26.536-0400] {subprocess.py:93} INFO -  |-- api_version: string (nullable = true)
[2023-03-28T15:54:26.537-0400] {subprocess.py:93} INFO -  |-- data_time_stamp: long (nullable = true)
[2023-03-28T15:54:26.537-0400] {subprocess.py:93} INFO -  |-- sensor: struct (nullable = true)
[2023-03-28T15:54:26.537-0400] {subprocess.py:93} INFO -  |    |-- 0.3_um_count: long (nullable = true)
[2023-03-28T15:54:26.538-0400] {subprocess.py:93} INFO -  |    |-- 0.3_um_count_a: long (nullable = true)
[2023-03-28T15:54:26.538-0400] {subprocess.py:93} INFO -  |    |-- 0.3_um_count_b: long (nullable = true)
[2023-03-28T15:54:26.538-0400] {subprocess.py:93} INFO -  |    |-- 0.5_um_count: long (nullable = true)
[2023-03-28T15:54:26.538-0400] {subprocess.py:93} INFO -  |    |-- 0.5_um_count_a: long (nullable = true)
[2023-03-28T15:54:26.539-0400] {subprocess.py:93} INFO -  |    |-- 0.5_um_count_b: long (nullable = true)
[2023-03-28T15:54:26.539-0400] {subprocess.py:93} INFO -  |    |-- 1.0_um_count: long (nullable = true)
[2023-03-28T15:54:26.539-0400] {subprocess.py:93} INFO -  |    |-- 1.0_um_count_a: long (nullable = true)
[2023-03-28T15:54:26.540-0400] {subprocess.py:93} INFO -  |    |-- 1.0_um_count_b: long (nullable = true)
[2023-03-28T15:54:26.541-0400] {subprocess.py:93} INFO -  |    |-- 10.0_um_count: long (nullable = true)
[2023-03-28T15:54:26.541-0400] {subprocess.py:93} INFO -  |    |-- 10.0_um_count_a: long (nullable = true)
[2023-03-28T15:54:26.542-0400] {subprocess.py:93} INFO -  |    |-- 10.0_um_count_b: long (nullable = true)
[2023-03-28T15:54:26.544-0400] {subprocess.py:93} INFO -  |    |-- 2.5_um_count: long (nullable = true)
[2023-03-28T15:54:26.545-0400] {subprocess.py:93} INFO -  |    |-- 2.5_um_count_a: long (nullable = true)
[2023-03-28T15:54:26.549-0400] {subprocess.py:93} INFO -  |    |-- 2.5_um_count_b: long (nullable = true)
[2023-03-28T15:54:26.552-0400] {subprocess.py:93} INFO -  |    |-- 5.0_um_count: long (nullable = true)
[2023-03-28T15:54:26.555-0400] {subprocess.py:93} INFO -  |    |-- 5.0_um_count_a: long (nullable = true)
[2023-03-28T15:54:26.557-0400] {subprocess.py:93} INFO -  |    |-- 5.0_um_count_b: long (nullable = true)
[2023-03-28T15:54:26.559-0400] {subprocess.py:93} INFO -  |    |-- altitude: long (nullable = true)
[2023-03-28T15:54:26.561-0400] {subprocess.py:93} INFO -  |    |-- analog_input: double (nullable = true)
[2023-03-28T15:54:26.562-0400] {subprocess.py:93} INFO -  |    |-- channel_flags: long (nullable = true)
[2023-03-28T15:54:26.563-0400] {subprocess.py:93} INFO -  |    |-- channel_flags_auto: long (nullable = true)
[2023-03-28T15:54:26.563-0400] {subprocess.py:93} INFO -  |    |-- channel_flags_manual: long (nullable = true)
[2023-03-28T15:54:26.564-0400] {subprocess.py:93} INFO -  |    |-- channel_state: long (nullable = true)
[2023-03-28T15:54:26.564-0400] {subprocess.py:93} INFO -  |    |-- confidence: long (nullable = true)
[2023-03-28T15:54:26.565-0400] {subprocess.py:93} INFO -  |    |-- confidence_auto: long (nullable = true)
[2023-03-28T15:54:26.567-0400] {subprocess.py:93} INFO -  |    |-- confidence_manual: long (nullable = true)
[2023-03-28T15:54:26.567-0400] {subprocess.py:93} INFO -  |    |-- date_created: long (nullable = true)
[2023-03-28T15:54:26.567-0400] {subprocess.py:93} INFO -  |    |-- deciviews: double (nullable = true)
[2023-03-28T15:54:26.568-0400] {subprocess.py:93} INFO -  |    |-- deciviews_a: double (nullable = true)
[2023-03-28T15:54:26.569-0400] {subprocess.py:93} INFO -  |    |-- deciviews_b: double (nullable = true)
[2023-03-28T15:54:26.570-0400] {subprocess.py:93} INFO -  |    |-- firmware_version: string (nullable = true)
[2023-03-28T15:54:26.572-0400] {subprocess.py:93} INFO -  |    |-- hardware: string (nullable = true)
[2023-03-28T15:54:26.573-0400] {subprocess.py:93} INFO -  |    |-- humidity: long (nullable = true)
[2023-03-28T15:54:26.574-0400] {subprocess.py:93} INFO -  |    |-- humidity_a: long (nullable = true)
[2023-03-28T15:54:26.574-0400] {subprocess.py:93} INFO -  |    |-- icon: long (nullable = true)
[2023-03-28T15:54:26.574-0400] {subprocess.py:93} INFO -  |    |-- is_owner: long (nullable = true)
[2023-03-28T15:54:26.574-0400] {subprocess.py:93} INFO -  |    |-- last_modified: long (nullable = true)
[2023-03-28T15:54:26.575-0400] {subprocess.py:93} INFO -  |    |-- last_seen: long (nullable = true)
[2023-03-28T15:54:26.575-0400] {subprocess.py:93} INFO -  |    |-- latitude: double (nullable = true)
[2023-03-28T15:54:26.575-0400] {subprocess.py:93} INFO -  |    |-- led_brightness: long (nullable = true)
[2023-03-28T15:54:26.576-0400] {subprocess.py:93} INFO -  |    |-- location_type: long (nullable = true)
[2023-03-28T15:54:26.576-0400] {subprocess.py:93} INFO -  |    |-- longitude: double (nullable = true)
[2023-03-28T15:54:26.577-0400] {subprocess.py:93} INFO -  |    |-- memory: long (nullable = true)
[2023-03-28T15:54:26.577-0400] {subprocess.py:93} INFO -  |    |-- model: string (nullable = true)
[2023-03-28T15:54:26.578-0400] {subprocess.py:93} INFO -  |    |-- name: string (nullable = true)
[2023-03-28T15:54:26.578-0400] {subprocess.py:93} INFO -  |    |-- pa_latency: long (nullable = true)
[2023-03-28T15:54:26.578-0400] {subprocess.py:93} INFO -  |    |-- pm1.0: double (nullable = true)
[2023-03-28T15:54:26.579-0400] {subprocess.py:93} INFO -  |    |-- pm1.0_a: double (nullable = true)
[2023-03-28T15:54:26.579-0400] {subprocess.py:93} INFO -  |    |-- pm1.0_atm: double (nullable = true)
[2023-03-28T15:54:26.579-0400] {subprocess.py:93} INFO -  |    |-- pm1.0_atm_a: double (nullable = true)
[2023-03-28T15:54:26.579-0400] {subprocess.py:93} INFO -  |    |-- pm1.0_atm_b: double (nullable = true)
[2023-03-28T15:54:26.580-0400] {subprocess.py:93} INFO -  |    |-- pm1.0_b: double (nullable = true)
[2023-03-28T15:54:26.580-0400] {subprocess.py:93} INFO -  |    |-- pm1.0_cf_1: double (nullable = true)
[2023-03-28T15:54:26.580-0400] {subprocess.py:93} INFO -  |    |-- pm1.0_cf_1_a: double (nullable = true)
[2023-03-28T15:54:26.581-0400] {subprocess.py:93} INFO -  |    |-- pm1.0_cf_1_b: double (nullable = true)
[2023-03-28T15:54:26.581-0400] {subprocess.py:93} INFO -  |    |-- pm10.0: double (nullable = true)
[2023-03-28T15:54:26.581-0400] {subprocess.py:93} INFO -  |    |-- pm10.0_a: double (nullable = true)
[2023-03-28T15:54:26.582-0400] {subprocess.py:93} INFO -  |    |-- pm10.0_atm: double (nullable = true)
[2023-03-28T15:54:26.582-0400] {subprocess.py:93} INFO -  |    |-- pm10.0_atm_a: double (nullable = true)
[2023-03-28T15:54:26.583-0400] {subprocess.py:93} INFO -  |    |-- pm10.0_atm_b: double (nullable = true)
[2023-03-28T15:54:26.583-0400] {subprocess.py:93} INFO -  |    |-- pm10.0_b: double (nullable = true)
[2023-03-28T15:54:26.584-0400] {subprocess.py:93} INFO -  |    |-- pm10.0_cf_1: double (nullable = true)
[2023-03-28T15:54:26.584-0400] {subprocess.py:93} INFO -  |    |-- pm10.0_cf_1_a: double (nullable = true)
[2023-03-28T15:54:26.585-0400] {subprocess.py:93} INFO -  |    |-- pm10.0_cf_1_b: double (nullable = true)
[2023-03-28T15:54:26.585-0400] {subprocess.py:93} INFO -  |    |-- pm2.5: double (nullable = true)
[2023-03-28T15:54:26.586-0400] {subprocess.py:93} INFO -  |    |-- pm2.5_a: double (nullable = true)
[2023-03-28T15:54:26.587-0400] {subprocess.py:93} INFO -  |    |-- pm2.5_alt: double (nullable = true)
[2023-03-28T15:54:26.588-0400] {subprocess.py:93} INFO -  |    |-- pm2.5_alt_a: double (nullable = true)
[2023-03-28T15:54:26.589-0400] {subprocess.py:93} INFO -  |    |-- pm2.5_alt_b: double (nullable = true)
[2023-03-28T15:54:26.590-0400] {subprocess.py:93} INFO -  |    |-- pm2.5_atm: double (nullable = true)
[2023-03-28T15:54:26.591-0400] {subprocess.py:93} INFO -  |    |-- pm2.5_atm_a: double (nullable = true)
[2023-03-28T15:54:26.592-0400] {subprocess.py:93} INFO -  |    |-- pm2.5_atm_b: double (nullable = true)
[2023-03-28T15:54:26.593-0400] {subprocess.py:93} INFO -  |    |-- pm2.5_b: double (nullable = true)
[2023-03-28T15:54:26.594-0400] {subprocess.py:93} INFO -  |    |-- pm2.5_cf_1: double (nullable = true)
[2023-03-28T15:54:26.595-0400] {subprocess.py:93} INFO -  |    |-- pm2.5_cf_1_a: double (nullable = true)
[2023-03-28T15:54:26.596-0400] {subprocess.py:93} INFO -  |    |-- pm2.5_cf_1_b: double (nullable = true)
[2023-03-28T15:54:26.597-0400] {subprocess.py:93} INFO -  |    |-- position_rating: long (nullable = true)
[2023-03-28T15:54:26.598-0400] {subprocess.py:93} INFO -  |    |-- pressure: double (nullable = true)
[2023-03-28T15:54:26.598-0400] {subprocess.py:93} INFO -  |    |-- pressure_a: double (nullable = true)
[2023-03-28T15:54:26.599-0400] {subprocess.py:93} INFO -  |    |-- primary_id_a: long (nullable = true)
[2023-03-28T15:54:26.600-0400] {subprocess.py:93} INFO -  |    |-- primary_id_b: long (nullable = true)
[2023-03-28T15:54:26.600-0400] {subprocess.py:93} INFO -  |    |-- primary_key_a: string (nullable = true)
[2023-03-28T15:54:26.601-0400] {subprocess.py:93} INFO -  |    |-- primary_key_b: string (nullable = true)
[2023-03-28T15:54:26.601-0400] {subprocess.py:93} INFO -  |    |-- private: long (nullable = true)
[2023-03-28T15:54:26.602-0400] {subprocess.py:93} INFO -  |    |-- rssi: long (nullable = true)
[2023-03-28T15:54:26.602-0400] {subprocess.py:93} INFO -  |    |-- scattering_coefficient: double (nullable = true)
[2023-03-28T15:54:26.603-0400] {subprocess.py:93} INFO -  |    |-- scattering_coefficient_a: double (nullable = true)
[2023-03-28T15:54:26.605-0400] {subprocess.py:93} INFO -  |    |-- scattering_coefficient_b: double (nullable = true)
[2023-03-28T15:54:26.606-0400] {subprocess.py:93} INFO -  |    |-- secondary_id_a: long (nullable = true)
[2023-03-28T15:54:26.607-0400] {subprocess.py:93} INFO -  |    |-- secondary_id_b: long (nullable = true)
[2023-03-28T15:54:26.607-0400] {subprocess.py:93} INFO -  |    |-- secondary_key_a: string (nullable = true)
[2023-03-28T15:54:26.608-0400] {subprocess.py:93} INFO -  |    |-- secondary_key_b: string (nullable = true)
[2023-03-28T15:54:26.610-0400] {subprocess.py:93} INFO -  |    |-- sensor_index: long (nullable = true)
[2023-03-28T15:54:26.611-0400] {subprocess.py:93} INFO -  |    |-- stats: struct (nullable = true)
[2023-03-28T15:54:26.617-0400] {subprocess.py:93} INFO -  |    |    |-- pm2.5: double (nullable = true)
[2023-03-28T15:54:26.618-0400] {subprocess.py:93} INFO -  |    |    |-- pm2.5_10minute: double (nullable = true)
[2023-03-28T15:54:26.619-0400] {subprocess.py:93} INFO -  |    |    |-- pm2.5_1week: double (nullable = true)
[2023-03-28T15:54:26.620-0400] {subprocess.py:93} INFO -  |    |    |-- pm2.5_24hour: double (nullable = true)
[2023-03-28T15:54:26.621-0400] {subprocess.py:93} INFO -  |    |    |-- pm2.5_30minute: double (nullable = true)
[2023-03-28T15:54:26.621-0400] {subprocess.py:93} INFO -  |    |    |-- pm2.5_60minute: double (nullable = true)
[2023-03-28T15:54:26.621-0400] {subprocess.py:93} INFO -  |    |    |-- pm2.5_6hour: double (nullable = true)
[2023-03-28T15:54:26.622-0400] {subprocess.py:93} INFO -  |    |    |-- time_stamp: long (nullable = true)
[2023-03-28T15:54:26.623-0400] {subprocess.py:93} INFO -  |    |-- stats_a: struct (nullable = true)
[2023-03-28T15:54:26.624-0400] {subprocess.py:93} INFO -  |    |    |-- pm2.5: double (nullable = true)
[2023-03-28T15:54:26.625-0400] {subprocess.py:93} INFO -  |    |    |-- pm2.5_10minute: double (nullable = true)
[2023-03-28T15:54:26.625-0400] {subprocess.py:93} INFO -  |    |    |-- pm2.5_1week: double (nullable = true)
[2023-03-28T15:54:26.626-0400] {subprocess.py:93} INFO -  |    |    |-- pm2.5_24hour: double (nullable = true)
[2023-03-28T15:54:26.626-0400] {subprocess.py:93} INFO -  |    |    |-- pm2.5_30minute: double (nullable = true)
[2023-03-28T15:54:26.627-0400] {subprocess.py:93} INFO -  |    |    |-- pm2.5_60minute: double (nullable = true)
[2023-03-28T15:54:26.628-0400] {subprocess.py:93} INFO -  |    |    |-- pm2.5_6hour: double (nullable = true)
[2023-03-28T15:54:26.628-0400] {subprocess.py:93} INFO -  |    |    |-- time_stamp: long (nullable = true)
[2023-03-28T15:54:26.628-0400] {subprocess.py:93} INFO -  |    |-- stats_b: struct (nullable = true)
[2023-03-28T15:54:26.629-0400] {subprocess.py:93} INFO -  |    |    |-- pm2.5: double (nullable = true)
[2023-03-28T15:54:26.630-0400] {subprocess.py:93} INFO -  |    |    |-- pm2.5_10minute: double (nullable = true)
[2023-03-28T15:54:26.630-0400] {subprocess.py:93} INFO -  |    |    |-- pm2.5_1week: double (nullable = true)
[2023-03-28T15:54:26.631-0400] {subprocess.py:93} INFO -  |    |    |-- pm2.5_24hour: double (nullable = true)
[2023-03-28T15:54:26.631-0400] {subprocess.py:93} INFO -  |    |    |-- pm2.5_30minute: double (nullable = true)
[2023-03-28T15:54:26.632-0400] {subprocess.py:93} INFO -  |    |    |-- pm2.5_60minute: double (nullable = true)
[2023-03-28T15:54:26.632-0400] {subprocess.py:93} INFO -  |    |    |-- pm2.5_6hour: double (nullable = true)
[2023-03-28T15:54:26.633-0400] {subprocess.py:93} INFO -  |    |    |-- time_stamp: long (nullable = true)
[2023-03-28T15:54:26.634-0400] {subprocess.py:93} INFO -  |    |-- temperature: long (nullable = true)
[2023-03-28T15:54:26.635-0400] {subprocess.py:93} INFO -  |    |-- temperature_a: long (nullable = true)
[2023-03-28T15:54:26.635-0400] {subprocess.py:93} INFO -  |    |-- uptime: long (nullable = true)
[2023-03-28T15:54:26.636-0400] {subprocess.py:93} INFO -  |    |-- visual_range: double (nullable = true)
[2023-03-28T15:54:26.637-0400] {subprocess.py:93} INFO -  |    |-- visual_range_a: double (nullable = true)
[2023-03-28T15:54:26.638-0400] {subprocess.py:93} INFO -  |    |-- visual_range_b: double (nullable = true)
[2023-03-28T15:54:26.638-0400] {subprocess.py:93} INFO -  |-- time_stamp: long (nullable = true)
[2023-03-28T15:54:26.639-0400] {subprocess.py:93} INFO - 
[2023-03-28T15:54:26.640-0400] {subprocess.py:93} INFO - +--------------------+--------------+---------------+--------------------+----------+
[2023-03-28T15:54:26.640-0400] {subprocess.py:93} INFO - |     _corrupt_record|   api_version|data_time_stamp|              sensor|time_stamp|
[2023-03-28T15:54:26.640-0400] {subprocess.py:93} INFO - +--------------------+--------------+---------------+--------------------+----------+
[2023-03-28T15:54:26.640-0400] {subprocess.py:93} INFO - |                null|V1.0.11-0.0.42|     1680033206|[2467, 2562, 2373...|1680033223|
[2023-03-28T15:54:26.641-0400] {subprocess.py:93} INFO - |                null|V1.0.11-0.0.42|     1680033206|[791, 780, 802, 2...|1680033224|
[2023-03-28T15:54:26.641-0400] {subprocess.py:93} INFO - |                null|V1.0.11-0.0.42|     1680033207|[729, 717, 742, 2...|1680033226|
[2023-03-28T15:54:26.642-0400] {subprocess.py:93} INFO - |                null|V1.0.11-0.0.42|     1680033205|[706, 636, 776, 2...|1680033227|
[2023-03-28T15:54:26.643-0400] {subprocess.py:93} INFO - |                null|V1.0.11-0.0.42|     1680033207|[876, 865, 887, 2...|1680033228|
[2023-03-28T15:54:26.643-0400] {subprocess.py:93} INFO - |                null|V1.0.11-0.0.42|     1680033207|[954, 954, 26135,...|1680033230|
[2023-03-28T15:54:26.643-0400] {subprocess.py:93} INFO - |                null|V1.0.11-0.0.42|     1680033208|[969, 1004, 934, ...|1680033231|
[2023-03-28T15:54:26.644-0400] {subprocess.py:93} INFO - |                null|V1.0.11-0.0.42|     1680033208|[266, 278, 255, 2...|1680033232|
[2023-03-28T15:54:26.644-0400] {subprocess.py:93} INFO - |                null|V1.0.11-0.0.42|     1680033207|[801, 741, 862, 2...|1680033234|
[2023-03-28T15:54:26.644-0400] {subprocess.py:93} INFO - |                null|V1.0.11-0.0.42|     1680033208|[498, 498, 2701, ...|1680033235|
[2023-03-28T15:54:26.644-0400] {subprocess.py:93} INFO - |                null|V1.0.11-0.0.42|     1680033206|[212, 192, 232, 1...|1680033236|
[2023-03-28T15:54:26.645-0400] {subprocess.py:93} INFO - |                null|V1.0.11-0.0.42|     1680033222|[847, 786, 908, 2...|1680033238|
[2023-03-28T15:54:26.645-0400] {subprocess.py:93} INFO - |                null|V1.0.11-0.0.42|     1680033208|[801, 741, 862, 2...|1680033239|
[2023-03-28T15:54:26.646-0400] {subprocess.py:93} INFO - |{'api_version': '...|          null|           null|                null|      null|
[2023-03-28T15:54:26.646-0400] {subprocess.py:93} INFO - |                null|V1.0.11-0.0.42|     1680033208|[794, 734, 855, 2...|1680033242|
[2023-03-28T15:54:26.646-0400] {subprocess.py:93} INFO - |                null|V1.0.11-0.0.42|     1680033207|[818, 847, 790, 2...|1680033243|
[2023-03-28T15:54:26.647-0400] {subprocess.py:93} INFO - +--------------------+--------------+---------------+--------------------+----------+
[2023-03-28T15:54:26.647-0400] {subprocess.py:93} INFO - 
[2023-03-28T15:54:26.647-0400] {subprocess.py:93} INFO - +------------+---------+----------+--------+-----------+-----------+----------+-------------+
[2023-03-28T15:54:26.648-0400] {subprocess.py:93} INFO - |sensor_index| latitude| longitude|pressure|pm2.5_atm_a|pm2.5_atm_b|humidity_a|temperature_a|
[2023-03-28T15:54:26.648-0400] {subprocess.py:93} INFO - +------------+---------+----------+--------+-----------+-----------+----------+-------------+
[2023-03-28T15:54:26.648-0400] {subprocess.py:93} INFO - |      128679|40.070442| -83.01968|  642.66|       24.9|      25.62|        51|           72|
[2023-03-28T15:54:26.649-0400] {subprocess.py:93} INFO - |       42145|40.045116|  -82.9947|  991.47|       6.14|       5.72|        30|           57|
[2023-03-28T15:54:26.649-0400] {subprocess.py:93} INFO - |      103092| 40.10328| -83.04084|  992.98|       6.12|       4.78|        28|           60|
[2023-03-28T15:54:26.649-0400] {subprocess.py:93} INFO - |       33861|40.021294|-82.990456|  991.48|       4.86|       5.41|        33|           57|
[2023-03-28T15:54:26.650-0400] {subprocess.py:93} INFO - |       72009|40.057014| -83.00535|  991.62|        5.1|       4.95|        30|           55|
[2023-03-28T15:54:26.650-0400] {subprocess.py:93} INFO - |      149716|39.974773| -82.88287|  987.55|       7.08|     179.72|        35|           56|
[2023-03-28T15:54:26.650-0400] {subprocess.py:93} INFO - |      147691|39.962215| -83.07883|  993.76|       7.05|       6.31|        34|           53|
[2023-03-28T15:54:26.651-0400] {subprocess.py:93} INFO - |      120351|40.170296| -82.77792|  986.33|       1.39|       1.04|        31|           42|
[2023-03-28T15:54:26.651-0400] {subprocess.py:93} INFO - |      158823|39.878136| -83.08927|  993.04|       5.02|       6.15|        26|           61|
[2023-03-28T15:54:26.651-0400] {subprocess.py:93} INFO - |      142906|39.839783| -83.07625|    null|       3.51|      23.19|      null|         null|
[2023-03-28T15:54:26.652-0400] {subprocess.py:93} INFO - |      133099| 40.00742| -83.05926|  992.63|       1.61|       1.18|        28|           61|
[2023-03-28T15:54:26.652-0400] {subprocess.py:93} INFO - |      103358|40.030293| -83.02833|  994.75|       5.41|       6.09|        33|           52|
[2023-03-28T15:54:26.652-0400] {subprocess.py:93} INFO - |      158823|39.878136| -83.08927|  993.04|       5.02|       6.15|        26|           61|
[2023-03-28T15:54:26.653-0400] {subprocess.py:93} INFO - |        null|     null|      null|    null|       null|       null|      null|         null|
[2023-03-28T15:54:26.653-0400] {subprocess.py:93} INFO - |      128591|39.933132| -82.96611|  995.77|       5.74|       6.14|        31|           58|
[2023-03-28T15:54:26.653-0400] {subprocess.py:93} INFO - |      131379| 39.96028|-83.006294|   997.3|       4.96|       5.75|        27|           58|
[2023-03-28T15:54:26.653-0400] {subprocess.py:93} INFO - +------------+---------+----------+--------+-----------+-----------+----------+-------------+
[2023-03-28T15:54:26.654-0400] {subprocess.py:93} INFO - 
[2023-03-28T15:54:26.654-0400] {subprocess.py:93} INFO - +------------+---------+----------+--------+-----------+-----------+----------+-------------+
[2023-03-28T15:54:26.654-0400] {subprocess.py:93} INFO - |sensor_index| latitude| longitude|pressure|pm2_5_atm_a|pm2_5_atm_b|humidity_a|temperature_a|
[2023-03-28T15:54:26.655-0400] {subprocess.py:93} INFO - +------------+---------+----------+--------+-----------+-----------+----------+-------------+
[2023-03-28T15:54:26.655-0400] {subprocess.py:93} INFO - |      128679|40.070442| -83.01968|  642.66|       24.9|      25.62|        51|           72|
[2023-03-28T15:54:26.656-0400] {subprocess.py:93} INFO - |       42145|40.045116|  -82.9947|  991.47|       6.14|       5.72|        30|           57|
[2023-03-28T15:54:26.658-0400] {subprocess.py:93} INFO - |      103092| 40.10328| -83.04084|  992.98|       6.12|       4.78|        28|           60|
[2023-03-28T15:54:26.658-0400] {subprocess.py:93} INFO - |       33861|40.021294|-82.990456|  991.48|       4.86|       5.41|        33|           57|
[2023-03-28T15:54:26.658-0400] {subprocess.py:93} INFO - |       72009|40.057014| -83.00535|  991.62|        5.1|       4.95|        30|           55|
[2023-03-28T15:54:26.659-0400] {subprocess.py:93} INFO - |      149716|39.974773| -82.88287|  987.55|       7.08|     179.72|        35|           56|
[2023-03-28T15:54:26.659-0400] {subprocess.py:93} INFO - |      147691|39.962215| -83.07883|  993.76|       7.05|       6.31|        34|           53|
[2023-03-28T15:54:26.659-0400] {subprocess.py:93} INFO - |      120351|40.170296| -82.77792|  986.33|       1.39|       1.04|        31|           42|
[2023-03-28T15:54:26.660-0400] {subprocess.py:93} INFO - |      158823|39.878136| -83.08927|  993.04|       5.02|       6.15|        26|           61|
[2023-03-28T15:54:26.660-0400] {subprocess.py:93} INFO - |      142906|39.839783| -83.07625|    null|       3.51|      23.19|      null|         null|
[2023-03-28T15:54:26.660-0400] {subprocess.py:93} INFO - |      133099| 40.00742| -83.05926|  992.63|       1.61|       1.18|        28|           61|
[2023-03-28T15:54:26.660-0400] {subprocess.py:93} INFO - |      103358|40.030293| -83.02833|  994.75|       5.41|       6.09|        33|           52|
[2023-03-28T15:54:26.661-0400] {subprocess.py:93} INFO - |      158823|39.878136| -83.08927|  993.04|       5.02|       6.15|        26|           61|
[2023-03-28T15:54:26.661-0400] {subprocess.py:93} INFO - |        null|     null|      null|    null|       null|       null|      null|         null|
[2023-03-28T15:54:26.661-0400] {subprocess.py:93} INFO - |      128591|39.933132| -82.96611|  995.77|       5.74|       6.14|        31|           58|
[2023-03-28T15:54:26.662-0400] {subprocess.py:93} INFO - |      131379| 39.96028|-83.006294|   997.3|       4.96|       5.75|        27|           58|
[2023-03-28T15:54:26.662-0400] {subprocess.py:93} INFO - +------------+---------+----------+--------+-----------+-----------+----------+-------------+
[2023-03-28T15:54:26.662-0400] {subprocess.py:93} INFO - 
[2023-03-28T15:54:26.662-0400] {subprocess.py:93} INFO - Writing to CSV file named sensors.csv
[2023-03-28T15:54:26.663-0400] {subprocess.py:93} INFO - End of spark session
[2023-03-28T15:54:27.182-0400] {subprocess.py:97} INFO - Command exited with return code 0
[2023-03-28T15:54:27.212-0400] {taskinstance.py:1326} INFO - Marking task as SUCCESS. dag_id=air_quality_pipeline, task_id=run_consumer, execution_date=20230328T195339, start_date=20230328T195407, end_date=20230328T195427
[2023-03-28T15:54:27.262-0400] {local_task_job.py:212} INFO - Task exited with return code 0
[2023-03-28T15:54:27.289-0400] {taskinstance.py:2585} INFO - 0 downstream tasks scheduled from follow-on schedule check
