[2023-03-27T22:13:46.682-0400] {taskinstance.py:1084} INFO - Dependencies all met for dep_context=non-requeueable deps ti=<TaskInstance: air_quality_pipeline.run_consumer manual__2023-03-28T02:13:18.833027+00:00 [queued]>
[2023-03-27T22:13:46.691-0400] {taskinstance.py:1084} INFO - Dependencies all met for dep_context=requeueable deps ti=<TaskInstance: air_quality_pipeline.run_consumer manual__2023-03-28T02:13:18.833027+00:00 [queued]>
[2023-03-27T22:13:46.691-0400] {taskinstance.py:1282} INFO - 
--------------------------------------------------------------------------------
[2023-03-27T22:13:46.691-0400] {taskinstance.py:1283} INFO - Starting attempt 1 of 2
[2023-03-27T22:13:46.691-0400] {taskinstance.py:1284} INFO - 
--------------------------------------------------------------------------------
[2023-03-27T22:13:46.700-0400] {taskinstance.py:1303} INFO - Executing <Task(BashOperator): run_consumer> on 2023-03-28 02:13:18.833027+00:00
[2023-03-27T22:13:46.709-0400] {standard_task_runner.py:55} INFO - Started process 24050 to run task
[2023-03-27T22:13:46.715-0400] {standard_task_runner.py:82} INFO - Running: ['airflow', 'tasks', 'run', 'air_quality_pipeline', 'run_consumer', 'manual__2023-03-28T02:13:18.833027+00:00', '--job-id', '51', '--raw', '--subdir', 'DAGS_FOLDER/__pycache__/pipeline.py', '--cfg-path', '/var/folders/8z/pwbx6b3n3mnd1g1f397fv1100000gn/T/tmpbfhh3tt0']
[2023-03-27T22:13:46.717-0400] {standard_task_runner.py:83} INFO - Job 51: Subtask run_consumer
[2023-03-27T22:13:46.766-0400] {task_command.py:388} INFO - Running <TaskInstance: air_quality_pipeline.run_consumer manual__2023-03-28T02:13:18.833027+00:00 [running]> on host srivardhans-air.starry-inc.net
[2023-03-27T22:13:46.806-0400] {taskinstance.py:1511} INFO - Exporting the following env vars:
AIRFLOW_CTX_DAG_OWNER=yourname
AIRFLOW_CTX_DAG_ID=air_quality_pipeline
AIRFLOW_CTX_TASK_ID=run_consumer
AIRFLOW_CTX_EXECUTION_DATE=2023-03-28T02:13:18.833027+00:00
AIRFLOW_CTX_TRY_NUMBER=1
AIRFLOW_CTX_DAG_RUN_ID=manual__2023-03-28T02:13:18.833027+00:00
[2023-03-27T22:13:46.808-0400] {subprocess.py:63} INFO - Tmp dir root location: 
 /var/folders/8z/pwbx6b3n3mnd1g1f397fv1100000gn/T
[2023-03-27T22:13:46.808-0400] {subprocess.py:75} INFO - Running command: ['/bin/bash', '-c', 'python3 "/Users/srivardhan/Desktop/Masters/Masters Project/Kafka Implementation/kafka-pipeline-examples/producer-consumer/consumer.py"']
[2023-03-27T22:13:46.821-0400] {subprocess.py:86} INFO - Output:
[2023-03-27T22:13:59.657-0400] {subprocess.py:93} INFO - 23/03/27 22:13:59 WARN NativeCodeLoader: Unable to load native-hadoop library for your platform... using builtin-java classes where applicable
[2023-03-27T22:13:59.768-0400] {subprocess.py:93} INFO - Using Spark's default log4j profile: org/apache/spark/log4j-defaults.properties
[2023-03-27T22:13:59.769-0400] {subprocess.py:93} INFO - Setting default log level to "WARN".
[2023-03-27T22:13:59.769-0400] {subprocess.py:93} INFO - To adjust logging level use sc.setLogLevel(newLevel). For SparkR, use setLogLevel(newLevel).
[2023-03-27T22:14:02.862-0400] {subprocess.py:93} INFO - [Stage 0:>                                                          (0 + 8) / 8]                                                                                23/03/27 22:14:02 WARN Utils: Truncated the string representation of a plan since it was too large. This behavior can be adjusted by setting 'spark.debug.maxToStringFields' in SparkEnv.conf.
[2023-03-27T22:14:04.052-0400] {subprocess.py:93} INFO - Connecting to consumer ...
[2023-03-27T22:14:04.054-0400] {subprocess.py:93} INFO - Start of kafka session
[2023-03-27T22:14:04.054-0400] {subprocess.py:93} INFO - No messages received, stopping consumer
[2023-03-27T22:14:04.055-0400] {subprocess.py:93} INFO - Start of spark session
[2023-03-27T22:14:04.055-0400] {subprocess.py:93} INFO - Start of spark session
[2023-03-27T22:14:04.055-0400] {subprocess.py:93} INFO - root
[2023-03-27T22:14:04.055-0400] {subprocess.py:93} INFO -  |-- _corrupt_record: string (nullable = true)
[2023-03-27T22:14:04.056-0400] {subprocess.py:93} INFO -  |-- api_version: string (nullable = true)
[2023-03-27T22:14:04.056-0400] {subprocess.py:93} INFO -  |-- data_time_stamp: long (nullable = true)
[2023-03-27T22:14:04.056-0400] {subprocess.py:93} INFO -  |-- sensor: struct (nullable = true)
[2023-03-27T22:14:04.056-0400] {subprocess.py:93} INFO -  |    |-- 0.3_um_count: long (nullable = true)
[2023-03-27T22:14:04.056-0400] {subprocess.py:93} INFO -  |    |-- 0.3_um_count_a: long (nullable = true)
[2023-03-27T22:14:04.057-0400] {subprocess.py:93} INFO -  |    |-- 0.3_um_count_b: long (nullable = true)
[2023-03-27T22:14:04.057-0400] {subprocess.py:93} INFO -  |    |-- 0.5_um_count: long (nullable = true)
[2023-03-27T22:14:04.057-0400] {subprocess.py:93} INFO -  |    |-- 0.5_um_count_a: long (nullable = true)
[2023-03-27T22:14:04.057-0400] {subprocess.py:93} INFO -  |    |-- 0.5_um_count_b: long (nullable = true)
[2023-03-27T22:14:04.057-0400] {subprocess.py:93} INFO -  |    |-- 1.0_um_count: long (nullable = true)
[2023-03-27T22:14:04.058-0400] {subprocess.py:93} INFO -  |    |-- 1.0_um_count_a: long (nullable = true)
[2023-03-27T22:14:04.058-0400] {subprocess.py:93} INFO -  |    |-- 1.0_um_count_b: long (nullable = true)
[2023-03-27T22:14:04.058-0400] {subprocess.py:93} INFO -  |    |-- 10.0_um_count: long (nullable = true)
[2023-03-27T22:14:04.058-0400] {subprocess.py:93} INFO -  |    |-- 10.0_um_count_a: long (nullable = true)
[2023-03-27T22:14:04.058-0400] {subprocess.py:93} INFO -  |    |-- 10.0_um_count_b: long (nullable = true)
[2023-03-27T22:14:04.058-0400] {subprocess.py:93} INFO -  |    |-- 2.5_um_count: long (nullable = true)
[2023-03-27T22:14:04.059-0400] {subprocess.py:93} INFO -  |    |-- 2.5_um_count_a: long (nullable = true)
[2023-03-27T22:14:04.059-0400] {subprocess.py:93} INFO -  |    |-- 2.5_um_count_b: long (nullable = true)
[2023-03-27T22:14:04.059-0400] {subprocess.py:93} INFO -  |    |-- 5.0_um_count: long (nullable = true)
[2023-03-27T22:14:04.059-0400] {subprocess.py:93} INFO -  |    |-- 5.0_um_count_a: long (nullable = true)
[2023-03-27T22:14:04.059-0400] {subprocess.py:93} INFO -  |    |-- 5.0_um_count_b: long (nullable = true)
[2023-03-27T22:14:04.059-0400] {subprocess.py:93} INFO -  |    |-- altitude: long (nullable = true)
[2023-03-27T22:14:04.060-0400] {subprocess.py:93} INFO -  |    |-- analog_input: double (nullable = true)
[2023-03-27T22:14:04.060-0400] {subprocess.py:93} INFO -  |    |-- channel_flags: long (nullable = true)
[2023-03-27T22:14:04.060-0400] {subprocess.py:93} INFO -  |    |-- channel_flags_auto: long (nullable = true)
[2023-03-27T22:14:04.060-0400] {subprocess.py:93} INFO -  |    |-- channel_flags_manual: long (nullable = true)
[2023-03-27T22:14:04.060-0400] {subprocess.py:93} INFO -  |    |-- channel_state: long (nullable = true)
[2023-03-27T22:14:04.061-0400] {subprocess.py:93} INFO -  |    |-- confidence: long (nullable = true)
[2023-03-27T22:14:04.061-0400] {subprocess.py:93} INFO -  |    |-- confidence_auto: long (nullable = true)
[2023-03-27T22:14:04.061-0400] {subprocess.py:93} INFO -  |    |-- confidence_manual: long (nullable = true)
[2023-03-27T22:14:04.061-0400] {subprocess.py:93} INFO -  |    |-- date_created: long (nullable = true)
[2023-03-27T22:14:04.061-0400] {subprocess.py:93} INFO -  |    |-- deciviews: double (nullable = true)
[2023-03-27T22:14:04.062-0400] {subprocess.py:93} INFO -  |    |-- deciviews_a: double (nullable = true)
[2023-03-27T22:14:04.062-0400] {subprocess.py:93} INFO -  |    |-- deciviews_b: double (nullable = true)
[2023-03-27T22:14:04.062-0400] {subprocess.py:93} INFO -  |    |-- firmware_version: string (nullable = true)
[2023-03-27T22:14:04.062-0400] {subprocess.py:93} INFO -  |    |-- hardware: string (nullable = true)
[2023-03-27T22:14:04.062-0400] {subprocess.py:93} INFO -  |    |-- humidity: long (nullable = true)
[2023-03-27T22:14:04.062-0400] {subprocess.py:93} INFO -  |    |-- humidity_a: long (nullable = true)
[2023-03-27T22:14:04.063-0400] {subprocess.py:93} INFO -  |    |-- icon: long (nullable = true)
[2023-03-27T22:14:04.063-0400] {subprocess.py:93} INFO -  |    |-- is_owner: long (nullable = true)
[2023-03-27T22:14:04.063-0400] {subprocess.py:93} INFO -  |    |-- last_modified: long (nullable = true)
[2023-03-27T22:14:04.063-0400] {subprocess.py:93} INFO -  |    |-- last_seen: long (nullable = true)
[2023-03-27T22:14:04.064-0400] {subprocess.py:93} INFO -  |    |-- latitude: double (nullable = true)
[2023-03-27T22:14:04.064-0400] {subprocess.py:93} INFO -  |    |-- led_brightness: long (nullable = true)
[2023-03-27T22:14:04.066-0400] {subprocess.py:93} INFO -  |    |-- location_type: long (nullable = true)
[2023-03-27T22:14:04.066-0400] {subprocess.py:93} INFO -  |    |-- longitude: double (nullable = true)
[2023-03-27T22:14:04.067-0400] {subprocess.py:93} INFO -  |    |-- memory: long (nullable = true)
[2023-03-27T22:14:04.069-0400] {subprocess.py:93} INFO -  |    |-- model: string (nullable = true)
[2023-03-27T22:14:04.070-0400] {subprocess.py:93} INFO -  |    |-- name: string (nullable = true)
[2023-03-27T22:14:04.071-0400] {subprocess.py:93} INFO -  |    |-- pa_latency: long (nullable = true)
[2023-03-27T22:14:04.072-0400] {subprocess.py:93} INFO -  |    |-- pm1.0: double (nullable = true)
[2023-03-27T22:14:04.072-0400] {subprocess.py:93} INFO -  |    |-- pm1.0_a: double (nullable = true)
[2023-03-27T22:14:04.073-0400] {subprocess.py:93} INFO -  |    |-- pm1.0_atm: double (nullable = true)
[2023-03-27T22:14:04.073-0400] {subprocess.py:93} INFO -  |    |-- pm1.0_atm_a: double (nullable = true)
[2023-03-27T22:14:04.074-0400] {subprocess.py:93} INFO -  |    |-- pm1.0_atm_b: double (nullable = true)
[2023-03-27T22:14:04.075-0400] {subprocess.py:93} INFO -  |    |-- pm1.0_b: double (nullable = true)
[2023-03-27T22:14:04.075-0400] {subprocess.py:93} INFO -  |    |-- pm1.0_cf_1: double (nullable = true)
[2023-03-27T22:14:04.076-0400] {subprocess.py:93} INFO -  |    |-- pm1.0_cf_1_a: double (nullable = true)
[2023-03-27T22:14:04.076-0400] {subprocess.py:93} INFO -  |    |-- pm1.0_cf_1_b: double (nullable = true)
[2023-03-27T22:14:04.076-0400] {subprocess.py:93} INFO -  |    |-- pm10.0: double (nullable = true)
[2023-03-27T22:14:04.077-0400] {subprocess.py:93} INFO -  |    |-- pm10.0_a: double (nullable = true)
[2023-03-27T22:14:04.077-0400] {subprocess.py:93} INFO -  |    |-- pm10.0_atm: double (nullable = true)
[2023-03-27T22:14:04.078-0400] {subprocess.py:93} INFO -  |    |-- pm10.0_atm_a: double (nullable = true)
[2023-03-27T22:14:04.078-0400] {subprocess.py:93} INFO -  |    |-- pm10.0_atm_b: double (nullable = true)
[2023-03-27T22:14:04.078-0400] {subprocess.py:93} INFO -  |    |-- pm10.0_b: double (nullable = true)
[2023-03-27T22:14:04.078-0400] {subprocess.py:93} INFO -  |    |-- pm10.0_cf_1: double (nullable = true)
[2023-03-27T22:14:04.079-0400] {subprocess.py:93} INFO -  |    |-- pm10.0_cf_1_a: double (nullable = true)
[2023-03-27T22:14:04.079-0400] {subprocess.py:93} INFO -  |    |-- pm10.0_cf_1_b: double (nullable = true)
[2023-03-27T22:14:04.079-0400] {subprocess.py:93} INFO -  |    |-- pm2.5: double (nullable = true)
[2023-03-27T22:14:04.080-0400] {subprocess.py:93} INFO -  |    |-- pm2.5_a: double (nullable = true)
[2023-03-27T22:14:04.081-0400] {subprocess.py:93} INFO -  |    |-- pm2.5_alt: double (nullable = true)
[2023-03-27T22:14:04.081-0400] {subprocess.py:93} INFO -  |    |-- pm2.5_alt_a: double (nullable = true)
[2023-03-27T22:14:04.081-0400] {subprocess.py:93} INFO -  |    |-- pm2.5_alt_b: double (nullable = true)
[2023-03-27T22:14:04.082-0400] {subprocess.py:93} INFO -  |    |-- pm2.5_atm: double (nullable = true)
[2023-03-27T22:14:04.082-0400] {subprocess.py:93} INFO -  |    |-- pm2.5_atm_a: double (nullable = true)
[2023-03-27T22:14:04.083-0400] {subprocess.py:93} INFO -  |    |-- pm2.5_atm_b: double (nullable = true)
[2023-03-27T22:14:04.083-0400] {subprocess.py:93} INFO -  |    |-- pm2.5_b: double (nullable = true)
[2023-03-27T22:14:04.084-0400] {subprocess.py:93} INFO -  |    |-- pm2.5_cf_1: double (nullable = true)
[2023-03-27T22:14:04.084-0400] {subprocess.py:93} INFO -  |    |-- pm2.5_cf_1_a: double (nullable = true)
[2023-03-27T22:14:04.085-0400] {subprocess.py:93} INFO -  |    |-- pm2.5_cf_1_b: double (nullable = true)
[2023-03-27T22:14:04.085-0400] {subprocess.py:93} INFO -  |    |-- position_rating: long (nullable = true)
[2023-03-27T22:14:04.086-0400] {subprocess.py:93} INFO -  |    |-- pressure: double (nullable = true)
[2023-03-27T22:14:04.086-0400] {subprocess.py:93} INFO -  |    |-- pressure_a: double (nullable = true)
[2023-03-27T22:14:04.087-0400] {subprocess.py:93} INFO -  |    |-- primary_id_a: long (nullable = true)
[2023-03-27T22:14:04.087-0400] {subprocess.py:93} INFO -  |    |-- primary_id_b: long (nullable = true)
[2023-03-27T22:14:04.088-0400] {subprocess.py:93} INFO -  |    |-- primary_key_a: string (nullable = true)
[2023-03-27T22:14:04.089-0400] {subprocess.py:93} INFO -  |    |-- primary_key_b: string (nullable = true)
[2023-03-27T22:14:04.091-0400] {subprocess.py:93} INFO -  |    |-- private: long (nullable = true)
[2023-03-27T22:14:04.092-0400] {subprocess.py:93} INFO -  |    |-- rssi: long (nullable = true)
[2023-03-27T22:14:04.092-0400] {subprocess.py:93} INFO -  |    |-- scattering_coefficient: double (nullable = true)
[2023-03-27T22:14:04.092-0400] {subprocess.py:93} INFO -  |    |-- scattering_coefficient_a: double (nullable = true)
[2023-03-27T22:14:04.093-0400] {subprocess.py:93} INFO -  |    |-- scattering_coefficient_b: double (nullable = true)
[2023-03-27T22:14:04.094-0400] {subprocess.py:93} INFO -  |    |-- secondary_id_a: long (nullable = true)
[2023-03-27T22:14:04.094-0400] {subprocess.py:93} INFO -  |    |-- secondary_id_b: long (nullable = true)
[2023-03-27T22:14:04.094-0400] {subprocess.py:93} INFO -  |    |-- secondary_key_a: string (nullable = true)
[2023-03-27T22:14:04.094-0400] {subprocess.py:93} INFO -  |    |-- secondary_key_b: string (nullable = true)
[2023-03-27T22:14:04.095-0400] {subprocess.py:93} INFO -  |    |-- sensor_index: long (nullable = true)
[2023-03-27T22:14:04.095-0400] {subprocess.py:93} INFO -  |    |-- stats: struct (nullable = true)
[2023-03-27T22:14:04.095-0400] {subprocess.py:93} INFO -  |    |    |-- pm2.5: double (nullable = true)
[2023-03-27T22:14:04.095-0400] {subprocess.py:93} INFO -  |    |    |-- pm2.5_10minute: double (nullable = true)
[2023-03-27T22:14:04.095-0400] {subprocess.py:93} INFO -  |    |    |-- pm2.5_1week: double (nullable = true)
[2023-03-27T22:14:04.095-0400] {subprocess.py:93} INFO -  |    |    |-- pm2.5_24hour: double (nullable = true)
[2023-03-27T22:14:04.096-0400] {subprocess.py:93} INFO -  |    |    |-- pm2.5_30minute: double (nullable = true)
[2023-03-27T22:14:04.096-0400] {subprocess.py:93} INFO -  |    |    |-- pm2.5_60minute: double (nullable = true)
[2023-03-27T22:14:04.096-0400] {subprocess.py:93} INFO -  |    |    |-- pm2.5_6hour: double (nullable = true)
[2023-03-27T22:14:04.096-0400] {subprocess.py:93} INFO -  |    |    |-- time_stamp: long (nullable = true)
[2023-03-27T22:14:04.096-0400] {subprocess.py:93} INFO -  |    |-- stats_a: struct (nullable = true)
[2023-03-27T22:14:04.097-0400] {subprocess.py:93} INFO -  |    |    |-- pm2.5: double (nullable = true)
[2023-03-27T22:14:04.097-0400] {subprocess.py:93} INFO -  |    |    |-- pm2.5_10minute: double (nullable = true)
[2023-03-27T22:14:04.097-0400] {subprocess.py:93} INFO -  |    |    |-- pm2.5_1week: double (nullable = true)
[2023-03-27T22:14:04.097-0400] {subprocess.py:93} INFO -  |    |    |-- pm2.5_24hour: double (nullable = true)
[2023-03-27T22:14:04.097-0400] {subprocess.py:93} INFO -  |    |    |-- pm2.5_30minute: double (nullable = true)
[2023-03-27T22:14:04.098-0400] {subprocess.py:93} INFO -  |    |    |-- pm2.5_60minute: double (nullable = true)
[2023-03-27T22:14:04.098-0400] {subprocess.py:93} INFO -  |    |    |-- pm2.5_6hour: double (nullable = true)
[2023-03-27T22:14:04.098-0400] {subprocess.py:93} INFO -  |    |    |-- time_stamp: long (nullable = true)
[2023-03-27T22:14:04.098-0400] {subprocess.py:93} INFO -  |    |-- stats_b: struct (nullable = true)
[2023-03-27T22:14:04.098-0400] {subprocess.py:93} INFO -  |    |    |-- pm2.5: double (nullable = true)
[2023-03-27T22:14:04.098-0400] {subprocess.py:93} INFO -  |    |    |-- pm2.5_10minute: double (nullable = true)
[2023-03-27T22:14:04.099-0400] {subprocess.py:93} INFO -  |    |    |-- pm2.5_1week: double (nullable = true)
[2023-03-27T22:14:04.099-0400] {subprocess.py:93} INFO -  |    |    |-- pm2.5_24hour: double (nullable = true)
[2023-03-27T22:14:04.099-0400] {subprocess.py:93} INFO -  |    |    |-- pm2.5_30minute: double (nullable = true)
[2023-03-27T22:14:04.099-0400] {subprocess.py:93} INFO -  |    |    |-- pm2.5_60minute: double (nullable = true)
[2023-03-27T22:14:04.099-0400] {subprocess.py:93} INFO -  |    |    |-- pm2.5_6hour: double (nullable = true)
[2023-03-27T22:14:04.100-0400] {subprocess.py:93} INFO -  |    |    |-- time_stamp: long (nullable = true)
[2023-03-27T22:14:04.100-0400] {subprocess.py:93} INFO -  |    |-- temperature: long (nullable = true)
[2023-03-27T22:14:04.100-0400] {subprocess.py:93} INFO -  |    |-- temperature_a: long (nullable = true)
[2023-03-27T22:14:04.100-0400] {subprocess.py:93} INFO -  |    |-- uptime: long (nullable = true)
[2023-03-27T22:14:04.101-0400] {subprocess.py:93} INFO -  |    |-- visual_range: double (nullable = true)
[2023-03-27T22:14:04.101-0400] {subprocess.py:93} INFO -  |    |-- visual_range_a: double (nullable = true)
[2023-03-27T22:14:04.101-0400] {subprocess.py:93} INFO -  |    |-- visual_range_b: double (nullable = true)
[2023-03-27T22:14:04.101-0400] {subprocess.py:93} INFO -  |-- time_stamp: long (nullable = true)
[2023-03-27T22:14:04.101-0400] {subprocess.py:93} INFO - 
[2023-03-27T22:14:04.102-0400] {subprocess.py:93} INFO - +--------------------+--------------+---------------+--------------------+----------+
[2023-03-27T22:14:04.102-0400] {subprocess.py:93} INFO - |     _corrupt_record|   api_version|data_time_stamp|              sensor|time_stamp|
[2023-03-27T22:14:04.102-0400] {subprocess.py:93} INFO - +--------------------+--------------+---------------+--------------------+----------+
[2023-03-27T22:14:04.102-0400] {subprocess.py:93} INFO - |                null|V1.0.11-0.0.42|     1679969554|[2467, 2562, 2373...|1679969603|
[2023-03-27T22:14:04.102-0400] {subprocess.py:93} INFO - |                null|V1.0.11-0.0.42|     1679969552|[3407, 3516, 3298...|1679969604|
[2023-03-27T22:14:04.102-0400] {subprocess.py:93} INFO - |                null|V1.0.11-0.0.42|     1679969548|[2596, 2243, 2949...|1679969605|
[2023-03-27T22:14:04.103-0400] {subprocess.py:93} INFO - |                null|V1.0.11-0.0.42|     1679969552|[2963, 2802, 3125...|1679969607|
[2023-03-27T22:14:04.103-0400] {subprocess.py:93} INFO - |                null|V1.0.11-0.0.42|     1679969554|[3661, 3674, 3649...|1679969608|
[2023-03-27T22:14:04.103-0400] {subprocess.py:93} INFO - |                null|V1.0.11-0.0.42|     1679969554|[954, 954, 26135,...|1679969609|
[2023-03-27T22:14:04.103-0400] {subprocess.py:93} INFO - |                null|V1.0.11-0.0.42|     1679969554|[4280, 4184, 4377...|1679969611|
[2023-03-27T22:14:04.103-0400] {subprocess.py:93} INFO - |                null|V1.0.11-0.0.42|     1679969582|[266, 278, 255, 2...|1679969612|
[2023-03-27T22:14:04.104-0400] {subprocess.py:93} INFO - |                null|V1.0.11-0.0.42|     1679969608|[4266, 4034, 4498...|1679969613|
[2023-03-27T22:14:04.104-0400] {subprocess.py:93} INFO - |                null|V1.0.11-0.0.42|     1679969608|[498, 498, 2701, ...|1679969615|
[2023-03-27T22:14:04.104-0400] {subprocess.py:93} INFO - |                null|V1.0.11-0.0.42|     1679969612|[1144, 1109, 1180...|1679969616|
[2023-03-27T22:14:04.104-0400] {subprocess.py:93} INFO - |                null|V1.0.11-0.0.42|     1679969586|[3498, 3492, 3505...|1679969617|
[2023-03-27T22:14:04.104-0400] {subprocess.py:93} INFO - |                null|V1.0.11-0.0.42|     1679969602|[4266, 4034, 4498...|1679969619|
[2023-03-27T22:14:04.105-0400] {subprocess.py:93} INFO - |{'api_version': '...|          null|           null|                null|      null|
[2023-03-27T22:14:04.105-0400] {subprocess.py:93} INFO - |                null|V1.0.11-0.0.42|     1679969614|[3684, 3490, 3879...|1679969621|
[2023-03-27T22:14:04.105-0400] {subprocess.py:93} INFO - |                null|V1.0.11-0.0.42|     1679969602|[4212, 4275, 4149...|1679969623|
[2023-03-27T22:14:04.105-0400] {subprocess.py:93} INFO - +--------------------+--------------+---------------+--------------------+----------+
[2023-03-27T22:14:04.105-0400] {subprocess.py:93} INFO - 
[2023-03-27T22:14:04.106-0400] {subprocess.py:93} INFO - +------------+---------+----------+--------+-----------+-----------+----------+-------------+
[2023-03-27T22:14:04.106-0400] {subprocess.py:93} INFO - |sensor_index| latitude| longitude|pressure|pm2.5_atm_a|pm2.5_atm_b|humidity_a|temperature_a|
[2023-03-27T22:14:04.106-0400] {subprocess.py:93} INFO - +------------+---------+----------+--------+-----------+-----------+----------+-------------+
[2023-03-27T22:14:04.106-0400] {subprocess.py:93} INFO - |      128679|40.070442| -83.01968|  642.66|       24.9|      25.62|        51|           72|
[2023-03-27T22:14:04.106-0400] {subprocess.py:93} INFO - |       42145|40.045116|  -82.9947|  990.64|      39.02|      33.54|        59|           50|
[2023-03-27T22:14:04.107-0400] {subprocess.py:93} INFO - |      103092| 40.10328| -83.04084|   992.1|      32.35|      30.16|        60|           49|
[2023-03-27T22:14:04.107-0400] {subprocess.py:93} INFO - |       33861|40.021294|-82.990456|  990.62|      38.25|      34.02|        64|           49|
[2023-03-27T22:14:04.107-0400] {subprocess.py:93} INFO - |       72009|40.057014| -83.00535|  990.86|      31.91|      31.12|        61|           48|
[2023-03-27T22:14:04.107-0400] {subprocess.py:93} INFO - |      149716|39.974773| -82.88287|  987.55|       7.08|     179.72|        35|           56|
[2023-03-27T22:14:04.107-0400] {subprocess.py:93} INFO - |      147691|39.962215| -83.07883|  992.52|      40.44|      38.33|       100|           44|
[2023-03-27T22:14:04.107-0400] {subprocess.py:93} INFO - |      120351|40.170296| -82.77792|  986.33|       1.39|       1.04|        31|           42|
[2023-03-27T22:14:04.108-0400] {subprocess.py:93} INFO - |      158823|39.878136| -83.08927|  991.92|      37.68|      41.23|        60|           52|
[2023-03-27T22:14:04.108-0400] {subprocess.py:93} INFO - |      142906|39.839783| -83.07625|    null|       3.51|      23.19|      null|         null|
[2023-03-27T22:14:04.108-0400] {subprocess.py:93} INFO - |      133099| 40.00742| -83.05926|  991.79|      31.34|      30.93|        59|           51|
[2023-03-27T22:14:04.108-0400] {subprocess.py:93} INFO - |      103358|40.030293| -83.02833|  994.07|      33.47|      34.97|        64|           48|
[2023-03-27T22:14:04.108-0400] {subprocess.py:93} INFO - |      158823|39.878136| -83.08927|  991.92|      37.68|      41.23|        60|           52|
[2023-03-27T22:14:04.109-0400] {subprocess.py:93} INFO - |        null|     null|      null|    null|       null|       null|      null|         null|
[2023-03-27T22:14:04.109-0400] {subprocess.py:93} INFO - |      128591|39.933132| -82.96611|  995.01|      37.35|       40.7|        65|           50|
[2023-03-27T22:14:04.109-0400] {subprocess.py:93} INFO - |      131379| 39.96028|-83.006294|  996.46|       39.3|       39.0|        57|           51|
[2023-03-27T22:14:04.109-0400] {subprocess.py:93} INFO - +------------+---------+----------+--------+-----------+-----------+----------+-------------+
[2023-03-27T22:14:04.109-0400] {subprocess.py:93} INFO - 
[2023-03-27T22:14:04.110-0400] {subprocess.py:93} INFO - +------------+---------+----------+--------+-----------+-----------+----------+-------------+
[2023-03-27T22:14:04.110-0400] {subprocess.py:93} INFO - |sensor_index| latitude| longitude|pressure|pm2_5_atm_a|pm2_5_atm_b|humidity_a|temperature_a|
[2023-03-27T22:14:04.110-0400] {subprocess.py:93} INFO - +------------+---------+----------+--------+-----------+-----------+----------+-------------+
[2023-03-27T22:14:04.110-0400] {subprocess.py:93} INFO - |      128679|40.070442| -83.01968|  642.66|       24.9|      25.62|        51|           72|
[2023-03-27T22:14:04.110-0400] {subprocess.py:93} INFO - |       42145|40.045116|  -82.9947|  990.64|      39.02|      33.54|        59|           50|
[2023-03-27T22:14:04.111-0400] {subprocess.py:93} INFO - |      103092| 40.10328| -83.04084|   992.1|      32.35|      30.16|        60|           49|
[2023-03-27T22:14:04.111-0400] {subprocess.py:93} INFO - |       33861|40.021294|-82.990456|  990.62|      38.25|      34.02|        64|           49|
[2023-03-27T22:14:04.111-0400] {subprocess.py:93} INFO - |       72009|40.057014| -83.00535|  990.86|      31.91|      31.12|        61|           48|
[2023-03-27T22:14:04.111-0400] {subprocess.py:93} INFO - |      149716|39.974773| -82.88287|  987.55|       7.08|     179.72|        35|           56|
[2023-03-27T22:14:04.111-0400] {subprocess.py:93} INFO - |      147691|39.962215| -83.07883|  992.52|      40.44|      38.33|       100|           44|
[2023-03-27T22:14:04.112-0400] {subprocess.py:93} INFO - |      120351|40.170296| -82.77792|  986.33|       1.39|       1.04|        31|           42|
[2023-03-27T22:14:04.112-0400] {subprocess.py:93} INFO - |      158823|39.878136| -83.08927|  991.92|      37.68|      41.23|        60|           52|
[2023-03-27T22:14:04.113-0400] {subprocess.py:93} INFO - |      142906|39.839783| -83.07625|    null|       3.51|      23.19|      null|         null|
[2023-03-27T22:14:04.113-0400] {subprocess.py:93} INFO - |      133099| 40.00742| -83.05926|  991.79|      31.34|      30.93|        59|           51|
[2023-03-27T22:14:04.113-0400] {subprocess.py:93} INFO - |      103358|40.030293| -83.02833|  994.07|      33.47|      34.97|        64|           48|
[2023-03-27T22:14:04.113-0400] {subprocess.py:93} INFO - |      158823|39.878136| -83.08927|  991.92|      37.68|      41.23|        60|           52|
[2023-03-27T22:14:04.114-0400] {subprocess.py:93} INFO - |        null|     null|      null|    null|       null|       null|      null|         null|
[2023-03-27T22:14:04.114-0400] {subprocess.py:93} INFO - |      128591|39.933132| -82.96611|  995.01|      37.35|       40.7|        65|           50|
[2023-03-27T22:14:04.114-0400] {subprocess.py:93} INFO - |      131379| 39.96028|-83.006294|  996.46|       39.3|       39.0|        57|           51|
[2023-03-27T22:14:04.114-0400] {subprocess.py:93} INFO - +------------+---------+----------+--------+-----------+-----------+----------+-------------+
[2023-03-27T22:14:04.114-0400] {subprocess.py:93} INFO - 
[2023-03-27T22:14:04.115-0400] {subprocess.py:93} INFO - Writing to CSV file named sensors.csv
[2023-03-27T22:14:04.115-0400] {subprocess.py:93} INFO - End of spark session
[2023-03-27T22:14:04.613-0400] {subprocess.py:97} INFO - Command exited with return code 0
[2023-03-27T22:14:04.638-0400] {taskinstance.py:1326} INFO - Marking task as SUCCESS. dag_id=air_quality_pipeline, task_id=run_consumer, execution_date=20230328T021318, start_date=20230328T021346, end_date=20230328T021404
[2023-03-27T22:14:04.660-0400] {local_task_job.py:212} INFO - Task exited with return code 0
[2023-03-27T22:14:04.678-0400] {taskinstance.py:2585} INFO - 1 downstream tasks scheduled from follow-on schedule check
